#
# There is insufficient memory for the Java Runtime Environment to continue.
# Native memory allocation (mmap) failed to map 134217728 bytes for Failed to commit area from 0x0000000080e00000 to 0x0000000088e00000 of length 134217728.
# Possible reasons:
#   The system is out of physical RAM or swap space
#   The process is running with CompressedOops enabled, and the Java Heap may be blocking the growth of the native heap
# Possible solutions:
#   Reduce memory load on the system
#   Increase physical memory or swap space
#   Check if swap backing store is full
#   Decrease Java heap size (-Xmx/-Xms)
#   Decrease number of Java threads
#   Decrease Java thread stack sizes (-Xss)
#   Set larger code cache with -XX:ReservedCodeCacheSize=
# This output file may be truncated or incomplete.
#
#  Out of Memory Error (./src/hotspot/os/windows/os_windows.cpp:3380), pid=1860, tid=10964
#
# JRE version:  (11.0.12+7) (build )
# Java VM: OpenJDK 64-Bit Server VM (11.0.12+7, mixed mode, sharing, tiered, compressed oops, g1 gc, windows-amd64)
# No core dump will be written. Minidumps are not enabled by default on client versions of Windows
#

---------------  S U M M A R Y ------------

Command Line: com.xamarin.androidx.jetifierWrapper.Main -intermediate obj\Debug\120\androidx\_AndroidXJetifyEmbeddedFiles.jetify -parallel

Host: Intel(R) Core(TM) i3-4150 CPU @ 3.50GHz, 4 cores, 7G,  Windows 10 , 64 bit Build 19041 (10.0.19041.1706)
Time: Wed May 25 15:14:03 2022 Hora oficial do Brasil elapsed time: 0.148247 seconds (0d 0h 0m 0s)

---------------  T H R E A D  ---------------

Current thread (0x000002774fbef800):  JavaThread "Unknown thread" [_thread_in_vm, id=10964, stack(0x00000083e3f00000,0x00000083e4000000)]

Stack: [0x00000083e3f00000,0x00000083e4000000]
Native frames: (J=compiled Java code, j=interpreted, Vv=VM code, C=native code)
V  [jvm.dll+0x6090fa]
V  [jvm.dll+0x79229e]
V  [jvm.dll+0x79396f]
V  [jvm.dll+0x794033]
V  [jvm.dll+0x24bed8]
V  [jvm.dll+0x60624a]
V  [jvm.dll+0x5facf5]
V  [jvm.dll+0x303b5c]
V  [jvm.dll+0x3039e2]
V  [jvm.dll+0x308706]
V  [jvm.dll+0x34d5cf]
V  [jvm.dll+0x34d000]
V  [jvm.dll+0x2e0c68]
V  [jvm.dll+0x2e1dc6]
V  [jvm.dll+0x76d627]
V  [jvm.dll+0x76edaf]
V  [jvm.dll+0x35a359]
V  [jvm.dll+0x750710]
V  [jvm.dll+0x3c1f8f]
V  [jvm.dll+0x3c4461]
C  [jli.dll+0x5207]
C  [ucrtbase.dll+0x21bb2]
C  [KERNEL32.DLL+0x17034]
C  [ntdll.dll+0x52651]


---------------  P R O C E S S  ---------------

Threads class SMR info:
_java_thread_list=0x000002774da91d70, length=0, elements={
}

Java Threads: ( => current thread )

Other Threads:
  0x000002774fc03800 GCTaskThread "GC Thread#0" [stack: 0x00000083e4000000,0x00000083e4100000] [id=11960]
  0x000002774fc35800 ConcurrentGCThread "G1 Main Marker" [stack: 0x00000083e4100000,0x00000083e4200000] [id=6004]
  0x000002774fc37000 ConcurrentGCThread "G1 Conc#0" [stack: 0x00000083e4200000,0x00000083e4300000] [id=4752]

[error occurred during error reporting (printing all threads), id 0xc0000005, EXCEPTION_ACCESS_VIOLATION (0xc0000005) at pc=0x00007fff98d10337]

VM state:not at safepoint (not fully initialized)

VM Mutex/Monitor currently owned by a thread:  ([mutex/lock_event])
[0x000002774fbec0a0] Heap_lock - owner thread: 0x000002774fbef800

Heap address: 0x0000000080e00000, size: 2034 MB, Compressed Oops mode: Non-zero based: 0x0000000080e00000
Narrow klass base: 0x0000000000000000, Narrow klass shift: 0

GC Heap History (0 events):
No events

Deoptimization events (0 events):
No events

Classes redefined (0 events):
No events

Internal exceptions (0 events):
No events

Events (1 events):
Event: 0.036 Loaded shared library C:\Program Files\Microsoft\jdk-11.0.12.7-hotspot\bin\zip.dll


Dynamic libraries:
0x00007ff77ab20000 - 0x00007ff77ab2d000 	C:\Program Files\Microsoft\jdk-11.0.12.7-hotspot\bin\java.exe
0x00007ff82e030000 - 0x00007ff82e225000 	C:\WINDOWS\SYSTEM32\ntdll.dll
0x00007ff82c820000 - 0x00007ff82c8dd000 	C:\WINDOWS\System32\KERNEL32.DLL
0x00007ff82bcf0000 - 0x00007ff82bfbd000 	C:\WINDOWS\System32\KERNELBASE.dll
0x00007ff82b8d0000 - 0x00007ff82b9d0000 	C:\WINDOWS\System32\ucrtbase.dll
0x00007ff8262d0000 - 0x00007ff8262e5000 	C:\Program Files\Microsoft\jdk-11.0.12.7-hotspot\bin\VCRUNTIME140.dll
0x00007ff81bf20000 - 0x00007ff81bf37000 	C:\Program Files\Microsoft\jdk-11.0.12.7-hotspot\bin\jli.dll
0x00007ff82c680000 - 0x00007ff82c820000 	C:\WINDOWS\System32\USER32.dll
0x00007ff82b7b0000 - 0x00007ff82b7d2000 	C:\WINDOWS\System32\win32u.dll
0x00007ff821fd0000 - 0x00007ff82226a000 	C:\WINDOWS\WinSxS\amd64_microsoft.windows.common-controls_6595b64144ccf1df_6.0.19041.1110_none_60b5254171f9507e\COMCTL32.dll
0x00007ff82c8e0000 - 0x00007ff82c90a000 	C:\WINDOWS\System32\GDI32.dll
0x00007ff82c5c0000 - 0x00007ff82c65e000 	C:\WINDOWS\System32\msvcrt.dll
0x00007ff82bb30000 - 0x00007ff82bc3b000 	C:\WINDOWS\System32\gdi32full.dll
0x00007ff82b7e0000 - 0x00007ff82b87d000 	C:\WINDOWS\System32\msvcp_win.dll
0x00007ff82d630000 - 0x00007ff82d660000 	C:\WINDOWS\System32\IMM32.DLL
0x00007ff802d90000 - 0x00007ff802e2b000 	C:\Program Files\Microsoft\jdk-11.0.12.7-hotspot\bin\msvcp140.dll
0x00007fff98a20000 - 0x00007fff99581000 	C:\Program Files\Microsoft\jdk-11.0.12.7-hotspot\bin\server\jvm.dll
0x00007ff82d660000 - 0x00007ff82d70e000 	C:\WINDOWS\System32\ADVAPI32.dll
0x00007ff82cae0000 - 0x00007ff82cb7c000 	C:\WINDOWS\System32\sechost.dll
0x00007ff82d480000 - 0x00007ff82d5a5000 	C:\WINDOWS\System32\RPCRT4.dll
0x00007ff82d710000 - 0x00007ff82d718000 	C:\WINDOWS\System32\PSAPI.DLL
0x00007ff822710000 - 0x00007ff822719000 	C:\WINDOWS\SYSTEM32\WSOCK32.dll
0x00007ff827450000 - 0x00007ff827477000 	C:\WINDOWS\SYSTEM32\WINMM.dll
0x00007ff822900000 - 0x00007ff82290a000 	C:\WINDOWS\SYSTEM32\VERSION.dll
0x00007ff82cda0000 - 0x00007ff82ce0b000 	C:\WINDOWS\System32\WS2_32.dll
0x00007ff829580000 - 0x00007ff829592000 	C:\WINDOWS\SYSTEM32\kernel.appcore.dll
0x00007ff826fd0000 - 0x00007ff826fe0000 	C:\Program Files\Microsoft\jdk-11.0.12.7-hotspot\bin\verify.dll
0x00007ff825e40000 - 0x00007ff826024000 	C:\WINDOWS\SYSTEM32\DBGHELP.DLL
0x00007ff825d80000 - 0x00007ff825dac000 	C:\WINDOWS\SYSTEM32\dbgcore.DLL
0x00007ff82bff0000 - 0x00007ff82c072000 	C:\WINDOWS\System32\bcryptPrimitives.dll
0x00007ff819350000 - 0x00007ff819378000 	C:\Program Files\Microsoft\jdk-11.0.12.7-hotspot\bin\java.dll
0x00007ff825050000 - 0x00007ff82505a000 	C:\Program Files\Microsoft\jdk-11.0.12.7-hotspot\bin\jimage.dll
0x00007ff81b0c0000 - 0x00007ff81b0d7000 	C:\Program Files\Microsoft\jdk-11.0.12.7-hotspot\bin\zip.dll

dbghelp: loaded successfully - version: 4.0.5 - missing functions: none
symbol engine: initialized successfully - sym options: 0x614 - pdb path: .;C:\Program Files\Microsoft\jdk-11.0.12.7-hotspot\bin;C:\WINDOWS\SYSTEM32;C:\WINDOWS\WinSxS\amd64_microsoft.windows.common-controls_6595b64144ccf1df_6.0.19041.1110_none_60b5254171f9507e;C:\Program Files\Microsoft\jdk-11.0.12.7-hotspot\bin\server

VM Arguments:
java_command: com.xamarin.androidx.jetifierWrapper.Main -intermediate obj\Debug\120\androidx\_AndroidXJetifyEmbeddedFiles.jetify -parallel
java_class_path (initial): C:\Users\rafam\.nuget\packages\xamarin.androidx.migration\1.0.8\buildTransitive\monoandroid90\Tools/JetifierWrapper/jetifierWrapper-1.0.jar
Launcher Type: SUN_STANDARD

[Global flags]
     intx CICompilerCount                          = 3                                         {product} {ergonomic}
     uint ConcGCThreads                            = 1                                         {product} {ergonomic}
     uint G1ConcRefinementThreads                  = 4                                         {product} {ergonomic}
   size_t G1HeapRegionSize                         = 1048576                                   {product} {ergonomic}
    uintx GCDrainStackTargetSize                   = 64                                        {product} {ergonomic}
   size_t InitialHeapSize                          = 134217728                                 {product} {ergonomic}
   size_t MarkStackSize                            = 4194304                                   {product} {ergonomic}
   size_t MaxHeapSize                              = 2132803584                                {product} {ergonomic}
   size_t MinHeapDeltaBytes                        = 1048576                                   {product} {ergonomic}
    uintx NonNMethodCodeHeapSize                   = 5830732                                {pd product} {ergonomic}
    uintx NonProfiledCodeHeapSize                  = 122913754                              {pd product} {ergonomic}
    uintx ProfiledCodeHeapSize                     = 122913754                              {pd product} {ergonomic}
    uintx ReservedCodeCacheSize                    = 251658240                              {pd product} {ergonomic}
     bool SegmentedCodeCache                       = true                                      {product} {ergonomic}
     bool UseCompressedClassPointers               = true                                 {lp64_product} {ergonomic}
     bool UseCompressedOops                        = true                                 {lp64_product} {ergonomic}
     bool UseG1GC                                  = true                                      {product} {ergonomic}
     bool UseLargePagesIndividualAllocation        = false                                  {pd product} {ergonomic}

Logging:
Log output configuration:
 #0: stdout all=warning uptime,level,tags
 #1: stderr all=off uptime,level,tags

Environment Variables:
PATH=C:\Program Files (x86)\Common Files\Oracle\Java\javapath;C:\Program Files\Microsoft\jdk-11.0.12.7-hotspot\bin;C:\Program Files (x86)\NVIDIA Corporation\PhysX\Common;C:\WINDOWS\system32;C:\WINDOWS;C:\WINDOWS\System32\Wbem;C:\WINDOWS\System32\WindowsPowerShell\v1.0\;C:\WINDOWS\System32\OpenSSH\;C:\Program Files\Azure Data Studio\bin;C:\Program Files\Microsoft SQL Server\Client SDK\ODBC\170\Tools\Binn\;C:\Program Files\dotnet\;C:\Program Files (x86)\Microsoft SQL Server\150\DTS\Binn\;C:\Program Files\Git\cmd;C:\Users\rafam\AppData\Local\Microsoft\WindowsApps;;C:\Users\rafam\AppData\Local\Programs\Microsoft VS Code\bin;C:\Program Files\Azure Data Studio\bin;C:\Users\rafam\.dotnet\tools
USERNAME=rafam
OS=Windows_NT
PROCESSOR_IDENTIFIER=Intel64 Family 6 Model 60 Stepping 3, GenuineIntel



---------------  S Y S T E M  ---------------

OS: Windows 10 , 64 bit Build 19041 (10.0.19041.1706)
OS uptime: 13 days 15:08 hours

CPU:total 4 (initial active 4) (2 cores per cpu, 2 threads per core) family 6 model 60 stepping 3 microcode 0x27, cmov, cx8, fxsr, mmx, sse, sse2, sse3, ssse3, sse4.1, sse4.2, popcnt, avx, avx2, aes, clmul, erms, lzcnt, ht, tsc, tscinvbit, bmi1, bmi2, fma

Memory: 4k page, system-wide physical 8134M (1312M free)
TotalPageFile size 8134M (AvailPageFile size 136M)
current process WorkingSet (physical memory assigned to process): 9M, peak: 9M
current process commit charge ("private bytes"): 51M, peak: 179M

vm_info: OpenJDK 64-Bit Server VM (11.0.12+7) for windows-amd64 JRE (11.0.12+7), built on Jul 21 2021 15:41:43 by "" with unknown MS VC++:1916

END.
