#
# There is insufficient memory for the Java Runtime Environment to continue.
# Native memory allocation (mmap) failed to map 217055232 bytes for Failed to commit area from 0x0000000090000000 to 0x000000009cf00000 of length 217055232.
# Possible reasons:
#   The system is out of physical RAM or swap space
#   The process is running with CompressedOops enabled, and the Java Heap may be blocking the growth of the native heap
# Possible solutions:
#   Reduce memory load on the system
#   Increase physical memory or swap space
#   Check if swap backing store is full
#   Decrease Java heap size (-Xmx/-Xms)
#   Decrease number of Java threads
#   Decrease Java thread stack sizes (-Xss)
#   Set larger code cache with -XX:ReservedCodeCacheSize=
#   JVM is running with Unscaled Compressed Oops mode in which the Java heap is
#     placed in the first 4GB address space. The Java Heap base address is the
#     maximum limit for the native heap growth. Please use -XX:HeapBaseMinAddress
#     to set the Java Heap base and to place the Java Heap above 4GB virtual address.
# This output file may be truncated or incomplete.
#
#  Out of Memory Error (./src/hotspot/os/windows/os_windows.cpp:3380), pid=9304, tid=9628
#
# JRE version: OpenJDK Runtime Environment Microsoft-25199 (11.0.12+7) (build 11.0.12+7)
# Java VM: OpenJDK 64-Bit Server VM Microsoft-25199 (11.0.12+7, mixed mode, tiered, compressed oops, g1 gc, windows-amd64)
# No core dump will be written. Minidumps are not enabled by default on client versions of Windows
#

---------------  S U M M A R Y ------------

Command Line: -Dapplication.home=C:\Program Files\Microsoft\jdk-11.0.12.7-hotspot --add-modules=ALL-DEFAULT -Xms8m -Dfile.encoding=UTF8 -Djdk.module.main=jdk.compiler jdk.compiler/com.sun.tools.javac.Main @C:\Users\rafam\AppData\Local\Temp\tmpF425.tmp -target 1.8 -source 1.8

Host: Intel(R) Core(TM) i3-4150 CPU @ 3.50GHz, 4 cores, 7G,  Windows 10 , 64 bit Build 19041 (10.0.19041.1706)
Time: Sat Jun 11 18:58:48 2022 Hora oficial do Brasil elapsed time: 7.319092 seconds (0d 0h 0m 7s)

---------------  T H R E A D  ---------------

Current thread (0x000001dbfdb89800):  VMThread "VM Thread" [stack: 0x0000000e02800000,0x0000000e02900000] [id=9628]

Stack: [0x0000000e02800000,0x0000000e02900000]
[error occurred during error reporting (printing stack bounds), id 0xc0000005, EXCEPTION_ACCESS_VIOLATION (0xc0000005) at pc=0x000001db8000112d]

Native frames: (J=compiled Java code, j=interpreted, Vv=VM code, C=native code)
V  [jvm.dll+0x6090fa]
V  [jvm.dll+0x79229e]
V  [jvm.dll+0x79396f]
V  [jvm.dll+0x793f95]
V  [jvm.dll+0x793f4b]
V  [jvm.dll+0x608487]
V  [jvm.dll+0x608b98]
C  [ntdll.dll+0xa209f]
C  [ntdll.dll+0x51454]
C  [ntdll.dll+0xa0bce]
C  0x000001db8000112d

VM_Operation (0x0000000e022fe3a0): G1CollectForAllocation, mode: safepoint, requested by thread 0x000001dbebd1d000


---------------  P R O C E S S  ---------------

Threads class SMR info:
_java_thread_list=0x000001dbfe39e910, length=11, elements={
0x000001dbebd1d000, 0x000001dbfdbbf000, 0x000001dbfdbc8800, 0x000001dbfdbbb000,
0x000001dbfdc1f800, 0x000001dbfdc23800, 0x000001dbfdbce800, 0x000001dbfdbd1000,
0x000001dbfdbd5800, 0x000001dbfdeb8000, 0x000001dbfe54f000
}

Java Threads: ( => current thread )
  0x000001dbebd1d000 JavaThread "main" [_thread_blocked, id=2444, stack(0x0000000e02200000,0x0000000e02300000)]
  0x000001dbfdbbf000 JavaThread "Reference Handler" daemon [_thread_blocked, id=1984, stack(0x0000000e02900000,0x0000000e02a00000)]
  0x000001dbfdbc8800 JavaThread "Finalizer" daemon [_thread_blocked, id=3024, stack(0x0000000e02a00000,0x0000000e02b00000)]
  0x000001dbfdbbb000 JavaThread "Signal Dispatcher" daemon [_thread_blocked, id=5776, stack(0x0000000e02b00000,0x0000000e02c00000)]
  0x000001dbfdc1f800 JavaThread "Attach Listener" daemon [_thread_blocked, id=8856, stack(0x0000000e02c00000,0x0000000e02d00000)]
  0x000001dbfdc23800 JavaThread "Service Thread" daemon [_thread_blocked, id=6428, stack(0x0000000e02d00000,0x0000000e02e00000)]
  0x000001dbfdbce800 JavaThread "C2 CompilerThread0" daemon [_thread_blocked, id=8892, stack(0x0000000e02e00000,0x0000000e02f00000)]
  0x000001dbfdbd1000 JavaThread "C1 CompilerThread0" daemon [_thread_blocked, id=6500, stack(0x0000000e02f00000,0x0000000e03000000)]
  0x000001dbfdbd5800 JavaThread "Sweeper thread" daemon [_thread_blocked, id=2964, stack(0x0000000e03000000,0x0000000e03100000)]
  0x000001dbfdeb8000 JavaThread "Common-Cleaner" daemon [_thread_blocked, id=9204, stack(0x0000000e03100000,0x0000000e03200000)]
  0x000001dbfe54f000 JavaThread "C2 CompilerThread1" daemon [_thread_blocked, id=8072, stack(0x0000000e03400000,0x0000000e03500000)]

Other Threads:
=>0x000001dbfdb89800 VMThread "VM Thread" [stack: 0x0000000e02800000,0x0000000e02900000] [id=9628]
  0x000001dbfdf7c800 WatcherThread [stack: 0x0000000e03200000,0x0000000e03300000] [id=9776]
  0x000001dbebc0c800 GCTaskThread "GC Thread#0" [stack: 0x0000000e02300000,0x0000000e02400000] [id=1504]
  0x000001dbfe056000 GCTaskThread "GC Thread#1" [stack: 0x0000000e03300000,0x0000000e03400000] [id=9292]
  0x000001db8f872800 GCTaskThread "GC Thread#2" [stack: 0x0000000e03700000,0x0000000e03800000] [id=1788]
  0x000001db8f438800 GCTaskThread "GC Thread#3" [stack: 0x0000000e03800000,0x0000000e03900000] [id=7140]
  0x000001dbebd64000 ConcurrentGCThread "G1 Main Marker" [stack: 0x0000000e02400000,0x0000000e02500000] [id=8180]
  0x000001dbebd65800 ConcurrentGCThread "G1 Conc#0" [stack: 0x0000000e02500000,0x0000000e02600000] [id=1800]
  0x000001dbebd7e800 ConcurrentGCThread "G1 Refine#0" [stack: 0x0000000e02600000,0x0000000e02700000] [id=10016]
  0x000001db901eb800 ConcurrentGCThread "G1 Refine#1" [stack: 0x0000000e03500000,0x0000000e03600000] [id=2832]
  0x000001db8f4a7800 ConcurrentGCThread "G1 Refine#2" [stack: 0x0000000e03600000,0x0000000e03700000] [id=1284]
  0x000001db8f6d7000 ConcurrentGCThread "G1 Refine#3" [stack: 0x0000000e03900000,0x0000000e03a00000] [id=4724]
  0x000001dbebd80800 ConcurrentGCThread "G1 Young RemSet Sampling" [stack: 0x0000000e02700000,0x0000000e02800000] [id=8284]

Threads with active compile tasks:
C2 CompilerThread0   7335 4338       4       com.sun.tools.javac.jvm.Pool::put (170 bytes)
C2 CompilerThread1   7335 4346       4       com.sun.tools.javac.code.Types$HashCodeVisitor::visitClassType (92 bytes)

VM state:at safepoint (normal execution)

VM Mutex/Monitor currently owned by a thread:  ([mutex/lock_event])
[0x000001dbebd18f10] Threads_lock - owner thread: 0x000001dbfdb89800
[0x000001dbebd1a470] Heap_lock - owner thread: 0x000001dbebd1d000

Heap address: 0x0000000080e00000, size: 2034 MB, Compressed Oops mode: 32-bit
Narrow klass base: 0x0000000000000000, Narrow klass shift: 3
Compressed class space size: 1073741824 Address: 0x0000000100000000

Heap:
 garbage-first heap   total 459776K, used 88397K [0x0000000080e00000, 0x0000000100000000)
  region size 1024K, 7 young (7168K), 7 survivors (7168K)
 Metaspace       used 18283K, capacity 18546K, committed 18688K, reserved 1067008K
  class space    used 1687K, capacity 1785K, committed 1792K, reserved 1048576K
Heap Regions: E=young(eden), S=young(survivor), O=old, HS=humongous(starts), HC=humongous(continues), CS=collection set, F=free, A=archive, TAMS=top-at-mark-start (previous, next)
|   0|0x0000000080e00000, 0x0000000080f00000, 0x0000000080f00000|100%| O|  |TAMS 0x0000000080f00000, 0x0000000080e00000| Untracked 
|   1|0x0000000080f00000, 0x0000000081000000, 0x0000000081000000|100%| O|  |TAMS 0x0000000081000000, 0x0000000080f00000| Untracked 
|   2|0x0000000081000000, 0x0000000081100000, 0x0000000081100000|100%| O|  |TAMS 0x0000000081100000, 0x0000000081000000| Untracked 
|   3|0x0000000081100000, 0x0000000081200000, 0x0000000081200000|100%| O|  |TAMS 0x0000000081200000, 0x0000000081100000| Untracked 
|   4|0x0000000081200000, 0x0000000081300000, 0x0000000081300000|100%| O|  |TAMS 0x0000000081300000, 0x0000000081200000| Untracked 
|   5|0x0000000081300000, 0x0000000081400000, 0x0000000081400000|100%| O|  |TAMS 0x0000000081400000, 0x0000000081300000| Untracked 
|   6|0x0000000081400000, 0x0000000081500000, 0x0000000081500000|100%| O|  |TAMS 0x0000000081500000, 0x0000000081400000| Untracked 
|   7|0x0000000081500000, 0x0000000081600000, 0x0000000081600000|100%| O|  |TAMS 0x0000000081600000, 0x0000000081500000| Untracked 
|   8|0x0000000081600000, 0x0000000081700000, 0x0000000081700000|100%| O|  |TAMS 0x0000000081700000, 0x0000000081600000| Untracked 
|   9|0x0000000081700000, 0x0000000081800000, 0x0000000081800000|100%|HS|  |TAMS 0x0000000081800000, 0x0000000081700000| Complete 
|  10|0x0000000081800000, 0x0000000081900000, 0x0000000081900000|100%|HC|  |TAMS 0x0000000081900000, 0x0000000081800000| Complete 
|  11|0x0000000081900000, 0x0000000081a00000, 0x0000000081a00000|100%|HC|  |TAMS 0x0000000081a00000, 0x0000000081900000| Complete 
|  12|0x0000000081a00000, 0x0000000081b00000, 0x0000000081b00000|100%|HS|  |TAMS 0x0000000081b00000, 0x0000000081a00000| Complete 
|  13|0x0000000081b00000, 0x0000000081c00000, 0x0000000081c00000|100%|HC|  |TAMS 0x0000000081c00000, 0x0000000081b00000| Complete 
|  14|0x0000000081c00000, 0x0000000081d00000, 0x0000000081d00000|100%|HC|  |TAMS 0x0000000081d00000, 0x0000000081c00000| Complete 
|  15|0x0000000081d00000, 0x0000000081e00000, 0x0000000081e00000|100%|HC|  |TAMS 0x0000000081e00000, 0x0000000081d00000| Complete 
|  16|0x0000000081e00000, 0x0000000081f00000, 0x0000000081f00000|100%|HC|  |TAMS 0x0000000081f00000, 0x0000000081e00000| Complete 
|  17|0x0000000081f00000, 0x0000000082000000, 0x0000000082000000|100%| O|  |TAMS 0x0000000082000000, 0x0000000081f00000| Untracked 
|  18|0x0000000082000000, 0x0000000082100000, 0x0000000082100000|100%|HS|  |TAMS 0x0000000082100000, 0x0000000082000000| Complete 
|  19|0x0000000082100000, 0x0000000082200000, 0x0000000082200000|100%|HS|  |TAMS 0x0000000082200000, 0x0000000082100000| Complete 
|  20|0x0000000082200000, 0x0000000082300000, 0x0000000082300000|100%|HC|  |TAMS 0x0000000082300000, 0x0000000082200000| Complete 
|  21|0x0000000082300000, 0x0000000082400000, 0x0000000082400000|100%| O|  |TAMS 0x0000000082400000, 0x0000000082300000| Untracked 
|  22|0x0000000082400000, 0x0000000082500000, 0x0000000082500000|100%|HS|  |TAMS 0x0000000082500000, 0x0000000082400000| Complete 
|  23|0x0000000082500000, 0x0000000082600000, 0x0000000082600000|100%| O|  |TAMS 0x0000000082600000, 0x0000000082500000| Untracked 
|  24|0x0000000082600000, 0x0000000082700000, 0x0000000082700000|100%|HS|  |TAMS 0x0000000082700000, 0x0000000082600000| Complete 
|  25|0x0000000082700000, 0x0000000082800000, 0x0000000082800000|100%| O|  |TAMS 0x0000000082800000, 0x0000000082700000| Untracked 
|  26|0x0000000082800000, 0x0000000082900000, 0x0000000082900000|100%| O|  |TAMS 0x0000000082900000, 0x0000000082800000| Untracked 
|  27|0x0000000082900000, 0x0000000082a00000, 0x0000000082a00000|100%| O|  |TAMS 0x0000000082a00000, 0x0000000082900000| Untracked 
|  28|0x0000000082a00000, 0x0000000082b00000, 0x0000000082b00000|100%| O|  |TAMS 0x0000000082b00000, 0x0000000082a00000| Untracked 
|  29|0x0000000082b00000, 0x0000000082c00000, 0x0000000082c00000|100%| O|  |TAMS 0x0000000082c00000, 0x0000000082b00000| Untracked 
|  30|0x0000000082c00000, 0x0000000082d00000, 0x0000000082d00000|100%| O|  |TAMS 0x0000000082d00000, 0x0000000082c00000| Untracked 
|  31|0x0000000082d00000, 0x0000000082e00000, 0x0000000082e00000|100%| O|  |TAMS 0x0000000082e00000, 0x0000000082d00000| Untracked 
|  32|0x0000000082e00000, 0x0000000082f00000, 0x0000000082f00000|100%| O|  |TAMS 0x0000000082e00000, 0x0000000082e00000| Untracked 
|  33|0x0000000082f00000, 0x0000000083000000, 0x0000000083000000|100%| O|  |TAMS 0x0000000083000000, 0x0000000082f00000| Untracked 
|  34|0x0000000083000000, 0x0000000083100000, 0x0000000083100000|100%| O|  |TAMS 0x0000000083100000, 0x0000000083000000| Untracked 
|  35|0x0000000083100000, 0x0000000083200000, 0x0000000083200000|100%| O|  |TAMS 0x0000000083200000, 0x0000000083100000| Untracked 
|  36|0x0000000083200000, 0x0000000083300000, 0x0000000083300000|100%| O|  |TAMS 0x0000000083300000, 0x0000000083200000| Untracked 
|  37|0x0000000083300000, 0x0000000083400000, 0x0000000083400000|100%| O|  |TAMS 0x0000000083400000, 0x0000000083300000| Untracked 
|  38|0x0000000083400000, 0x0000000083500000, 0x0000000083500000|100%| O|  |TAMS 0x0000000083500000, 0x0000000083400000| Untracked 
|  39|0x0000000083500000, 0x0000000083600000, 0x0000000083600000|100%| O|  |TAMS 0x0000000083600000, 0x0000000083500000| Untracked 
|  40|0x0000000083600000, 0x0000000083700000, 0x0000000083700000|100%| O|  |TAMS 0x0000000083700000, 0x0000000083600000| Untracked 
|  41|0x0000000083700000, 0x0000000083800000, 0x0000000083800000|100%| O|  |TAMS 0x0000000083800000, 0x0000000083700000| Untracked 
|  42|0x0000000083800000, 0x0000000083900000, 0x0000000083900000|100%| O|  |TAMS 0x0000000083900000, 0x0000000083800000| Untracked 
|  43|0x0000000083900000, 0x0000000083a00000, 0x0000000083a00000|100%| O|  |TAMS 0x0000000083a00000, 0x0000000083900000| Untracked 
|  44|0x0000000083a00000, 0x0000000083b00000, 0x0000000083b00000|100%| O|  |TAMS 0x0000000083b00000, 0x0000000083a00000| Untracked 
|  45|0x0000000083b00000, 0x0000000083c00000, 0x0000000083c00000|100%| O|  |TAMS 0x0000000083c00000, 0x0000000083b00000| Untracked 
|  46|0x0000000083c00000, 0x0000000083d00000, 0x0000000083d00000|100%| O|  |TAMS 0x0000000083d00000, 0x0000000083c00000| Untracked 
|  47|0x0000000083d00000, 0x0000000083e00000, 0x0000000083e00000|100%| O|  |TAMS 0x0000000083e00000, 0x0000000083d00000| Untracked 
|  48|0x0000000083e00000, 0x0000000083f00000, 0x0000000083f00000|100%| O|  |TAMS 0x0000000083f00000, 0x0000000083e00000| Untracked 
|  49|0x0000000083f00000, 0x0000000084000000, 0x0000000084000000|100%| O|  |TAMS 0x0000000084000000, 0x0000000083f00000| Untracked 
|  50|0x0000000084000000, 0x0000000084100000, 0x0000000084100000|100%| O|  |TAMS 0x0000000084100000, 0x0000000084000000| Untracked 
|  51|0x0000000084100000, 0x0000000084200000, 0x0000000084200000|100%| O|  |TAMS 0x0000000084200000, 0x0000000084100000| Untracked 
|  52|0x0000000084200000, 0x0000000084300000, 0x0000000084300000|100%| O|  |TAMS 0x0000000084300000, 0x0000000084200000| Untracked 
|  53|0x0000000084300000, 0x0000000084400000, 0x0000000084400000|100%| O|  |TAMS 0x0000000084400000, 0x0000000084300000| Untracked 
|  54|0x0000000084400000, 0x0000000084500000, 0x0000000084500000|100%| O|  |TAMS 0x0000000084500000, 0x0000000084400000| Untracked 
|  55|0x0000000084500000, 0x0000000084600000, 0x0000000084600000|100%| O|  |TAMS 0x0000000084600000, 0x0000000084500000| Untracked 
|  56|0x0000000084600000, 0x0000000084700000, 0x0000000084700000|100%| O|  |TAMS 0x0000000084700000, 0x0000000084600000| Untracked 
|  57|0x0000000084700000, 0x0000000084800000, 0x0000000084800000|100%| O|  |TAMS 0x0000000084800000, 0x0000000084700000| Untracked 
|  58|0x0000000084800000, 0x0000000084900000, 0x0000000084900000|100%| O|  |TAMS 0x0000000084900000, 0x0000000084800000| Untracked 
|  59|0x0000000084900000, 0x0000000084a00000, 0x0000000084a00000|100%| O|  |TAMS 0x0000000084a00000, 0x0000000084900000| Untracked 
|  60|0x0000000084a00000, 0x0000000084b00000, 0x0000000084b00000|100%| O|  |TAMS 0x0000000084b00000, 0x0000000084a00000| Untracked 
|  61|0x0000000084b00000, 0x0000000084c00000, 0x0000000084c00000|100%| O|  |TAMS 0x0000000084c00000, 0x0000000084b00000| Untracked 
|  62|0x0000000084c00000, 0x0000000084d00000, 0x0000000084d00000|100%| O|  |TAMS 0x0000000084d00000, 0x0000000084c00000| Untracked 
|  63|0x0000000084d00000, 0x0000000084e00000, 0x0000000084e00000|100%| O|  |TAMS 0x0000000084e00000, 0x0000000084d00000| Untracked 
|  64|0x0000000084e00000, 0x0000000084f00000, 0x0000000084f00000|100%| O|  |TAMS 0x0000000084f00000, 0x0000000084e00000| Untracked 
|  65|0x0000000084f00000, 0x0000000085000000, 0x0000000085000000|100%| O|  |TAMS 0x0000000085000000, 0x0000000084f00000| Untracked 
|  66|0x0000000085000000, 0x0000000085100000, 0x0000000085100000|100%|HS|  |TAMS 0x0000000085000000, 0x0000000085000000| Complete 
|  67|0x0000000085100000, 0x0000000085200000, 0x0000000085200000|100%|HC|  |TAMS 0x0000000085100000, 0x0000000085100000| Complete 
|  68|0x0000000085200000, 0x0000000085300000, 0x0000000085300000|100%| O|  |TAMS 0x0000000085200000, 0x0000000085200000| Untracked 
|  69|0x0000000085300000, 0x0000000085400000, 0x0000000085400000|100%| O|  |TAMS 0x0000000085300000, 0x0000000085300000| Untracked 
|  70|0x0000000085400000, 0x0000000085500000, 0x0000000085500000|100%| O|  |TAMS 0x0000000085400000, 0x0000000085400000| Untracked 
|  71|0x0000000085500000, 0x0000000085600000, 0x0000000085600000|100%| O|  |TAMS 0x0000000085500000, 0x0000000085500000| Untracked 
|  72|0x0000000085600000, 0x0000000085700000, 0x0000000085700000|100%| O|  |TAMS 0x0000000085600000, 0x0000000085600000| Untracked 
|  73|0x0000000085700000, 0x0000000085800000, 0x0000000085800000|100%| O|  |TAMS 0x0000000085700000, 0x0000000085700000| Untracked 
|  74|0x0000000085800000, 0x0000000085900000, 0x0000000085900000|100%| O|  |TAMS 0x0000000085800000, 0x0000000085800000| Untracked 
|  75|0x0000000085900000, 0x0000000085a00000, 0x0000000085a00000|100%| O|  |TAMS 0x0000000085900000, 0x0000000085900000| Untracked 
|  76|0x0000000085a00000, 0x0000000085b00000, 0x0000000085b00000|100%| O|  |TAMS 0x0000000085a00000, 0x0000000085a00000| Untracked 
|  77|0x0000000085b00000, 0x0000000085c00000, 0x0000000085c00000|100%| O|  |TAMS 0x0000000085b00000, 0x0000000085b00000| Untracked 
|  78|0x0000000085c00000, 0x0000000085d00000, 0x0000000085d00000|100%| O|  |TAMS 0x0000000085c00000, 0x0000000085c00000| Untracked 
|  79|0x0000000085d00000, 0x0000000085d53600, 0x0000000085e00000| 32%| O|  |TAMS 0x0000000085d00000, 0x0000000085d00000| Untracked 
|  80|0x0000000085e00000, 0x0000000085e00000, 0x0000000085f00000|  0%| F|  |TAMS 0x0000000085e00000, 0x0000000085e00000| Untracked 
|  81|0x0000000085f00000, 0x0000000085f00000, 0x0000000086000000|  0%| F|  |TAMS 0x0000000085f00000, 0x0000000085f00000| Untracked 
|  82|0x0000000086000000, 0x0000000086000000, 0x0000000086100000|  0%| F|  |TAMS 0x0000000086000000, 0x0000000086000000| Untracked 
|  83|0x0000000086100000, 0x0000000086100000, 0x0000000086200000|  0%| F|  |TAMS 0x0000000086100000, 0x0000000086100000| Untracked 
|  84|0x0000000086200000, 0x0000000086200000, 0x0000000086300000|  0%| F|  |TAMS 0x0000000086200000, 0x0000000086200000| Untracked 
|  85|0x0000000086300000, 0x0000000086300000, 0x0000000086400000|  0%| F|  |TAMS 0x0000000086300000, 0x0000000086300000| Untracked 
|  86|0x0000000086400000, 0x0000000086400000, 0x0000000086500000|  0%| F|  |TAMS 0x0000000086400000, 0x0000000086400000| Untracked 
|  87|0x0000000086500000, 0x0000000086500000, 0x0000000086600000|  0%| F|  |TAMS 0x0000000086500000, 0x0000000086500000| Untracked 
|  88|0x0000000086600000, 0x0000000086600000, 0x0000000086700000|  0%| F|  |TAMS 0x0000000086600000, 0x0000000086600000| Untracked 
|  89|0x0000000086700000, 0x0000000086700000, 0x0000000086800000|  0%| F|  |TAMS 0x0000000086700000, 0x0000000086700000| Untracked 
|  90|0x0000000086800000, 0x0000000086800000, 0x0000000086900000|  0%| F|  |TAMS 0x0000000086800000, 0x0000000086800000| Untracked 
|  91|0x0000000086900000, 0x0000000086900000, 0x0000000086a00000|  0%| F|  |TAMS 0x0000000086900000, 0x0000000086900000| Untracked 
|  92|0x0000000086a00000, 0x0000000086a00000, 0x0000000086b00000|  0%| F|  |TAMS 0x0000000086a00000, 0x0000000086a00000| Untracked 
|  93|0x0000000086b00000, 0x0000000086b00000, 0x0000000086c00000|  0%| F|  |TAMS 0x0000000086b00000, 0x0000000086b00000| Untracked 
|  94|0x0000000086c00000, 0x0000000086c00000, 0x0000000086d00000|  0%| F|  |TAMS 0x0000000086c00000, 0x0000000086c00000| Untracked 
|  95|0x0000000086d00000, 0x0000000086d00000, 0x0000000086e00000|  0%| F|  |TAMS 0x0000000086d00000, 0x0000000086d00000| Untracked 
|  96|0x0000000086e00000, 0x0000000086e00000, 0x0000000086f00000|  0%| F|  |TAMS 0x0000000086e00000, 0x0000000086e00000| Untracked 
|  97|0x0000000086f00000, 0x0000000086f00000, 0x0000000087000000|  0%| F|  |TAMS 0x0000000086f00000, 0x0000000086f00000| Untracked 
|  98|0x0000000087000000, 0x0000000087000000, 0x0000000087100000|  0%| F|  |TAMS 0x0000000087000000, 0x0000000087000000| Untracked 
|  99|0x0000000087100000, 0x0000000087100000, 0x0000000087200000|  0%| F|  |TAMS 0x0000000087100000, 0x0000000087100000| Untracked 
| 100|0x0000000087200000, 0x0000000087200000, 0x0000000087300000|  0%| F|  |TAMS 0x0000000087200000, 0x0000000087200000| Untracked 
| 101|0x0000000087300000, 0x0000000087300000, 0x0000000087400000|  0%| F|  |TAMS 0x0000000087300000, 0x0000000087300000| Untracked 
| 102|0x0000000087400000, 0x0000000087400000, 0x0000000087500000|  0%| F|  |TAMS 0x0000000087400000, 0x0000000087400000| Untracked 
| 103|0x0000000087500000, 0x0000000087500000, 0x0000000087600000|  0%| F|  |TAMS 0x0000000087500000, 0x0000000087500000| Untracked 
| 104|0x0000000087600000, 0x0000000087600000, 0x0000000087700000|  0%| F|  |TAMS 0x0000000087600000, 0x0000000087600000| Untracked 
| 105|0x0000000087700000, 0x0000000087700000, 0x0000000087800000|  0%| F|  |TAMS 0x0000000087700000, 0x0000000087700000| Untracked 
| 106|0x0000000087800000, 0x0000000087800000, 0x0000000087900000|  0%| F|  |TAMS 0x0000000087800000, 0x0000000087800000| Untracked 
| 107|0x0000000087900000, 0x0000000087900000, 0x0000000087a00000|  0%| F|  |TAMS 0x0000000087900000, 0x0000000087900000| Untracked 
| 108|0x0000000087a00000, 0x0000000087a00000, 0x0000000087b00000|  0%| F|  |TAMS 0x0000000087a00000, 0x0000000087a00000| Untracked 
| 109|0x0000000087b00000, 0x0000000087b00000, 0x0000000087c00000|  0%| F|  |TAMS 0x0000000087b00000, 0x0000000087b00000| Untracked 
| 110|0x0000000087c00000, 0x0000000087c00000, 0x0000000087d00000|  0%| F|  |TAMS 0x0000000087c00000, 0x0000000087c00000| Untracked 
| 111|0x0000000087d00000, 0x0000000087d00000, 0x0000000087e00000|  0%| F|  |TAMS 0x0000000087d00000, 0x0000000087d00000| Untracked 
| 112|0x0000000087e00000, 0x0000000087e00000, 0x0000000087f00000|  0%| F|  |TAMS 0x0000000087e00000, 0x0000000087e00000| Untracked 
| 113|0x0000000087f00000, 0x0000000087f00000, 0x0000000088000000|  0%| F|  |TAMS 0x0000000087f00000, 0x0000000087f00000| Untracked 
| 114|0x0000000088000000, 0x0000000088000000, 0x0000000088100000|  0%| F|  |TAMS 0x0000000088000000, 0x0000000088000000| Untracked 
| 115|0x0000000088100000, 0x0000000088100000, 0x0000000088200000|  0%| F|  |TAMS 0x0000000088100000, 0x0000000088100000| Untracked 
| 116|0x0000000088200000, 0x0000000088200000, 0x0000000088300000|  0%| F|  |TAMS 0x0000000088200000, 0x0000000088200000| Untracked 
| 117|0x0000000088300000, 0x0000000088300000, 0x0000000088400000|  0%| F|  |TAMS 0x0000000088300000, 0x0000000088300000| Untracked 
| 118|0x0000000088400000, 0x0000000088400000, 0x0000000088500000|  0%| F|  |TAMS 0x0000000088400000, 0x0000000088400000| Untracked 
| 119|0x0000000088500000, 0x0000000088500000, 0x0000000088600000|  0%| F|  |TAMS 0x0000000088500000, 0x0000000088500000| Untracked 
| 120|0x0000000088600000, 0x0000000088600000, 0x0000000088700000|  0%| F|  |TAMS 0x0000000088600000, 0x0000000088600000| Untracked 
| 121|0x0000000088700000, 0x0000000088700000, 0x0000000088800000|  0%| F|  |TAMS 0x0000000088700000, 0x0000000088700000| Untracked 
| 122|0x0000000088800000, 0x0000000088800000, 0x0000000088900000|  0%| F|  |TAMS 0x0000000088800000, 0x0000000088800000| Untracked 
| 123|0x0000000088900000, 0x0000000088900000, 0x0000000088a00000|  0%| F|  |TAMS 0x0000000088900000, 0x0000000088900000| Untracked 
| 124|0x0000000088a00000, 0x0000000088a00000, 0x0000000088b00000|  0%| F|  |TAMS 0x0000000088a00000, 0x0000000088a00000| Untracked 
| 125|0x0000000088b00000, 0x0000000088b00000, 0x0000000088c00000|  0%| F|  |TAMS 0x0000000088b00000, 0x0000000088b00000| Untracked 
| 126|0x0000000088c00000, 0x0000000088c00000, 0x0000000088d00000|  0%| F|  |TAMS 0x0000000088c00000, 0x0000000088c00000| Untracked 
| 127|0x0000000088d00000, 0x0000000088d00000, 0x0000000088e00000|  0%| F|  |TAMS 0x0000000088d00000, 0x0000000088d00000| Untracked 
| 128|0x0000000088e00000, 0x0000000088e00000, 0x0000000088f00000|  0%| F|  |TAMS 0x0000000088e00000, 0x0000000088e00000| Untracked 
| 129|0x0000000088f00000, 0x0000000088f00000, 0x0000000089000000|  0%| F|  |TAMS 0x0000000088f00000, 0x0000000088f00000| Untracked 
| 130|0x0000000089000000, 0x0000000089000000, 0x0000000089100000|  0%| F|  |TAMS 0x0000000089000000, 0x0000000089000000| Untracked 
| 131|0x0000000089100000, 0x0000000089100000, 0x0000000089200000|  0%| F|  |TAMS 0x0000000089100000, 0x0000000089100000| Untracked 
| 132|0x0000000089200000, 0x0000000089200000, 0x0000000089300000|  0%| F|  |TAMS 0x0000000089200000, 0x0000000089200000| Untracked 
| 133|0x0000000089300000, 0x0000000089300000, 0x0000000089400000|  0%| F|  |TAMS 0x0000000089300000, 0x0000000089300000| Untracked 
| 134|0x0000000089400000, 0x0000000089400000, 0x0000000089500000|  0%| F|  |TAMS 0x0000000089400000, 0x0000000089400000| Untracked 
| 135|0x0000000089500000, 0x0000000089500000, 0x0000000089600000|  0%| F|  |TAMS 0x0000000089500000, 0x0000000089500000| Untracked 
| 136|0x0000000089600000, 0x0000000089600000, 0x0000000089700000|  0%| F|  |TAMS 0x0000000089600000, 0x0000000089600000| Untracked 
| 137|0x0000000089700000, 0x0000000089700000, 0x0000000089800000|  0%| F|  |TAMS 0x0000000089700000, 0x0000000089700000| Untracked 
| 138|0x0000000089800000, 0x0000000089800000, 0x0000000089900000|  0%| F|  |TAMS 0x0000000089800000, 0x0000000089800000| Untracked 
| 139|0x0000000089900000, 0x0000000089900000, 0x0000000089a00000|  0%| F|  |TAMS 0x0000000089900000, 0x0000000089900000| Untracked 
| 140|0x0000000089a00000, 0x0000000089a00000, 0x0000000089b00000|  0%| F|  |TAMS 0x0000000089a00000, 0x0000000089a00000| Untracked 
| 141|0x0000000089b00000, 0x0000000089b00000, 0x0000000089c00000|  0%| F|  |TAMS 0x0000000089b00000, 0x0000000089b00000| Untracked 
| 142|0x0000000089c00000, 0x0000000089c00000, 0x0000000089d00000|  0%| F|  |TAMS 0x0000000089c00000, 0x0000000089c00000| Untracked 
| 143|0x0000000089d00000, 0x0000000089d00000, 0x0000000089e00000|  0%| F|  |TAMS 0x0000000089d00000, 0x0000000089d00000| Untracked 
| 144|0x0000000089e00000, 0x0000000089e00000, 0x0000000089f00000|  0%| F|  |TAMS 0x0000000089e00000, 0x0000000089e00000| Untracked 
| 145|0x0000000089f00000, 0x0000000089f00000, 0x000000008a000000|  0%| F|  |TAMS 0x0000000089f00000, 0x0000000089f00000| Untracked 
| 146|0x000000008a000000, 0x000000008a000000, 0x000000008a100000|  0%| F|  |TAMS 0x000000008a000000, 0x000000008a000000| Untracked 
| 147|0x000000008a100000, 0x000000008a100000, 0x000000008a200000|  0%| F|  |TAMS 0x000000008a100000, 0x000000008a100000| Untracked 
| 148|0x000000008a200000, 0x000000008a200000, 0x000000008a300000|  0%| F|  |TAMS 0x000000008a200000, 0x000000008a200000| Untracked 
| 149|0x000000008a300000, 0x000000008a400000, 0x000000008a400000|100%| S|CS|TAMS 0x000000008a300000, 0x000000008a300000| Complete 
| 150|0x000000008a400000, 0x000000008a500000, 0x000000008a500000|100%| S|CS|TAMS 0x000000008a400000, 0x000000008a400000| Complete 
| 151|0x000000008a500000, 0x000000008a600000, 0x000000008a600000|100%| S|CS|TAMS 0x000000008a500000, 0x000000008a500000| Complete 
| 152|0x000000008a600000, 0x000000008a700000, 0x000000008a700000|100%| S|CS|TAMS 0x000000008a600000, 0x000000008a600000| Complete 
| 153|0x000000008a700000, 0x000000008a800000, 0x000000008a800000|100%| S|CS|TAMS 0x000000008a700000, 0x000000008a700000| Complete 
| 154|0x000000008a800000, 0x000000008a900000, 0x000000008a900000|100%| S|CS|TAMS 0x000000008a800000, 0x000000008a800000| Complete 
| 155|0x000000008a900000, 0x000000008aa00000, 0x000000008aa00000|100%| S|CS|TAMS 0x000000008a900000, 0x000000008a900000| Complete 
| 156|0x000000008aa00000, 0x000000008aa00000, 0x000000008ab00000|  0%| F|  |TAMS 0x000000008aa00000, 0x000000008aa00000| Untracked 
| 157|0x000000008ab00000, 0x000000008ab00000, 0x000000008ac00000|  0%| F|  |TAMS 0x000000008ab00000, 0x000000008ab00000| Untracked 
| 158|0x000000008ac00000, 0x000000008ac00000, 0x000000008ad00000|  0%| F|  |TAMS 0x000000008ac00000, 0x000000008ac00000| Untracked 
| 159|0x000000008ad00000, 0x000000008ad00000, 0x000000008ae00000|  0%| F|  |TAMS 0x000000008ad00000, 0x000000008ad00000| Untracked 
| 160|0x000000008ae00000, 0x000000008ae00000, 0x000000008af00000|  0%| F|  |TAMS 0x000000008ae00000, 0x000000008ae00000| Untracked 
| 161|0x000000008af00000, 0x000000008af00000, 0x000000008b000000|  0%| F|  |TAMS 0x000000008af00000, 0x000000008af00000| Untracked 
| 162|0x000000008b000000, 0x000000008b000000, 0x000000008b100000|  0%| F|  |TAMS 0x000000008b000000, 0x000000008b000000| Untracked 
| 163|0x000000008b100000, 0x000000008b100000, 0x000000008b200000|  0%| F|  |TAMS 0x000000008b100000, 0x000000008b100000| Untracked 
| 164|0x000000008b200000, 0x000000008b200000, 0x000000008b300000|  0%| F|  |TAMS 0x000000008b200000, 0x000000008b200000| Untracked 
| 165|0x000000008b300000, 0x000000008b300000, 0x000000008b400000|  0%| F|  |TAMS 0x000000008b300000, 0x000000008b300000| Untracked 
| 166|0x000000008b400000, 0x000000008b400000, 0x000000008b500000|  0%| F|  |TAMS 0x000000008b400000, 0x000000008b400000| Untracked 
| 167|0x000000008b500000, 0x000000008b500000, 0x000000008b600000|  0%| F|  |TAMS 0x000000008b500000, 0x000000008b500000| Untracked 
| 168|0x000000008b600000, 0x000000008b600000, 0x000000008b700000|  0%| F|  |TAMS 0x000000008b600000, 0x000000008b600000| Untracked 
| 169|0x000000008b700000, 0x000000008b700000, 0x000000008b800000|  0%| F|  |TAMS 0x000000008b700000, 0x000000008b700000| Untracked 
| 170|0x000000008b800000, 0x000000008b800000, 0x000000008b900000|  0%| F|  |TAMS 0x000000008b800000, 0x000000008b800000| Untracked 
| 171|0x000000008b900000, 0x000000008b900000, 0x000000008ba00000|  0%| F|  |TAMS 0x000000008b900000, 0x000000008b900000| Untracked 
| 172|0x000000008ba00000, 0x000000008ba00000, 0x000000008bb00000|  0%| F|  |TAMS 0x000000008ba00000, 0x000000008ba00000| Untracked 
| 173|0x000000008bb00000, 0x000000008bb00000, 0x000000008bc00000|  0%| F|  |TAMS 0x000000008bb00000, 0x000000008bb00000| Untracked 
| 174|0x000000008bc00000, 0x000000008bc00000, 0x000000008bd00000|  0%| F|  |TAMS 0x000000008bc00000, 0x000000008bc00000| Untracked 
| 175|0x000000008bd00000, 0x000000008bd00000, 0x000000008be00000|  0%| F|  |TAMS 0x000000008bd00000, 0x000000008bd00000| Untracked 
| 176|0x000000008be00000, 0x000000008be00000, 0x000000008bf00000|  0%| F|  |TAMS 0x000000008be00000, 0x000000008be00000| Untracked 
| 177|0x000000008bf00000, 0x000000008bf00000, 0x000000008c000000|  0%| F|  |TAMS 0x000000008bf00000, 0x000000008bf00000| Untracked 
| 178|0x000000008c000000, 0x000000008c000000, 0x000000008c100000|  0%| F|  |TAMS 0x000000008c000000, 0x000000008c000000| Untracked 
| 179|0x000000008c100000, 0x000000008c100000, 0x000000008c200000|  0%| F|  |TAMS 0x000000008c100000, 0x000000008c100000| Untracked 
| 180|0x000000008c200000, 0x000000008c200000, 0x000000008c300000|  0%| F|  |TAMS 0x000000008c200000, 0x000000008c200000| Untracked 
| 181|0x000000008c300000, 0x000000008c300000, 0x000000008c400000|  0%| F|  |TAMS 0x000000008c300000, 0x000000008c300000| Untracked 
| 182|0x000000008c400000, 0x000000008c400000, 0x000000008c500000|  0%| F|  |TAMS 0x000000008c400000, 0x000000008c400000| Untracked 
| 183|0x000000008c500000, 0x000000008c500000, 0x000000008c600000|  0%| F|  |TAMS 0x000000008c500000, 0x000000008c500000| Untracked 
| 184|0x000000008c600000, 0x000000008c600000, 0x000000008c700000|  0%| F|  |TAMS 0x000000008c600000, 0x000000008c600000| Untracked 
| 185|0x000000008c700000, 0x000000008c700000, 0x000000008c800000|  0%| F|  |TAMS 0x000000008c700000, 0x000000008c700000| Untracked 
| 186|0x000000008c800000, 0x000000008c800000, 0x000000008c900000|  0%| F|  |TAMS 0x000000008c800000, 0x000000008c800000| Untracked 
| 187|0x000000008c900000, 0x000000008c900000, 0x000000008ca00000|  0%| F|  |TAMS 0x000000008c900000, 0x000000008c900000| Untracked 
| 188|0x000000008ca00000, 0x000000008ca00000, 0x000000008cb00000|  0%| F|  |TAMS 0x000000008ca00000, 0x000000008ca00000| Untracked 
| 189|0x000000008cb00000, 0x000000008cb00000, 0x000000008cc00000|  0%| F|  |TAMS 0x000000008cb00000, 0x000000008cb00000| Untracked 
| 190|0x000000008cc00000, 0x000000008cc00000, 0x000000008cd00000|  0%| F|  |TAMS 0x000000008cc00000, 0x000000008cc00000| Untracked 
| 191|0x000000008cd00000, 0x000000008cd00000, 0x000000008ce00000|  0%| F|  |TAMS 0x000000008cd00000, 0x000000008cd00000| Untracked 
| 192|0x000000008ce00000, 0x000000008ce00000, 0x000000008cf00000|  0%| F|  |TAMS 0x000000008ce00000, 0x000000008ce00000| Untracked 
| 193|0x000000008cf00000, 0x000000008cf00000, 0x000000008d000000|  0%| F|  |TAMS 0x000000008cf00000, 0x000000008cf00000| Untracked 
| 194|0x000000008d000000, 0x000000008d000000, 0x000000008d100000|  0%| F|  |TAMS 0x000000008d000000, 0x000000008d000000| Untracked 
| 195|0x000000008d100000, 0x000000008d100000, 0x000000008d200000|  0%| F|  |TAMS 0x000000008d100000, 0x000000008d100000| Untracked 
| 196|0x000000008d200000, 0x000000008d200000, 0x000000008d300000|  0%| F|  |TAMS 0x000000008d200000, 0x000000008d200000| Untracked 
| 197|0x000000008d300000, 0x000000008d300000, 0x000000008d400000|  0%| F|  |TAMS 0x000000008d300000, 0x000000008d300000| Untracked 
| 198|0x000000008d400000, 0x000000008d400000, 0x000000008d500000|  0%| F|  |TAMS 0x000000008d400000, 0x000000008d400000| Untracked 
| 199|0x000000008d500000, 0x000000008d500000, 0x000000008d600000|  0%| F|  |TAMS 0x000000008d500000, 0x000000008d500000| Untracked 
| 200|0x000000008d600000, 0x000000008d600000, 0x000000008d700000|  0%| F|  |TAMS 0x000000008d600000, 0x000000008d600000| Untracked 
| 201|0x000000008d700000, 0x000000008d700000, 0x000000008d800000|  0%| F|  |TAMS 0x000000008d700000, 0x000000008d700000| Untracked 
| 202|0x000000008d800000, 0x000000008d800000, 0x000000008d900000|  0%| F|  |TAMS 0x000000008d800000, 0x000000008d800000| Untracked 
| 203|0x000000008d900000, 0x000000008d900000, 0x000000008da00000|  0%| F|  |TAMS 0x000000008d900000, 0x000000008d900000| Untracked 
| 204|0x000000008da00000, 0x000000008da00000, 0x000000008db00000|  0%| F|  |TAMS 0x000000008da00000, 0x000000008da00000| Untracked 
| 205|0x000000008db00000, 0x000000008db00000, 0x000000008dc00000|  0%| F|  |TAMS 0x000000008db00000, 0x000000008db00000| Untracked 
| 206|0x000000008dc00000, 0x000000008dc00000, 0x000000008dd00000|  0%| F|  |TAMS 0x000000008dc00000, 0x000000008dc00000| Untracked 
| 207|0x000000008dd00000, 0x000000008dd00000, 0x000000008de00000|  0%| F|  |TAMS 0x000000008dd00000, 0x000000008dd00000| Untracked 
| 208|0x000000008de00000, 0x000000008de00000, 0x000000008df00000|  0%| F|  |TAMS 0x000000008de00000, 0x000000008de00000| Untracked 
| 209|0x000000008df00000, 0x000000008df00000, 0x000000008e000000|  0%| F|  |TAMS 0x000000008df00000, 0x000000008df00000| Untracked 
| 210|0x000000008e000000, 0x000000008e000000, 0x000000008e100000|  0%| F|  |TAMS 0x000000008e000000, 0x000000008e000000| Untracked 
| 211|0x000000008e100000, 0x000000008e100000, 0x000000008e200000|  0%| F|  |TAMS 0x000000008e100000, 0x000000008e100000| Untracked 
| 212|0x000000008e200000, 0x000000008e200000, 0x000000008e300000|  0%| F|  |TAMS 0x000000008e200000, 0x000000008e200000| Untracked 
| 213|0x000000008e300000, 0x000000008e300000, 0x000000008e400000|  0%| F|  |TAMS 0x000000008e300000, 0x000000008e300000| Untracked 
| 214|0x000000008e400000, 0x000000008e400000, 0x000000008e500000|  0%| F|  |TAMS 0x000000008e400000, 0x000000008e400000| Untracked 
| 215|0x000000008e500000, 0x000000008e500000, 0x000000008e600000|  0%| F|  |TAMS 0x000000008e500000, 0x000000008e500000| Untracked 
| 216|0x000000008e600000, 0x000000008e600000, 0x000000008e700000|  0%| F|  |TAMS 0x000000008e600000, 0x000000008e600000| Untracked 
| 217|0x000000008e700000, 0x000000008e700000, 0x000000008e800000|  0%| F|  |TAMS 0x000000008e700000, 0x000000008e700000| Untracked 
| 218|0x000000008e800000, 0x000000008e800000, 0x000000008e900000|  0%| F|  |TAMS 0x000000008e800000, 0x000000008e800000| Untracked 
| 219|0x000000008e900000, 0x000000008e900000, 0x000000008ea00000|  0%| F|  |TAMS 0x000000008e900000, 0x000000008e900000| Untracked 
| 220|0x000000008ea00000, 0x000000008ea00000, 0x000000008eb00000|  0%| F|  |TAMS 0x000000008ea00000, 0x000000008ea00000| Untracked 
| 221|0x000000008eb00000, 0x000000008eb00000, 0x000000008ec00000|  0%| F|  |TAMS 0x000000008eb00000, 0x000000008eb00000| Untracked 
| 222|0x000000008ec00000, 0x000000008ec00000, 0x000000008ed00000|  0%| F|  |TAMS 0x000000008ec00000, 0x000000008ec00000| Untracked 
| 223|0x000000008ed00000, 0x000000008ed00000, 0x000000008ee00000|  0%| F|  |TAMS 0x000000008ed00000, 0x000000008ed00000| Untracked 
| 224|0x000000008ee00000, 0x000000008ee00000, 0x000000008ef00000|  0%| F|  |TAMS 0x000000008ee00000, 0x000000008ee00000| Untracked 
| 225|0x000000008ef00000, 0x000000008ef00000, 0x000000008f000000|  0%| F|  |TAMS 0x000000008ef00000, 0x000000008ef00000| Untracked 
| 226|0x000000008f000000, 0x000000008f000000, 0x000000008f100000|  0%| F|  |TAMS 0x000000008f000000, 0x000000008f000000| Untracked 
| 227|0x000000008f100000, 0x000000008f100000, 0x000000008f200000|  0%| F|  |TAMS 0x000000008f100000, 0x000000008f100000| Untracked 
| 228|0x000000008f200000, 0x000000008f200000, 0x000000008f300000|  0%| F|  |TAMS 0x000000008f200000, 0x000000008f200000| Untracked 
| 229|0x000000008f300000, 0x000000008f300000, 0x000000008f400000|  0%| F|  |TAMS 0x000000008f300000, 0x000000008f300000| Untracked 
| 230|0x000000008f400000, 0x000000008f400000, 0x000000008f500000|  0%| F|  |TAMS 0x000000008f400000, 0x000000008f400000| Untracked 
| 231|0x000000008f500000, 0x000000008f500000, 0x000000008f600000|  0%| F|  |TAMS 0x000000008f500000, 0x000000008f500000| Untracked 
| 232|0x000000008f600000, 0x000000008f600000, 0x000000008f700000|  0%| F|  |TAMS 0x000000008f600000, 0x000000008f600000| Untracked 
| 233|0x000000008f700000, 0x000000008f700000, 0x000000008f800000|  0%| F|  |TAMS 0x000000008f700000, 0x000000008f700000| Untracked 
| 234|0x000000008f800000, 0x000000008f800000, 0x000000008f900000|  0%| F|  |TAMS 0x000000008f800000, 0x000000008f800000| Untracked 
| 235|0x000000008f900000, 0x000000008f900000, 0x000000008fa00000|  0%| F|  |TAMS 0x000000008f900000, 0x000000008f900000| Untracked 
| 236|0x000000008fa00000, 0x000000008fa00000, 0x000000008fb00000|  0%| F|  |TAMS 0x000000008fa00000, 0x000000008fa00000| Untracked 
| 237|0x000000008fb00000, 0x000000008fb00000, 0x000000008fc00000|  0%| F|  |TAMS 0x000000008fb00000, 0x000000008fb00000| Untracked 
| 238|0x000000008fc00000, 0x000000008fc00000, 0x000000008fd00000|  0%| F|  |TAMS 0x000000008fc00000, 0x000000008fc00000| Untracked 
| 239|0x000000008fd00000, 0x000000008fd00000, 0x000000008fe00000|  0%| F|  |TAMS 0x000000008fd00000, 0x000000008fd00000| Untracked 
| 240|0x000000008fe00000, 0x000000008fe00000, 0x000000008ff00000|  0%| F|  |TAMS 0x000000008fe00000, 0x000000008fe00000| Untracked 
| 241|0x000000008ff00000, 0x000000008ff00000, 0x0000000090000000|  0%| F|  |TAMS 0x000000008ff00000, 0x000000008ff00000| Untracked 

Card table byte_map: [0x000001dbf6640000,0x000001dbf6a40000] _byte_map_base: 0x000001dbf6239000

Marking Bits (Prev, Next): (CMBitMap*) 0x000001dbebd5a430, (CMBitMap*) 0x000001dbebd5a3f8
 Prev Bits: [0x000001dbf8e10000, 0x000001dbfadd8000)
 Next Bits: [0x000001dbf6e40000, 0x000001dbf8e08000)

Polling page: 0x000001dbebe00000

Metaspace:

Usage:
  Non-class:     16.37 MB capacity,    16.21 MB (>99%) used,   131.02 KB ( <1%) free+waste,    33.94 KB ( <1%) overhead. 
      Class:      1.74 MB capacity,     1.65 MB ( 95%) used,    84.74 KB (  5%) free+waste,    13.25 KB ( <1%) overhead. 
       Both:     18.11 MB capacity,    17.85 MB ( 99%) used,   215.76 KB (  1%) free+waste,    47.19 KB ( <1%) overhead. 

Virtual space:
  Non-class space:       18.00 MB reserved,      16.50 MB ( 92%) committed 
      Class space:        1.00 GB reserved,       1.75 MB ( <1%) committed 
             Both:        1.02 GB reserved,      18.25 MB (  2%) committed 

Chunk freelists:
   Non-Class:  7.00 KB
       Class:  7.00 KB
        Both:  14.00 KB

MaxMetaspaceSize: 17179869184.00 GB
CompressedClassSpaceSize: 1.00 GB
Initial GC threshold: 20.80 MB
Current GC threshold: 27.09 MB
CDS: off

CodeHeap 'non-profiled nmethods': size=120064Kb used=2555Kb max_used=2555Kb free=117509Kb
 bounds [0x000001db87ac0000, 0x000001db87d40000, 0x000001db8f000000]
CodeHeap 'profiled nmethods': size=120000Kb used=10505Kb max_used=10505Kb free=109494Kb
 bounds [0x000001db80590000, 0x000001db80fe0000, 0x000001db87ac0000]
CodeHeap 'non-nmethods': size=5696Kb used=1156Kb max_used=1221Kb free=4539Kb
 bounds [0x000001db80000000, 0x000001db80270000, 0x000001db80590000]
 total_blobs=4707 nmethods=4303 adapters=316
 compilation: enabled
              stopped_count=0, restarted_count=0
 full_count=0

Compilation events (20 events):
Event: 7.243 Thread 0x000001dbfdbd1000 4340       3       com.sun.tools.javac.jvm.Code::mergeChains (113 bytes)
Event: 7.243 Thread 0x000001dbfe54f000 nmethod 4339 0x000001db87d3e290 code [0x000001db87d3e440, 0x000001db87d3e5b8]
Event: 7.243 Thread 0x000001dbfe54f000 4341       4       com.sun.tools.javac.jvm.Code::emit2 (78 bytes)
Event: 7.243 Thread 0x000001dbfdbd1000 nmethod 4340 0x000001db80fc4990 code [0x000001db80fc4be0, 0x000001db80fc5488]
Event: 7.245 Thread 0x000001dbfe54f000 nmethod 4341 0x000001db87d3e790 code [0x000001db87d3e940, 0x000001db87d3eab8]
Event: 7.245 Thread 0x000001dbfe54f000 4346       4       com.sun.tools.javac.code.Types$HashCodeVisitor::visitClassType (92 bytes)
Event: 7.247 Thread 0x000001dbfdbd1000 4349       3       com.sun.tools.javac.comp.Check::intersect (108 bytes)
Event: 7.248 Thread 0x000001dbfdbd1000 nmethod 4349 0x000001db80fc5790 code [0x000001db80fc5a80, 0x000001db80fc6e98]
Event: 7.263 Thread 0x000001dbfdbd1000 4354       3       com.sun.tools.javac.comp.Flow$AssignAnalyzer::visitAssign (35 bytes)
Event: 7.264 Thread 0x000001dbfdbd1000 nmethod 4354 0x000001db80fc7410 code [0x000001db80fc76a0, 0x000001db80fc8238]
Event: 7.264 Thread 0x000001dbfdbd1000 4355       3       com.sun.tools.javac.tree.TreeInfo::isIdentOrThisDotIdent (59 bytes)
Event: 7.264 Thread 0x000001dbfdbd1000 nmethod 4355 0x000001db80fc8590 code [0x000001db80fc8800, 0x000001db80fc9388]
Event: 7.265 Thread 0x000001dbfdbd1000 4356       3       com.sun.tools.javac.comp.Flow$AssignAnalyzer::letInit (53 bytes)
Event: 7.265 Thread 0x000001dbfdbd1000 nmethod 4356 0x000001db80fc9690 code [0x000001db80fc9920, 0x000001db80fca8b8]
Event: 7.265 Thread 0x000001dbfdbd1000 4357       3       com.sun.tools.javac.comp.Flow$AssignAnalyzer::letInit (245 bytes)
Event: 7.268 Thread 0x000001dbfdbd1000 nmethod 4357 0x000001db80fcac90 code [0x000001db80fcb1c0, 0x000001db80fce1e8]
Event: 7.268 Thread 0x000001dbfdbd1000 4358       3       com.sun.tools.javac.comp.Flow$CaptureAnalyzer::visitAssign (34 bytes)
Event: 7.269 Thread 0x000001dbfdbd1000 nmethod 4358 0x000001db80fcf010 code [0x000001db80fcf260, 0x000001db80fcfef8]
Event: 7.269 Thread 0x000001dbfdbd1000 4359       3       com.sun.tools.javac.comp.Flow$CaptureAnalyzer::letInit (142 bytes)
Event: 7.271 Thread 0x000001dbfdbd1000 nmethod 4359 0x000001db80fd0210 code [0x000001db80fd0560, 0x000001db80fd1ec8]

GC Heap History (20 events):
Event: 1.976 GC heap after
{Heap after GC invocations=36 (full 0):
 garbage-first heap   total 53248K, used 18851K [0x0000000080e00000, 0x0000000100000000)
  region size 1024K, 1 young (1024K), 1 survivors (1024K)
 Metaspace       used 13786K, capacity 14004K, committed 14080K, reserved 1062912K
  class space    used 1436K, capacity 1503K, committed 1536K, reserved 1048576K
}
Event: 2.038 GC heap before
{Heap before GC invocations=37 (full 0):
 garbage-first heap   total 53248K, used 31139K [0x0000000080e00000, 0x0000000100000000)
  region size 1024K, 9 young (9216K), 1 survivors (1024K)
 Metaspace       used 13789K, capacity 14068K, committed 14336K, reserved 1062912K
  class space    used 1436K, capacity 1503K, committed 1536K, reserved 1048576K
}
Event: 2.047 GC heap after
{Heap after GC invocations=38 (full 0):
 garbage-first heap   total 53248K, used 23046K [0x0000000080e00000, 0x0000000100000000)
  region size 1024K, 2 young (2048K), 2 survivors (2048K)
 Metaspace       used 13789K, capacity 14068K, committed 14336K, reserved 1062912K
  class space    used 1436K, capacity 1503K, committed 1536K, reserved 1048576K
}
Event: 2.262 GC heap before
{Heap before GC invocations=39 (full 0):
 garbage-first heap   total 53248K, used 39430K [0x0000000080e00000, 0x0000000100000000)
  region size 1024K, 11 young (11264K), 2 survivors (2048K)
 Metaspace       used 13870K, capacity 14133K, committed 14336K, reserved 1062912K
  class space    used 1436K, capacity 1503K, committed 1536K, reserved 1048576K
}
Event: 2.270 GC heap after
{Heap after GC invocations=40 (full 0):
 garbage-first heap   total 106496K, used 26988K [0x0000000080e00000, 0x0000000100000000)
  region size 1024K, 2 young (2048K), 2 survivors (2048K)
 Metaspace       used 13870K, capacity 14133K, committed 14336K, reserved 1062912K
  class space    used 1436K, capacity 1503K, committed 1536K, reserved 1048576K
}
Event: 2.922 GC heap before
{Heap before GC invocations=40 (full 0):
 garbage-first heap   total 106496K, used 52588K [0x0000000080e00000, 0x0000000100000000)
  region size 1024K, 25 young (25600K), 2 survivors (2048K)
 Metaspace       used 15175K, capacity 15496K, committed 15744K, reserved 1062912K
  class space    used 1534K, capacity 1637K, committed 1664K, reserved 1048576K
}
Event: 2.933 GC heap after
{Heap after GC invocations=41 (full 0):
 garbage-first heap   total 106496K, used 36495K [0x0000000080e00000, 0x0000000100000000)
  region size 1024K, 4 young (4096K), 4 survivors (4096K)
 Metaspace       used 15175K, capacity 15496K, committed 15744K, reserved 1062912K
  class space    used 1534K, capacity 1637K, committed 1664K, reserved 1048576K
}
Event: 3.208 GC heap before
{Heap before GC invocations=41 (full 0):
 garbage-first heap   total 106496K, used 61071K [0x0000000080e00000, 0x0000000100000000)
  region size 1024K, 27 young (27648K), 4 survivors (4096K)
 Metaspace       used 15828K, capacity 16118K, committed 16384K, reserved 1064960K
  class space    used 1581K, capacity 1692K, committed 1792K, reserved 1048576K
}
Event: 3.239 GC heap after
{Heap after GC invocations=42 (full 0):
 garbage-first heap   total 106496K, used 50037K [0x0000000080e00000, 0x0000000100000000)
  region size 1024K, 4 young (4096K), 4 survivors (4096K)
 Metaspace       used 15828K, capacity 16118K, committed 16384K, reserved 1064960K
  class space    used 1581K, capacity 1692K, committed 1792K, reserved 1048576K
}
Event: 3.290 GC heap before
{Heap before GC invocations=42 (full 0):
 garbage-first heap   total 106496K, used 68469K [0x0000000080e00000, 0x0000000100000000)
  region size 1024K, 22 young (22528K), 4 survivors (4096K)
 Metaspace       used 15875K, capacity 16126K, committed 16384K, reserved 1064960K
  class space    used 1583K, capacity 1695K, committed 1792K, reserved 1048576K
}
Event: 3.327 GC heap after
{Heap after GC invocations=43 (full 0):
 garbage-first heap   total 106496K, used 64512K [0x0000000080e00000, 0x0000000100000000)
  region size 1024K, 3 young (3072K), 3 survivors (3072K)
 Metaspace       used 15875K, capacity 16126K, committed 16384K, reserved 1064960K
  class space    used 1583K, capacity 1695K, committed 1792K, reserved 1048576K
}
Event: 3.420 GC heap before
{Heap before GC invocations=43 (full 0):
 garbage-first heap   total 106496K, used 75776K [0x0000000080e00000, 0x0000000100000000)
  region size 1024K, 14 young (14336K), 3 survivors (3072K)
 Metaspace       used 16025K, capacity 16384K, committed 16640K, reserved 1064960K
  class space    used 1587K, capacity 1695K, committed 1792K, reserved 1048576K
}
Event: 3.442 GC heap after
{Heap after GC invocations=44 (full 0):
 garbage-first heap   total 247808K, used 69632K [0x0000000080e00000, 0x0000000100000000)
  region size 1024K, 2 young (2048K), 2 survivors (2048K)
 Metaspace       used 16025K, capacity 16384K, committed 16640K, reserved 1064960K
  class space    used 1587K, capacity 1695K, committed 1792K, reserved 1048576K
}
Event: 4.471 GC heap before
{Heap before GC invocations=45 (full 0):
 garbage-first heap   total 247808K, used 122880K [0x0000000080e00000, 0x0000000100000000)
  region size 1024K, 52 young (53248K), 2 survivors (2048K)
 Metaspace       used 17393K, capacity 17698K, committed 17920K, reserved 1064960K
  class space    used 1685K, capacity 1785K, committed 1792K, reserved 1048576K
}
Event: 4.501 GC heap after
{Heap after GC invocations=46 (full 0):
 garbage-first heap   total 247808K, used 78848K [0x0000000080e00000, 0x0000000100000000)
  region size 1024K, 7 young (7168K), 7 survivors (7168K)
 Metaspace       used 17393K, capacity 17698K, committed 17920K, reserved 1064960K
  class space    used 1685K, capacity 1785K, committed 1792K, reserved 1048576K
}
Event: 6.027 GC heap before
{Heap before GC invocations=46 (full 0):
 garbage-first heap   total 247808K, used 141312K [0x0000000080e00000, 0x0000000100000000)
  region size 1024K, 68 young (69632K), 7 survivors (7168K)
 Metaspace       used 18082K, capacity 18410K, committed 18432K, reserved 1067008K
  class space    used 1686K, capacity 1785K, committed 1792K, reserved 1048576K
}
Event: 6.048 GC heap after
{Heap after GC invocations=47 (full 0):
 garbage-first heap   total 247808K, used 81470K [0x0000000080e00000, 0x0000000100000000)
  region size 1024K, 4 young (4096K), 4 survivors (4096K)
 Metaspace       used 18082K, capacity 18410K, committed 18432K, reserved 1067008K
  class space    used 1686K, capacity 1785K, committed 1792K, reserved 1048576K
}
Event: 6.662 GC heap before
{Heap before GC invocations=47 (full 0):
 garbage-first heap   total 247808K, used 153150K [0x0000000080e00000, 0x0000000100000000)
  region size 1024K, 74 young (75776K), 4 survivors (4096K)
 Metaspace       used 18217K, capacity 18478K, committed 18688K, reserved 1067008K
  class space    used 1687K, capacity 1785K, committed 1792K, reserved 1048576K
}
Event: 6.677 GC heap after
{Heap after GC invocations=48 (full 0):
 garbage-first heap   total 247808K, used 84553K [0x0000000080e00000, 0x0000000100000000)
  region size 1024K, 7 young (7168K), 7 survivors (7168K)
 Metaspace       used 18217K, capacity 18478K, committed 18688K, reserved 1067008K
  class space    used 1687K, capacity 1785K, committed 1792K, reserved 1048576K
}
Event: 7.276 GC heap before
{Heap before GC invocations=48 (full 0):
 garbage-first heap   total 247808K, used 165449K [0x0000000080e00000, 0x0000000100000000)
  region size 1024K, 86 young (88064K), 7 survivors (7168K)
 Metaspace       used 18283K, capacity 18546K, committed 18688K, reserved 1067008K
  class space    used 1687K, capacity 1785K, committed 1792K, reserved 1048576K
}

Deoptimization events (20 events):
Event: 7.080 Thread 0x000001dbebd1d000 DEOPT PACKING pc=0x000001db87d089b4 sp=0x0000000e022fe430
Event: 7.080 Thread 0x000001dbebd1d000 DEOPT UNPACKING pc=0x000001db8004a1af sp=0x0000000e022fe368 mode 2
Event: 7.081 Thread 0x000001dbebd1d000 Uncommon trap: trap_request=0xffffffc6 fr.pc=0x000001db87d089b4 relative=0x00000000000011f4
Event: 7.081 Thread 0x000001dbebd1d000 Uncommon trap: reason=bimorphic_or_optimized_type_check action=maybe_recompile pc=0x000001db87d089b4 method=com.sun.tools.javac.code.Types$13.visitClassType(Lcom/sun/tools/javac/code/Type$ClassType;Lcom/sun/tools/javac/code/Symbol;)Lcom/sun/tools/javac/co
Event: 7.081 Thread 0x000001dbebd1d000 DEOPT PACKING pc=0x000001db87d089b4 sp=0x0000000e022fe0a0
Event: 7.081 Thread 0x000001dbebd1d000 DEOPT UNPACKING pc=0x000001db8004a1af sp=0x0000000e022fdfd8 mode 2
Event: 7.081 Thread 0x000001dbebd1d000 Uncommon trap: trap_request=0xffffffc6 fr.pc=0x000001db87d0b324 relative=0x00000000000011e4
Event: 7.081 Thread 0x000001dbebd1d000 Uncommon trap: reason=bimorphic_or_optimized_type_check action=maybe_recompile pc=0x000001db87d0b324 method=com.sun.tools.javac.code.Types$13.visitClassType(Lcom/sun/tools/javac/code/Type$ClassType;Lcom/sun/tools/javac/code/Symbol;)Lcom/sun/tools/javac/co
Event: 7.081 Thread 0x000001dbebd1d000 DEOPT PACKING pc=0x000001db87d0b324 sp=0x0000000e022fe010
Event: 7.081 Thread 0x000001dbebd1d000 DEOPT UNPACKING pc=0x000001db8004a1af sp=0x0000000e022fdfd0 mode 2
Event: 7.082 Thread 0x000001dbebd1d000 Uncommon trap: trap_request=0xffffffde fr.pc=0x000001db87ccca84 relative=0x00000000000008e4
Event: 7.082 Thread 0x000001dbebd1d000 Uncommon trap: reason=class_check action=maybe_recompile pc=0x000001db87ccca84 method=com.sun.tools.javac.code.Symbol$ClassSymbol.isSubClass(Lcom/sun/tools/javac/code/Symbol;Lcom/sun/tools/javac/code/Types;)Z @ 55 c2
Event: 7.082 Thread 0x000001dbebd1d000 DEOPT PACKING pc=0x000001db87ccca84 sp=0x0000000e022fe850
Event: 7.082 Thread 0x000001dbebd1d000 DEOPT UNPACKING pc=0x000001db8004a1af sp=0x0000000e022fe788 mode 2
Event: 7.093 Thread 0x000001dbebd1d000 Uncommon trap: trap_request=0xffffff5c fr.pc=0x000001db87c4b3a0 relative=0x00000000000002a0
Event: 7.093 Thread 0x000001dbebd1d000 Uncommon trap: reason=speculate_null_assert action=make_not_entrant pc=0x000001db87c4b3a0 method=com.sun.tools.javac.code.DeferredLintHandler.flush(Lcom/sun/tools/javac/util/JCDiagnostic$DiagnosticPosition;)V @ 15 c2
Event: 7.093 Thread 0x000001dbebd1d000 DEOPT PACKING pc=0x000001db87c4b3a0 sp=0x0000000e022fec50
Event: 7.093 Thread 0x000001dbebd1d000 DEOPT UNPACKING pc=0x000001db8004a1af sp=0x0000000e022febe8 mode 2
Event: 7.131 Thread 0x000001dbebd1d000 DEOPT PACKING pc=0x000001db80e778bb sp=0x0000000e022fdf00
Event: 7.131 Thread 0x000001dbebd1d000 DEOPT UNPACKING pc=0x000001db8004a95e sp=0x0000000e022fd410 mode 0

Classes redefined (0 events):
No events

Internal exceptions (20 events):
Event: 7.153 Thread 0x000001dbebd1d000 Exception <a 'sun/nio/fs/WindowsException'{0x000000008c0a4c70}> (0x000000008c0a4c70) thrown at [./src/hotspot/share/prims/jni.cpp, line 615]
Event: 7.162 Thread 0x000001dbebd1d000 Exception <a 'sun/nio/fs/WindowsException'{0x000000008c0dbdf0}> (0x000000008c0dbdf0) thrown at [./src/hotspot/share/prims/jni.cpp, line 615]
Event: 7.168 Thread 0x000001dbebd1d000 Exception <a 'sun/nio/fs/WindowsException'{0x000000008bf677a0}> (0x000000008bf677a0) thrown at [./src/hotspot/share/prims/jni.cpp, line 615]
Event: 7.172 Thread 0x000001dbebd1d000 Exception <a 'sun/nio/fs/WindowsException'{0x000000008bf89810}> (0x000000008bf89810) thrown at [./src/hotspot/share/prims/jni.cpp, line 615]
Event: 7.177 Thread 0x000001dbebd1d000 Exception <a 'sun/nio/fs/WindowsException'{0x000000008bfbc300}> (0x000000008bfbc300) thrown at [./src/hotspot/share/prims/jni.cpp, line 615]
Event: 7.180 Thread 0x000001dbebd1d000 Exception <a 'sun/nio/fs/WindowsException'{0x000000008bfdad38}> (0x000000008bfdad38) thrown at [./src/hotspot/share/prims/jni.cpp, line 615]
Event: 7.186 Thread 0x000001dbebd1d000 Exception <a 'sun/nio/fs/WindowsException'{0x000000008bd1aaa0}> (0x000000008bd1aaa0) thrown at [./src/hotspot/share/prims/jni.cpp, line 615]
Event: 7.194 Thread 0x000001dbebd1d000 Exception <a 'sun/nio/fs/WindowsException'{0x000000008bb038e0}> (0x000000008bb038e0) thrown at [./src/hotspot/share/prims/jni.cpp, line 615]
Event: 7.197 Thread 0x000001dbebd1d000 Exception <a 'sun/nio/fs/WindowsException'{0x000000008bb277c8}> (0x000000008bb277c8) thrown at [./src/hotspot/share/prims/jni.cpp, line 615]
Event: 7.200 Thread 0x000001dbebd1d000 Exception <a 'sun/nio/fs/WindowsException'{0x000000008bb557f8}> (0x000000008bb557f8) thrown at [./src/hotspot/share/prims/jni.cpp, line 615]
Event: 7.205 Thread 0x000001dbebd1d000 Exception <a 'sun/nio/fs/WindowsException'{0x000000008bb959a0}> (0x000000008bb959a0) thrown at [./src/hotspot/share/prims/jni.cpp, line 615]
Event: 7.214 Thread 0x000001dbebd1d000 Exception <a 'sun/nio/fs/WindowsException'{0x000000008b9406d8}> (0x000000008b9406d8) thrown at [./src/hotspot/share/prims/jni.cpp, line 615]
Event: 7.217 Thread 0x000001dbebd1d000 Exception <a 'sun/nio/fs/WindowsException'{0x000000008b961228}> (0x000000008b961228) thrown at [./src/hotspot/share/prims/jni.cpp, line 615]
Event: 7.225 Thread 0x000001dbebd1d000 Exception <a 'sun/nio/fs/WindowsException'{0x000000008b733528}> (0x000000008b733528) thrown at [./src/hotspot/share/prims/jni.cpp, line 615]
Event: 7.232 Thread 0x000001dbebd1d000 Exception <a 'sun/nio/fs/WindowsException'{0x000000008b69ec88}> (0x000000008b69ec88) thrown at [./src/hotspot/share/prims/jni.cpp, line 615]
Event: 7.241 Thread 0x000001dbebd1d000 Exception <a 'sun/nio/fs/WindowsException'{0x000000008ad3e1d0}> (0x000000008ad3e1d0) thrown at [./src/hotspot/share/prims/jni.cpp, line 615]
Event: 7.251 Thread 0x000001dbebd1d000 Exception <a 'sun/nio/fs/WindowsException'{0x000000008ac9a9f8}> (0x000000008ac9a9f8) thrown at [./src/hotspot/share/prims/jni.cpp, line 615]
Event: 7.258 Thread 0x000001dbebd1d000 Exception <a 'sun/nio/fs/WindowsException'{0x000000008ab37228}> (0x000000008ab37228) thrown at [./src/hotspot/share/prims/jni.cpp, line 615]
Event: 7.268 Thread 0x000001dbebd1d000 Exception <a 'sun/nio/fs/WindowsException'{0x000000008aacf828}> (0x000000008aacf828) thrown at [./src/hotspot/share/prims/jni.cpp, line 615]
Event: 7.274 Thread 0x000001dbebd1d000 Exception <a 'sun/nio/fs/WindowsException'{0x000000008aaf7d10}> (0x000000008aaf7d10) thrown at [./src/hotspot/share/prims/jni.cpp, line 615]

Events (20 events):
Event: 5.153 Executing VM operation: ICBufferFull
Event: 5.153 Executing VM operation: ICBufferFull done
Event: 5.337 Loaded shared library C:\Program Files\Microsoft\jdk-11.0.12.7-hotspot\bin\nio.dll
Event: 5.615 Executing VM operation: ICBufferFull
Event: 5.615 Executing VM operation: ICBufferFull done
Event: 5.632 Executing VM operation: ICBufferFull
Event: 5.632 Executing VM operation: ICBufferFull done
Event: 5.768 Executing VM operation: ICBufferFull
Event: 5.768 Executing VM operation: ICBufferFull done
Event: 6.007 Executing VM operation: ICBufferFull
Event: 6.008 Executing VM operation: ICBufferFull done
Event: 6.027 Executing VM operation: G1CollectForAllocation
Event: 6.048 Executing VM operation: G1CollectForAllocation done
Event: 6.635 Executing VM operation: ICBufferFull
Event: 6.635 Executing VM operation: ICBufferFull done
Event: 6.662 Executing VM operation: G1CollectForAllocation
Event: 6.677 Executing VM operation: G1CollectForAllocation done
Event: 7.235 Executing VM operation: ICBufferFull
Event: 7.235 Executing VM operation: ICBufferFull done
Event: 7.276 Executing VM operation: G1CollectForAllocation


Dynamic libraries:
0x00007ff7e5a70000 - 0x00007ff7e5a77000 	C:\Program Files\Microsoft\jdk-11.0.12.7-hotspot\bin\javac.exe
0x00007ffe42a70000 - 0x00007ffe42c65000 	C:\Windows\SYSTEM32\ntdll.dll
0x00007ffe40d70000 - 0x00007ffe40e2d000 	C:\Windows\System32\KERNEL32.DLL
0x00007ffe40570000 - 0x00007ffe4083d000 	C:\Windows\System32\KERNELBASE.dll
0x00007ffe408e0000 - 0x00007ffe409e0000 	C:\Windows\System32\ucrtbase.dll
0x00007ffe28870000 - 0x00007ffe28887000 	C:\Program Files\Microsoft\jdk-11.0.12.7-hotspot\bin\jli.dll
0x00007ffe38170000 - 0x00007ffe38185000 	C:\Program Files\Microsoft\jdk-11.0.12.7-hotspot\bin\VCRUNTIME140.dll
0x00007ffe40ac0000 - 0x00007ffe40c60000 	C:\Windows\System32\USER32.dll
0x00007ffe393b0000 - 0x00007ffe3964a000 	C:\Windows\WinSxS\amd64_microsoft.windows.common-controls_6595b64144ccf1df_6.0.19041.1110_none_60b5254171f9507e\COMCTL32.dll
0x00007ffe40540000 - 0x00007ffe40562000 	C:\Windows\System32\win32u.dll
0x00007ffe411c0000 - 0x00007ffe4125e000 	C:\Windows\System32\msvcrt.dll
0x00007ffe41480000 - 0x00007ffe414aa000 	C:\Windows\System32\GDI32.dll
0x00007ffe40180000 - 0x00007ffe4028b000 	C:\Windows\System32\gdi32full.dll
0x00007ffe40840000 - 0x00007ffe408dd000 	C:\Windows\System32\msvcp_win.dll
0x00007ffe42780000 - 0x00007ffe427b0000 	C:\Windows\System32\IMM32.DLL
0x00007ffe19190000 - 0x00007ffe1922b000 	C:\Program Files\Microsoft\jdk-11.0.12.7-hotspot\bin\msvcp140.dll
0x00007ffdb7a40000 - 0x00007ffdb85a1000 	C:\Program Files\Microsoft\jdk-11.0.12.7-hotspot\bin\server\jvm.dll
0x00007ffe41070000 - 0x00007ffe4111e000 	C:\Windows\System32\ADVAPI32.dll
0x00007ffe41120000 - 0x00007ffe411bc000 	C:\Windows\System32\sechost.dll
0x00007ffe42220000 - 0x00007ffe42345000 	C:\Windows\System32\RPCRT4.dll
0x00007ffe41470000 - 0x00007ffe41478000 	C:\Windows\System32\PSAPI.DLL
0x00007ffe39730000 - 0x00007ffe39757000 	C:\Windows\SYSTEM32\WINMM.dll
0x00007ffe2c690000 - 0x00007ffe2c699000 	C:\Windows\SYSTEM32\WSOCK32.dll
0x00007ffe39760000 - 0x00007ffe3976a000 	C:\Windows\SYSTEM32\VERSION.dll
0x00007ffe428c0000 - 0x00007ffe4292b000 	C:\Windows\System32\WS2_32.dll
0x00007ffe3dfc0000 - 0x00007ffe3dfd2000 	C:\Windows\SYSTEM32\kernel.appcore.dll
0x00007ffe39a50000 - 0x00007ffe39a60000 	C:\Program Files\Microsoft\jdk-11.0.12.7-hotspot\bin\verify.dll
0x00007ffe2ee00000 - 0x00007ffe2efe4000 	C:\Windows\SYSTEM32\DBGHELP.DLL
0x00007ffe2ff60000 - 0x00007ffe2ff8c000 	C:\Windows\SYSTEM32\dbgcore.DLL
0x00007ffe40290000 - 0x00007ffe40312000 	C:\Windows\System32\bcryptPrimitives.dll
0x00007ffe1d350000 - 0x00007ffe1d378000 	C:\Program Files\Microsoft\jdk-11.0.12.7-hotspot\bin\java.dll
0x00007ffe39a30000 - 0x00007ffe39a3a000 	C:\Program Files\Microsoft\jdk-11.0.12.7-hotspot\bin\jimage.dll
0x00007ffe19170000 - 0x00007ffe19187000 	C:\Program Files\Microsoft\jdk-11.0.12.7-hotspot\bin\zip.dll
0x00007ffe41ac0000 - 0x00007ffe42204000 	C:\Windows\System32\SHELL32.dll
0x00007ffe3e2a0000 - 0x00007ffe3ea34000 	C:\Windows\SYSTEM32\windows.storage.dll
0x00007ffe42420000 - 0x00007ffe42774000 	C:\Windows\System32\combase.dll
0x00007ffe3fb10000 - 0x00007ffe3fb3c000 	C:\Windows\SYSTEM32\Wldp.dll
0x00007ffe40c60000 - 0x00007ffe40d0d000 	C:\Windows\System32\SHCORE.dll
0x00007ffe41260000 - 0x00007ffe412b5000 	C:\Windows\System32\shlwapi.dll
0x00007ffe400c0000 - 0x00007ffe400df000 	C:\Windows\SYSTEM32\profapi.dll
0x00007ffe19150000 - 0x00007ffe19169000 	C:\Program Files\Microsoft\jdk-11.0.12.7-hotspot\bin\net.dll
0x00007ffe3b5c0000 - 0x00007ffe3b6ca000 	C:\Windows\SYSTEM32\WINHTTP.dll
0x00007ffe3f870000 - 0x00007ffe3f8da000 	C:\Windows\system32\mswsock.dll
0x00007ffe19130000 - 0x00007ffe19142000 	C:\Program Files\Microsoft\jdk-11.0.12.7-hotspot\bin\nio.dll

dbghelp: loaded successfully - version: 4.0.5 - missing functions: none
symbol engine: initialized successfully - sym options: 0x614 - pdb path: .;C:\Program Files\Microsoft\jdk-11.0.12.7-hotspot\bin;C:\Windows\SYSTEM32;C:\Windows\WinSxS\amd64_microsoft.windows.common-controls_6595b64144ccf1df_6.0.19041.1110_none_60b5254171f9507e;C:\Program Files\Microsoft\jdk-11.0.12.7-hotspot\bin\server

VM Arguments:
jvm_args: -Dapplication.home=C:\Program Files\Microsoft\jdk-11.0.12.7-hotspot --add-modules=ALL-DEFAULT -Xms8m -Dfile.encoding=UTF8 -Djdk.module.main=jdk.compiler 
java_command: jdk.compiler/com.sun.tools.javac.Main @C:\Users\rafam\AppData\Local\Temp\tmpF425.tmp -target 1.8 -source 1.8
java_class_path (initial): <not set>
Launcher Type: SUN_STANDARD

[Global flags]
     intx CICompilerCount                          = 3                                         {product} {ergonomic}
     uint ConcGCThreads                            = 1                                         {product} {ergonomic}
     uint G1ConcRefinementThreads                  = 4                                         {product} {ergonomic}
   size_t G1HeapRegionSize                         = 1048576                                   {product} {ergonomic}
    uintx GCDrainStackTargetSize                   = 64                                        {product} {ergonomic}
   size_t InitialHeapSize                          = 8388608                                   {product} {command line}
   size_t MarkStackSize                            = 4194304                                   {product} {ergonomic}
   size_t MaxHeapSize                              = 2132803584                                {product} {ergonomic}
   size_t MaxNewSize                               = 1279262720                                {product} {ergonomic}
   size_t MinHeapDeltaBytes                        = 1048576                                   {product} {ergonomic}
    uintx NonNMethodCodeHeapSize                   = 5830732                                {pd product} {ergonomic}
    uintx NonProfiledCodeHeapSize                  = 122913754                              {pd product} {ergonomic}
    uintx ProfiledCodeHeapSize                     = 122913754                              {pd product} {ergonomic}
    uintx ReservedCodeCacheSize                    = 251658240                              {pd product} {ergonomic}
     bool SegmentedCodeCache                       = true                                      {product} {ergonomic}
     bool UseCompressedClassPointers               = true                                 {lp64_product} {ergonomic}
     bool UseCompressedOops                        = true                                 {lp64_product} {ergonomic}
     bool UseG1GC                                  = true                                      {product} {ergonomic}
     bool UseLargePagesIndividualAllocation        = false                                  {pd product} {ergonomic}

Logging:
Log output configuration:
 #0: stdout all=warning uptime,level,tags
 #1: stderr all=off uptime,level,tags

Environment Variables:
PATH=C:\ProgramData\Oracle\Java\javapath;C:\Program Files\Microsoft\jdk-11.0.12.7-hotspot\bin;C:\Program Files (x86)\NVIDIA Corporation\PhysX\Common;C:\Windows\system32;C:\Windows;C:\Windows\System32\Wbem;C:\Windows\System32\WindowsPowerShell\v1.0\;C:\Windows\System32\OpenSSH\;C:\Program Files\Microsoft SQL Server\150\Tools\Binn\;C:\Program Files\Microsoft SQL Server\Client SDK\ODBC\170\Tools\Binn\;C:\Program Files\dotnet\;C:\Program Files\Git\cmd;C:\Program Files (x86)\Microsoft SQL Server\150\Tools\Binn\;C:\Program Files\Microsoft SQL Server\150\DTS\Binn\;C:\Program Files (x86)\Microsoft SQL Server\150\DTS\Binn\;C:\Program Files\Azure Data Studio\bin;C:\Users\rafam\AppData\Local\Microsoft\WindowsApps;;C:\Users\rafam\.dotnet\tools;C:\Users\rafam\AppData\Local\Programs\Microsoft VS Code\bin;C:\Program Files\Azure Data Studio\bin
USERNAME=rafam
OS=Windows_NT
PROCESSOR_IDENTIFIER=Intel64 Family 6 Model 60 Stepping 3, GenuineIntel



---------------  S Y S T E M  ---------------

OS: Windows 10 , 64 bit Build 19041 (10.0.19041.1706)
OS uptime: 1 days 0:59 hours

CPU:total 4 (initial active 4) (2 cores per cpu, 2 threads per core) family 6 model 60 stepping 3 microcode 0x27, cmov, cx8, fxsr, mmx, sse, sse2, sse3, ssse3, sse4.1, sse4.2, popcnt, avx, avx2, aes, clmul, erms, lzcnt, ht, tsc, tscinvbit, bmi1, bmi2, fma

Memory: 4k page, system-wide physical 8134M (1213M free)
TotalPageFile size 8134M (AvailPageFile size 187M)
current process WorkingSet (physical memory assigned to process): 303M, peak: 303M
current process commit charge ("private bytes"): 378M, peak: 585M

vm_info: OpenJDK 64-Bit Server VM (11.0.12+7) for windows-amd64 JRE (11.0.12+7), built on Jul 21 2021 15:41:43 by "" with unknown MS VC++:1916

END.
