#
# There is insufficient memory for the Java Runtime Environment to continue.
# Native memory allocation (mmap) failed to map 134217728 bytes for Failed to commit area from 0x0000000088e00000 to 0x0000000090e00000 of length 134217728.
# Possible reasons:
#   The system is out of physical RAM or swap space
#   The process is running with CompressedOops enabled, and the Java Heap may be blocking the growth of the native heap
# Possible solutions:
#   Reduce memory load on the system
#   Increase physical memory or swap space
#   Check if swap backing store is full
#   Decrease Java heap size (-Xmx/-Xms)
#   Decrease number of Java threads
#   Decrease Java thread stack sizes (-Xss)
#   Set larger code cache with -XX:ReservedCodeCacheSize=
#   JVM is running with Unscaled Compressed Oops mode in which the Java heap is
#     placed in the first 4GB address space. The Java Heap base address is the
#     maximum limit for the native heap growth. Please use -XX:HeapBaseMinAddress
#     to set the Java Heap base and to place the Java Heap above 4GB virtual address.
# This output file may be truncated or incomplete.
#
#  Out of Memory Error (./src/hotspot/os/windows/os_windows.cpp:3380), pid=5500, tid=10772
#
# JRE version: OpenJDK Runtime Environment Microsoft-25199 (11.0.12+7) (build 11.0.12+7)
# Java VM: OpenJDK 64-Bit Server VM Microsoft-25199 (11.0.12+7, mixed mode, tiered, compressed oops, g1 gc, windows-amd64)
# No core dump will be written. Minidumps are not enabled by default on client versions of Windows
#

---------------  S U M M A R Y ------------

Command Line: com.xamarin.manifestmerger.Main obj\Debug\120\android\manifestmerger.rsp

Host: Intel(R) Core(TM) i3-4150 CPU @ 3.50GHz, 4 cores, 7G,  Windows 10 , 64 bit Build 19041 (10.0.19041.1706)
Time: Thu May 19 17:18:10 2022 Hora oficial do Brasil elapsed time: 1.551635 seconds (0d 0h 0m 1s)

---------------  T H R E A D  ---------------

Current thread (0x000001e8a41de800):  VMThread "VM Thread" [stack: 0x0000003bc2400000,0x0000003bc2500000] [id=10772]

Stack: [0x0000003bc2400000,0x0000003bc2500000]
[error occurred during error reporting (printing stack bounds), id 0xc0000005, EXCEPTION_ACCESS_VIOLATION (0xc0000005) at pc=0x000001e88da5112d]

Native frames: (J=compiled Java code, j=interpreted, Vv=VM code, C=native code)
V  [jvm.dll+0x6090fa]
V  [jvm.dll+0x79229e]
V  [jvm.dll+0x79396f]
V  [jvm.dll+0x793f95]
V  [jvm.dll+0x793f4b]
V  [jvm.dll+0x608487]
V  [jvm.dll+0x608b98]
C  [ntdll.dll+0xa209f]
C  [ntdll.dll+0x51454]
C  [ntdll.dll+0xa0bce]
C  0x000001e88da5112d

VM_Operation (0x0000003bc1efd890): G1CollectForAllocation, mode: safepoint, requested by thread 0x000001e885329000


---------------  P R O C E S S  ---------------

Threads class SMR info:
_java_thread_list=0x000001e8a4d2f5f0, length=11, elements={
0x000001e885329000, 0x000001e8a4218000, 0x000001e8a4221000, 0x000001e8a4bc3000,
0x000001e8a4226000, 0x000001e8a4227800, 0x000001e8a422f800, 0x000001e8a4232000,
0x000001e8a423b800, 0x000001e8a4d2f000, 0x000001e8a4d26800
}

Java Threads: ( => current thread )
  0x000001e885329000 JavaThread "main" [_thread_blocked, id=12908, stack(0x0000003bc1e00000,0x0000003bc1f00000)]
  0x000001e8a4218000 JavaThread "Reference Handler" daemon [_thread_blocked, id=13116, stack(0x0000003bc2500000,0x0000003bc2600000)]
  0x000001e8a4221000 JavaThread "Finalizer" daemon [_thread_blocked, id=9980, stack(0x0000003bc2600000,0x0000003bc2700000)]
  0x000001e8a4bc3000 JavaThread "Signal Dispatcher" daemon [_thread_blocked, id=6444, stack(0x0000003bc2700000,0x0000003bc2800000)]
  0x000001e8a4226000 JavaThread "Attach Listener" daemon [_thread_blocked, id=10412, stack(0x0000003bc2800000,0x0000003bc2900000)]
  0x000001e8a4227800 JavaThread "Service Thread" daemon [_thread_blocked, id=2416, stack(0x0000003bc2900000,0x0000003bc2a00000)]
  0x000001e8a422f800 JavaThread "C2 CompilerThread0" daemon [_thread_blocked, id=10596, stack(0x0000003bc2a00000,0x0000003bc2b00000)]
  0x000001e8a4232000 JavaThread "C1 CompilerThread0" daemon [_thread_blocked, id=4960, stack(0x0000003bc2b00000,0x0000003bc2c00000)]
  0x000001e8a423b800 JavaThread "Sweeper thread" daemon [_thread_blocked, id=12060, stack(0x0000003bc2c00000,0x0000003bc2d00000)]
  0x000001e8a4d2f000 JavaThread "Common-Cleaner" daemon [_thread_blocked, id=10428, stack(0x0000003bc2e00000,0x0000003bc2f00000)]
  0x000001e8a4d26800 JavaThread "C2 CompilerThread1" daemon [_thread_blocked, id=10916, stack(0x0000003bc2f00000,0x0000003bc3000000)]

Other Threads:
=>0x000001e8a41de800 VMThread "VM Thread" [stack: 0x0000003bc2400000,0x0000003bc2500000] [id=10772]
  0x000001e8a4d22000 WatcherThread [stack: 0x0000003bc2d00000,0x0000003bc2e00000] [id=8408]
  0x000001e885341800 GCTaskThread "GC Thread#0" [stack: 0x0000003bc1f00000,0x0000003bc2000000] [id=11144]
  0x000001e8a4e42800 GCTaskThread "GC Thread#1" [stack: 0x0000003bc3000000,0x0000003bc3100000] [id=11008]
  0x000001e8a521b800 GCTaskThread "GC Thread#2" [stack: 0x0000003bc3100000,0x0000003bc3200000] [id=4628]
  0x000001e885373000 ConcurrentGCThread "G1 Main Marker" [stack: 0x0000003bc2000000,0x0000003bc2100000] [id=1544]
  0x000001e885374800 ConcurrentGCThread "G1 Conc#0" [stack: 0x0000003bc2100000,0x0000003bc2200000] [id=2684]
  0x000001e885406800 ConcurrentGCThread "G1 Refine#0" [stack: 0x0000003bc2200000,0x0000003bc2300000] [id=7116]
  0x000001e8a4e41800 ConcurrentGCThread "G1 Refine#1" [stack: 0x0000003bc3200000,0x0000003bc3300000] [id=7436]
  0x000001e8a5779800 ConcurrentGCThread "G1 Refine#2" [stack: 0x0000003bc3300000,0x0000003bc3400000] [id=3924]
  0x000001e885409000 ConcurrentGCThread "G1 Young RemSet Sampling" [stack: 0x0000003bc2300000,0x0000003bc2400000] [id=2600]

Threads with active compile tasks:

VM state:at safepoint (normal execution)

VM Mutex/Monitor currently owned by a thread:  ([mutex/lock_event])
[0x000001e885325790] Threads_lock - owner thread: 0x000001e8a41de800
[0x000001e8853250d0] Heap_lock - owner thread: 0x000001e885329000

Heap address: 0x0000000080e00000, size: 2034 MB, Compressed Oops mode: 32-bit
Narrow klass base: 0x0000000000000000, Narrow klass shift: 3
Compressed class space size: 1073741824 Address: 0x0000000100000000

Heap:
 garbage-first heap   total 262144K, used 33613K [0x0000000080e00000, 0x0000000100000000)
  region size 1024K, 3 young (3072K), 3 survivors (3072K)
 Metaspace       used 14357K, capacity 14589K, committed 14848K, reserved 1062912K
  class space    used 1383K, capacity 1452K, committed 1536K, reserved 1048576K
Heap Regions: E=young(eden), S=young(survivor), O=old, HS=humongous(starts), HC=humongous(continues), CS=collection set, F=free, A=archive, TAMS=top-at-mark-start (previous, next)
|   0|0x0000000080e00000, 0x0000000080f00000, 0x0000000080f00000|100%|HS|  |TAMS 0x0000000080e00000, 0x0000000080e00000| Complete 
|   1|0x0000000080f00000, 0x0000000081000000, 0x0000000081000000|100%|HC|  |TAMS 0x0000000080f00000, 0x0000000080f00000| Complete 
|   2|0x0000000081000000, 0x0000000081100000, 0x0000000081100000|100%| O|  |TAMS 0x0000000081000000, 0x0000000081000000| Untracked 
|   3|0x0000000081100000, 0x0000000081200000, 0x0000000081200000|100%| O|  |TAMS 0x0000000081100000, 0x0000000081100000| Untracked 
|   4|0x0000000081200000, 0x0000000081300000, 0x0000000081300000|100%| O|  |TAMS 0x0000000081200000, 0x0000000081200000| Untracked 
|   5|0x0000000081300000, 0x0000000081400000, 0x0000000081400000|100%|HS|  |TAMS 0x0000000081300000, 0x0000000081300000| Complete 
|   6|0x0000000081400000, 0x0000000081500000, 0x0000000081500000|100%|HC|  |TAMS 0x0000000081400000, 0x0000000081400000| Complete 
|   7|0x0000000081500000, 0x0000000081600000, 0x0000000081600000|100%|HC|  |TAMS 0x0000000081500000, 0x0000000081500000| Complete 
|   8|0x0000000081600000, 0x0000000081700000, 0x0000000081700000|100%| O|  |TAMS 0x0000000081600000, 0x0000000081600000| Untracked 
|   9|0x0000000081700000, 0x0000000081800000, 0x0000000081800000|100%| O|  |TAMS 0x0000000081700000, 0x0000000081700000| Untracked 
|  10|0x0000000081800000, 0x0000000081900000, 0x0000000081900000|100%| O|  |TAMS 0x0000000081800000, 0x0000000081800000| Untracked 
|  11|0x0000000081900000, 0x0000000081a00000, 0x0000000081a00000|100%| O|  |TAMS 0x0000000081900000, 0x0000000081900000| Untracked 
|  12|0x0000000081a00000, 0x0000000081b00000, 0x0000000081b00000|100%| O|  |TAMS 0x0000000081a00000, 0x0000000081a00000| Untracked 
|  13|0x0000000081b00000, 0x0000000081c00000, 0x0000000081c00000|100%| O|  |TAMS 0x0000000081b00000, 0x0000000081b00000| Untracked 
|  14|0x0000000081c00000, 0x0000000081d00000, 0x0000000081d00000|100%| O|  |TAMS 0x0000000081c00000, 0x0000000081c00000| Untracked 
|  15|0x0000000081d00000, 0x0000000081e00000, 0x0000000081e00000|100%| O|  |TAMS 0x0000000081d00000, 0x0000000081d00000| Untracked 
|  16|0x0000000081e00000, 0x0000000081f00000, 0x0000000081f00000|100%|HS|  |TAMS 0x0000000081e00000, 0x0000000081e00000| Complete 
|  17|0x0000000081f00000, 0x0000000082000000, 0x0000000082000000|100%|HC|  |TAMS 0x0000000081f00000, 0x0000000081f00000| Complete 
|  18|0x0000000082000000, 0x0000000082100000, 0x0000000082100000|100%|HC|  |TAMS 0x0000000082000000, 0x0000000082000000| Complete 
|  19|0x0000000082100000, 0x0000000082200000, 0x0000000082200000|100%|HS|  |TAMS 0x0000000082100000, 0x0000000082100000| Complete 
|  20|0x0000000082200000, 0x0000000082300000, 0x0000000082300000|100%|HC|  |TAMS 0x0000000082200000, 0x0000000082200000| Complete 
|  21|0x0000000082300000, 0x0000000082400000, 0x0000000082400000|100%|HC|  |TAMS 0x0000000082300000, 0x0000000082300000| Complete 
|  22|0x0000000082400000, 0x0000000082500000, 0x0000000082500000|100%| O|  |TAMS 0x0000000082400000, 0x0000000082400000| Untracked 
|  23|0x0000000082500000, 0x0000000082600000, 0x0000000082600000|100%| O|  |TAMS 0x0000000082500000, 0x0000000082500000| Untracked 
|  24|0x0000000082600000, 0x0000000082700000, 0x0000000082700000|100%| O|  |TAMS 0x0000000082600000, 0x0000000082600000| Untracked 
|  25|0x0000000082700000, 0x0000000082800000, 0x0000000082800000|100%| O|  |TAMS 0x0000000082700000, 0x0000000082700000| Untracked 
|  26|0x0000000082800000, 0x0000000082900000, 0x0000000082900000|100%| O|  |TAMS 0x0000000082800000, 0x0000000082800000| Untracked 
|  27|0x0000000082900000, 0x0000000082a00000, 0x0000000082a00000|100%| O|  |TAMS 0x0000000082900000, 0x0000000082900000| Untracked 
|  28|0x0000000082a00000, 0x0000000082b00000, 0x0000000082b00000|100%| O|  |TAMS 0x0000000082a00000, 0x0000000082a00000| Untracked 
|  29|0x0000000082b00000, 0x0000000082c00000, 0x0000000082c00000|100%| O|  |TAMS 0x0000000082b00000, 0x0000000082b00000| Untracked 
|  30|0x0000000082c00000, 0x0000000082c00000, 0x0000000082d00000|  0%| F|  |TAMS 0x0000000082c00000, 0x0000000082c00000| Untracked 
|  31|0x0000000082d00000, 0x0000000082d00000, 0x0000000082e00000|  0%| F|  |TAMS 0x0000000082d00000, 0x0000000082d00000| Untracked 
|  32|0x0000000082e00000, 0x0000000082e00000, 0x0000000082f00000|  0%| F|  |TAMS 0x0000000082e00000, 0x0000000082e00000| Untracked 
|  33|0x0000000082f00000, 0x0000000082f00000, 0x0000000083000000|  0%| F|  |TAMS 0x0000000082f00000, 0x0000000082f00000| Untracked 
|  34|0x0000000083000000, 0x0000000083000000, 0x0000000083100000|  0%| F|  |TAMS 0x0000000083000000, 0x0000000083000000| Untracked 
|  35|0x0000000083100000, 0x0000000083100000, 0x0000000083200000|  0%| F|  |TAMS 0x0000000083100000, 0x0000000083100000| Untracked 
|  36|0x0000000083200000, 0x0000000083200000, 0x0000000083300000|  0%| F|  |TAMS 0x0000000083200000, 0x0000000083200000| Untracked 
|  37|0x0000000083300000, 0x0000000083300000, 0x0000000083400000|  0%| F|  |TAMS 0x0000000083300000, 0x0000000083300000| Untracked 
|  38|0x0000000083400000, 0x0000000083400000, 0x0000000083500000|  0%| F|  |TAMS 0x0000000083400000, 0x0000000083400000| Untracked 
|  39|0x0000000083500000, 0x0000000083500000, 0x0000000083600000|  0%| F|  |TAMS 0x0000000083500000, 0x0000000083500000| Untracked 
|  40|0x0000000083600000, 0x0000000083600000, 0x0000000083700000|  0%| F|  |TAMS 0x0000000083600000, 0x0000000083600000| Untracked 
|  41|0x0000000083700000, 0x0000000083700000, 0x0000000083800000|  0%| F|  |TAMS 0x0000000083700000, 0x0000000083700000| Untracked 
|  42|0x0000000083800000, 0x0000000083800000, 0x0000000083900000|  0%| F|  |TAMS 0x0000000083800000, 0x0000000083800000| Untracked 
|  43|0x0000000083900000, 0x0000000083900000, 0x0000000083a00000|  0%| F|  |TAMS 0x0000000083900000, 0x0000000083900000| Untracked 
|  44|0x0000000083a00000, 0x0000000083a00000, 0x0000000083b00000|  0%| F|  |TAMS 0x0000000083a00000, 0x0000000083a00000| Untracked 
|  45|0x0000000083b00000, 0x0000000083b00000, 0x0000000083c00000|  0%| F|  |TAMS 0x0000000083b00000, 0x0000000083b00000| Untracked 
|  46|0x0000000083c00000, 0x0000000083c00000, 0x0000000083d00000|  0%| F|  |TAMS 0x0000000083c00000, 0x0000000083c00000| Untracked 
|  47|0x0000000083d00000, 0x0000000083d00000, 0x0000000083e00000|  0%| F|  |TAMS 0x0000000083d00000, 0x0000000083d00000| Untracked 
|  48|0x0000000083e00000, 0x0000000083e00000, 0x0000000083f00000|  0%| F|  |TAMS 0x0000000083e00000, 0x0000000083e00000| Untracked 
|  49|0x0000000083f00000, 0x0000000083f00000, 0x0000000084000000|  0%| F|  |TAMS 0x0000000083f00000, 0x0000000083f00000| Untracked 
|  50|0x0000000084000000, 0x0000000084000000, 0x0000000084100000|  0%| F|  |TAMS 0x0000000084000000, 0x0000000084000000| Untracked 
|  51|0x0000000084100000, 0x0000000084100000, 0x0000000084200000|  0%| F|  |TAMS 0x0000000084100000, 0x0000000084100000| Untracked 
|  52|0x0000000084200000, 0x0000000084200000, 0x0000000084300000|  0%| F|  |TAMS 0x0000000084200000, 0x0000000084200000| Untracked 
|  53|0x0000000084300000, 0x0000000084300000, 0x0000000084400000|  0%| F|  |TAMS 0x0000000084300000, 0x0000000084300000| Untracked 
|  54|0x0000000084400000, 0x0000000084400000, 0x0000000084500000|  0%| F|  |TAMS 0x0000000084400000, 0x0000000084400000| Untracked 
|  55|0x0000000084500000, 0x0000000084500000, 0x0000000084600000|  0%| F|  |TAMS 0x0000000084500000, 0x0000000084500000| Untracked 
|  56|0x0000000084600000, 0x0000000084600000, 0x0000000084700000|  0%| F|  |TAMS 0x0000000084600000, 0x0000000084600000| Untracked 
|  57|0x0000000084700000, 0x0000000084700000, 0x0000000084800000|  0%| F|  |TAMS 0x0000000084700000, 0x0000000084700000| Untracked 
|  58|0x0000000084800000, 0x0000000084800000, 0x0000000084900000|  0%| F|  |TAMS 0x0000000084800000, 0x0000000084800000| Untracked 
|  59|0x0000000084900000, 0x0000000084900000, 0x0000000084a00000|  0%| F|  |TAMS 0x0000000084900000, 0x0000000084900000| Untracked 
|  60|0x0000000084a00000, 0x0000000084a00000, 0x0000000084b00000|  0%| F|  |TAMS 0x0000000084a00000, 0x0000000084a00000| Untracked 
|  61|0x0000000084b00000, 0x0000000084b00000, 0x0000000084c00000|  0%| F|  |TAMS 0x0000000084b00000, 0x0000000084b00000| Untracked 
|  62|0x0000000084c00000, 0x0000000084c00000, 0x0000000084d00000|  0%| F|  |TAMS 0x0000000084c00000, 0x0000000084c00000| Untracked 
|  63|0x0000000084d00000, 0x0000000084d00000, 0x0000000084e00000|  0%| F|  |TAMS 0x0000000084d00000, 0x0000000084d00000| Untracked 
|  64|0x0000000084e00000, 0x0000000084e00000, 0x0000000084f00000|  0%| F|  |TAMS 0x0000000084e00000, 0x0000000084e00000| Untracked 
|  65|0x0000000084f00000, 0x0000000084f00000, 0x0000000085000000|  0%| F|  |TAMS 0x0000000084f00000, 0x0000000084f00000| Untracked 
|  66|0x0000000085000000, 0x0000000085000000, 0x0000000085100000|  0%| F|  |TAMS 0x0000000085000000, 0x0000000085000000| Untracked 
|  67|0x0000000085100000, 0x0000000085100000, 0x0000000085200000|  0%| F|  |TAMS 0x0000000085100000, 0x0000000085100000| Untracked 
|  68|0x0000000085200000, 0x0000000085200000, 0x0000000085300000|  0%| F|  |TAMS 0x0000000085200000, 0x0000000085200000| Untracked 
|  69|0x0000000085300000, 0x0000000085300000, 0x0000000085400000|  0%| F|  |TAMS 0x0000000085300000, 0x0000000085300000| Untracked 
|  70|0x0000000085400000, 0x0000000085400000, 0x0000000085500000|  0%| F|  |TAMS 0x0000000085400000, 0x0000000085400000| Untracked 
|  71|0x0000000085500000, 0x0000000085500000, 0x0000000085600000|  0%| F|  |TAMS 0x0000000085500000, 0x0000000085500000| Untracked 
|  72|0x0000000085600000, 0x0000000085600000, 0x0000000085700000|  0%| F|  |TAMS 0x0000000085600000, 0x0000000085600000| Untracked 
|  73|0x0000000085700000, 0x0000000085700000, 0x0000000085800000|  0%| F|  |TAMS 0x0000000085700000, 0x0000000085700000| Untracked 
|  74|0x0000000085800000, 0x0000000085800000, 0x0000000085900000|  0%| F|  |TAMS 0x0000000085800000, 0x0000000085800000| Untracked 
|  75|0x0000000085900000, 0x0000000085900000, 0x0000000085a00000|  0%| F|  |TAMS 0x0000000085900000, 0x0000000085900000| Untracked 
|  76|0x0000000085a00000, 0x0000000085a00000, 0x0000000085b00000|  0%| F|  |TAMS 0x0000000085a00000, 0x0000000085a00000| Untracked 
|  77|0x0000000085b00000, 0x0000000085b00000, 0x0000000085c00000|  0%| F|  |TAMS 0x0000000085b00000, 0x0000000085b00000| Untracked 
|  78|0x0000000085c00000, 0x0000000085c00000, 0x0000000085d00000|  0%| F|  |TAMS 0x0000000085c00000, 0x0000000085c00000| Untracked 
|  79|0x0000000085d00000, 0x0000000085d00000, 0x0000000085e00000|  0%| F|  |TAMS 0x0000000085d00000, 0x0000000085d00000| Untracked 
|  80|0x0000000085e00000, 0x0000000085e00000, 0x0000000085f00000|  0%| F|  |TAMS 0x0000000085e00000, 0x0000000085e00000| Untracked 
|  81|0x0000000085f00000, 0x0000000085f00000, 0x0000000086000000|  0%| F|  |TAMS 0x0000000085f00000, 0x0000000085f00000| Untracked 
|  82|0x0000000086000000, 0x0000000086000000, 0x0000000086100000|  0%| F|  |TAMS 0x0000000086000000, 0x0000000086000000| Untracked 
|  83|0x0000000086100000, 0x0000000086100000, 0x0000000086200000|  0%| F|  |TAMS 0x0000000086100000, 0x0000000086100000| Untracked 
|  84|0x0000000086200000, 0x0000000086200000, 0x0000000086300000|  0%| F|  |TAMS 0x0000000086200000, 0x0000000086200000| Untracked 
|  85|0x0000000086300000, 0x0000000086300000, 0x0000000086400000|  0%| F|  |TAMS 0x0000000086300000, 0x0000000086300000| Untracked 
|  86|0x0000000086400000, 0x0000000086400000, 0x0000000086500000|  0%| F|  |TAMS 0x0000000086400000, 0x0000000086400000| Untracked 
|  87|0x0000000086500000, 0x0000000086500000, 0x0000000086600000|  0%| F|  |TAMS 0x0000000086500000, 0x0000000086500000| Untracked 
|  88|0x0000000086600000, 0x0000000086600000, 0x0000000086700000|  0%| F|  |TAMS 0x0000000086600000, 0x0000000086600000| Untracked 
|  89|0x0000000086700000, 0x0000000086700000, 0x0000000086800000|  0%| F|  |TAMS 0x0000000086700000, 0x0000000086700000| Untracked 
|  90|0x0000000086800000, 0x0000000086800000, 0x0000000086900000|  0%| F|  |TAMS 0x0000000086800000, 0x0000000086800000| Untracked 
|  91|0x0000000086900000, 0x0000000086900000, 0x0000000086a00000|  0%| F|  |TAMS 0x0000000086900000, 0x0000000086900000| Untracked 
|  92|0x0000000086a00000, 0x0000000086a00000, 0x0000000086b00000|  0%| F|  |TAMS 0x0000000086a00000, 0x0000000086a00000| Untracked 
|  93|0x0000000086b00000, 0x0000000086b00000, 0x0000000086c00000|  0%| F|  |TAMS 0x0000000086b00000, 0x0000000086b00000| Untracked 
|  94|0x0000000086c00000, 0x0000000086c00000, 0x0000000086d00000|  0%| F|  |TAMS 0x0000000086c00000, 0x0000000086c00000| Untracked 
|  95|0x0000000086d00000, 0x0000000086d00000, 0x0000000086e00000|  0%| F|  |TAMS 0x0000000086d00000, 0x0000000086d00000| Untracked 
|  96|0x0000000086e00000, 0x0000000086e00000, 0x0000000086f00000|  0%| F|  |TAMS 0x0000000086e00000, 0x0000000086e00000| Untracked 
|  97|0x0000000086f00000, 0x0000000086f00000, 0x0000000087000000|  0%| F|  |TAMS 0x0000000086f00000, 0x0000000086f00000| Untracked 
|  98|0x0000000087000000, 0x0000000087000000, 0x0000000087100000|  0%| F|  |TAMS 0x0000000087000000, 0x0000000087000000| Untracked 
|  99|0x0000000087100000, 0x0000000087100000, 0x0000000087200000|  0%| F|  |TAMS 0x0000000087100000, 0x0000000087100000| Untracked 
| 100|0x0000000087200000, 0x0000000087200000, 0x0000000087300000|  0%| F|  |TAMS 0x0000000087200000, 0x0000000087200000| Untracked 
| 101|0x0000000087300000, 0x0000000087300000, 0x0000000087400000|  0%| F|  |TAMS 0x0000000087300000, 0x0000000087300000| Untracked 
| 102|0x0000000087400000, 0x0000000087400000, 0x0000000087500000|  0%| F|  |TAMS 0x0000000087400000, 0x0000000087400000| Untracked 
| 103|0x0000000087500000, 0x0000000087500000, 0x0000000087600000|  0%| F|  |TAMS 0x0000000087500000, 0x0000000087500000| Untracked 
| 104|0x0000000087600000, 0x0000000087600000, 0x0000000087700000|  0%| F|  |TAMS 0x0000000087600000, 0x0000000087600000| Untracked 
| 105|0x0000000087700000, 0x00000000877d3680, 0x0000000087800000| 82%| S|CS|TAMS 0x0000000087700000, 0x0000000087700000| Complete 
| 106|0x0000000087800000, 0x0000000087900000, 0x0000000087900000|100%| S|CS|TAMS 0x0000000087800000, 0x0000000087800000| Complete 
| 107|0x0000000087900000, 0x0000000087a00000, 0x0000000087a00000|100%| S|CS|TAMS 0x0000000087900000, 0x0000000087900000| Complete 
| 108|0x0000000087a00000, 0x0000000087a00000, 0x0000000087b00000|  0%| F|  |TAMS 0x0000000087a00000, 0x0000000087a00000| Untracked 
| 109|0x0000000087b00000, 0x0000000087b00000, 0x0000000087c00000|  0%| F|  |TAMS 0x0000000087b00000, 0x0000000087b00000| Untracked 
| 110|0x0000000087c00000, 0x0000000087c00000, 0x0000000087d00000|  0%| F|  |TAMS 0x0000000087c00000, 0x0000000087c00000| Untracked 
| 111|0x0000000087d00000, 0x0000000087d00000, 0x0000000087e00000|  0%| F|  |TAMS 0x0000000087d00000, 0x0000000087d00000| Untracked 
| 112|0x0000000087e00000, 0x0000000087e00000, 0x0000000087f00000|  0%| F|  |TAMS 0x0000000087e00000, 0x0000000087e00000| Untracked 
| 113|0x0000000087f00000, 0x0000000087f00000, 0x0000000088000000|  0%| F|  |TAMS 0x0000000087f00000, 0x0000000087f00000| Untracked 
| 114|0x0000000088000000, 0x0000000088000000, 0x0000000088100000|  0%| F|  |TAMS 0x0000000088000000, 0x0000000088000000| Untracked 
| 115|0x0000000088100000, 0x0000000088100000, 0x0000000088200000|  0%| F|  |TAMS 0x0000000088100000, 0x0000000088100000| Untracked 
| 116|0x0000000088200000, 0x0000000088200000, 0x0000000088300000|  0%| F|  |TAMS 0x0000000088200000, 0x0000000088200000| Untracked 
| 117|0x0000000088300000, 0x0000000088300000, 0x0000000088400000|  0%| F|  |TAMS 0x0000000088300000, 0x0000000088300000| Untracked 
| 118|0x0000000088400000, 0x0000000088400000, 0x0000000088500000|  0%| F|  |TAMS 0x0000000088400000, 0x0000000088400000| Untracked 
| 119|0x0000000088500000, 0x0000000088500000, 0x0000000088600000|  0%| F|  |TAMS 0x0000000088500000, 0x0000000088500000| Untracked 
| 120|0x0000000088600000, 0x0000000088600000, 0x0000000088700000|  0%| F|  |TAMS 0x0000000088600000, 0x0000000088600000| Untracked 
| 121|0x0000000088700000, 0x0000000088700000, 0x0000000088800000|  0%| F|  |TAMS 0x0000000088700000, 0x0000000088700000| Untracked 
| 122|0x0000000088800000, 0x0000000088800000, 0x0000000088900000|  0%| F|  |TAMS 0x0000000088800000, 0x0000000088800000| Untracked 
| 123|0x0000000088900000, 0x0000000088900000, 0x0000000088a00000|  0%| F|  |TAMS 0x0000000088900000, 0x0000000088900000| Untracked 
| 124|0x0000000088a00000, 0x0000000088a00000, 0x0000000088b00000|  0%| F|  |TAMS 0x0000000088a00000, 0x0000000088a00000| Untracked 
| 125|0x0000000088b00000, 0x0000000088b00000, 0x0000000088c00000|  0%| F|  |TAMS 0x0000000088b00000, 0x0000000088b00000| Untracked 
| 126|0x0000000088c00000, 0x0000000088c00000, 0x0000000088d00000|  0%| F|  |TAMS 0x0000000088c00000, 0x0000000088c00000| Untracked 
| 127|0x0000000088d00000, 0x0000000088d00000, 0x0000000088e00000|  0%| F|  |TAMS 0x0000000088d00000, 0x0000000088d00000| Untracked 

Card table byte_map: [0x000001e89d470000,0x000001e89d870000] _byte_map_base: 0x000001e89d069000

Marking Bits (Prev, Next): (CMBitMap*) 0x000001e88536a788, (CMBitMap*) 0x000001e88536a7c0
 Prev Bits: [0x000001e89dc70000, 0x000001e89fc38000)
 Next Bits: [0x000001e89fc40000, 0x000001e8a1c08000)

Polling page: 0x000001e8839e0000

Metaspace:

Usage:
  Non-class:     12.83 MB capacity,    12.67 MB ( 99%) used,   140.24 KB (  1%) free+waste,    22.88 KB ( <1%) overhead. 
      Class:      1.42 MB capacity,     1.35 MB ( 95%) used,    58.25 KB (  4%) free+waste,    10.00 KB ( <1%) overhead. 
       Both:     14.25 MB capacity,    14.02 MB ( 98%) used,   198.49 KB (  1%) free+waste,    32.88 KB ( <1%) overhead. 

Virtual space:
  Non-class space:       14.00 MB reserved,      13.00 MB ( 93%) committed 
      Class space:        1.00 GB reserved,       1.50 MB ( <1%) committed 
             Both:        1.01 GB reserved,      14.50 MB (  1%) committed 

Chunk freelists:
   Non-Class:  47.00 KB
       Class:  20.00 KB
        Both:  67.00 KB

MaxMetaspaceSize: 17179869184.00 GB
CompressedClassSpaceSize: 1.00 GB
Initial GC threshold: 20.80 MB
Current GC threshold: 20.80 MB
CDS: off

CodeHeap 'non-profiled nmethods': size=120064Kb used=600Kb max_used=600Kb free=119464Kb
 bounds [0x000001e895510000, 0x000001e895780000, 0x000001e89ca50000]
CodeHeap 'profiled nmethods': size=120000Kb used=2924Kb max_used=2924Kb free=117076Kb
 bounds [0x000001e88dfe0000, 0x000001e88e2c0000, 0x000001e895510000]
CodeHeap 'non-nmethods': size=5696Kb used=1154Kb max_used=1171Kb free=4541Kb
 bounds [0x000001e88da50000, 0x000001e88dcc0000, 0x000001e88dfe0000]
 total_blobs=1920 nmethods=1515 adapters=317
 compilation: enabled
              stopped_count=0, restarted_count=0
 full_count=0

Compilation events (20 events):
Event: 1.208 Thread 0x000001e8a4232000 1513       3       java.nio.DirectByteBufferR::slice (62 bytes)
Event: 1.208 Thread 0x000001e8a4232000 nmethod 1513 0x000001e88e2b5210 code [0x000001e88e2b53e0, 0x000001e88e2b56a8]
Event: 1.209 Thread 0x000001e8a4232000 1514       3       java.util.jar.JarFile::getManifest (5 bytes)
Event: 1.209 Thread 0x000001e8a4232000 nmethod 1514 0x000001e88e2b5810 code [0x000001e88e2b59c0, 0x000001e88e2b5ae8]
Event: 1.210 Thread 0x000001e8a4232000 1515       3       jdk.internal.loader.URLClassPath::getResource (74 bytes)
Event: 1.210 Thread 0x000001e8a4232000 nmethod 1515 0x000001e88e2b5b90 code [0x000001e88e2b5d60, 0x000001e88e2b6098]
Event: 1.210 Thread 0x000001e8a4232000 1516       3       jdk.internal.loader.BuiltinClassLoader::defineClass (121 bytes)
Event: 1.211 Thread 0x000001e8a4232000 nmethod 1516 0x000001e88e2b6210 code [0x000001e88e2b6540, 0x000001e88e2b79c8]
Event: 1.211 Thread 0x000001e8a4232000 1517       3       sun.net.util.URLUtil::urlNoFragString (114 bytes)
Event: 1.212 Thread 0x000001e8a4232000 nmethod 1517 0x000001e88e2b8010 code [0x000001e88e2b8360, 0x000001e88e2b95c8]
Event: 1.215 Thread 0x000001e8a4d26800 1518 %     4       java.util.regex.Pattern$CharPropertyGreedy::match @ 64 (122 bytes)
Event: 1.216 Thread 0x000001e8a422f800 1519       4       java.lang.AbstractStringBuilder::<init> (39 bytes)
Event: 1.217 Thread 0x000001e8a4232000 1520       3       com.android.manifmerger.XmlElement::getAttribute (50 bytes)
Event: 1.217 Thread 0x000001e8a4232000 nmethod 1520 0x000001e88e2b9c10 code [0x000001e88e2b9e80, 0x000001e88e2ba898]
Event: 1.219 Thread 0x000001e8a422f800 nmethod 1519 0x000001e8955a4b90 code [0x000001e8955a4d20, 0x000001e8955a4f18]
Event: 1.219 Thread 0x000001e8a422f800 1521       4       java.util.concurrent.ConcurrentHashMap::setTabAt (20 bytes)
Event: 1.220 Thread 0x000001e8a422f800 nmethod 1521 0x000001e8955a5010 code [0x000001e8955a51a0, 0x000001e8955a52b8]
Event: 1.221 Thread 0x000001e8a4d26800 nmethod 1518% 0x000001e8955a5310 code [0x000001e8955a54e0, 0x000001e8955a5aa8]
Event: 1.221 Thread 0x000001e8a4232000 1522       3       com.google.common.collect.ImmutableList::iterator (5 bytes)
Event: 1.222 Thread 0x000001e8a4232000 nmethod 1522 0x000001e88e2bac10 code [0x000001e88e2badc0, 0x000001e88e2baf68]

GC Heap History (9 events):
Event: 0.226 GC heap before
{Heap before GC invocations=0 (full 0):
 garbage-first heap   total 131072K, used 21504K [0x0000000080e00000, 0x0000000100000000)
  region size 1024K, 14 young (14336K), 0 survivors (0K)
 Metaspace       used 4683K, capacity 4728K, committed 4864K, reserved 1056768K
  class space    used 403K, capacity 424K, committed 512K, reserved 1048576K
}
Event: 0.245 GC heap after
{Heap after GC invocations=1 (full 0):
 garbage-first heap   total 131072K, used 12199K [0x0000000080e00000, 0x0000000100000000)
  region size 1024K, 2 young (2048K), 2 survivors (2048K)
 Metaspace       used 4683K, capacity 4728K, committed 4864K, reserved 1056768K
  class space    used 403K, capacity 424K, committed 512K, reserved 1048576K
}
Event: 0.330 GC heap before
{Heap before GC invocations=1 (full 0):
 garbage-first heap   total 131072K, used 34727K [0x0000000080e00000, 0x0000000100000000)
  region size 1024K, 12 young (12288K), 2 survivors (2048K)
 Metaspace       used 5556K, capacity 5598K, committed 5888K, reserved 1056768K
  class space    used 453K, capacity 458K, committed 512K, reserved 1048576K
}
Event: 0.338 GC heap after
{Heap after GC invocations=2 (full 0):
 garbage-first heap   total 131072K, used 21835K [0x0000000080e00000, 0x0000000100000000)
  region size 1024K, 2 young (2048K), 2 survivors (2048K)
 Metaspace       used 5556K, capacity 5598K, committed 5888K, reserved 1056768K
  class space    used 453K, capacity 458K, committed 512K, reserved 1048576K
}
Event: 0.388 GC heap before
{Heap before GC invocations=2 (full 0):
 garbage-first heap   total 131072K, used 25931K [0x0000000080e00000, 0x0000000100000000)
  region size 1024K, 6 young (6144K), 2 survivors (2048K)
 Metaspace       used 7053K, capacity 7105K, committed 7296K, reserved 1056768K
  class space    used 595K, capacity 619K, committed 640K, reserved 1048576K
}
Event: 0.392 GC heap after
{Heap after GC invocations=3 (full 0):
 garbage-first heap   total 131072K, used 24193K [0x0000000080e00000, 0x0000000100000000)
  region size 1024K, 1 young (1024K), 1 survivors (1024K)
 Metaspace       used 7053K, capacity 7105K, committed 7296K, reserved 1056768K
  class space    used 595K, capacity 619K, committed 640K, reserved 1048576K
}
Event: 0.619 GC heap before
{Heap before GC invocations=3 (full 0):
 garbage-first heap   total 131072K, used 34433K [0x0000000080e00000, 0x0000000100000000)
  region size 1024K, 11 young (11264K), 1 survivors (1024K)
 Metaspace       used 7806K, capacity 7876K, committed 8192K, reserved 1056768K
  class space    used 670K, capacity 684K, committed 768K, reserved 1048576K
}
Event: 0.629 GC heap after
{Heap after GC invocations=4 (full 0):
 garbage-first heap   total 131072K, used 31326K [0x0000000080e00000, 0x0000000100000000)
  region size 1024K, 2 young (2048K), 2 survivors (2048K)
 Metaspace       used 7806K, capacity 7876K, committed 8192K, reserved 1056768K
  class space    used 670K, capacity 684K, committed 768K, reserved 1048576K
}
Event: 1.223 GC heap before
{Heap before GC invocations=4 (full 0):
 garbage-first heap   total 131072K, used 49758K [0x0000000080e00000, 0x0000000100000000)
  region size 1024K, 20 young (20480K), 2 survivors (2048K)
 Metaspace       used 14357K, capacity 14589K, committed 14848K, reserved 1062912K
  class space    used 1383K, capacity 1452K, committed 1536K, reserved 1048576K
}

Deoptimization events (20 events):
Event: 1.104 Thread 0x000001e885329000 Uncommon trap: trap_request=0xffffffc6 fr.pc=0x000001e895544110 relative=0x0000000000000230
Event: 1.104 Thread 0x000001e885329000 Uncommon trap: reason=bimorphic_or_optimized_type_check action=maybe_recompile pc=0x000001e895544110 method=java.util.HashMap.getNode(ILjava/lang/Object;)Ljava/util/HashMap$Node; @ 126 c2
Event: 1.104 Thread 0x000001e885329000 DEOPT PACKING pc=0x000001e895544110 sp=0x0000003bc1efede0
Event: 1.104 Thread 0x000001e885329000 DEOPT UNPACKING pc=0x000001e88da9a1af sp=0x0000003bc1efed48 mode 2
Event: 1.104 Thread 0x000001e885329000 Uncommon trap: trap_request=0xffffffc6 fr.pc=0x000001e895544110 relative=0x0000000000000230
Event: 1.104 Thread 0x000001e885329000 Uncommon trap: reason=bimorphic_or_optimized_type_check action=maybe_recompile pc=0x000001e895544110 method=java.util.HashMap.getNode(ILjava/lang/Object;)Ljava/util/HashMap$Node; @ 126 c2
Event: 1.104 Thread 0x000001e885329000 DEOPT PACKING pc=0x000001e895544110 sp=0x0000003bc1efede0
Event: 1.104 Thread 0x000001e885329000 DEOPT UNPACKING pc=0x000001e88da9a1af sp=0x0000003bc1efed48 mode 2
Event: 1.105 Thread 0x000001e885329000 Uncommon trap: trap_request=0xffffffde fr.pc=0x000001e89558491c relative=0x000000000000107c
Event: 1.105 Thread 0x000001e885329000 Uncommon trap: reason=class_check action=maybe_recompile pc=0x000001e89558491c method=java.util.HashMap.putVal(ILjava/lang/Object;Ljava/lang/Object;ZZ)Ljava/lang/Object; @ 203 c2
Event: 1.105 Thread 0x000001e885329000 DEOPT PACKING pc=0x000001e89558491c sp=0x0000003bc1efebd0
Event: 1.105 Thread 0x000001e885329000 DEOPT UNPACKING pc=0x000001e88da9a1af sp=0x0000003bc1efeb80 mode 2
Event: 1.107 Thread 0x000001e885329000 Uncommon trap: trap_request=0xffffffde fr.pc=0x000001e89558491c relative=0x000000000000107c
Event: 1.107 Thread 0x000001e885329000 Uncommon trap: reason=class_check action=maybe_recompile pc=0x000001e89558491c method=java.util.HashMap.putVal(ILjava/lang/Object;Ljava/lang/Object;ZZ)Ljava/lang/Object; @ 203 c2
Event: 1.107 Thread 0x000001e885329000 DEOPT PACKING pc=0x000001e89558491c sp=0x0000003bc1efebd0
Event: 1.107 Thread 0x000001e885329000 DEOPT UNPACKING pc=0x000001e88da9a1af sp=0x0000003bc1efeb80 mode 2
Event: 1.189 Thread 0x000001e885329000 Uncommon trap: trap_request=0xffffff4d fr.pc=0x000001e89558ec8c relative=0x000000000000052c
Event: 1.189 Thread 0x000001e885329000 Uncommon trap: reason=unstable_if action=reinterpret pc=0x000001e89558ec8c method=java.util.Properties.getProperty(Ljava/lang/String;)Ljava/lang/String; @ 13 c2
Event: 1.189 Thread 0x000001e885329000 DEOPT PACKING pc=0x000001e89558ec8c sp=0x0000003bc1efd8c0
Event: 1.189 Thread 0x000001e885329000 DEOPT UNPACKING pc=0x000001e88da9a1af sp=0x0000003bc1efd868 mode 2

Classes redefined (0 events):
No events

Internal exceptions (11 events):
Event: 0.419 Thread 0x000001e885329000 Implicit null exception at 0x000001e89553973d to 0x000001e895539818
Event: 0.745 Thread 0x000001e885329000 Exception <a 'java/lang/NoSuchMethodError'{0x0000000088b8c7d0}: 'int java.lang.invoke.DirectMethodHandle$Holder.invokeSpecialIFC(java.lang.Object, java.lang.Object, int)'> (0x0000000088b8c7d0) thrown at [./src/hotspot/share/interpreter/linkResolver.cpp, line 773]
Event: 0.768 Thread 0x000001e885329000 Exception <a 'java/lang/NoSuchMethodError'{0x0000000088a122c0}: 'java.lang.Object java.lang.invoke.DirectMethodHandle$Holder.invokeStatic(java.lang.Object, java.lang.Object, java.lang.Object, java.lang.Object, java.lang.Object, java.lang.Object, java.lang.Object, java.lang.Object, java.lang.Object, java.lang.Object, java.lang.Object, java.lang.Object, java.lang.Object, java.lang.Object, java.lang.Object)'> (0x0000000088a122c0) thrown at [./src/hotspot/share/interpreter/linkResolver.cpp, line 773]
Event: 0.770 Thread 0x000001e885329000 Exception <a 'java/lang/NoSuchMethodError'{0x0000000088a20020}: 'java.lang.Object java.lang.invoke.DirectMethodHandle$Holder.invokeStatic(java.lang.Object, java.lang.Object, java.lang.Object, java.lang.Object, java.lang.Object, java.lang.Object, java.lang.Object, java.lang.Object, java.lang.Object, java.lang.Object, java.lang.Object, java.lang.Object, java.lang.Object, java.lang.Object, java.lang.Object, java.lang.Object)'> (0x0000000088a20020) thrown at [./src/hotspot/share/interpreter/linkResolver.cpp, l
Event: 0.772 Thread 0x000001e885329000 Exception <a 'java/lang/NoSuchMethodError'{0x0000000088a2dc90}: 'java.lang.Object java.lang.invoke.DirectMethodHandle$Holder.invokeSpecial(java.lang.Object, java.lang.Object, int, int, java.lang.Object, java.lang.Object, java.lang.Object)'> (0x0000000088a2dc90) thrown at [./src/hotspot/share/interpreter/linkResolver.cpp, line 773]
Event: 0.772 Thread 0x000001e885329000 Exception <a 'java/lang/NoSuchMethodError'{0x0000000088a31220}: 'java.lang.Object java.lang.invoke.DelegatingMethodHandle$Holder.reinvoke_L(java.lang.Object, int, int, java.lang.Object, java.lang.Object, java.lang.Object)'> (0x0000000088a31220) thrown at [./src/hotspot/share/interpreter/linkResolver.cpp, line 773]
Event: 0.773 Thread 0x000001e885329000 Exception <a 'java/lang/NoSuchMethodError'{0x0000000088a355a8}: 'java.lang.Object java.lang.invoke.DirectMethodHandle$Holder.invokeStatic(java.lang.Object, java.lang.Object, java.lang.Object, java.lang.Object, int)'> (0x0000000088a355a8) thrown at [./src/hotspot/share/interpreter/linkResolver.cpp, line 773]
Event: 0.811 Thread 0x000001e885329000 Implicit null exception at 0x000001e895521cef to 0x000001e895521dc4
Event: 0.868 Thread 0x000001e885329000 Implicit null exception at 0x000001e895535b54 to 0x000001e895536498
Event: 1.096 Thread 0x000001e885329000 Exception <a 'java/lang/NoSuchMethodError'{0x0000000087ea9320}: 'java.lang.Object java.lang.invoke.DirectMethodHandle$Holder.invokeVirtual(java.lang.Object, java.lang.Object, java.lang.Object)'> (0x0000000087ea9320) thrown at [./src/hotspot/share/interpreter/linkResolver.cpp, line 773]
Event: 1.099 Thread 0x000001e885329000 Exception <a 'java/lang/NoSuchMethodError'{0x0000000087ec2958}: 'java.lang.Object java.lang.invoke.Invokers$Holder.linkToTargetMethod(java.lang.Object, int, java.lang.Object)'> (0x0000000087ec2958) thrown at [./src/hotspot/share/interpreter/linkResolver.cpp, line 773]

Events (20 events):
Event: 1.219 loading class com/android/manifmerger/Actions done
Event: 1.220 loading class com/google/common/collect/Iterables
Event: 1.220 loading class com/google/common/collect/Iterables done
Event: 1.221 loading class com/android/manifmerger/PostValidator$1
Event: 1.221 loading class com/android/manifmerger/PostValidator$1 done
Event: 1.222 loading class com/sun/org/apache/xerces/internal/dom/DeepNodeListImpl
Event: 1.222 loading class com/sun/org/apache/xerces/internal/dom/DeepNodeListImpl done
Event: 1.222 loading class com/android/ide/common/xml/XmlFormatPreferences
Event: 1.222 loading class com/android/ide/common/xml/XmlFormatPreferences done
Event: 1.222 loading class com/android/ide/common/xml/XmlAttributeSortOrder
Event: 1.222 loading class com/android/ide/common/xml/XmlAttributeSortOrder done
Event: 1.222 loading class com/android/ide/common/xml/XmlAttributeSortOrder$1
Event: 1.222 loading class com/android/ide/common/xml/XmlAttributeSortOrder$1 done
Event: 1.223 loading class com/android/ide/common/xml/XmlAttributeSortOrder$2
Event: 1.223 loading class com/android/ide/common/xml/XmlAttributeSortOrder$2 done
Event: 1.223 loading class com/android/ide/common/xml/XmlFormatStyle
Event: 1.223 loading class com/android/ide/common/xml/XmlFormatStyle done
Event: 1.223 loading class com/android/ide/common/xml/XmlPrettyPrinter
Event: 1.223 loading class com/android/ide/common/xml/XmlPrettyPrinter done
Event: 1.223 Executing VM operation: G1CollectForAllocation


Dynamic libraries:
0x00007ff6ef600000 - 0x00007ff6ef60d000 	C:\Program Files\Microsoft\jdk-11.0.12.7-hotspot\bin\java.exe
0x00007ff82e030000 - 0x00007ff82e225000 	C:\WINDOWS\SYSTEM32\ntdll.dll
0x00007ff82c820000 - 0x00007ff82c8dd000 	C:\WINDOWS\System32\KERNEL32.DLL
0x00007ff82bcf0000 - 0x00007ff82bfbd000 	C:\WINDOWS\System32\KERNELBASE.dll
0x00007ff82b8d0000 - 0x00007ff82b9d0000 	C:\WINDOWS\System32\ucrtbase.dll
0x00007ff815380000 - 0x00007ff815395000 	C:\Program Files\Microsoft\jdk-11.0.12.7-hotspot\bin\VCRUNTIME140.dll
0x00007ff81e6f0000 - 0x00007ff81e707000 	C:\Program Files\Microsoft\jdk-11.0.12.7-hotspot\bin\jli.dll
0x00007ff82c680000 - 0x00007ff82c820000 	C:\WINDOWS\System32\USER32.dll
0x00007ff82b7b0000 - 0x00007ff82b7d2000 	C:\WINDOWS\System32\win32u.dll
0x00007ff821fd0000 - 0x00007ff82226a000 	C:\WINDOWS\WinSxS\amd64_microsoft.windows.common-controls_6595b64144ccf1df_6.0.19041.1110_none_60b5254171f9507e\COMCTL32.dll
0x00007ff82c8e0000 - 0x00007ff82c90a000 	C:\WINDOWS\System32\GDI32.dll
0x00007ff82c5c0000 - 0x00007ff82c65e000 	C:\WINDOWS\System32\msvcrt.dll
0x00007ff82bb30000 - 0x00007ff82bc3b000 	C:\WINDOWS\System32\gdi32full.dll
0x00007ff82b7e0000 - 0x00007ff82b87d000 	C:\WINDOWS\System32\msvcp_win.dll
0x00007ff82d630000 - 0x00007ff82d660000 	C:\WINDOWS\System32\IMM32.DLL
0x00007fffb3f90000 - 0x00007fffb402b000 	C:\Program Files\Microsoft\jdk-11.0.12.7-hotspot\bin\msvcp140.dll
0x00007fffa5210000 - 0x00007fffa5d71000 	C:\Program Files\Microsoft\jdk-11.0.12.7-hotspot\bin\server\jvm.dll
0x00007ff82d660000 - 0x00007ff82d70e000 	C:\WINDOWS\System32\ADVAPI32.dll
0x00007ff82cae0000 - 0x00007ff82cb7c000 	C:\WINDOWS\System32\sechost.dll
0x00007ff82d480000 - 0x00007ff82d5a5000 	C:\WINDOWS\System32\RPCRT4.dll
0x00007ff82d710000 - 0x00007ff82d718000 	C:\WINDOWS\System32\PSAPI.DLL
0x00007ff811bb0000 - 0x00007ff811bb9000 	C:\WINDOWS\SYSTEM32\WSOCK32.dll
0x00007ff82cda0000 - 0x00007ff82ce0b000 	C:\WINDOWS\System32\WS2_32.dll
0x00007ff8273c0000 - 0x00007ff8273e7000 	C:\WINDOWS\SYSTEM32\WINMM.dll
0x00007ff822900000 - 0x00007ff82290a000 	C:\WINDOWS\SYSTEM32\VERSION.dll
0x00007ff829580000 - 0x00007ff829592000 	C:\WINDOWS\SYSTEM32\kernel.appcore.dll
0x00007ff826e20000 - 0x00007ff826e30000 	C:\Program Files\Microsoft\jdk-11.0.12.7-hotspot\bin\verify.dll
0x00007ff825e40000 - 0x00007ff826024000 	C:\WINDOWS\SYSTEM32\DBGHELP.DLL
0x00007ff825d80000 - 0x00007ff825dac000 	C:\WINDOWS\SYSTEM32\dbgcore.DLL
0x00007ff82bff0000 - 0x00007ff82c072000 	C:\WINDOWS\System32\bcryptPrimitives.dll
0x00007ff815350000 - 0x00007ff815378000 	C:\Program Files\Microsoft\jdk-11.0.12.7-hotspot\bin\java.dll
0x00007ff815340000 - 0x00007ff81534a000 	C:\Program Files\Microsoft\jdk-11.0.12.7-hotspot\bin\jimage.dll
0x00007ff80f4d0000 - 0x00007ff80f4e7000 	C:\Program Files\Microsoft\jdk-11.0.12.7-hotspot\bin\zip.dll
0x00007ff82d720000 - 0x00007ff82de64000 	C:\WINDOWS\System32\SHELL32.dll
0x00007ff829860000 - 0x00007ff829ff4000 	C:\WINDOWS\SYSTEM32\windows.storage.dll
0x00007ff82c080000 - 0x00007ff82c3d4000 	C:\WINDOWS\System32\combase.dll
0x00007ff82b0d0000 - 0x00007ff82b0fc000 	C:\WINDOWS\SYSTEM32\Wldp.dll
0x00007ff82cee0000 - 0x00007ff82cf8d000 	C:\WINDOWS\System32\SHCORE.dll
0x00007ff82cb80000 - 0x00007ff82cbd5000 	C:\WINDOWS\System32\shlwapi.dll
0x00007ff82b680000 - 0x00007ff82b69f000 	C:\WINDOWS\SYSTEM32\profapi.dll
0x00007ff80d410000 - 0x00007ff80d429000 	C:\Program Files\Microsoft\jdk-11.0.12.7-hotspot\bin\net.dll
0x00007ff825c50000 - 0x00007ff825d5a000 	C:\WINDOWS\SYSTEM32\WINHTTP.dll
0x00007ff82ae30000 - 0x00007ff82ae9a000 	C:\WINDOWS\system32\mswsock.dll
0x00007ff80b760000 - 0x00007ff80b772000 	C:\Program Files\Microsoft\jdk-11.0.12.7-hotspot\bin\nio.dll

dbghelp: loaded successfully - version: 4.0.5 - missing functions: none
symbol engine: initialized successfully - sym options: 0x614 - pdb path: .;C:\Program Files\Microsoft\jdk-11.0.12.7-hotspot\bin;C:\WINDOWS\SYSTEM32;C:\WINDOWS\WinSxS\amd64_microsoft.windows.common-controls_6595b64144ccf1df_6.0.19041.1110_none_60b5254171f9507e;C:\Program Files\Microsoft\jdk-11.0.12.7-hotspot\bin\server

VM Arguments:
java_command: com.xamarin.manifestmerger.Main obj\Debug\120\android\manifestmerger.rsp
java_class_path (initial): C:\Program Files\Microsoft Visual Studio\2022\Community\MSBuild\Xamarin\Android\manifestmerger.jar
Launcher Type: SUN_STANDARD

[Global flags]
     intx CICompilerCount                          = 3                                         {product} {ergonomic}
     uint ConcGCThreads                            = 1                                         {product} {ergonomic}
     uint G1ConcRefinementThreads                  = 4                                         {product} {ergonomic}
   size_t G1HeapRegionSize                         = 1048576                                   {product} {ergonomic}
    uintx GCDrainStackTargetSize                   = 64                                        {product} {ergonomic}
   size_t InitialHeapSize                          = 134217728                                 {product} {ergonomic}
   size_t MarkStackSize                            = 4194304                                   {product} {ergonomic}
   size_t MaxHeapSize                              = 2132803584                                {product} {ergonomic}
   size_t MaxNewSize                               = 1279262720                                {product} {ergonomic}
   size_t MinHeapDeltaBytes                        = 1048576                                   {product} {ergonomic}
    uintx NonNMethodCodeHeapSize                   = 5830732                                {pd product} {ergonomic}
    uintx NonProfiledCodeHeapSize                  = 122913754                              {pd product} {ergonomic}
    uintx ProfiledCodeHeapSize                     = 122913754                              {pd product} {ergonomic}
    uintx ReservedCodeCacheSize                    = 251658240                              {pd product} {ergonomic}
     bool SegmentedCodeCache                       = true                                      {product} {ergonomic}
     bool UseCompressedClassPointers               = true                                 {lp64_product} {ergonomic}
     bool UseCompressedOops                        = true                                 {lp64_product} {ergonomic}
     bool UseG1GC                                  = true                                      {product} {ergonomic}
     bool UseLargePagesIndividualAllocation        = false                                  {pd product} {ergonomic}

Logging:
Log output configuration:
 #0: stdout all=warning uptime,level,tags
 #1: stderr all=off uptime,level,tags

Environment Variables:
PATH=C:\Program Files (x86)\Common Files\Oracle\Java\javapath;C:\Program Files\Microsoft\jdk-11.0.12.7-hotspot\bin;C:\Program Files (x86)\NVIDIA Corporation\PhysX\Common;C:\WINDOWS\system32;C:\WINDOWS;C:\WINDOWS\System32\Wbem;C:\WINDOWS\System32\WindowsPowerShell\v1.0\;C:\WINDOWS\System32\OpenSSH\;C:\Program Files\Azure Data Studio\bin;C:\Program Files\Microsoft SQL Server\Client SDK\ODBC\170\Tools\Binn\;C:\Program Files\dotnet\;C:\Program Files (x86)\Microsoft SQL Server\150\DTS\Binn\;C:\Program Files\Git\cmd;C:\Users\rafam\AppData\Local\Microsoft\WindowsApps;;C:\Users\rafam\AppData\Local\Programs\Microsoft VS Code\bin;C:\Program Files\Azure Data Studio\bin;C:\Users\rafam\.dotnet\tools
USERNAME=rafam
OS=Windows_NT
PROCESSOR_IDENTIFIER=Intel64 Family 6 Model 60 Stepping 3, GenuineIntel



---------------  S Y S T E M  ---------------

OS: Windows 10 , 64 bit Build 19041 (10.0.19041.1706)
OS uptime: 7 days 17:12 hours

CPU:total 4 (initial active 4) (2 cores per cpu, 2 threads per core) family 6 model 60 stepping 3 microcode 0x27, cmov, cx8, fxsr, mmx, sse, sse2, sse3, ssse3, sse4.1, sse4.2, popcnt, avx, avx2, aes, clmul, erms, lzcnt, ht, tsc, tscinvbit, bmi1, bmi2, fma

Memory: 4k page, system-wide physical 8134M (1119M free)
TotalPageFile size 8134M (AvailPageFile size 163M)
current process WorkingSet (physical memory assigned to process): 105M, peak: 105M
current process commit charge ("private bytes"): 217M, peak: 345M

vm_info: OpenJDK 64-Bit Server VM (11.0.12+7) for windows-amd64 JRE (11.0.12+7), built on Jul 21 2021 15:41:43 by "" with unknown MS VC++:1916

END.
