#
# A fatal error has been detected by the Java Runtime Environment:
#
#  EXCEPTION_ACCESS_VIOLATION (0xc0000005) at pc=0x00007ff8077c1689, pid=8916, tid=13760
#
# JRE version:  (11.0.12+7) (build )
# Java VM: OpenJDK 64-Bit Server VM (11.0.12+7, mixed mode, tiered, compressed oops, g1 gc, windows-amd64)
# Problematic frame:
# C  [VCRUNTIME140.dll+0x1689]
#
# No core dump will be written. Minidumps are not enabled by default on client versions of Windows
#
#

---------------  S U M M A R Y ------------

Command Line: com.xamarin.androidx.jetifierWrapper.Main -intermediate obj\Debug\120\androidx\_AndroidXJetifyManifest.jetify -parallel

Host: Intel(R) Core(TM) i3-4150 CPU @ 3.50GHz, 4 cores, 7G,  Windows 10 , 64 bit Build 19041 (10.0.19041.1706)
Time: Wed May 25 17:07:53 2022 Hora oficial do Brasil elapsed time: 0.109584 seconds (0d 0h 0m 0s)

---------------  T H R E A D  ---------------

Current thread (0x000001d795208800):  JavaThread "Unknown thread" [_thread_in_vm, id=13760, stack(0x000000b3ea400000,0x000000b3ea500000)]

Stack: [0x000000b3ea400000,0x000000b3ea500000],  sp=0x000000b3ea4ff210,  free space=1020k
Native frames: (J=compiled Java code, j=interpreted, Vv=VM code, C=native code)
C  [VCRUNTIME140.dll+0x1689]
V  [jvm.dll+0x5f5459]
V  [jvm.dll+0x78df78]
V  [jvm.dll+0x78d3e0]
V  [jvm.dll+0x5b0245]
V  [jvm.dll+0x5b11a1]
V  [jvm.dll+0x76edc3]
V  [jvm.dll+0x35a359]
V  [jvm.dll+0x750710]
V  [jvm.dll+0x3c1f8f]
V  [jvm.dll+0x3c4461]
C  [jli.dll+0x5207]
C  [ucrtbase.dll+0x21bb2]
C  [KERNEL32.DLL+0x17034]
C  [ntdll.dll+0x52651]


siginfo: EXCEPTION_ACCESS_VIOLATION (0xc0000005), writing address 0x0000000000000000


Registers:
RAX=0x0000000000000000, RBX=0x000001d7952e4d90, RCX=0x0000000000020000, RDX=0x0000000000000000
RSP=0x000000b3ea4ff210, RBP=0x0000000000000001, RSI=0x000001d7952e4d90, RDI=0x0000000000000000
R8 =0x0000000000020000, R9 =0x0000000000000000, R10=0x0000000000000013, R11=0x0000000000000000
R12=0x0000000100000000, R13=0x00007fff9aa63b10, R14=0x0000000000000000, R15=0x0000000000000000
RIP=0x00007ff8077c1689, EFLAGS=0x0000000000010203

Top of Stack: (sp=0x000000b3ea4ff210)
0x000000b3ea4ff210:   0000000000000000 00007fff9aaa5459
0x000000b3ea4ff220:   0000000000000001 000001d7952e4d90
0x000000b3ea4ff230:   000001d7952e4d90 0000000000000000
0x000000b3ea4ff240:   000001d7b3fa0430 00007fff9ac3df78
0x000000b3ea4ff250:   000001d7b3fa0430 000001d7b3fa0430
0x000000b3ea4ff260:   0000000000000000 0000000000000000
0x000000b3ea4ff270:   0000000100000000 0000000040000000
0x000000b3ea4ff280:   0000000000000000 0000000000010000
0x000000b3ea4ff290:   ffffffff2bd39900 0000000000008000
0x000000b3ea4ff2a0:   000001d795206210 00007fff9ac3d3e0
0x000000b3ea4ff2b0:   000000b3ea4ff380 000001d7b3fa0430
0x000000b3ea4ff2c0:   000001d7952cfdb0 0000000000000000
0x000000b3ea4ff2d0:   000001d7938d14f8 00007fff9aa60245
0x000000b3ea4ff2e0:   0000000000000000 000000b3ea4ff3e0
0x000000b3ea4ff2f0:   0000000000000000 0000000100000000
0x000000b3ea4ff300:   0000000100000000 00007ff82bd3991b 

Instructions: (pc=0x00007ff8077c1689)
0x00007ff8077c1589:   ff ff 0f 1f 44 00 00 49 03 c8 0f 10 44 11 f0 48
0x00007ff8077c1599:   83 e9 10 49 83 e8 10 f6 c1 0f 74 17 48 8b c1 48
0x00007ff8077c15a9:   83 e1 f0 0f 10 c8 0f 10 04 11 0f 11 08 4c 8b c1
0x00007ff8077c15b9:   4d 2b c3 4d 8b c8 49 c1 e9 07 74 68 0f 29 01 eb
0x00007ff8077c15c9:   0d 66 0f 1f 44 00 00 0f 29 41 10 0f 29 09 0f 10
0x00007ff8077c15d9:   44 11 f0 0f 10 4c 11 e0 48 81 e9 80 00 00 00 0f
0x00007ff8077c15e9:   29 41 70 0f 29 49 60 0f 10 44 11 50 0f 10 4c 11
0x00007ff8077c15f9:   40 49 ff c9 0f 29 41 50 0f 29 49 40 0f 10 44 11
0x00007ff8077c1609:   30 0f 10 4c 11 20 0f 29 41 30 0f 29 49 20 0f 10
0x00007ff8077c1619:   44 11 10 0f 10 0c 11 75 ae 0f 29 41 10 49 83 e0
0x00007ff8077c1629:   7f 0f 28 c1 4d 8b c8 49 c1 e9 04 74 1a 66 66 0f
0x00007ff8077c1639:   1f 84 00 00 00 00 00 0f 11 01 48 83 e9 10 0f 10
0x00007ff8077c1649:   04 11 49 ff c9 75 f0 49 83 e0 0f 74 08 41 0f 10
0x00007ff8077c1659:   0a 41 0f 11 0b 0f 11 01 49 8b c3 c3 cc cc cc cc
0x00007ff8077c1669:   cc cc cc cc cc cc cc cc cc cc cc cc cc 66 66 0f
0x00007ff8077c1679:   1f 84 00 00 00 00 00 57 8b c2 48 8b f9 49 8b c8
0x00007ff8077c1689:   f3 aa 49 8b c3 5f c3 cc cc cc cc cc cc 66 66 0f
0x00007ff8077c1699:   1f 84 00 00 00 00 00 4c 8b d9 0f b6 d2 49 b9 01
0x00007ff8077c16a9:   01 01 01 01 01 01 01 4c 0f af ca 49 83 f8 10 0f
0x00007ff8077c16b9:   86 f2 00 00 00 66 49 0f 6e c1 66 0f 60 c0 49 81
0x00007ff8077c16c9:   f8 80 00 00 00 77 10 e9 6b 00 00 00 66 66 66 0f
0x00007ff8077c16d9:   1f 84 00 00 00 00 00 0f ba 25 c4 fc 00 00 01 72
0x00007ff8077c16e9:   96 0f 11 01 4c 03 c1 48 83 c1 10 48 83 e1 f0 4c
0x00007ff8077c16f9:   2b c1 4d 8b c8 49 c1 e9 07 74 3c 66 66 66 66 0f
0x00007ff8077c1709:   1f 84 00 00 00 00 00 0f 29 01 0f 29 41 10 48 81
0x00007ff8077c1719:   c1 80 00 00 00 0f 29 41 a0 0f 29 41 b0 49 ff c9
0x00007ff8077c1729:   0f 29 41 c0 0f 29 41 d0 0f 29 41 e0 66 0f 29 41
0x00007ff8077c1739:   f0 75 d4 49 83 e0 7f 4d 8b c8 49 c1 e9 04 74 13
0x00007ff8077c1749:   0f 1f 80 00 00 00 00 0f 11 01 48 83 c1 10 49 ff
0x00007ff8077c1759:   c9 75 f4 49 83 e0 0f 74 06 42 0f 11 44 01 f0 49
0x00007ff8077c1769:   8b c3 c3 de 17 00 00 db 17 00 00 07 18 00 00 d7
0x00007ff8077c1779:   17 00 00 e4 17 00 00 f4 17 00 00 04 18 00 00 d4 



---------------  P R O C E S S  ---------------

Threads class SMR info:
_java_thread_list=0x000001d7938d0df0, length=0, elements={
}

Java Threads: ( => current thread )

Other Threads:
  0x000001d795221000 GCTaskThread "GC Thread#0" [stack: 0x000000b3ea500000,0x000000b3ea600000] [id=12188]
  0x000001d795253000 ConcurrentGCThread "G1 Main Marker" [stack: 0x000000b3ea600000,0x000000b3ea700000] [id=8928]
  0x000001d795255800 ConcurrentGCThread "G1 Conc#0" [stack: 0x000000b3ea700000,0x000000b3ea800000] [id=9844]
  0x000001d7952e5000 ConcurrentGCThread "G1 Refine#0" [stack: 0x000000b3ea800000,0x000000b3ea900000] [id=6580]
  0x000001d7952e6800 ConcurrentGCThread "G1 Young RemSet Sampling" [stack: 0x000000b3ea900000,0x000000b3eaa00000] [id=14036]

=>0x000001d795208800 (exited) JavaThread "Unknown thread" [_thread_in_vm, id=13760, stack(0x000000b3ea400000,0x000000b3ea500000)]

Threads with active compile tasks:

VM state:not at safepoint (not fully initialized)

VM Mutex/Monitor currently owned by a thread:  ([mutex/lock_event])
[0x000001d795206210] MetaspaceExpand_lock - owner thread: 0x000001d795208800

Heap address: 0x0000000080e00000, size: 2034 MB, Compressed Oops mode: 32-bit
Narrow klass base: 0x0000000000000000, Narrow klass shift: 3

GC Heap History (0 events):
No events

Deoptimization events (0 events):
No events

Classes redefined (0 events):
No events

Internal exceptions (0 events):
No events

Events (1 events):
Event: 0.011 Loaded shared library C:\Program Files\Microsoft\jdk-11.0.12.7-hotspot\bin\zip.dll


Dynamic libraries:
0x00007ff708080000 - 0x00007ff70808d000 	C:\Program Files\Microsoft\jdk-11.0.12.7-hotspot\bin\java.exe
0x00007ff82e030000 - 0x00007ff82e225000 	C:\WINDOWS\SYSTEM32\ntdll.dll
0x00007ff82c820000 - 0x00007ff82c8dd000 	C:\WINDOWS\System32\KERNEL32.DLL
0x00007ff82bcf0000 - 0x00007ff82bfbd000 	C:\WINDOWS\System32\KERNELBASE.dll
0x00007ff82b8d0000 - 0x00007ff82b9d0000 	C:\WINDOWS\System32\ucrtbase.dll
0x00007ff807ec0000 - 0x00007ff807ed7000 	C:\Program Files\Microsoft\jdk-11.0.12.7-hotspot\bin\jli.dll
0x00007ff8077c0000 - 0x00007ff8077d5000 	C:\Program Files\Microsoft\jdk-11.0.12.7-hotspot\bin\VCRUNTIME140.dll
0x00007ff82c680000 - 0x00007ff82c820000 	C:\WINDOWS\System32\USER32.dll
0x00007ff821fd0000 - 0x00007ff82226a000 	C:\WINDOWS\WinSxS\amd64_microsoft.windows.common-controls_6595b64144ccf1df_6.0.19041.1110_none_60b5254171f9507e\COMCTL32.dll
0x00007ff82b7b0000 - 0x00007ff82b7d2000 	C:\WINDOWS\System32\win32u.dll
0x00007ff82c5c0000 - 0x00007ff82c65e000 	C:\WINDOWS\System32\msvcrt.dll
0x00007ff82c8e0000 - 0x00007ff82c90a000 	C:\WINDOWS\System32\GDI32.dll
0x00007ff82bb30000 - 0x00007ff82bc3b000 	C:\WINDOWS\System32\gdi32full.dll
0x00007ff82b7e0000 - 0x00007ff82b87d000 	C:\WINDOWS\System32\msvcp_win.dll
0x00007ff82d630000 - 0x00007ff82d660000 	C:\WINDOWS\System32\IMM32.DLL
0x00007fffba530000 - 0x00007fffba5cb000 	C:\Program Files\Microsoft\jdk-11.0.12.7-hotspot\bin\msvcp140.dll
0x00007fff9a4b0000 - 0x00007fff9b011000 	C:\Program Files\Microsoft\jdk-11.0.12.7-hotspot\bin\server\jvm.dll
0x00007ff82d660000 - 0x00007ff82d70e000 	C:\WINDOWS\System32\ADVAPI32.dll
0x00007ff82cae0000 - 0x00007ff82cb7c000 	C:\WINDOWS\System32\sechost.dll
0x00007ff82d480000 - 0x00007ff82d5a5000 	C:\WINDOWS\System32\RPCRT4.dll
0x00007ff82d710000 - 0x00007ff82d718000 	C:\WINDOWS\System32\PSAPI.DLL
0x00007ff80dfe0000 - 0x00007ff80dfe9000 	C:\WINDOWS\SYSTEM32\WSOCK32.dll
0x00007ff827450000 - 0x00007ff827477000 	C:\WINDOWS\SYSTEM32\WINMM.dll
0x00007ff82cda0000 - 0x00007ff82ce0b000 	C:\WINDOWS\System32\WS2_32.dll
0x00007ff822900000 - 0x00007ff82290a000 	C:\WINDOWS\SYSTEM32\VERSION.dll
0x00007ff829580000 - 0x00007ff829592000 	C:\WINDOWS\SYSTEM32\kernel.appcore.dll
0x00007ff80c190000 - 0x00007ff80c1a0000 	C:\Program Files\Microsoft\jdk-11.0.12.7-hotspot\bin\verify.dll
0x00007ff825e40000 - 0x00007ff826024000 	C:\WINDOWS\SYSTEM32\DBGHELP.DLL
0x00007ff825d80000 - 0x00007ff825dac000 	C:\WINDOWS\SYSTEM32\dbgcore.DLL
0x00007ff82bff0000 - 0x00007ff82c072000 	C:\WINDOWS\System32\bcryptPrimitives.dll
0x00007fffba7e0000 - 0x00007fffba808000 	C:\Program Files\Microsoft\jdk-11.0.12.7-hotspot\bin\java.dll
0x00007ff8086c0000 - 0x00007ff8086ca000 	C:\Program Files\Microsoft\jdk-11.0.12.7-hotspot\bin\jimage.dll
0x00007fffba7c0000 - 0x00007fffba7d7000 	C:\Program Files\Microsoft\jdk-11.0.12.7-hotspot\bin\zip.dll

dbghelp: loaded successfully - version: 4.0.5 - missing functions: none
symbol engine: initialized successfully - sym options: 0x614 - pdb path: .;C:\Program Files\Microsoft\jdk-11.0.12.7-hotspot\bin;C:\WINDOWS\SYSTEM32;C:\WINDOWS\WinSxS\amd64_microsoft.windows.common-controls_6595b64144ccf1df_6.0.19041.1110_none_60b5254171f9507e;C:\Program Files\Microsoft\jdk-11.0.12.7-hotspot\bin\server

VM Arguments:
java_command: com.xamarin.androidx.jetifierWrapper.Main -intermediate obj\Debug\120\androidx\_AndroidXJetifyManifest.jetify -parallel
java_class_path (initial): C:\Users\rafam\.nuget\packages\xamarin.androidx.migration\1.0.8\buildTransitive\monoandroid90\Tools/JetifierWrapper/jetifierWrapper-1.0.jar
Launcher Type: SUN_STANDARD

[Global flags]
     intx CICompilerCount                          = 3                                         {product} {ergonomic}
     uint ConcGCThreads                            = 1                                         {product} {ergonomic}
     uint G1ConcRefinementThreads                  = 4                                         {product} {ergonomic}
   size_t G1HeapRegionSize                         = 1048576                                   {product} {ergonomic}
    uintx GCDrainStackTargetSize                   = 64                                        {product} {ergonomic}
   size_t InitialHeapSize                          = 134217728                                 {product} {ergonomic}
   size_t MarkStackSize                            = 4194304                                   {product} {ergonomic}
   size_t MaxHeapSize                              = 2132803584                                {product} {ergonomic}
   size_t MaxNewSize                               = 1279262720                                {product} {ergonomic}
   size_t MinHeapDeltaBytes                        = 1048576                                   {product} {ergonomic}
    uintx NonNMethodCodeHeapSize                   = 5830732                                {pd product} {ergonomic}
    uintx NonProfiledCodeHeapSize                  = 122913754                              {pd product} {ergonomic}
    uintx ProfiledCodeHeapSize                     = 122913754                              {pd product} {ergonomic}
    uintx ReservedCodeCacheSize                    = 251658240                              {pd product} {ergonomic}
     bool SegmentedCodeCache                       = true                                      {product} {ergonomic}
     bool UseCompressedClassPointers               = true                                 {lp64_product} {ergonomic}
     bool UseCompressedOops                        = true                                 {lp64_product} {ergonomic}
     bool UseG1GC                                  = true                                      {product} {ergonomic}
     bool UseLargePagesIndividualAllocation        = false                                  {pd product} {ergonomic}

Logging:
Log output configuration:
 #0: stdout all=warning uptime,level,tags
 #1: stderr all=off uptime,level,tags

Environment Variables:
PATH=C:\Program Files (x86)\Common Files\Oracle\Java\javapath;C:\Program Files\Microsoft\jdk-11.0.12.7-hotspot\bin;C:\Program Files (x86)\NVIDIA Corporation\PhysX\Common;C:\WINDOWS\system32;C:\WINDOWS;C:\WINDOWS\System32\Wbem;C:\WINDOWS\System32\WindowsPowerShell\v1.0\;C:\WINDOWS\System32\OpenSSH\;C:\Program Files\Azure Data Studio\bin;C:\Program Files\Microsoft SQL Server\Client SDK\ODBC\170\Tools\Binn\;C:\Program Files\dotnet\;C:\Program Files (x86)\Microsoft SQL Server\150\DTS\Binn\;C:\Program Files\Git\cmd;C:\Users\rafam\AppData\Local\Microsoft\WindowsApps;;C:\Users\rafam\AppData\Local\Programs\Microsoft VS Code\bin;C:\Program Files\Azure Data Studio\bin;C:\Users\rafam\.dotnet\tools
USERNAME=rafam
OS=Windows_NT
PROCESSOR_IDENTIFIER=Intel64 Family 6 Model 60 Stepping 3, GenuineIntel



---------------  S Y S T E M  ---------------

OS: Windows 10 , 64 bit Build 19041 (10.0.19041.1706)
OS uptime: 13 days 17:01 hours

CPU:total 4 (initial active 4) (2 cores per cpu, 2 threads per core) family 6 model 60 stepping 3 microcode 0x27, cmov, cx8, fxsr, mmx, sse, sse2, sse3, ssse3, sse4.1, sse4.2, popcnt, avx, avx2, aes, clmul, erms, lzcnt, ht, tsc, tscinvbit, bmi1, bmi2, fma

Memory: 4k page, system-wide physical 8134M (1082M free)
TotalPageFile size 8134M (AvailPageFile size 5M)
current process WorkingSet (physical memory assigned to process): 15M, peak: 15M
current process commit charge ("private bytes"): 185M, peak: 185M

vm_info: OpenJDK 64-Bit Server VM (11.0.12+7) for windows-amd64 JRE (11.0.12+7), built on Jul 21 2021 15:41:43 by "" with unknown MS VC++:1916

END.
