#
# There is insufficient memory for the Java Runtime Environment to continue.
# Native memory allocation (mmap) failed to map 233832448 bytes for Failed to commit area from 0x0000000090300000 to 0x000000009e200000 of length 233832448.
# Possible reasons:
#   The system is out of physical RAM or swap space
#   The process is running with CompressedOops enabled, and the Java Heap may be blocking the growth of the native heap
# Possible solutions:
#   Reduce memory load on the system
#   Increase physical memory or swap space
#   Check if swap backing store is full
#   Decrease Java heap size (-Xmx/-Xms)
#   Decrease number of Java threads
#   Decrease Java thread stack sizes (-Xss)
#   Set larger code cache with -XX:ReservedCodeCacheSize=
#   JVM is running with Unscaled Compressed Oops mode in which the Java heap is
#     placed in the first 4GB address space. The Java Heap base address is the
#     maximum limit for the native heap growth. Please use -XX:HeapBaseMinAddress
#     to set the Java Heap base and to place the Java Heap above 4GB virtual address.
# This output file may be truncated or incomplete.
#
#  Out of Memory Error (./src/hotspot/os/windows/os_windows.cpp:3380), pid=1252, tid=10500
#
# JRE version: OpenJDK Runtime Environment Microsoft-25199 (11.0.12+7) (build 11.0.12+7)
# Java VM: OpenJDK 64-Bit Server VM Microsoft-25199 (11.0.12+7, mixed mode, tiered, compressed oops, g1 gc, windows-amd64)
# No core dump will be written. Minidumps are not enabled by default on client versions of Windows
#

---------------  S U M M A R Y ------------

Command Line: -Dapplication.home=C:\Program Files\Microsoft\jdk-11.0.12.7-hotspot --add-modules=ALL-DEFAULT -Xms8m -Dfile.encoding=UTF8 -Djdk.module.main=jdk.compiler jdk.compiler/com.sun.tools.javac.Main @C:\Users\rafam\AppData\Local\Temp\tmp3D09.tmp -target 1.8 -source 1.8

Host: Intel(R) Core(TM) i3-4150 CPU @ 3.50GHz, 4 cores, 7G,  Windows 10 , 64 bit Build 19041 (10.0.19041.1706)
Time: Thu May 19 17:15:56 2022 Hora oficial do Brasil elapsed time: 7.549745 seconds (0d 0h 0m 7s)

---------------  T H R E A D  ---------------

Current thread (0x0000018ca3d5a000):  VMThread "VM Thread" [stack: 0x00000061a3d00000,0x00000061a3e00000] [id=10500]

Stack: [0x00000061a3d00000,0x00000061a3e00000]
[error occurred during error reporting (printing stack bounds), id 0xc0000005, EXCEPTION_ACCESS_VIOLATION (0xc0000005) at pc=0x0000018c8cdf112d]

Native frames: (J=compiled Java code, j=interpreted, Vv=VM code, C=native code)
V  [jvm.dll+0x6090fa]
V  [jvm.dll+0x79229e]
V  [jvm.dll+0x79396f]
V  [jvm.dll+0x793f95]
V  [jvm.dll+0x793f4b]
V  [jvm.dll+0x608487]
V  [jvm.dll+0x608b98]
C  [ntdll.dll+0xa209f]
C  [ntdll.dll+0x51454]
C  [ntdll.dll+0xa0bce]
C  0x0000018c8cdf112d

VM_Operation (0x00000061a37fe2b0): G1CollectForAllocation, mode: safepoint, requested by thread 0x0000018c846c8800


---------------  P R O C E S S  ---------------

Threads class SMR info:
_java_thread_list=0x0000018ca465deb0, length=11, elements={
0x0000018c846c8800, 0x0000018ca3d80000, 0x0000018ca3d89800, 0x0000018ca3df0800,
0x0000018ca3d99000, 0x0000018ca3d9b000, 0x0000018ca3da1800, 0x0000018ca3da4000,
0x0000018ca3df9000, 0x0000018ca4082000, 0x0000018ca464c000
}

Java Threads: ( => current thread )
  0x0000018c846c8800 JavaThread "main" [_thread_blocked, id=4592, stack(0x00000061a3700000,0x00000061a3800000)]
  0x0000018ca3d80000 JavaThread "Reference Handler" daemon [_thread_blocked, id=8772, stack(0x00000061a3e00000,0x00000061a3f00000)]
  0x0000018ca3d89800 JavaThread "Finalizer" daemon [_thread_blocked, id=1448, stack(0x00000061a3f00000,0x00000061a4000000)]
  0x0000018ca3df0800 JavaThread "Signal Dispatcher" daemon [_thread_blocked, id=7504, stack(0x00000061a4000000,0x00000061a4100000)]
  0x0000018ca3d99000 JavaThread "Attach Listener" daemon [_thread_blocked, id=5220, stack(0x00000061a4100000,0x00000061a4200000)]
  0x0000018ca3d9b000 JavaThread "Service Thread" daemon [_thread_blocked, id=12328, stack(0x00000061a4200000,0x00000061a4300000)]
  0x0000018ca3da1800 JavaThread "C2 CompilerThread0" daemon [_thread_blocked, id=7780, stack(0x00000061a4300000,0x00000061a4400000)]
  0x0000018ca3da4000 JavaThread "C1 CompilerThread0" daemon [_thread_blocked, id=5696, stack(0x00000061a4400000,0x00000061a4500000)]
  0x0000018ca3df9000 JavaThread "Sweeper thread" daemon [_thread_blocked, id=5716, stack(0x00000061a4500000,0x00000061a4600000)]
  0x0000018ca4082000 JavaThread "Common-Cleaner" daemon [_thread_blocked, id=11964, stack(0x00000061a4600000,0x00000061a4700000)]
  0x0000018ca464c000 JavaThread "C2 CompilerThread1" daemon [_thread_blocked, id=5392, stack(0x00000061a4700000,0x00000061a4800000)]

Other Threads:
=>0x0000018ca3d5a000 VMThread "VM Thread" [stack: 0x00000061a3d00000,0x00000061a3e00000] [id=10500]
  0x0000018ca41dd000 WatcherThread [stack: 0x00000061a4800000,0x00000061a4900000] [id=11288]
  0x0000018c846e1000 GCTaskThread "GC Thread#0" [stack: 0x00000061a3800000,0x00000061a3900000] [id=8592]
  0x0000018ca4295800 GCTaskThread "GC Thread#1" [stack: 0x00000061a4900000,0x00000061a4a00000] [id=6472]
  0x0000018ca60d1000 GCTaskThread "GC Thread#2" [stack: 0x00000061a4c00000,0x00000061a4d00000] [id=2704]
  0x0000018ca60d1800 GCTaskThread "GC Thread#3" [stack: 0x00000061a4d00000,0x00000061a4e00000] [id=11932]
  0x0000018c84711800 ConcurrentGCThread "G1 Main Marker" [stack: 0x00000061a3900000,0x00000061a3a00000] [id=6532]
  0x0000018c84713000 ConcurrentGCThread "G1 Conc#0" [stack: 0x00000061a3a00000,0x00000061a3b00000] [id=11912]
  0x0000018c8472d000 ConcurrentGCThread "G1 Refine#0" [stack: 0x00000061a3b00000,0x00000061a3c00000] [id=11020]
  0x0000018ca5664000 ConcurrentGCThread "G1 Refine#1" [stack: 0x00000061a4a00000,0x00000061a4b00000] [id=3596]
  0x0000018ca5d35800 ConcurrentGCThread "G1 Refine#2" [stack: 0x00000061a4b00000,0x00000061a4c00000] [id=6060]
  0x0000018ca5b4a000 ConcurrentGCThread "G1 Refine#3" [stack: 0x00000061a4e00000,0x00000061a4f00000] [id=6692]
  0x0000018c8472f000 ConcurrentGCThread "G1 Young RemSet Sampling" [stack: 0x00000061a3c00000,0x00000061a3d00000] [id=8124]

Threads with active compile tasks:
C2 CompilerThread0   7564 4316       4       com.sun.tools.javac.code.Symbol::hiddenInInternal (205 bytes)
C2 CompilerThread1   7564 4110       4       com.sun.tools.javac.code.Symbol::isMemberOf (47 bytes)

VM state:at safepoint (normal execution)

VM Mutex/Monitor currently owned by a thread:  ([mutex/lock_event])
[0x0000018c846c5650] Threads_lock - owner thread: 0x0000018ca3d5a000
[0x0000018c846c4330] Heap_lock - owner thread: 0x0000018c846c8800

Heap address: 0x0000000080e00000, size: 2034 MB, Compressed Oops mode: 32-bit
Narrow klass base: 0x0000000000000000, Narrow klass shift: 3
Compressed class space size: 1073741824 Address: 0x0000000100000000

Heap:
 garbage-first heap   total 479232K, used 90190K [0x0000000080e00000, 0x0000000100000000)
  region size 1024K, 7 young (7168K), 7 survivors (7168K)
 Metaspace       used 18266K, capacity 18544K, committed 18688K, reserved 1067008K
  class space    used 1687K, capacity 1785K, committed 1792K, reserved 1048576K
Heap Regions: E=young(eden), S=young(survivor), O=old, HS=humongous(starts), HC=humongous(continues), CS=collection set, F=free, A=archive, TAMS=top-at-mark-start (previous, next)
|   0|0x0000000080e00000, 0x0000000080f00000, 0x0000000080f00000|100%| O|  |TAMS 0x0000000080f00000, 0x0000000080e00000| Untracked 
|   1|0x0000000080f00000, 0x0000000081000000, 0x0000000081000000|100%| O|  |TAMS 0x0000000081000000, 0x0000000080f00000| Untracked 
|   2|0x0000000081000000, 0x0000000081100000, 0x0000000081100000|100%| O|  |TAMS 0x0000000081100000, 0x0000000081000000| Untracked 
|   3|0x0000000081100000, 0x0000000081200000, 0x0000000081200000|100%| O|  |TAMS 0x0000000081200000, 0x0000000081100000| Untracked 
|   4|0x0000000081200000, 0x0000000081300000, 0x0000000081300000|100%| O|  |TAMS 0x0000000081300000, 0x0000000081200000| Untracked 
|   5|0x0000000081300000, 0x0000000081400000, 0x0000000081400000|100%| O|  |TAMS 0x0000000081400000, 0x0000000081300000| Untracked 
|   6|0x0000000081400000, 0x0000000081500000, 0x0000000081500000|100%| O|  |TAMS 0x0000000081500000, 0x0000000081400000| Untracked 
|   7|0x0000000081500000, 0x0000000081600000, 0x0000000081600000|100%| O|  |TAMS 0x0000000081600000, 0x0000000081500000| Untracked 
|   8|0x0000000081600000, 0x0000000081700000, 0x0000000081700000|100%|HS|  |TAMS 0x0000000081700000, 0x0000000081600000| Complete 
|   9|0x0000000081700000, 0x0000000081800000, 0x0000000081800000|100%|HC|  |TAMS 0x0000000081800000, 0x0000000081700000| Complete 
|  10|0x0000000081800000, 0x0000000081900000, 0x0000000081900000|100%|HC|  |TAMS 0x0000000081900000, 0x0000000081800000| Complete 
|  11|0x0000000081900000, 0x0000000081a00000, 0x0000000081a00000|100%| O|  |TAMS 0x0000000081a00000, 0x0000000081900000| Untracked 
|  12|0x0000000081a00000, 0x0000000081b00000, 0x0000000081b00000|100%|HS|  |TAMS 0x0000000081b00000, 0x0000000081a00000| Complete 
|  13|0x0000000081b00000, 0x0000000081c00000, 0x0000000081c00000|100%|HC|  |TAMS 0x0000000081c00000, 0x0000000081b00000| Complete 
|  14|0x0000000081c00000, 0x0000000081d00000, 0x0000000081d00000|100%|HC|  |TAMS 0x0000000081d00000, 0x0000000081c00000| Complete 
|  15|0x0000000081d00000, 0x0000000081e00000, 0x0000000081e00000|100%|HC|  |TAMS 0x0000000081e00000, 0x0000000081d00000| Complete 
|  16|0x0000000081e00000, 0x0000000081f00000, 0x0000000081f00000|100%|HC|  |TAMS 0x0000000081f00000, 0x0000000081e00000| Complete 
|  17|0x0000000081f00000, 0x0000000082000000, 0x0000000082000000|100%|HS|  |TAMS 0x0000000082000000, 0x0000000081f00000| Complete 
|  18|0x0000000082000000, 0x0000000082100000, 0x0000000082100000|100%|HS|  |TAMS 0x0000000082100000, 0x0000000082000000| Complete 
|  19|0x0000000082100000, 0x0000000082200000, 0x0000000082200000|100%| O|  |TAMS 0x0000000082100000, 0x0000000082100000| Untracked 
|  20|0x0000000082200000, 0x0000000082300000, 0x0000000082300000|100%| O|  |TAMS 0x0000000082300000, 0x0000000082200000| Untracked 
|  21|0x0000000082300000, 0x0000000082400000, 0x0000000082400000|100%| O|  |TAMS 0x0000000082400000, 0x0000000082300000| Untracked 
|  22|0x0000000082400000, 0x0000000082500000, 0x0000000082500000|100%| O|  |TAMS 0x0000000082500000, 0x0000000082400000| Untracked 
|  23|0x0000000082500000, 0x0000000082600000, 0x0000000082600000|100%| O|  |TAMS 0x0000000082600000, 0x0000000082500000| Untracked 
|  24|0x0000000082600000, 0x0000000082700000, 0x0000000082700000|100%|HS|  |TAMS 0x0000000082700000, 0x0000000082600000| Complete 
|  25|0x0000000082700000, 0x0000000082800000, 0x0000000082800000|100%| O|  |TAMS 0x0000000082800000, 0x0000000082700000| Untracked 
|  26|0x0000000082800000, 0x0000000082900000, 0x0000000082900000|100%| O|  |TAMS 0x0000000082900000, 0x0000000082800000| Untracked 
|  27|0x0000000082900000, 0x0000000082a00000, 0x0000000082a00000|100%| O|  |TAMS 0x0000000082a00000, 0x0000000082900000| Untracked 
|  28|0x0000000082a00000, 0x0000000082b00000, 0x0000000082b00000|100%|HS|  |TAMS 0x0000000082b00000, 0x0000000082a00000| Complete 
|  29|0x0000000082b00000, 0x0000000082c00000, 0x0000000082c00000|100%|HC|  |TAMS 0x0000000082c00000, 0x0000000082b00000| Complete 
|  30|0x0000000082c00000, 0x0000000082d00000, 0x0000000082d00000|100%| O|  |TAMS 0x0000000082d00000, 0x0000000082c00000| Untracked 
|  31|0x0000000082d00000, 0x0000000082e00000, 0x0000000082e00000|100%| O|  |TAMS 0x0000000082e00000, 0x0000000082d00000| Untracked 
|  32|0x0000000082e00000, 0x0000000082f00000, 0x0000000082f00000|100%| O|  |TAMS 0x0000000082f00000, 0x0000000082e00000| Untracked 
|  33|0x0000000082f00000, 0x0000000083000000, 0x0000000083000000|100%| O|  |TAMS 0x0000000083000000, 0x0000000082f00000| Untracked 
|  34|0x0000000083000000, 0x0000000083100000, 0x0000000083100000|100%| O|  |TAMS 0x0000000083100000, 0x0000000083000000| Untracked 
|  35|0x0000000083100000, 0x0000000083200000, 0x0000000083200000|100%| O|  |TAMS 0x0000000083200000, 0x0000000083100000| Untracked 
|  36|0x0000000083200000, 0x0000000083300000, 0x0000000083300000|100%| O|  |TAMS 0x0000000083300000, 0x0000000083200000| Untracked 
|  37|0x0000000083300000, 0x0000000083400000, 0x0000000083400000|100%| O|  |TAMS 0x0000000083400000, 0x0000000083300000| Untracked 
|  38|0x0000000083400000, 0x0000000083500000, 0x0000000083500000|100%| O|  |TAMS 0x0000000083500000, 0x0000000083400000| Untracked 
|  39|0x0000000083500000, 0x0000000083600000, 0x0000000083600000|100%| O|  |TAMS 0x0000000083600000, 0x0000000083500000| Untracked 
|  40|0x0000000083600000, 0x0000000083700000, 0x0000000083700000|100%| O|  |TAMS 0x0000000083700000, 0x0000000083600000| Untracked 
|  41|0x0000000083700000, 0x0000000083800000, 0x0000000083800000|100%| O|  |TAMS 0x0000000083800000, 0x0000000083700000| Untracked 
|  42|0x0000000083800000, 0x0000000083900000, 0x0000000083900000|100%| O|  |TAMS 0x0000000083900000, 0x0000000083800000| Untracked 
|  43|0x0000000083900000, 0x0000000083a00000, 0x0000000083a00000|100%| O|  |TAMS 0x0000000083a00000, 0x0000000083900000| Untracked 
|  44|0x0000000083a00000, 0x0000000083b00000, 0x0000000083b00000|100%| O|  |TAMS 0x0000000083b00000, 0x0000000083a00000| Untracked 
|  45|0x0000000083b00000, 0x0000000083c00000, 0x0000000083c00000|100%| O|  |TAMS 0x0000000083c00000, 0x0000000083b00000| Untracked 
|  46|0x0000000083c00000, 0x0000000083d00000, 0x0000000083d00000|100%| O|  |TAMS 0x0000000083d00000, 0x0000000083c00000| Untracked 
|  47|0x0000000083d00000, 0x0000000083e00000, 0x0000000083e00000|100%| O|  |TAMS 0x0000000083e00000, 0x0000000083d00000| Untracked 
|  48|0x0000000083e00000, 0x0000000083f00000, 0x0000000083f00000|100%| O|  |TAMS 0x0000000083f00000, 0x0000000083e00000| Untracked 
|  49|0x0000000083f00000, 0x0000000084000000, 0x0000000084000000|100%| O|  |TAMS 0x0000000084000000, 0x0000000083f00000| Untracked 
|  50|0x0000000084000000, 0x0000000084100000, 0x0000000084100000|100%| O|  |TAMS 0x0000000084100000, 0x0000000084000000| Untracked 
|  51|0x0000000084100000, 0x0000000084200000, 0x0000000084200000|100%| O|  |TAMS 0x0000000084200000, 0x0000000084100000| Untracked 
|  52|0x0000000084200000, 0x0000000084300000, 0x0000000084300000|100%| O|  |TAMS 0x0000000084300000, 0x0000000084200000| Untracked 
|  53|0x0000000084300000, 0x0000000084400000, 0x0000000084400000|100%| O|  |TAMS 0x0000000084400000, 0x0000000084300000| Untracked 
|  54|0x0000000084400000, 0x0000000084500000, 0x0000000084500000|100%| O|  |TAMS 0x0000000084500000, 0x0000000084400000| Untracked 
|  55|0x0000000084500000, 0x0000000084600000, 0x0000000084600000|100%| O|  |TAMS 0x0000000084600000, 0x0000000084500000| Untracked 
|  56|0x0000000084600000, 0x0000000084700000, 0x0000000084700000|100%| O|  |TAMS 0x0000000084700000, 0x0000000084600000| Untracked 
|  57|0x0000000084700000, 0x0000000084800000, 0x0000000084800000|100%| O|  |TAMS 0x0000000084800000, 0x0000000084700000| Untracked 
|  58|0x0000000084800000, 0x0000000084900000, 0x0000000084900000|100%| O|  |TAMS 0x0000000084900000, 0x0000000084800000| Untracked 
|  59|0x0000000084900000, 0x0000000084a00000, 0x0000000084a00000|100%| O|  |TAMS 0x0000000084a00000, 0x0000000084900000| Untracked 
|  60|0x0000000084a00000, 0x0000000084b00000, 0x0000000084b00000|100%| O|  |TAMS 0x0000000084b00000, 0x0000000084a00000| Untracked 
|  61|0x0000000084b00000, 0x0000000084c00000, 0x0000000084c00000|100%| O|  |TAMS 0x0000000084c00000, 0x0000000084b00000| Untracked 
|  62|0x0000000084c00000, 0x0000000084d00000, 0x0000000084d00000|100%| O|  |TAMS 0x0000000084d00000, 0x0000000084c00000| Untracked 
|  63|0x0000000084d00000, 0x0000000084e00000, 0x0000000084e00000|100%| O|  |TAMS 0x0000000084e00000, 0x0000000084d00000| Untracked 
|  64|0x0000000084e00000, 0x0000000084f00000, 0x0000000084f00000|100%| O|  |TAMS 0x0000000084f00000, 0x0000000084e00000| Untracked 
|  65|0x0000000084f00000, 0x0000000085000000, 0x0000000085000000|100%| O|  |TAMS 0x0000000084f80000, 0x0000000084f00000| Untracked 
|  66|0x0000000085000000, 0x0000000085100000, 0x0000000085100000|100%|HS|  |TAMS 0x0000000085000000, 0x0000000085000000| Complete 
|  67|0x0000000085100000, 0x0000000085200000, 0x0000000085200000|100%|HC|  |TAMS 0x0000000085100000, 0x0000000085100000| Complete 
|  68|0x0000000085200000, 0x0000000085300000, 0x0000000085300000|100%| O|  |TAMS 0x0000000085200000, 0x0000000085200000| Untracked 
|  69|0x0000000085300000, 0x0000000085400000, 0x0000000085400000|100%| O|  |TAMS 0x0000000085300000, 0x0000000085300000| Untracked 
|  70|0x0000000085400000, 0x0000000085500000, 0x0000000085500000|100%| O|  |TAMS 0x0000000085400000, 0x0000000085400000| Untracked 
|  71|0x0000000085500000, 0x0000000085600000, 0x0000000085600000|100%| O|  |TAMS 0x0000000085500000, 0x0000000085500000| Untracked 
|  72|0x0000000085600000, 0x0000000085700000, 0x0000000085700000|100%| O|  |TAMS 0x0000000085600000, 0x0000000085600000| Untracked 
|  73|0x0000000085700000, 0x0000000085800000, 0x0000000085800000|100%| O|  |TAMS 0x0000000085700000, 0x0000000085700000| Untracked 
|  74|0x0000000085800000, 0x0000000085900000, 0x0000000085900000|100%| O|  |TAMS 0x0000000085800000, 0x0000000085800000| Untracked 
|  75|0x0000000085900000, 0x0000000085a00000, 0x0000000085a00000|100%| O|  |TAMS 0x0000000085900000, 0x0000000085900000| Untracked 
|  76|0x0000000085a00000, 0x0000000085b00000, 0x0000000085b00000|100%| O|  |TAMS 0x0000000085a00000, 0x0000000085a00000| Untracked 
|  77|0x0000000085b00000, 0x0000000085c00000, 0x0000000085c00000|100%| O|  |TAMS 0x0000000085b00000, 0x0000000085b00000| Untracked 
|  78|0x0000000085c00000, 0x0000000085d00000, 0x0000000085d00000|100%| O|  |TAMS 0x0000000085c00000, 0x0000000085c00000| Untracked 
|  79|0x0000000085d00000, 0x0000000085e00000, 0x0000000085e00000|100%| O|  |TAMS 0x0000000085d00000, 0x0000000085d00000| Untracked 
|  80|0x0000000085e00000, 0x0000000085f00000, 0x0000000085f00000|100%| O|  |TAMS 0x0000000085e00000, 0x0000000085e00000| Untracked 
|  81|0x0000000085f00000, 0x0000000085f13800, 0x0000000086000000|  7%| O|  |TAMS 0x0000000085f00000, 0x0000000085f00000| Untracked 
|  82|0x0000000086000000, 0x0000000086000000, 0x0000000086100000|  0%| F|  |TAMS 0x0000000086000000, 0x0000000086000000| Untracked 
|  83|0x0000000086100000, 0x0000000086100000, 0x0000000086200000|  0%| F|  |TAMS 0x0000000086100000, 0x0000000086100000| Untracked 
|  84|0x0000000086200000, 0x0000000086200000, 0x0000000086300000|  0%| F|  |TAMS 0x0000000086200000, 0x0000000086200000| Untracked 
|  85|0x0000000086300000, 0x0000000086300000, 0x0000000086400000|  0%| F|  |TAMS 0x0000000086300000, 0x0000000086300000| Untracked 
|  86|0x0000000086400000, 0x0000000086400000, 0x0000000086500000|  0%| F|  |TAMS 0x0000000086400000, 0x0000000086400000| Untracked 
|  87|0x0000000086500000, 0x0000000086500000, 0x0000000086600000|  0%| F|  |TAMS 0x0000000086500000, 0x0000000086500000| Untracked 
|  88|0x0000000086600000, 0x0000000086600000, 0x0000000086700000|  0%| F|  |TAMS 0x0000000086600000, 0x0000000086600000| Untracked 
|  89|0x0000000086700000, 0x0000000086700000, 0x0000000086800000|  0%| F|  |TAMS 0x0000000086700000, 0x0000000086700000| Untracked 
|  90|0x0000000086800000, 0x0000000086800000, 0x0000000086900000|  0%| F|  |TAMS 0x0000000086800000, 0x0000000086800000| Untracked 
|  91|0x0000000086900000, 0x0000000086900000, 0x0000000086a00000|  0%| F|  |TAMS 0x0000000086900000, 0x0000000086900000| Untracked 
|  92|0x0000000086a00000, 0x0000000086a00000, 0x0000000086b00000|  0%| F|  |TAMS 0x0000000086a00000, 0x0000000086a00000| Untracked 
|  93|0x0000000086b00000, 0x0000000086b00000, 0x0000000086c00000|  0%| F|  |TAMS 0x0000000086b00000, 0x0000000086b00000| Untracked 
|  94|0x0000000086c00000, 0x0000000086c00000, 0x0000000086d00000|  0%| F|  |TAMS 0x0000000086c00000, 0x0000000086c00000| Untracked 
|  95|0x0000000086d00000, 0x0000000086d00000, 0x0000000086e00000|  0%| F|  |TAMS 0x0000000086d00000, 0x0000000086d00000| Untracked 
|  96|0x0000000086e00000, 0x0000000086e00000, 0x0000000086f00000|  0%| F|  |TAMS 0x0000000086e00000, 0x0000000086e00000| Untracked 
|  97|0x0000000086f00000, 0x0000000086f00000, 0x0000000087000000|  0%| F|  |TAMS 0x0000000086f00000, 0x0000000086f00000| Untracked 
|  98|0x0000000087000000, 0x0000000087000000, 0x0000000087100000|  0%| F|  |TAMS 0x0000000087000000, 0x0000000087000000| Untracked 
|  99|0x0000000087100000, 0x0000000087100000, 0x0000000087200000|  0%| F|  |TAMS 0x0000000087100000, 0x0000000087100000| Untracked 
| 100|0x0000000087200000, 0x0000000087200000, 0x0000000087300000|  0%| F|  |TAMS 0x0000000087200000, 0x0000000087200000| Untracked 
| 101|0x0000000087300000, 0x0000000087300000, 0x0000000087400000|  0%| F|  |TAMS 0x0000000087300000, 0x0000000087300000| Untracked 
| 102|0x0000000087400000, 0x0000000087400000, 0x0000000087500000|  0%| F|  |TAMS 0x0000000087400000, 0x0000000087400000| Untracked 
| 103|0x0000000087500000, 0x0000000087500000, 0x0000000087600000|  0%| F|  |TAMS 0x0000000087500000, 0x0000000087500000| Untracked 
| 104|0x0000000087600000, 0x0000000087600000, 0x0000000087700000|  0%| F|  |TAMS 0x0000000087600000, 0x0000000087600000| Untracked 
| 105|0x0000000087700000, 0x0000000087700000, 0x0000000087800000|  0%| F|  |TAMS 0x0000000087700000, 0x0000000087700000| Untracked 
| 106|0x0000000087800000, 0x0000000087800000, 0x0000000087900000|  0%| F|  |TAMS 0x0000000087800000, 0x0000000087800000| Untracked 
| 107|0x0000000087900000, 0x0000000087900000, 0x0000000087a00000|  0%| F|  |TAMS 0x0000000087900000, 0x0000000087900000| Untracked 
| 108|0x0000000087a00000, 0x0000000087a00000, 0x0000000087b00000|  0%| F|  |TAMS 0x0000000087a00000, 0x0000000087a00000| Untracked 
| 109|0x0000000087b00000, 0x0000000087b00000, 0x0000000087c00000|  0%| F|  |TAMS 0x0000000087b00000, 0x0000000087b00000| Untracked 
| 110|0x0000000087c00000, 0x0000000087c00000, 0x0000000087d00000|  0%| F|  |TAMS 0x0000000087c00000, 0x0000000087c00000| Untracked 
| 111|0x0000000087d00000, 0x0000000087d00000, 0x0000000087e00000|  0%| F|  |TAMS 0x0000000087d00000, 0x0000000087d00000| Untracked 
| 112|0x0000000087e00000, 0x0000000087e00000, 0x0000000087f00000|  0%| F|  |TAMS 0x0000000087e00000, 0x0000000087e00000| Untracked 
| 113|0x0000000087f00000, 0x0000000087f00000, 0x0000000088000000|  0%| F|  |TAMS 0x0000000087f00000, 0x0000000087f00000| Untracked 
| 114|0x0000000088000000, 0x0000000088000000, 0x0000000088100000|  0%| F|  |TAMS 0x0000000088000000, 0x0000000088000000| Untracked 
| 115|0x0000000088100000, 0x0000000088100000, 0x0000000088200000|  0%| F|  |TAMS 0x0000000088100000, 0x0000000088100000| Untracked 
| 116|0x0000000088200000, 0x0000000088200000, 0x0000000088300000|  0%| F|  |TAMS 0x0000000088200000, 0x0000000088200000| Untracked 
| 117|0x0000000088300000, 0x0000000088300000, 0x0000000088400000|  0%| F|  |TAMS 0x0000000088300000, 0x0000000088300000| Untracked 
| 118|0x0000000088400000, 0x0000000088400000, 0x0000000088500000|  0%| F|  |TAMS 0x0000000088400000, 0x0000000088400000| Untracked 
| 119|0x0000000088500000, 0x0000000088500000, 0x0000000088600000|  0%| F|  |TAMS 0x0000000088500000, 0x0000000088500000| Untracked 
| 120|0x0000000088600000, 0x0000000088600000, 0x0000000088700000|  0%| F|  |TAMS 0x0000000088600000, 0x0000000088600000| Untracked 
| 121|0x0000000088700000, 0x0000000088700000, 0x0000000088800000|  0%| F|  |TAMS 0x0000000088700000, 0x0000000088700000| Untracked 
| 122|0x0000000088800000, 0x0000000088800000, 0x0000000088900000|  0%| F|  |TAMS 0x0000000088800000, 0x0000000088800000| Untracked 
| 123|0x0000000088900000, 0x0000000088900000, 0x0000000088a00000|  0%| F|  |TAMS 0x0000000088900000, 0x0000000088900000| Untracked 
| 124|0x0000000088a00000, 0x0000000088a00000, 0x0000000088b00000|  0%| F|  |TAMS 0x0000000088a00000, 0x0000000088a00000| Untracked 
| 125|0x0000000088b00000, 0x0000000088b00000, 0x0000000088c00000|  0%| F|  |TAMS 0x0000000088b00000, 0x0000000088b00000| Untracked 
| 126|0x0000000088c00000, 0x0000000088c00000, 0x0000000088d00000|  0%| F|  |TAMS 0x0000000088c00000, 0x0000000088c00000| Untracked 
| 127|0x0000000088d00000, 0x0000000088d00000, 0x0000000088e00000|  0%| F|  |TAMS 0x0000000088d00000, 0x0000000088d00000| Untracked 
| 128|0x0000000088e00000, 0x0000000088e00000, 0x0000000088f00000|  0%| F|  |TAMS 0x0000000088e00000, 0x0000000088e00000| Untracked 
| 129|0x0000000088f00000, 0x0000000088f00000, 0x0000000089000000|  0%| F|  |TAMS 0x0000000088f00000, 0x0000000088f00000| Untracked 
| 130|0x0000000089000000, 0x0000000089000000, 0x0000000089100000|  0%| F|  |TAMS 0x0000000089000000, 0x0000000089000000| Untracked 
| 131|0x0000000089100000, 0x0000000089100000, 0x0000000089200000|  0%| F|  |TAMS 0x0000000089100000, 0x0000000089100000| Untracked 
| 132|0x0000000089200000, 0x0000000089200000, 0x0000000089300000|  0%| F|  |TAMS 0x0000000089200000, 0x0000000089200000| Untracked 
| 133|0x0000000089300000, 0x0000000089300000, 0x0000000089400000|  0%| F|  |TAMS 0x0000000089300000, 0x0000000089300000| Untracked 
| 134|0x0000000089400000, 0x0000000089400000, 0x0000000089500000|  0%| F|  |TAMS 0x0000000089400000, 0x0000000089400000| Untracked 
| 135|0x0000000089500000, 0x0000000089500000, 0x0000000089600000|  0%| F|  |TAMS 0x0000000089500000, 0x0000000089500000| Untracked 
| 136|0x0000000089600000, 0x0000000089600000, 0x0000000089700000|  0%| F|  |TAMS 0x0000000089600000, 0x0000000089600000| Untracked 
| 137|0x0000000089700000, 0x0000000089700000, 0x0000000089800000|  0%| F|  |TAMS 0x0000000089700000, 0x0000000089700000| Untracked 
| 138|0x0000000089800000, 0x0000000089800000, 0x0000000089900000|  0%| F|  |TAMS 0x0000000089800000, 0x0000000089800000| Untracked 
| 139|0x0000000089900000, 0x0000000089900000, 0x0000000089a00000|  0%| F|  |TAMS 0x0000000089900000, 0x0000000089900000| Untracked 
| 140|0x0000000089a00000, 0x0000000089a00000, 0x0000000089b00000|  0%| F|  |TAMS 0x0000000089a00000, 0x0000000089a00000| Untracked 
| 141|0x0000000089b00000, 0x0000000089b00000, 0x0000000089c00000|  0%| F|  |TAMS 0x0000000089b00000, 0x0000000089b00000| Untracked 
| 142|0x0000000089c00000, 0x0000000089c00000, 0x0000000089d00000|  0%| F|  |TAMS 0x0000000089c00000, 0x0000000089c00000| Untracked 
| 143|0x0000000089d00000, 0x0000000089d00000, 0x0000000089e00000|  0%| F|  |TAMS 0x0000000089d00000, 0x0000000089d00000| Untracked 
| 144|0x0000000089e00000, 0x0000000089e00000, 0x0000000089f00000|  0%| F|  |TAMS 0x0000000089e00000, 0x0000000089e00000| Untracked 
| 145|0x0000000089f00000, 0x0000000089f00000, 0x000000008a000000|  0%| F|  |TAMS 0x0000000089f00000, 0x0000000089f00000| Untracked 
| 146|0x000000008a000000, 0x000000008a000000, 0x000000008a100000|  0%| F|  |TAMS 0x000000008a000000, 0x000000008a000000| Untracked 
| 147|0x000000008a100000, 0x000000008a100000, 0x000000008a200000|  0%| F|  |TAMS 0x000000008a100000, 0x000000008a100000| Untracked 
| 148|0x000000008a200000, 0x000000008a200000, 0x000000008a300000|  0%| F|  |TAMS 0x000000008a200000, 0x000000008a200000| Untracked 
| 149|0x000000008a300000, 0x000000008a300000, 0x000000008a400000|  0%| F|  |TAMS 0x000000008a300000, 0x000000008a300000| Untracked 
| 150|0x000000008a400000, 0x000000008a400000, 0x000000008a500000|  0%| F|  |TAMS 0x000000008a400000, 0x000000008a400000| Untracked 
| 151|0x000000008a500000, 0x000000008a500000, 0x000000008a600000|  0%| F|  |TAMS 0x000000008a500000, 0x000000008a500000| Untracked 
| 152|0x000000008a600000, 0x000000008a600000, 0x000000008a700000|  0%| F|  |TAMS 0x000000008a600000, 0x000000008a600000| Untracked 
| 153|0x000000008a700000, 0x000000008a800000, 0x000000008a800000|100%| S|CS|TAMS 0x000000008a700000, 0x000000008a700000| Complete 
| 154|0x000000008a800000, 0x000000008a900000, 0x000000008a900000|100%| S|CS|TAMS 0x000000008a800000, 0x000000008a800000| Complete 
| 155|0x000000008a900000, 0x000000008aa00000, 0x000000008aa00000|100%| S|CS|TAMS 0x000000008a900000, 0x000000008a900000| Complete 
| 156|0x000000008aa00000, 0x000000008ab00000, 0x000000008ab00000|100%| S|CS|TAMS 0x000000008aa00000, 0x000000008aa00000| Complete 
| 157|0x000000008ab00000, 0x000000008ac00000, 0x000000008ac00000|100%| S|CS|TAMS 0x000000008ab00000, 0x000000008ab00000| Complete 
| 158|0x000000008ac00000, 0x000000008ad00000, 0x000000008ad00000|100%| S|CS|TAMS 0x000000008ac00000, 0x000000008ac00000| Complete 
| 159|0x000000008ad00000, 0x000000008ae00000, 0x000000008ae00000|100%| S|CS|TAMS 0x000000008ad00000, 0x000000008ad00000| Complete 
| 160|0x000000008ae00000, 0x000000008ae00000, 0x000000008af00000|  0%| F|  |TAMS 0x000000008ae00000, 0x000000008ae00000| Untracked 
| 161|0x000000008af00000, 0x000000008af00000, 0x000000008b000000|  0%| F|  |TAMS 0x000000008af00000, 0x000000008af00000| Untracked 
| 162|0x000000008b000000, 0x000000008b000000, 0x000000008b100000|  0%| F|  |TAMS 0x000000008b000000, 0x000000008b000000| Untracked 
| 163|0x000000008b100000, 0x000000008b100000, 0x000000008b200000|  0%| F|  |TAMS 0x000000008b100000, 0x000000008b100000| Untracked 
| 164|0x000000008b200000, 0x000000008b200000, 0x000000008b300000|  0%| F|  |TAMS 0x000000008b200000, 0x000000008b200000| Untracked 
| 165|0x000000008b300000, 0x000000008b300000, 0x000000008b400000|  0%| F|  |TAMS 0x000000008b300000, 0x000000008b300000| Untracked 
| 166|0x000000008b400000, 0x000000008b400000, 0x000000008b500000|  0%| F|  |TAMS 0x000000008b400000, 0x000000008b400000| Untracked 
| 167|0x000000008b500000, 0x000000008b500000, 0x000000008b600000|  0%| F|  |TAMS 0x000000008b500000, 0x000000008b500000| Untracked 
| 168|0x000000008b600000, 0x000000008b600000, 0x000000008b700000|  0%| F|  |TAMS 0x000000008b600000, 0x000000008b600000| Untracked 
| 169|0x000000008b700000, 0x000000008b700000, 0x000000008b800000|  0%| F|  |TAMS 0x000000008b700000, 0x000000008b700000| Untracked 
| 170|0x000000008b800000, 0x000000008b800000, 0x000000008b900000|  0%| F|  |TAMS 0x000000008b800000, 0x000000008b800000| Untracked 
| 171|0x000000008b900000, 0x000000008b900000, 0x000000008ba00000|  0%| F|  |TAMS 0x000000008b900000, 0x000000008b900000| Untracked 
| 172|0x000000008ba00000, 0x000000008ba00000, 0x000000008bb00000|  0%| F|  |TAMS 0x000000008ba00000, 0x000000008ba00000| Untracked 
| 173|0x000000008bb00000, 0x000000008bb00000, 0x000000008bc00000|  0%| F|  |TAMS 0x000000008bb00000, 0x000000008bb00000| Untracked 
| 174|0x000000008bc00000, 0x000000008bc00000, 0x000000008bd00000|  0%| F|  |TAMS 0x000000008bc00000, 0x000000008bc00000| Untracked 
| 175|0x000000008bd00000, 0x000000008bd00000, 0x000000008be00000|  0%| F|  |TAMS 0x000000008bd00000, 0x000000008bd00000| Untracked 
| 176|0x000000008be00000, 0x000000008be00000, 0x000000008bf00000|  0%| F|  |TAMS 0x000000008be00000, 0x000000008be00000| Untracked 
| 177|0x000000008bf00000, 0x000000008bf00000, 0x000000008c000000|  0%| F|  |TAMS 0x000000008bf00000, 0x000000008bf00000| Untracked 
| 178|0x000000008c000000, 0x000000008c000000, 0x000000008c100000|  0%| F|  |TAMS 0x000000008c000000, 0x000000008c000000| Untracked 
| 179|0x000000008c100000, 0x000000008c100000, 0x000000008c200000|  0%| F|  |TAMS 0x000000008c100000, 0x000000008c100000| Untracked 
| 180|0x000000008c200000, 0x000000008c200000, 0x000000008c300000|  0%| F|  |TAMS 0x000000008c200000, 0x000000008c200000| Untracked 
| 181|0x000000008c300000, 0x000000008c300000, 0x000000008c400000|  0%| F|  |TAMS 0x000000008c300000, 0x000000008c300000| Untracked 
| 182|0x000000008c400000, 0x000000008c400000, 0x000000008c500000|  0%| F|  |TAMS 0x000000008c400000, 0x000000008c400000| Untracked 
| 183|0x000000008c500000, 0x000000008c500000, 0x000000008c600000|  0%| F|  |TAMS 0x000000008c500000, 0x000000008c500000| Untracked 
| 184|0x000000008c600000, 0x000000008c600000, 0x000000008c700000|  0%| F|  |TAMS 0x000000008c600000, 0x000000008c600000| Untracked 
| 185|0x000000008c700000, 0x000000008c700000, 0x000000008c800000|  0%| F|  |TAMS 0x000000008c700000, 0x000000008c700000| Untracked 
| 186|0x000000008c800000, 0x000000008c800000, 0x000000008c900000|  0%| F|  |TAMS 0x000000008c800000, 0x000000008c800000| Untracked 
| 187|0x000000008c900000, 0x000000008c900000, 0x000000008ca00000|  0%| F|  |TAMS 0x000000008c900000, 0x000000008c900000| Untracked 
| 188|0x000000008ca00000, 0x000000008ca00000, 0x000000008cb00000|  0%| F|  |TAMS 0x000000008ca00000, 0x000000008ca00000| Untracked 
| 189|0x000000008cb00000, 0x000000008cb00000, 0x000000008cc00000|  0%| F|  |TAMS 0x000000008cb00000, 0x000000008cb00000| Untracked 
| 190|0x000000008cc00000, 0x000000008cc00000, 0x000000008cd00000|  0%| F|  |TAMS 0x000000008cc00000, 0x000000008cc00000| Untracked 
| 191|0x000000008cd00000, 0x000000008cd00000, 0x000000008ce00000|  0%| F|  |TAMS 0x000000008cd00000, 0x000000008cd00000| Untracked 
| 192|0x000000008ce00000, 0x000000008ce00000, 0x000000008cf00000|  0%| F|  |TAMS 0x000000008ce00000, 0x000000008ce00000| Untracked 
| 193|0x000000008cf00000, 0x000000008cf00000, 0x000000008d000000|  0%| F|  |TAMS 0x000000008cf00000, 0x000000008cf00000| Untracked 
| 194|0x000000008d000000, 0x000000008d000000, 0x000000008d100000|  0%| F|  |TAMS 0x000000008d000000, 0x000000008d000000| Untracked 
| 195|0x000000008d100000, 0x000000008d100000, 0x000000008d200000|  0%| F|  |TAMS 0x000000008d100000, 0x000000008d100000| Untracked 
| 196|0x000000008d200000, 0x000000008d200000, 0x000000008d300000|  0%| F|  |TAMS 0x000000008d200000, 0x000000008d200000| Untracked 
| 197|0x000000008d300000, 0x000000008d300000, 0x000000008d400000|  0%| F|  |TAMS 0x000000008d300000, 0x000000008d300000| Untracked 
| 198|0x000000008d400000, 0x000000008d400000, 0x000000008d500000|  0%| F|  |TAMS 0x000000008d400000, 0x000000008d400000| Untracked 
| 199|0x000000008d500000, 0x000000008d500000, 0x000000008d600000|  0%| F|  |TAMS 0x000000008d500000, 0x000000008d500000| Untracked 
| 200|0x000000008d600000, 0x000000008d600000, 0x000000008d700000|  0%| F|  |TAMS 0x000000008d600000, 0x000000008d600000| Untracked 
| 201|0x000000008d700000, 0x000000008d700000, 0x000000008d800000|  0%| F|  |TAMS 0x000000008d700000, 0x000000008d700000| Untracked 
| 202|0x000000008d800000, 0x000000008d800000, 0x000000008d900000|  0%| F|  |TAMS 0x000000008d800000, 0x000000008d800000| Untracked 
| 203|0x000000008d900000, 0x000000008d900000, 0x000000008da00000|  0%| F|  |TAMS 0x000000008d900000, 0x000000008d900000| Untracked 
| 204|0x000000008da00000, 0x000000008da00000, 0x000000008db00000|  0%| F|  |TAMS 0x000000008da00000, 0x000000008da00000| Untracked 
| 205|0x000000008db00000, 0x000000008db00000, 0x000000008dc00000|  0%| F|  |TAMS 0x000000008db00000, 0x000000008db00000| Untracked 
| 206|0x000000008dc00000, 0x000000008dc00000, 0x000000008dd00000|  0%| F|  |TAMS 0x000000008dc00000, 0x000000008dc00000| Untracked 
| 207|0x000000008dd00000, 0x000000008dd00000, 0x000000008de00000|  0%| F|  |TAMS 0x000000008dd00000, 0x000000008dd00000| Untracked 
| 208|0x000000008de00000, 0x000000008de00000, 0x000000008df00000|  0%| F|  |TAMS 0x000000008de00000, 0x000000008de00000| Untracked 
| 209|0x000000008df00000, 0x000000008df00000, 0x000000008e000000|  0%| F|  |TAMS 0x000000008df00000, 0x000000008df00000| Untracked 
| 210|0x000000008e000000, 0x000000008e000000, 0x000000008e100000|  0%| F|  |TAMS 0x000000008e000000, 0x000000008e000000| Untracked 
| 211|0x000000008e100000, 0x000000008e100000, 0x000000008e200000|  0%| F|  |TAMS 0x000000008e100000, 0x000000008e100000| Untracked 
| 212|0x000000008e200000, 0x000000008e200000, 0x000000008e300000|  0%| F|  |TAMS 0x000000008e200000, 0x000000008e200000| Untracked 
| 213|0x000000008e300000, 0x000000008e300000, 0x000000008e400000|  0%| F|  |TAMS 0x000000008e300000, 0x000000008e300000| Untracked 
| 214|0x000000008e400000, 0x000000008e400000, 0x000000008e500000|  0%| F|  |TAMS 0x000000008e400000, 0x000000008e400000| Untracked 
| 215|0x000000008e500000, 0x000000008e500000, 0x000000008e600000|  0%| F|  |TAMS 0x000000008e500000, 0x000000008e500000| Untracked 
| 216|0x000000008e600000, 0x000000008e600000, 0x000000008e700000|  0%| F|  |TAMS 0x000000008e600000, 0x000000008e600000| Untracked 
| 217|0x000000008e700000, 0x000000008e700000, 0x000000008e800000|  0%| F|  |TAMS 0x000000008e700000, 0x000000008e700000| Untracked 
| 218|0x000000008e800000, 0x000000008e800000, 0x000000008e900000|  0%| F|  |TAMS 0x000000008e800000, 0x000000008e800000| Untracked 
| 219|0x000000008e900000, 0x000000008e900000, 0x000000008ea00000|  0%| F|  |TAMS 0x000000008e900000, 0x000000008e900000| Untracked 
| 220|0x000000008ea00000, 0x000000008ea00000, 0x000000008eb00000|  0%| F|  |TAMS 0x000000008ea00000, 0x000000008ea00000| Untracked 
| 221|0x000000008eb00000, 0x000000008eb00000, 0x000000008ec00000|  0%| F|  |TAMS 0x000000008eb00000, 0x000000008eb00000| Untracked 
| 222|0x000000008ec00000, 0x000000008ec00000, 0x000000008ed00000|  0%| F|  |TAMS 0x000000008ec00000, 0x000000008ec00000| Untracked 
| 223|0x000000008ed00000, 0x000000008ed00000, 0x000000008ee00000|  0%| F|  |TAMS 0x000000008ed00000, 0x000000008ed00000| Untracked 
| 224|0x000000008ee00000, 0x000000008ee00000, 0x000000008ef00000|  0%| F|  |TAMS 0x000000008ee00000, 0x000000008ee00000| Untracked 
| 225|0x000000008ef00000, 0x000000008ef00000, 0x000000008f000000|  0%| F|  |TAMS 0x000000008ef00000, 0x000000008ef00000| Untracked 
| 226|0x000000008f000000, 0x000000008f000000, 0x000000008f100000|  0%| F|  |TAMS 0x000000008f000000, 0x000000008f000000| Untracked 
| 227|0x000000008f100000, 0x000000008f100000, 0x000000008f200000|  0%| F|  |TAMS 0x000000008f100000, 0x000000008f100000| Untracked 
| 228|0x000000008f200000, 0x000000008f200000, 0x000000008f300000|  0%| F|  |TAMS 0x000000008f200000, 0x000000008f200000| Untracked 
| 229|0x000000008f300000, 0x000000008f300000, 0x000000008f400000|  0%| F|  |TAMS 0x000000008f300000, 0x000000008f300000| Untracked 
| 230|0x000000008f400000, 0x000000008f400000, 0x000000008f500000|  0%| F|  |TAMS 0x000000008f400000, 0x000000008f400000| Untracked 
| 231|0x000000008f500000, 0x000000008f500000, 0x000000008f600000|  0%| F|  |TAMS 0x000000008f500000, 0x000000008f500000| Untracked 
| 232|0x000000008f600000, 0x000000008f600000, 0x000000008f700000|  0%| F|  |TAMS 0x000000008f600000, 0x000000008f600000| Untracked 
| 233|0x000000008f700000, 0x000000008f700000, 0x000000008f800000|  0%| F|  |TAMS 0x000000008f700000, 0x000000008f700000| Untracked 
| 234|0x000000008f800000, 0x000000008f800000, 0x000000008f900000|  0%| F|  |TAMS 0x000000008f800000, 0x000000008f800000| Untracked 
| 235|0x000000008f900000, 0x000000008f900000, 0x000000008fa00000|  0%| F|  |TAMS 0x000000008f900000, 0x000000008f900000| Untracked 
| 236|0x000000008fa00000, 0x000000008fa00000, 0x000000008fb00000|  0%| F|  |TAMS 0x000000008fa00000, 0x000000008fa00000| Untracked 
| 237|0x000000008fb00000, 0x000000008fb00000, 0x000000008fc00000|  0%| F|  |TAMS 0x000000008fb00000, 0x000000008fb00000| Untracked 
| 238|0x000000008fc00000, 0x000000008fc00000, 0x000000008fd00000|  0%| F|  |TAMS 0x000000008fc00000, 0x000000008fc00000| Untracked 
| 239|0x000000008fd00000, 0x000000008fd00000, 0x000000008fe00000|  0%| F|  |TAMS 0x000000008fd00000, 0x000000008fd00000| Untracked 
| 240|0x000000008fe00000, 0x000000008fe00000, 0x000000008ff00000|  0%| F|  |TAMS 0x000000008fe00000, 0x000000008fe00000| Untracked 
| 241|0x000000008ff00000, 0x000000008ff00000, 0x0000000090000000|  0%| F|  |TAMS 0x000000008ff00000, 0x000000008ff00000| Untracked 
| 242|0x0000000090000000, 0x0000000090000000, 0x0000000090100000|  0%| F|  |TAMS 0x0000000090000000, 0x0000000090000000| Untracked 
| 243|0x0000000090100000, 0x0000000090100000, 0x0000000090200000|  0%| F|  |TAMS 0x0000000090100000, 0x0000000090100000| Untracked 
| 244|0x0000000090200000, 0x0000000090200000, 0x0000000090300000|  0%| F|  |TAMS 0x0000000090200000, 0x0000000090200000| Untracked 

Card table byte_map: [0x0000018c9c810000,0x0000018c9cc10000] _byte_map_base: 0x0000018c9c409000

Marking Bits (Prev, Next): (CMBitMap*) 0x0000018c84707f10, (CMBitMap*) 0x0000018c84707ed8
 Prev Bits: [0x0000018c9efe0000, 0x0000018ca0fa8000)
 Next Bits: [0x0000018c9d010000, 0x0000018c9efd8000)

Polling page: 0x0000018c82eb0000

Metaspace:

Usage:
  Non-class:     16.37 MB capacity,    16.19 MB ( 99%) used,   145.40 KB ( <1%) free+waste,    33.81 KB ( <1%) overhead. 
      Class:      1.74 MB capacity,     1.65 MB ( 95%) used,    84.74 KB (  5%) free+waste,    13.25 KB ( <1%) overhead. 
       Both:     18.11 MB capacity,    17.84 MB ( 99%) used,   230.14 KB (  1%) free+waste,    47.06 KB ( <1%) overhead. 

Virtual space:
  Non-class space:       18.00 MB reserved,      16.50 MB ( 92%) committed 
      Class space:        1.00 GB reserved,       1.75 MB ( <1%) committed 
             Both:        1.02 GB reserved,      18.25 MB (  2%) committed 

Chunk freelists:
   Non-Class:  9.00 KB
       Class:  7.00 KB
        Both:  16.00 KB

MaxMetaspaceSize: 17179869184.00 GB
CompressedClassSpaceSize: 1.00 GB
Initial GC threshold: 20.80 MB
Current GC threshold: 27.09 MB
CDS: off

CodeHeap 'non-profiled nmethods': size=120064Kb used=2435Kb max_used=2435Kb free=117628Kb
 bounds [0x0000018c948b0000, 0x0000018c94b20000, 0x0000018c9bdf0000]
CodeHeap 'profiled nmethods': size=120000Kb used=10376Kb max_used=10376Kb free=109623Kb
 bounds [0x0000018c8d380000, 0x0000018c8ddb0000, 0x0000018c948b0000]
CodeHeap 'non-nmethods': size=5696Kb used=1155Kb max_used=1217Kb free=4540Kb
 bounds [0x0000018c8cdf0000, 0x0000018c8d060000, 0x0000018c8d380000]
 total_blobs=4621 nmethods=4217 adapters=316
 compilation: enabled
              stopped_count=0, restarted_count=0
 full_count=0

Compilation events (20 events):
Event: 7.439 Thread 0x0000018ca3da1800 nmethod 4141 0x0000018c94b06110 code [0x0000018c94b063c0, 0x0000018c94b07898]
Event: 7.439 Thread 0x0000018ca3da1800 4313       4       com.sun.tools.javac.code.Scope$ScopeImpl$1::skipToNextMatchingEntry (48 bytes)
Event: 7.442 Thread 0x0000018ca3da1800 nmethod 4313 0x0000018c94b08690 code [0x0000018c94b08820, 0x0000018c94b089b8]
Event: 7.442 Thread 0x0000018ca3da1800 4150       4       com.sun.tools.javac.code.Types$13::visitClassType (136 bytes)
Event: 7.451 Thread 0x0000018ca3da4000 4314       2       com.sun.tools.javac.code.DeferredLintHandler::flush (65 bytes)
Event: 7.452 Thread 0x0000018ca3da4000 nmethod 4314 0x0000018c8dd9ca10 code [0x0000018c8dd9cc20, 0x0000018c8dd9d068]
Event: 7.477 Thread 0x0000018ca464c000 nmethod 4064 0x0000018c94b08b10 code [0x0000018c94b08f20, 0x0000018c94b0c378]
Event: 7.477 Thread 0x0000018ca3da1800 nmethod 4150 0x0000018c94b0e510 code [0x0000018c94b0e780, 0x0000018c94b0f678]
Event: 7.478 Thread 0x0000018ca3da4000 4317 %     3       com.sun.tools.javac.comp.Check::checkOverride @ 83 (370 bytes)
Event: 7.478 Thread 0x0000018ca3da1800 4316       4       com.sun.tools.javac.code.Symbol::hiddenInInternal (205 bytes)
Event: 7.479 Thread 0x0000018ca464c000 4224       4       com.sun.tools.javac.tree.TreeInfo$1DeclScanner::scan (17 bytes)
Event: 7.479 Thread 0x0000018ca464c000 nmethod 4224 0x0000018c94b10290 code [0x0000018c94b10420, 0x0000018c94b104b8]
Event: 7.479 Thread 0x0000018ca464c000 4223       4       com.sun.tools.javac.code.Types$5::visitClassType (10 bytes)
Event: 7.480 Thread 0x0000018ca464c000 nmethod 4223 0x0000018c94b10590 code [0x0000018c94b10740, 0x0000018c94b10808]
Event: 7.480 Thread 0x0000018ca464c000 4090       4       java.lang.ref.SoftReference::get (29 bytes)
Event: 7.481 Thread 0x0000018ca464c000 nmethod 4090 0x0000018c94b10910 code [0x0000018c94b10aa0, 0x0000018c94b10b78]
Event: 7.482 Thread 0x0000018ca464c000 4264       4       com.sun.tools.javac.code.Types$14::combineMetadata (87 bytes)
Event: 7.482 Thread 0x0000018ca3da4000 nmethod 4317% 0x0000018c8dd9d310 code [0x0000018c8dd9d880, 0x0000018c8dda10a8]
Event: 7.483 Thread 0x0000018ca464c000 nmethod 4264 0x0000018c94b10c10 code [0x0000018c94b10da0, 0x0000018c94b10e38]
Event: 7.483 Thread 0x0000018ca464c000 4110       4       com.sun.tools.javac.code.Symbol::isMemberOf (47 bytes)

GC Heap History (20 events):
Event: 1.969 GC heap after
{Heap after GC invocations=35 (full 0):
 garbage-first heap   total 51200K, used 18823K [0x0000000080e00000, 0x0000000100000000)
  region size 1024K, 1 young (1024K), 1 survivors (1024K)
 Metaspace       used 13785K, capacity 14004K, committed 14080K, reserved 1062912K
  class space    used 1436K, capacity 1503K, committed 1536K, reserved 1048576K
}
Event: 2.010 GC heap before
{Heap before GC invocations=36 (full 0):
 garbage-first heap   total 51200K, used 25991K [0x0000000080e00000, 0x0000000100000000)
  region size 1024K, 5 young (5120K), 1 survivors (1024K)
 Metaspace       used 13788K, capacity 14068K, committed 14336K, reserved 1062912K
  class space    used 1436K, capacity 1503K, committed 1536K, reserved 1048576K
}
Event: 2.015 GC heap after
{Heap after GC invocations=37 (full 0):
 garbage-first heap   total 51200K, used 20912K [0x0000000080e00000, 0x0000000100000000)
  region size 1024K, 2 young (2048K), 2 survivors (2048K)
 Metaspace       used 13788K, capacity 14068K, committed 14336K, reserved 1062912K
  class space    used 1436K, capacity 1503K, committed 1536K, reserved 1048576K
}
Event: 2.052 GC heap before
{Heap before GC invocations=38 (full 0):
 garbage-first heap   total 51200K, used 26032K [0x0000000080e00000, 0x0000000100000000)
  region size 1024K, 6 young (6144K), 2 survivors (2048K)
 Metaspace       used 13788K, capacity 14068K, committed 14336K, reserved 1062912K
  class space    used 1436K, capacity 1503K, committed 1536K, reserved 1048576K
}
Event: 2.060 GC heap after
{Heap after GC invocations=39 (full 0):
 garbage-first heap   total 102400K, used 24273K [0x0000000080e00000, 0x0000000100000000)
  region size 1024K, 2 young (2048K), 2 survivors (2048K)
 Metaspace       used 13788K, capacity 14068K, committed 14336K, reserved 1062912K
  class space    used 1436K, capacity 1503K, committed 1536K, reserved 1048576K
}
Event: 2.665 GC heap before
{Heap before GC invocations=40 (full 0):
 garbage-first heap   total 102400K, used 56017K [0x0000000080e00000, 0x0000000100000000)
  region size 1024K, 26 young (26624K), 2 survivors (2048K)
 Metaspace       used 15001K, capacity 15237K, committed 15488K, reserved 1062912K
  class space    used 1522K, capacity 1636K, committed 1664K, reserved 1048576K
}
Event: 2.685 GC heap after
{Heap after GC invocations=41 (full 0):
 garbage-first heap   total 102400K, used 34583K [0x0000000080e00000, 0x0000000100000000)
  region size 1024K, 4 young (4096K), 4 survivors (4096K)
 Metaspace       used 15001K, capacity 15237K, committed 15488K, reserved 1062912K
  class space    used 1522K, capacity 1636K, committed 1664K, reserved 1048576K
}
Event: 3.264 GC heap before
{Heap before GC invocations=41 (full 0):
 garbage-first heap   total 102400K, used 61207K [0x0000000080e00000, 0x0000000100000000)
  region size 1024K, 29 young (29696K), 4 survivors (4096K)
 Metaspace       used 15806K, capacity 16116K, committed 16384K, reserved 1064960K
  class space    used 1581K, capacity 1692K, committed 1792K, reserved 1048576K
}
Event: 3.287 GC heap after
{Heap after GC invocations=42 (full 0):
 garbage-first heap   total 102400K, used 45496K [0x0000000080e00000, 0x0000000100000000)
  region size 1024K, 4 young (4096K), 4 survivors (4096K)
 Metaspace       used 15806K, capacity 16116K, committed 16384K, reserved 1064960K
  class space    used 1581K, capacity 1692K, committed 1792K, reserved 1048576K
}
Event: 3.354 GC heap before
{Heap before GC invocations=42 (full 0):
 garbage-first heap   total 102400K, used 65976K [0x0000000080e00000, 0x0000000100000000)
  region size 1024K, 24 young (24576K), 4 survivors (4096K)
 Metaspace       used 15858K, capacity 16124K, committed 16384K, reserved 1064960K
  class space    used 1583K, capacity 1695K, committed 1792K, reserved 1048576K
}
Event: 3.387 GC heap after
{Heap after GC invocations=43 (full 0):
 garbage-first heap   total 102400K, used 61952K [0x0000000080e00000, 0x0000000100000000)
  region size 1024K, 3 young (3072K), 3 survivors (3072K)
 Metaspace       used 15858K, capacity 16124K, committed 16384K, reserved 1064960K
  class space    used 1583K, capacity 1695K, committed 1792K, reserved 1048576K
}
Event: 3.454 GC heap before
{Heap before GC invocations=43 (full 0):
 garbage-first heap   total 102400K, used 73216K [0x0000000080e00000, 0x0000000100000000)
  region size 1024K, 14 young (14336K), 3 survivors (3072K)
 Metaspace       used 15945K, capacity 16189K, committed 16384K, reserved 1064960K
  class space    used 1584K, capacity 1695K, committed 1792K, reserved 1048576K
}
Event: 3.485 GC heap after
{Heap after GC invocations=44 (full 0):
 garbage-first heap   total 250880K, used 69120K [0x0000000080e00000, 0x0000000100000000)
  region size 1024K, 2 young (2048K), 2 survivors (2048K)
 Metaspace       used 15945K, capacity 16189K, committed 16384K, reserved 1064960K
  class space    used 1584K, capacity 1695K, committed 1792K, reserved 1048576K
}
Event: 4.519 GC heap before
{Heap before GC invocations=45 (full 0):
 garbage-first heap   total 250880K, used 123392K [0x0000000080e00000, 0x0000000100000000)
  region size 1024K, 53 young (54272K), 2 survivors (2048K)
 Metaspace       used 17358K, capacity 17631K, committed 17664K, reserved 1064960K
  class space    used 1685K, capacity 1785K, committed 1792K, reserved 1048576K
}
Event: 4.542 GC heap after
{Heap after GC invocations=46 (full 0):
 garbage-first heap   total 250880K, used 79797K [0x0000000080e00000, 0x0000000100000000)
  region size 1024K, 7 young (7168K), 7 survivors (7168K)
 Metaspace       used 17358K, capacity 17631K, committed 17664K, reserved 1064960K
  class space    used 1685K, capacity 1785K, committed 1792K, reserved 1048576K
}
Event: 6.271 GC heap before
{Heap before GC invocations=46 (full 0):
 garbage-first heap   total 250880K, used 142261K [0x0000000080e00000, 0x0000000100000000)
  region size 1024K, 68 young (69632K), 7 survivors (7168K)
 Metaspace       used 18071K, capacity 18343K, committed 18432K, reserved 1067008K
  class space    used 1687K, capacity 1785K, committed 1792K, reserved 1048576K
}
Event: 6.294 GC heap after
{Heap after GC invocations=47 (full 0):
 garbage-first heap   total 250880K, used 83580K [0x0000000080e00000, 0x0000000100000000)
  region size 1024K, 4 young (4096K), 4 survivors (4096K)
 Metaspace       used 18071K, capacity 18343K, committed 18432K, reserved 1067008K
  class space    used 1687K, capacity 1785K, committed 1792K, reserved 1048576K
}
Event: 6.911 GC heap before
{Heap before GC invocations=47 (full 0):
 garbage-first heap   total 250880K, used 155260K [0x0000000080e00000, 0x0000000100000000)
  region size 1024K, 74 young (75776K), 4 survivors (4096K)
 Metaspace       used 18215K, capacity 18540K, committed 18688K, reserved 1067008K
  class space    used 1687K, capacity 1785K, committed 1792K, reserved 1048576K
}
Event: 6.926 GC heap after
{Heap after GC invocations=48 (full 0):
 garbage-first heap   total 250880K, used 86566K [0x0000000080e00000, 0x0000000100000000)
  region size 1024K, 7 young (7168K), 7 survivors (7168K)
 Metaspace       used 18215K, capacity 18540K, committed 18688K, reserved 1067008K
  class space    used 1687K, capacity 1785K, committed 1792K, reserved 1048576K
}
Event: 7.527 GC heap before
{Heap before GC invocations=48 (full 0):
 garbage-first heap   total 250880K, used 166438K [0x0000000080e00000, 0x0000000100000000)
  region size 1024K, 85 young (87040K), 7 survivors (7168K)
 Metaspace       used 18266K, capacity 18544K, committed 18688K, reserved 1067008K
  class space    used 1687K, capacity 1785K, committed 1792K, reserved 1048576K
}

Deoptimization events (20 events):
Event: 7.410 Thread 0x0000018c846c8800 Uncommon trap: trap_request=0xffffffde fr.pc=0x0000018c94ab4f5c relative=0x00000000000006dc
Event: 7.410 Thread 0x0000018c846c8800 Uncommon trap: reason=class_check action=maybe_recompile pc=0x0000018c94ab4f5c method=com.sun.tools.javac.code.Types.rank(Lcom/sun/tools/javac/code/Type;)I @ 123 c2
Event: 7.410 Thread 0x0000018c846c8800 DEOPT PACKING pc=0x0000018c94ab4f5c sp=0x00000061a37fe3b0
Event: 7.410 Thread 0x0000018c846c8800 DEOPT UNPACKING pc=0x0000018c8ce3a1af sp=0x00000061a37fe348 mode 2
Event: 7.410 Thread 0x0000018c846c8800 Uncommon trap: trap_request=0xffffffc6 fr.pc=0x0000018c94ab4d60 relative=0x00000000000004e0
Event: 7.410 Thread 0x0000018c846c8800 Uncommon trap: reason=bimorphic_or_optimized_type_check action=maybe_recompile pc=0x0000018c94ab4d60 method=com.sun.tools.javac.code.Types.rank(Lcom/sun/tools/javac/code/Type;)I @ 4 c2
Event: 7.410 Thread 0x0000018c846c8800 DEOPT PACKING pc=0x0000018c94ab4d60 sp=0x00000061a37fe310
Event: 7.410 Thread 0x0000018c846c8800 DEOPT UNPACKING pc=0x0000018c8ce3a1af sp=0x00000061a37fe2b8 mode 2
Event: 7.410 Thread 0x0000018c846c8800 Uncommon trap: trap_request=0xffffffc6 fr.pc=0x0000018c94ab4d60 relative=0x00000000000004e0
Event: 7.410 Thread 0x0000018c846c8800 Uncommon trap: reason=bimorphic_or_optimized_type_check action=maybe_recompile pc=0x0000018c94ab4d60 method=com.sun.tools.javac.code.Types.rank(Lcom/sun/tools/javac/code/Type;)I @ 4 c2
Event: 7.410 Thread 0x0000018c846c8800 DEOPT PACKING pc=0x0000018c94ab4d60 sp=0x00000061a37fe310
Event: 7.410 Thread 0x0000018c846c8800 DEOPT UNPACKING pc=0x0000018c8ce3a1af sp=0x00000061a37fe2b8 mode 2
Event: 7.411 Thread 0x0000018c846c8800 Uncommon trap: trap_request=0xffffffde fr.pc=0x0000018c94ab31bc relative=0x000000000000091c
Event: 7.411 Thread 0x0000018c846c8800 Uncommon trap: reason=class_check action=maybe_recompile pc=0x0000018c94ab31bc method=com.sun.tools.javac.code.Symbol$ClassSymbol.isSubClass(Lcom/sun/tools/javac/code/Symbol;Lcom/sun/tools/javac/code/Types;)Z @ 55 c2
Event: 7.411 Thread 0x0000018c846c8800 DEOPT PACKING pc=0x0000018c94ab31bc sp=0x00000061a37fe600
Event: 7.411 Thread 0x0000018c846c8800 DEOPT UNPACKING pc=0x0000018c8ce3a1af sp=0x00000061a37fe538 mode 2
Event: 7.422 Thread 0x0000018c846c8800 Uncommon trap: trap_request=0xffffff5c fr.pc=0x0000018c94a323ec relative=0x000000000000022c
Event: 7.422 Thread 0x0000018c846c8800 Uncommon trap: reason=speculate_null_assert action=make_not_entrant pc=0x0000018c94a323ec method=com.sun.tools.javac.code.DeferredLintHandler.flush(Lcom/sun/tools/javac/util/JCDiagnostic$DiagnosticPosition;)V @ 15 c2
Event: 7.422 Thread 0x0000018c846c8800 DEOPT PACKING pc=0x0000018c94a323ec sp=0x00000061a37fe9b0
Event: 7.422 Thread 0x0000018c846c8800 DEOPT UNPACKING pc=0x0000018c8ce3a1af sp=0x00000061a37fe948 mode 2

Classes redefined (0 events):
No events

Internal exceptions (20 events):
Event: 7.411 Thread 0x0000018c846c8800 Exception <a 'sun/nio/fs/WindowsException'{0x000000008c0709e0}> (0x000000008c0709e0) thrown at [./src/hotspot/share/prims/jni.cpp, line 615]
Event: 7.420 Thread 0x0000018c846c8800 Exception <a 'sun/nio/fs/WindowsException'{0x000000008bfc3fa0}> (0x000000008bfc3fa0) thrown at [./src/hotspot/share/prims/jni.cpp, line 615]
Event: 7.425 Thread 0x0000018c846c8800 Exception <a 'sun/nio/fs/WindowsException'{0x000000008be0dbe0}> (0x000000008be0dbe0) thrown at [./src/hotspot/share/prims/jni.cpp, line 615]
Event: 7.432 Thread 0x0000018c846c8800 Exception <a 'sun/nio/fs/WindowsException'{0x000000008bee25d8}> (0x000000008bee25d8) thrown at [./src/hotspot/share/prims/jni.cpp, line 615]
Event: 7.435 Thread 0x0000018c846c8800 Exception <a 'sun/nio/fs/WindowsException'{0x000000008beeb5d8}> (0x000000008beeb5d8) thrown at [./src/hotspot/share/prims/jni.cpp, line 615]
Event: 7.442 Thread 0x0000018c846c8800 Exception <a 'sun/nio/fs/WindowsException'{0x000000008bc49e70}> (0x000000008bc49e70) thrown at [./src/hotspot/share/prims/jni.cpp, line 615]
Event: 7.447 Thread 0x0000018c846c8800 Exception <a 'sun/nio/fs/WindowsException'{0x000000008bc7ed88}> (0x000000008bc7ed88) thrown at [./src/hotspot/share/prims/jni.cpp, line 615]
Event: 7.457 Thread 0x0000018c846c8800 Exception <a 'sun/nio/fs/WindowsException'{0x000000008ba25f58}> (0x000000008ba25f58) thrown at [./src/hotspot/share/prims/jni.cpp, line 615]
Event: 7.461 Thread 0x0000018c846c8800 Exception <a 'sun/nio/fs/WindowsException'{0x000000008ba7e208}> (0x000000008ba7e208) thrown at [./src/hotspot/share/prims/jni.cpp, line 615]
Event: 7.466 Thread 0x0000018c846c8800 Exception <a 'sun/nio/fs/WindowsException'{0x000000008baac648}> (0x000000008baac648) thrown at [./src/hotspot/share/prims/jni.cpp, line 615]
Event: 7.470 Thread 0x0000018c846c8800 Exception <a 'sun/nio/fs/WindowsException'{0x000000008baca6b8}> (0x000000008baca6b8) thrown at [./src/hotspot/share/prims/jni.cpp, line 615]
Event: 7.474 Thread 0x0000018c846c8800 Exception <a 'sun/nio/fs/WindowsException'{0x000000008b9043f8}> (0x000000008b9043f8) thrown at [./src/hotspot/share/prims/jni.cpp, line 615]
Event: 7.481 Thread 0x0000018c846c8800 Exception <a 'sun/nio/fs/WindowsException'{0x000000008b992ba0}> (0x000000008b992ba0) thrown at [./src/hotspot/share/prims/jni.cpp, line 615]
Event: 7.487 Thread 0x0000018c846c8800 Exception <a 'sun/nio/fs/WindowsException'{0x000000008b9b5080}> (0x000000008b9b5080) thrown at [./src/hotspot/share/prims/jni.cpp, line 615]
Event: 7.491 Thread 0x0000018c846c8800 Exception <a 'sun/nio/fs/WindowsException'{0x000000008b9ea1a0}> (0x000000008b9ea1a0) thrown at [./src/hotspot/share/prims/jni.cpp, line 615]
Event: 7.495 Thread 0x0000018c846c8800 Exception <a 'sun/nio/fs/WindowsException'{0x000000008b109c00}> (0x000000008b109c00) thrown at [./src/hotspot/share/prims/jni.cpp, line 615]
Event: 7.502 Thread 0x0000018c846c8800 Exception <a 'sun/nio/fs/WindowsException'{0x000000008b065cf8}> (0x000000008b065cf8) thrown at [./src/hotspot/share/prims/jni.cpp, line 615]
Event: 7.513 Thread 0x0000018c846c8800 Exception <a 'sun/nio/fs/WindowsException'{0x000000008ae7a2d0}> (0x000000008ae7a2d0) thrown at [./src/hotspot/share/prims/jni.cpp, line 615]
Event: 7.517 Thread 0x0000018c846c8800 Exception <a 'sun/nio/fs/WindowsException'{0x000000008ae9ef60}> (0x000000008ae9ef60) thrown at [./src/hotspot/share/prims/jni.cpp, line 615]
Event: 7.523 Thread 0x0000018c846c8800 Exception <a 'sun/nio/fs/WindowsException'{0x000000008aece080}> (0x000000008aece080) thrown at [./src/hotspot/share/prims/jni.cpp, line 615]

Events (20 events):
Event: 4.825 Executing VM operation: ICBufferFull
Event: 4.825 Executing VM operation: ICBufferFull done
Event: 5.549 Loaded shared library C:\Program Files\Microsoft\jdk-11.0.12.7-hotspot\bin\nio.dll
Event: 5.578 Executing VM operation: ICBufferFull
Event: 5.579 Executing VM operation: ICBufferFull done
Event: 5.861 Executing VM operation: ICBufferFull
Event: 5.862 Executing VM operation: ICBufferFull done
Event: 5.901 Executing VM operation: ICBufferFull
Event: 5.902 Executing VM operation: ICBufferFull done
Event: 5.990 Executing VM operation: ICBufferFull
Event: 5.990 Executing VM operation: ICBufferFull done
Event: 6.200 Executing VM operation: ICBufferFull
Event: 6.200 Executing VM operation: ICBufferFull done
Event: 6.271 Executing VM operation: G1CollectForAllocation
Event: 6.294 Executing VM operation: G1CollectForAllocation done
Event: 6.791 Executing VM operation: ICBufferFull
Event: 6.791 Executing VM operation: ICBufferFull done
Event: 6.910 Executing VM operation: G1CollectForAllocation
Event: 6.926 Executing VM operation: G1CollectForAllocation done
Event: 7.527 Executing VM operation: G1CollectForAllocation


Dynamic libraries:
0x00007ff6700d0000 - 0x00007ff6700d7000 	C:\Program Files\Microsoft\jdk-11.0.12.7-hotspot\bin\javac.exe
0x00007ff82e030000 - 0x00007ff82e225000 	C:\WINDOWS\SYSTEM32\ntdll.dll
0x00007ff82c820000 - 0x00007ff82c8dd000 	C:\WINDOWS\System32\KERNEL32.DLL
0x00007ff82bcf0000 - 0x00007ff82bfbd000 	C:\WINDOWS\System32\KERNELBASE.dll
0x00007ff82b8d0000 - 0x00007ff82b9d0000 	C:\WINDOWS\System32\ucrtbase.dll
0x00007ff80d410000 - 0x00007ff80d425000 	C:\Program Files\Microsoft\jdk-11.0.12.7-hotspot\bin\VCRUNTIME140.dll
0x00007ff80b760000 - 0x00007ff80b777000 	C:\Program Files\Microsoft\jdk-11.0.12.7-hotspot\bin\jli.dll
0x00007ff82c680000 - 0x00007ff82c820000 	C:\WINDOWS\System32\USER32.dll
0x00007ff82b7b0000 - 0x00007ff82b7d2000 	C:\WINDOWS\System32\win32u.dll
0x00007ff821fd0000 - 0x00007ff82226a000 	C:\WINDOWS\WinSxS\amd64_microsoft.windows.common-controls_6595b64144ccf1df_6.0.19041.1110_none_60b5254171f9507e\COMCTL32.dll
0x00007ff82c8e0000 - 0x00007ff82c90a000 	C:\WINDOWS\System32\GDI32.dll
0x00007ff82c5c0000 - 0x00007ff82c65e000 	C:\WINDOWS\System32\msvcrt.dll
0x00007ff82bb30000 - 0x00007ff82bc3b000 	C:\WINDOWS\System32\gdi32full.dll
0x00007ff82b7e0000 - 0x00007ff82b87d000 	C:\WINDOWS\System32\msvcp_win.dll
0x00007ff82d630000 - 0x00007ff82d660000 	C:\WINDOWS\System32\IMM32.DLL
0x00007fffb3f90000 - 0x00007fffb402b000 	C:\Program Files\Microsoft\jdk-11.0.12.7-hotspot\bin\msvcp140.dll
0x00007fffa5210000 - 0x00007fffa5d71000 	C:\Program Files\Microsoft\jdk-11.0.12.7-hotspot\bin\server\jvm.dll
0x00007ff82d660000 - 0x00007ff82d70e000 	C:\WINDOWS\System32\ADVAPI32.dll
0x00007ff82cae0000 - 0x00007ff82cb7c000 	C:\WINDOWS\System32\sechost.dll
0x00007ff82d480000 - 0x00007ff82d5a5000 	C:\WINDOWS\System32\RPCRT4.dll
0x00007ff82d710000 - 0x00007ff82d718000 	C:\WINDOWS\System32\PSAPI.DLL
0x00007ff811bb0000 - 0x00007ff811bb9000 	C:\WINDOWS\SYSTEM32\WSOCK32.dll
0x00007ff8273c0000 - 0x00007ff8273e7000 	C:\WINDOWS\SYSTEM32\WINMM.dll
0x00007ff82cda0000 - 0x00007ff82ce0b000 	C:\WINDOWS\System32\WS2_32.dll
0x00007ff822900000 - 0x00007ff82290a000 	C:\WINDOWS\SYSTEM32\VERSION.dll
0x00007ff829580000 - 0x00007ff829592000 	C:\WINDOWS\SYSTEM32\kernel.appcore.dll
0x00007ff80f4c0000 - 0x00007ff80f4d0000 	C:\Program Files\Microsoft\jdk-11.0.12.7-hotspot\bin\verify.dll
0x00007ff825e40000 - 0x00007ff826024000 	C:\WINDOWS\SYSTEM32\DBGHELP.DLL
0x00007ff825d80000 - 0x00007ff825dac000 	C:\WINDOWS\SYSTEM32\dbgcore.DLL
0x00007ff82bff0000 - 0x00007ff82c072000 	C:\WINDOWS\System32\bcryptPrimitives.dll
0x00007ff800730000 - 0x00007ff800758000 	C:\Program Files\Microsoft\jdk-11.0.12.7-hotspot\bin\java.dll
0x00007ff80f310000 - 0x00007ff80f31a000 	C:\Program Files\Microsoft\jdk-11.0.12.7-hotspot\bin\jimage.dll
0x00007ffffe890000 - 0x00007ffffe8a7000 	C:\Program Files\Microsoft\jdk-11.0.12.7-hotspot\bin\zip.dll
0x00007ff82d720000 - 0x00007ff82de64000 	C:\WINDOWS\System32\SHELL32.dll
0x00007ff829860000 - 0x00007ff829ff4000 	C:\WINDOWS\SYSTEM32\windows.storage.dll
0x00007ff82c080000 - 0x00007ff82c3d4000 	C:\WINDOWS\System32\combase.dll
0x00007ff82b0d0000 - 0x00007ff82b0fc000 	C:\WINDOWS\SYSTEM32\Wldp.dll
0x00007ff82cee0000 - 0x00007ff82cf8d000 	C:\WINDOWS\System32\SHCORE.dll
0x00007ff82cb80000 - 0x00007ff82cbd5000 	C:\WINDOWS\System32\shlwapi.dll
0x00007ff82b680000 - 0x00007ff82b69f000 	C:\WINDOWS\SYSTEM32\profapi.dll
0x00007fffe0ec0000 - 0x00007fffe0ed9000 	C:\Program Files\Microsoft\jdk-11.0.12.7-hotspot\bin\net.dll
0x00007ff825c50000 - 0x00007ff825d5a000 	C:\WINDOWS\SYSTEM32\WINHTTP.dll
0x00007ff82ae30000 - 0x00007ff82ae9a000 	C:\WINDOWS\system32\mswsock.dll
0x00007fffdee50000 - 0x00007fffdee62000 	C:\Program Files\Microsoft\jdk-11.0.12.7-hotspot\bin\nio.dll

dbghelp: loaded successfully - version: 4.0.5 - missing functions: none
symbol engine: initialized successfully - sym options: 0x614 - pdb path: .;C:\Program Files\Microsoft\jdk-11.0.12.7-hotspot\bin;C:\WINDOWS\SYSTEM32;C:\WINDOWS\WinSxS\amd64_microsoft.windows.common-controls_6595b64144ccf1df_6.0.19041.1110_none_60b5254171f9507e;C:\Program Files\Microsoft\jdk-11.0.12.7-hotspot\bin\server

VM Arguments:
jvm_args: -Dapplication.home=C:\Program Files\Microsoft\jdk-11.0.12.7-hotspot --add-modules=ALL-DEFAULT -Xms8m -Dfile.encoding=UTF8 -Djdk.module.main=jdk.compiler 
java_command: jdk.compiler/com.sun.tools.javac.Main @C:\Users\rafam\AppData\Local\Temp\tmp3D09.tmp -target 1.8 -source 1.8
java_class_path (initial): <not set>
Launcher Type: SUN_STANDARD

[Global flags]
     intx CICompilerCount                          = 3                                         {product} {ergonomic}
     uint ConcGCThreads                            = 1                                         {product} {ergonomic}
     uint G1ConcRefinementThreads                  = 4                                         {product} {ergonomic}
   size_t G1HeapRegionSize                         = 1048576                                   {product} {ergonomic}
    uintx GCDrainStackTargetSize                   = 64                                        {product} {ergonomic}
   size_t InitialHeapSize                          = 8388608                                   {product} {command line}
   size_t MarkStackSize                            = 4194304                                   {product} {ergonomic}
   size_t MaxHeapSize                              = 2132803584                                {product} {ergonomic}
   size_t MaxNewSize                               = 1279262720                                {product} {ergonomic}
   size_t MinHeapDeltaBytes                        = 1048576                                   {product} {ergonomic}
    uintx NonNMethodCodeHeapSize                   = 5830732                                {pd product} {ergonomic}
    uintx NonProfiledCodeHeapSize                  = 122913754                              {pd product} {ergonomic}
    uintx ProfiledCodeHeapSize                     = 122913754                              {pd product} {ergonomic}
    uintx ReservedCodeCacheSize                    = 251658240                              {pd product} {ergonomic}
     bool SegmentedCodeCache                       = true                                      {product} {ergonomic}
     bool UseCompressedClassPointers               = true                                 {lp64_product} {ergonomic}
     bool UseCompressedOops                        = true                                 {lp64_product} {ergonomic}
     bool UseG1GC                                  = true                                      {product} {ergonomic}
     bool UseLargePagesIndividualAllocation        = false                                  {pd product} {ergonomic}

Logging:
Log output configuration:
 #0: stdout all=warning uptime,level,tags
 #1: stderr all=off uptime,level,tags

Environment Variables:
PATH=C:\Program Files (x86)\Common Files\Oracle\Java\javapath;C:\Program Files\Microsoft\jdk-11.0.12.7-hotspot\bin;C:\Program Files (x86)\NVIDIA Corporation\PhysX\Common;C:\WINDOWS\system32;C:\WINDOWS;C:\WINDOWS\System32\Wbem;C:\WINDOWS\System32\WindowsPowerShell\v1.0\;C:\WINDOWS\System32\OpenSSH\;C:\Program Files\Azure Data Studio\bin;C:\Program Files\Microsoft SQL Server\Client SDK\ODBC\170\Tools\Binn\;C:\Program Files\dotnet\;C:\Program Files (x86)\Microsoft SQL Server\150\DTS\Binn\;C:\Program Files\Git\cmd;C:\Users\rafam\AppData\Local\Microsoft\WindowsApps;;C:\Users\rafam\AppData\Local\Programs\Microsoft VS Code\bin;C:\Program Files\Azure Data Studio\bin;C:\Users\rafam\.dotnet\tools
USERNAME=rafam
OS=Windows_NT
PROCESSOR_IDENTIFIER=Intel64 Family 6 Model 60 Stepping 3, GenuineIntel



---------------  S Y S T E M  ---------------

OS: Windows 10 , 64 bit Build 19041 (10.0.19041.1706)
OS uptime: 7 days 17:09 hours

CPU:total 4 (initial active 4) (2 cores per cpu, 2 threads per core) family 6 model 60 stepping 3 microcode 0x27, cmov, cx8, fxsr, mmx, sse, sse2, sse3, ssse3, sse4.1, sse4.2, popcnt, avx, avx2, aes, clmul, erms, lzcnt, ht, tsc, tscinvbit, bmi1, bmi2, fma

Memory: 4k page, system-wide physical 8134M (1113M free)
TotalPageFile size 8134M (AvailPageFile size 153M)
current process WorkingSet (physical memory assigned to process): 298M, peak: 298M
current process commit charge ("private bytes"): 381M, peak: 604M

vm_info: OpenJDK 64-Bit Server VM (11.0.12+7) for windows-amd64 JRE (11.0.12+7), built on Jul 21 2021 15:41:43 by "" with unknown MS VC++:1916

END.
