#
# There is insufficient memory for the Java Runtime Environment to continue.
# Native memory allocation (malloc) failed to allocate 405776 bytes for Chunk::new
# Possible reasons:
#   The system is out of physical RAM or swap space
#   The process is running with CompressedOops enabled, and the Java Heap may be blocking the growth of the native heap
# Possible solutions:
#   Reduce memory load on the system
#   Increase physical memory or swap space
#   Check if swap backing store is full
#   Decrease Java heap size (-Xmx/-Xms)
#   Decrease number of Java threads
#   Decrease Java thread stack sizes (-Xss)
#   Set larger code cache with -XX:ReservedCodeCacheSize=
#   JVM is running with Unscaled Compressed Oops mode in which the Java heap is
#     placed in the first 4GB address space. The Java Heap base address is the
#     maximum limit for the native heap growth. Please use -XX:HeapBaseMinAddress
#     to set the Java Heap base and to place the Java Heap above 4GB virtual address.
# This output file may be truncated or incomplete.
#
#  Out of Memory Error (./src/hotspot/share/memory/arena.cpp:197), pid=1664, tid=5448
#
# JRE version: OpenJDK Runtime Environment Microsoft-25199 (11.0.12+7) (build 11.0.12+7)
# Java VM: OpenJDK 64-Bit Server VM Microsoft-25199 (11.0.12+7, mixed mode, tiered, compressed oops, g1 gc, windows-amd64)
# No core dump will be written. Minidumps are not enabled by default on client versions of Windows
#

---------------  S U M M A R Y ------------

Command Line: com.xamarin.androidx.jetifierWrapper.Main -intermediate obj\Debug\120\androidx\_AndroidXJetifyManifest.jetify -parallel

Host: Intel(R) Core(TM) i3-4150 CPU @ 3.50GHz, 4 cores, 7G,  Windows 10 , 64 bit Build 19041 (10.0.19041.1706)
Time: Fri Jun 10 03:55:04 2022 Hora oficial do Brasil elapsed time: 0.356051 seconds (0d 0h 0m 0s)

---------------  T H R E A D  ---------------

Current thread (0x000002baddea7000):  JavaThread "C2 CompilerThread1" daemon [_thread_in_native, id=5448, stack(0x000000d828c00000,0x000000d828d00000)]


Current CompileTask:
C2:    356  454       4       java.util.TreeMap::put (247 bytes)

Stack: [0x000000d828c00000,0x000000d828d00000]
Native frames: (J=compiled Java code, j=interpreted, Vv=VM code, C=native code)
V  [jvm.dll+0x6090fa]
V  [jvm.dll+0x79229e]
V  [jvm.dll+0x79396f]
V  [jvm.dll+0x794033]
V  [jvm.dll+0x24bed8]
V  [jvm.dll+0xc219c]
V  [jvm.dll+0xc275c]
V  [jvm.dll+0x3548a7]
V  [jvm.dll+0x321fb3]
V  [jvm.dll+0x3212ea]
V  [jvm.dll+0x205585]
V  [jvm.dll+0x20476d]
V  [jvm.dll+0x18996c]
V  [jvm.dll+0x213dd7]
V  [jvm.dll+0x211f9b]
V  [jvm.dll+0x7563a9]
V  [jvm.dll+0x74f414]
V  [jvm.dll+0x607f56]
C  [ucrtbase.dll+0x21bb2]
C  [KERNEL32.DLL+0x17034]
C  [ntdll.dll+0x52651]


---------------  P R O C E S S  ---------------

Threads class SMR info:
_java_thread_list=0x000002baddf69f30, length=11, elements={
0x000002babe406800, 0x000002badd365800, 0x000002badd36f000, 0x000002badd380800,
0x000002badd383000, 0x000002badd384000, 0x000002badd389000, 0x000002badd395800,
0x000002badd3a4000, 0x000002badde9a000, 0x000002baddea7000
}

Java Threads: ( => current thread )
  0x000002babe406800 JavaThread "main" [_thread_in_native, id=6984, stack(0x000000d827b00000,0x000000d827c00000)]
  0x000002badd365800 JavaThread "Reference Handler" daemon [_thread_blocked, id=9912, stack(0x000000d828200000,0x000000d828300000)]
  0x000002badd36f000 JavaThread "Finalizer" daemon [_thread_blocked, id=11136, stack(0x000000d828300000,0x000000d828400000)]
  0x000002badd380800 JavaThread "Signal Dispatcher" daemon [_thread_blocked, id=4536, stack(0x000000d828400000,0x000000d828500000)]
  0x000002badd383000 JavaThread "Attach Listener" daemon [_thread_blocked, id=5464, stack(0x000000d828500000,0x000000d828600000)]
  0x000002badd384000 JavaThread "Service Thread" daemon [_thread_blocked, id=9972, stack(0x000000d828600000,0x000000d828700000)]
  0x000002badd389000 JavaThread "C2 CompilerThread0" daemon [_thread_in_vm, id=7252, stack(0x000000d828700000,0x000000d828800000)]
  0x000002badd395800 JavaThread "C1 CompilerThread0" daemon [_thread_blocked, id=5020, stack(0x000000d828800000,0x000000d828900000)]
  0x000002badd3a4000 JavaThread "Sweeper thread" daemon [_thread_blocked, id=9796, stack(0x000000d828900000,0x000000d828a00000)]
  0x000002badde9a000 JavaThread "Common-Cleaner" daemon [_thread_blocked, id=5104, stack(0x000000d828b00000,0x000000d828c00000)]
=>0x000002baddea7000 JavaThread "C2 CompilerThread1" daemon [_thread_in_native, id=5448, stack(0x000000d828c00000,0x000000d828d00000)]

Other Threads:
  0x000002badd33d000 VMThread "VM Thread" [stack: 0x000000d828100000,0x000000d828200000] [id=7844]
  0x000002baddea6000 WatcherThread [stack: 0x000000d828a00000,0x000000d828b00000] [id=10576]
  0x000002babe41f000 GCTaskThread "GC Thread#0" [stack: 0x000000d827c00000,0x000000d827d00000] [id=6020]
  0x000002babe451000 ConcurrentGCThread "G1 Main Marker" [stack: 0x000000d827d00000,0x000000d827e00000] [id=5820]
  0x000002babe452800 ConcurrentGCThread "G1 Conc#0" [stack: 0x000000d827e00000,0x000000d827f00000] [id=9732]
  0x000002babe4e7800 ConcurrentGCThread "G1 Refine#0" [stack: 0x000000d827f00000,0x000000d828000000] [id=6332]
  0x000002babe4e9800 ConcurrentGCThread "G1 Young RemSet Sampling" [stack: 0x000000d828000000,0x000000d828100000] [id=8776]

Threads with active compile tasks:
C2 CompilerThread0    374  445       4       java.lang.String::compareTo (63 bytes)
C2 CompilerThread1    374  454       4       java.util.TreeMap::put (247 bytes)

VM state:not at safepoint (normal execution)

VM Mutex/Monitor currently owned by a thread: None

Heap address: 0x0000000080e00000, size: 2034 MB, Compressed Oops mode: 32-bit
Narrow klass base: 0x0000000000000000, Narrow klass shift: 3
Compressed class space size: 1073741824 Address: 0x0000000100000000

Heap:
 garbage-first heap   total 131072K, used 9216K [0x0000000080e00000, 0x0000000100000000)
  region size 1024K, 10 young (10240K), 0 survivors (0K)
 Metaspace       used 9713K, capacity 9887K, committed 10112K, reserved 1058816K
  class space    used 809K, capacity 848K, committed 896K, reserved 1048576K
Heap Regions: E=young(eden), S=young(survivor), O=old, HS=humongous(starts), HC=humongous(continues), CS=collection set, F=free, A=archive, TAMS=top-at-mark-start (previous, next)
|   0|0x0000000080e00000, 0x0000000080f00000, 0x0000000080f00000|100%|HS|  |TAMS 0x0000000080e00000, 0x0000000080e00000| Complete 
|   1|0x0000000080f00000, 0x0000000080f00000, 0x0000000081000000|  0%| F|  |TAMS 0x0000000080f00000, 0x0000000080f00000| Untracked 
|   2|0x0000000081000000, 0x0000000081000000, 0x0000000081100000|  0%| F|  |TAMS 0x0000000081000000, 0x0000000081000000| Untracked 
|   3|0x0000000081100000, 0x0000000081100000, 0x0000000081200000|  0%| F|  |TAMS 0x0000000081100000, 0x0000000081100000| Untracked 
|   4|0x0000000081200000, 0x0000000081200000, 0x0000000081300000|  0%| F|  |TAMS 0x0000000081200000, 0x0000000081200000| Untracked 
|   5|0x0000000081300000, 0x0000000081300000, 0x0000000081400000|  0%| F|  |TAMS 0x0000000081300000, 0x0000000081300000| Untracked 
|   6|0x0000000081400000, 0x0000000081400000, 0x0000000081500000|  0%| F|  |TAMS 0x0000000081400000, 0x0000000081400000| Untracked 
|   7|0x0000000081500000, 0x0000000081500000, 0x0000000081600000|  0%| F|  |TAMS 0x0000000081500000, 0x0000000081500000| Untracked 
|   8|0x0000000081600000, 0x0000000081600000, 0x0000000081700000|  0%| F|  |TAMS 0x0000000081600000, 0x0000000081600000| Untracked 
|   9|0x0000000081700000, 0x0000000081700000, 0x0000000081800000|  0%| F|  |TAMS 0x0000000081700000, 0x0000000081700000| Untracked 
|  10|0x0000000081800000, 0x0000000081800000, 0x0000000081900000|  0%| F|  |TAMS 0x0000000081800000, 0x0000000081800000| Untracked 
|  11|0x0000000081900000, 0x0000000081900000, 0x0000000081a00000|  0%| F|  |TAMS 0x0000000081900000, 0x0000000081900000| Untracked 
|  12|0x0000000081a00000, 0x0000000081a00000, 0x0000000081b00000|  0%| F|  |TAMS 0x0000000081a00000, 0x0000000081a00000| Untracked 
|  13|0x0000000081b00000, 0x0000000081b00000, 0x0000000081c00000|  0%| F|  |TAMS 0x0000000081b00000, 0x0000000081b00000| Untracked 
|  14|0x0000000081c00000, 0x0000000081c00000, 0x0000000081d00000|  0%| F|  |TAMS 0x0000000081c00000, 0x0000000081c00000| Untracked 
|  15|0x0000000081d00000, 0x0000000081d00000, 0x0000000081e00000|  0%| F|  |TAMS 0x0000000081d00000, 0x0000000081d00000| Untracked 
|  16|0x0000000081e00000, 0x0000000081e00000, 0x0000000081f00000|  0%| F|  |TAMS 0x0000000081e00000, 0x0000000081e00000| Untracked 
|  17|0x0000000081f00000, 0x0000000081f00000, 0x0000000082000000|  0%| F|  |TAMS 0x0000000081f00000, 0x0000000081f00000| Untracked 
|  18|0x0000000082000000, 0x0000000082000000, 0x0000000082100000|  0%| F|  |TAMS 0x0000000082000000, 0x0000000082000000| Untracked 
|  19|0x0000000082100000, 0x0000000082100000, 0x0000000082200000|  0%| F|  |TAMS 0x0000000082100000, 0x0000000082100000| Untracked 
|  20|0x0000000082200000, 0x0000000082200000, 0x0000000082300000|  0%| F|  |TAMS 0x0000000082200000, 0x0000000082200000| Untracked 
|  21|0x0000000082300000, 0x0000000082300000, 0x0000000082400000|  0%| F|  |TAMS 0x0000000082300000, 0x0000000082300000| Untracked 
|  22|0x0000000082400000, 0x0000000082400000, 0x0000000082500000|  0%| F|  |TAMS 0x0000000082400000, 0x0000000082400000| Untracked 
|  23|0x0000000082500000, 0x0000000082500000, 0x0000000082600000|  0%| F|  |TAMS 0x0000000082500000, 0x0000000082500000| Untracked 
|  24|0x0000000082600000, 0x0000000082600000, 0x0000000082700000|  0%| F|  |TAMS 0x0000000082600000, 0x0000000082600000| Untracked 
|  25|0x0000000082700000, 0x0000000082700000, 0x0000000082800000|  0%| F|  |TAMS 0x0000000082700000, 0x0000000082700000| Untracked 
|  26|0x0000000082800000, 0x0000000082800000, 0x0000000082900000|  0%| F|  |TAMS 0x0000000082800000, 0x0000000082800000| Untracked 
|  27|0x0000000082900000, 0x0000000082900000, 0x0000000082a00000|  0%| F|  |TAMS 0x0000000082900000, 0x0000000082900000| Untracked 
|  28|0x0000000082a00000, 0x0000000082a00000, 0x0000000082b00000|  0%| F|  |TAMS 0x0000000082a00000, 0x0000000082a00000| Untracked 
|  29|0x0000000082b00000, 0x0000000082b00000, 0x0000000082c00000|  0%| F|  |TAMS 0x0000000082b00000, 0x0000000082b00000| Untracked 
|  30|0x0000000082c00000, 0x0000000082c00000, 0x0000000082d00000|  0%| F|  |TAMS 0x0000000082c00000, 0x0000000082c00000| Untracked 
|  31|0x0000000082d00000, 0x0000000082d00000, 0x0000000082e00000|  0%| F|  |TAMS 0x0000000082d00000, 0x0000000082d00000| Untracked 
|  32|0x0000000082e00000, 0x0000000082e00000, 0x0000000082f00000|  0%| F|  |TAMS 0x0000000082e00000, 0x0000000082e00000| Untracked 
|  33|0x0000000082f00000, 0x0000000082f00000, 0x0000000083000000|  0%| F|  |TAMS 0x0000000082f00000, 0x0000000082f00000| Untracked 
|  34|0x0000000083000000, 0x0000000083000000, 0x0000000083100000|  0%| F|  |TAMS 0x0000000083000000, 0x0000000083000000| Untracked 
|  35|0x0000000083100000, 0x0000000083100000, 0x0000000083200000|  0%| F|  |TAMS 0x0000000083100000, 0x0000000083100000| Untracked 
|  36|0x0000000083200000, 0x0000000083200000, 0x0000000083300000|  0%| F|  |TAMS 0x0000000083200000, 0x0000000083200000| Untracked 
|  37|0x0000000083300000, 0x0000000083300000, 0x0000000083400000|  0%| F|  |TAMS 0x0000000083300000, 0x0000000083300000| Untracked 
|  38|0x0000000083400000, 0x0000000083400000, 0x0000000083500000|  0%| F|  |TAMS 0x0000000083400000, 0x0000000083400000| Untracked 
|  39|0x0000000083500000, 0x0000000083500000, 0x0000000083600000|  0%| F|  |TAMS 0x0000000083500000, 0x0000000083500000| Untracked 
|  40|0x0000000083600000, 0x0000000083600000, 0x0000000083700000|  0%| F|  |TAMS 0x0000000083600000, 0x0000000083600000| Untracked 
|  41|0x0000000083700000, 0x0000000083700000, 0x0000000083800000|  0%| F|  |TAMS 0x0000000083700000, 0x0000000083700000| Untracked 
|  42|0x0000000083800000, 0x0000000083800000, 0x0000000083900000|  0%| F|  |TAMS 0x0000000083800000, 0x0000000083800000| Untracked 
|  43|0x0000000083900000, 0x0000000083900000, 0x0000000083a00000|  0%| F|  |TAMS 0x0000000083900000, 0x0000000083900000| Untracked 
|  44|0x0000000083a00000, 0x0000000083a00000, 0x0000000083b00000|  0%| F|  |TAMS 0x0000000083a00000, 0x0000000083a00000| Untracked 
|  45|0x0000000083b00000, 0x0000000083b00000, 0x0000000083c00000|  0%| F|  |TAMS 0x0000000083b00000, 0x0000000083b00000| Untracked 
|  46|0x0000000083c00000, 0x0000000083c00000, 0x0000000083d00000|  0%| F|  |TAMS 0x0000000083c00000, 0x0000000083c00000| Untracked 
|  47|0x0000000083d00000, 0x0000000083d00000, 0x0000000083e00000|  0%| F|  |TAMS 0x0000000083d00000, 0x0000000083d00000| Untracked 
|  48|0x0000000083e00000, 0x0000000083e00000, 0x0000000083f00000|  0%| F|  |TAMS 0x0000000083e00000, 0x0000000083e00000| Untracked 
|  49|0x0000000083f00000, 0x0000000083f00000, 0x0000000084000000|  0%| F|  |TAMS 0x0000000083f00000, 0x0000000083f00000| Untracked 
|  50|0x0000000084000000, 0x0000000084000000, 0x0000000084100000|  0%| F|  |TAMS 0x0000000084000000, 0x0000000084000000| Untracked 
|  51|0x0000000084100000, 0x0000000084100000, 0x0000000084200000|  0%| F|  |TAMS 0x0000000084100000, 0x0000000084100000| Untracked 
|  52|0x0000000084200000, 0x0000000084200000, 0x0000000084300000|  0%| F|  |TAMS 0x0000000084200000, 0x0000000084200000| Untracked 
|  53|0x0000000084300000, 0x0000000084300000, 0x0000000084400000|  0%| F|  |TAMS 0x0000000084300000, 0x0000000084300000| Untracked 
|  54|0x0000000084400000, 0x0000000084400000, 0x0000000084500000|  0%| F|  |TAMS 0x0000000084400000, 0x0000000084400000| Untracked 
|  55|0x0000000084500000, 0x0000000084500000, 0x0000000084600000|  0%| F|  |TAMS 0x0000000084500000, 0x0000000084500000| Untracked 
|  56|0x0000000084600000, 0x0000000084600000, 0x0000000084700000|  0%| F|  |TAMS 0x0000000084600000, 0x0000000084600000| Untracked 
|  57|0x0000000084700000, 0x0000000084700000, 0x0000000084800000|  0%| F|  |TAMS 0x0000000084700000, 0x0000000084700000| Untracked 
|  58|0x0000000084800000, 0x0000000084800000, 0x0000000084900000|  0%| F|  |TAMS 0x0000000084800000, 0x0000000084800000| Untracked 
|  59|0x0000000084900000, 0x0000000084900000, 0x0000000084a00000|  0%| F|  |TAMS 0x0000000084900000, 0x0000000084900000| Untracked 
|  60|0x0000000084a00000, 0x0000000084a00000, 0x0000000084b00000|  0%| F|  |TAMS 0x0000000084a00000, 0x0000000084a00000| Untracked 
|  61|0x0000000084b00000, 0x0000000084b00000, 0x0000000084c00000|  0%| F|  |TAMS 0x0000000084b00000, 0x0000000084b00000| Untracked 
|  62|0x0000000084c00000, 0x0000000084c00000, 0x0000000084d00000|  0%| F|  |TAMS 0x0000000084c00000, 0x0000000084c00000| Untracked 
|  63|0x0000000084d00000, 0x0000000084d00000, 0x0000000084e00000|  0%| F|  |TAMS 0x0000000084d00000, 0x0000000084d00000| Untracked 
|  64|0x0000000084e00000, 0x0000000084e00000, 0x0000000084f00000|  0%| F|  |TAMS 0x0000000084e00000, 0x0000000084e00000| Untracked 
|  65|0x0000000084f00000, 0x0000000084f00000, 0x0000000085000000|  0%| F|  |TAMS 0x0000000084f00000, 0x0000000084f00000| Untracked 
|  66|0x0000000085000000, 0x0000000085000000, 0x0000000085100000|  0%| F|  |TAMS 0x0000000085000000, 0x0000000085000000| Untracked 
|  67|0x0000000085100000, 0x0000000085100000, 0x0000000085200000|  0%| F|  |TAMS 0x0000000085100000, 0x0000000085100000| Untracked 
|  68|0x0000000085200000, 0x0000000085200000, 0x0000000085300000|  0%| F|  |TAMS 0x0000000085200000, 0x0000000085200000| Untracked 
|  69|0x0000000085300000, 0x0000000085300000, 0x0000000085400000|  0%| F|  |TAMS 0x0000000085300000, 0x0000000085300000| Untracked 
|  70|0x0000000085400000, 0x0000000085400000, 0x0000000085500000|  0%| F|  |TAMS 0x0000000085400000, 0x0000000085400000| Untracked 
|  71|0x0000000085500000, 0x0000000085500000, 0x0000000085600000|  0%| F|  |TAMS 0x0000000085500000, 0x0000000085500000| Untracked 
|  72|0x0000000085600000, 0x0000000085600000, 0x0000000085700000|  0%| F|  |TAMS 0x0000000085600000, 0x0000000085600000| Untracked 
|  73|0x0000000085700000, 0x0000000085700000, 0x0000000085800000|  0%| F|  |TAMS 0x0000000085700000, 0x0000000085700000| Untracked 
|  74|0x0000000085800000, 0x0000000085800000, 0x0000000085900000|  0%| F|  |TAMS 0x0000000085800000, 0x0000000085800000| Untracked 
|  75|0x0000000085900000, 0x0000000085900000, 0x0000000085a00000|  0%| F|  |TAMS 0x0000000085900000, 0x0000000085900000| Untracked 
|  76|0x0000000085a00000, 0x0000000085a00000, 0x0000000085b00000|  0%| F|  |TAMS 0x0000000085a00000, 0x0000000085a00000| Untracked 
|  77|0x0000000085b00000, 0x0000000085b00000, 0x0000000085c00000|  0%| F|  |TAMS 0x0000000085b00000, 0x0000000085b00000| Untracked 
|  78|0x0000000085c00000, 0x0000000085c00000, 0x0000000085d00000|  0%| F|  |TAMS 0x0000000085c00000, 0x0000000085c00000| Untracked 
|  79|0x0000000085d00000, 0x0000000085d00000, 0x0000000085e00000|  0%| F|  |TAMS 0x0000000085d00000, 0x0000000085d00000| Untracked 
|  80|0x0000000085e00000, 0x0000000085e00000, 0x0000000085f00000|  0%| F|  |TAMS 0x0000000085e00000, 0x0000000085e00000| Untracked 
|  81|0x0000000085f00000, 0x0000000085f00000, 0x0000000086000000|  0%| F|  |TAMS 0x0000000085f00000, 0x0000000085f00000| Untracked 
|  82|0x0000000086000000, 0x0000000086000000, 0x0000000086100000|  0%| F|  |TAMS 0x0000000086000000, 0x0000000086000000| Untracked 
|  83|0x0000000086100000, 0x0000000086100000, 0x0000000086200000|  0%| F|  |TAMS 0x0000000086100000, 0x0000000086100000| Untracked 
|  84|0x0000000086200000, 0x0000000086200000, 0x0000000086300000|  0%| F|  |TAMS 0x0000000086200000, 0x0000000086200000| Untracked 
|  85|0x0000000086300000, 0x0000000086300000, 0x0000000086400000|  0%| F|  |TAMS 0x0000000086300000, 0x0000000086300000| Untracked 
|  86|0x0000000086400000, 0x0000000086400000, 0x0000000086500000|  0%| F|  |TAMS 0x0000000086400000, 0x0000000086400000| Untracked 
|  87|0x0000000086500000, 0x0000000086500000, 0x0000000086600000|  0%| F|  |TAMS 0x0000000086500000, 0x0000000086500000| Untracked 
|  88|0x0000000086600000, 0x0000000086600000, 0x0000000086700000|  0%| F|  |TAMS 0x0000000086600000, 0x0000000086600000| Untracked 
|  89|0x0000000086700000, 0x0000000086700000, 0x0000000086800000|  0%| F|  |TAMS 0x0000000086700000, 0x0000000086700000| Untracked 
|  90|0x0000000086800000, 0x0000000086800000, 0x0000000086900000|  0%| F|  |TAMS 0x0000000086800000, 0x0000000086800000| Untracked 
|  91|0x0000000086900000, 0x0000000086900000, 0x0000000086a00000|  0%| F|  |TAMS 0x0000000086900000, 0x0000000086900000| Untracked 
|  92|0x0000000086a00000, 0x0000000086a00000, 0x0000000086b00000|  0%| F|  |TAMS 0x0000000086a00000, 0x0000000086a00000| Untracked 
|  93|0x0000000086b00000, 0x0000000086b00000, 0x0000000086c00000|  0%| F|  |TAMS 0x0000000086b00000, 0x0000000086b00000| Untracked 
|  94|0x0000000086c00000, 0x0000000086c00000, 0x0000000086d00000|  0%| F|  |TAMS 0x0000000086c00000, 0x0000000086c00000| Untracked 
|  95|0x0000000086d00000, 0x0000000086d00000, 0x0000000086e00000|  0%| F|  |TAMS 0x0000000086d00000, 0x0000000086d00000| Untracked 
|  96|0x0000000086e00000, 0x0000000086e00000, 0x0000000086f00000|  0%| F|  |TAMS 0x0000000086e00000, 0x0000000086e00000| Untracked 
|  97|0x0000000086f00000, 0x0000000086f00000, 0x0000000087000000|  0%| F|  |TAMS 0x0000000086f00000, 0x0000000086f00000| Untracked 
|  98|0x0000000087000000, 0x0000000087000000, 0x0000000087100000|  0%| F|  |TAMS 0x0000000087000000, 0x0000000087000000| Untracked 
|  99|0x0000000087100000, 0x0000000087100000, 0x0000000087200000|  0%| F|  |TAMS 0x0000000087100000, 0x0000000087100000| Untracked 
| 100|0x0000000087200000, 0x0000000087200000, 0x0000000087300000|  0%| F|  |TAMS 0x0000000087200000, 0x0000000087200000| Untracked 
| 101|0x0000000087300000, 0x0000000087300000, 0x0000000087400000|  0%| F|  |TAMS 0x0000000087300000, 0x0000000087300000| Untracked 
| 102|0x0000000087400000, 0x0000000087400000, 0x0000000087500000|  0%| F|  |TAMS 0x0000000087400000, 0x0000000087400000| Untracked 
| 103|0x0000000087500000, 0x0000000087500000, 0x0000000087600000|  0%| F|  |TAMS 0x0000000087500000, 0x0000000087500000| Untracked 
| 104|0x0000000087600000, 0x0000000087600000, 0x0000000087700000|  0%| F|  |TAMS 0x0000000087600000, 0x0000000087600000| Untracked 
| 105|0x0000000087700000, 0x0000000087700000, 0x0000000087800000|  0%| F|  |TAMS 0x0000000087700000, 0x0000000087700000| Untracked 
| 106|0x0000000087800000, 0x0000000087800000, 0x0000000087900000|  0%| F|  |TAMS 0x0000000087800000, 0x0000000087800000| Untracked 
| 107|0x0000000087900000, 0x0000000087900000, 0x0000000087a00000|  0%| F|  |TAMS 0x0000000087900000, 0x0000000087900000| Untracked 
| 108|0x0000000087a00000, 0x0000000087a00000, 0x0000000087b00000|  0%| F|  |TAMS 0x0000000087a00000, 0x0000000087a00000| Untracked 
| 109|0x0000000087b00000, 0x0000000087b00000, 0x0000000087c00000|  0%| F|  |TAMS 0x0000000087b00000, 0x0000000087b00000| Untracked 
| 110|0x0000000087c00000, 0x0000000087c00000, 0x0000000087d00000|  0%| F|  |TAMS 0x0000000087c00000, 0x0000000087c00000| Untracked 
| 111|0x0000000087d00000, 0x0000000087d00000, 0x0000000087e00000|  0%| F|  |TAMS 0x0000000087d00000, 0x0000000087d00000| Untracked 
| 112|0x0000000087e00000, 0x0000000087e00000, 0x0000000087f00000|  0%| F|  |TAMS 0x0000000087e00000, 0x0000000087e00000| Untracked 
| 113|0x0000000087f00000, 0x0000000087f00000, 0x0000000088000000|  0%| F|  |TAMS 0x0000000087f00000, 0x0000000087f00000| Untracked 
| 114|0x0000000088000000, 0x0000000088000000, 0x0000000088100000|  0%| F|  |TAMS 0x0000000088000000, 0x0000000088000000| Untracked 
| 115|0x0000000088100000, 0x0000000088100000, 0x0000000088200000|  0%| F|  |TAMS 0x0000000088100000, 0x0000000088100000| Untracked 
| 116|0x0000000088200000, 0x0000000088200000, 0x0000000088300000|  0%| F|  |TAMS 0x0000000088200000, 0x0000000088200000| Untracked 
| 117|0x0000000088300000, 0x0000000088300000, 0x0000000088400000|  0%| F|  |TAMS 0x0000000088300000, 0x0000000088300000| Untracked 
| 118|0x0000000088400000, 0x00000000884975a0, 0x0000000088500000| 59%| E|  |TAMS 0x0000000088400000, 0x0000000088400000| Complete 
| 119|0x0000000088500000, 0x0000000088600000, 0x0000000088600000|100%| E|  |TAMS 0x0000000088500000, 0x0000000088500000| Complete 
| 120|0x0000000088600000, 0x0000000088700000, 0x0000000088700000|100%| E|CS|TAMS 0x0000000088600000, 0x0000000088600000| Complete 
| 121|0x0000000088700000, 0x0000000088800000, 0x0000000088800000|100%| E|CS|TAMS 0x0000000088700000, 0x0000000088700000| Complete 
| 122|0x0000000088800000, 0x0000000088900000, 0x0000000088900000|100%| E|CS|TAMS 0x0000000088800000, 0x0000000088800000| Complete 
| 123|0x0000000088900000, 0x0000000088a00000, 0x0000000088a00000|100%| E|CS|TAMS 0x0000000088900000, 0x0000000088900000| Complete 
| 124|0x0000000088a00000, 0x0000000088b00000, 0x0000000088b00000|100%| E|CS|TAMS 0x0000000088a00000, 0x0000000088a00000| Complete 
| 125|0x0000000088b00000, 0x0000000088c00000, 0x0000000088c00000|100%| E|CS|TAMS 0x0000000088b00000, 0x0000000088b00000| Complete 
| 126|0x0000000088c00000, 0x0000000088d00000, 0x0000000088d00000|100%| E|CS|TAMS 0x0000000088c00000, 0x0000000088c00000| Complete 
| 127|0x0000000088d00000, 0x0000000088e00000, 0x0000000088e00000|100%| E|CS|TAMS 0x0000000088d00000, 0x0000000088d00000| Complete 

Card table byte_map: [0x000002bad6580000,0x000002bad6980000] _byte_map_base: 0x000002bad6179000

Marking Bits (Prev, Next): (CMBitMap*) 0x000002babe448468, (CMBitMap*) 0x000002babe4484a0
 Prev Bits: [0x000002bad6d80000, 0x000002bad8d48000)
 Next Bits: [0x000002bad8d50000, 0x000002badad18000)

Polling page: 0x000002bac6b30000

Metaspace:

Usage:
  Non-class:      8.89 MB capacity,     8.76 MB ( 99%) used,   122.94 KB (  1%) free+waste,     8.31 KB ( <1%) overhead. 
      Class:    848.00 KB capacity,   812.91 KB ( 96%) used,    31.91 KB (  4%) free+waste,     3.19 KB ( <1%) overhead. 
       Both:      9.72 MB capacity,     9.56 MB ( 98%) used,   154.84 KB (  2%) free+waste,    11.50 KB ( <1%) overhead. 

Virtual space:
  Non-class space:       10.00 MB reserved,       9.00 MB ( 90%) committed 
      Class space:        1.00 GB reserved,     896.00 KB ( <1%) committed 
             Both:        1.01 GB reserved,       9.88 MB ( <1%) committed 

Chunk freelists:
   Non-Class:  49.00 KB
       Class:  16.00 KB
        Both:  65.00 KB

MaxMetaspaceSize: 17179869184.00 GB
CompressedClassSpaceSize: 1.00 GB
Initial GC threshold: 20.80 MB
Current GC threshold: 20.80 MB
CDS: off

CodeHeap 'non-profiled nmethods': size=120064Kb used=145Kb max_used=145Kb free=119918Kb
 bounds [0x000002bace610000, 0x000002bace880000, 0x000002bad5b50000]
CodeHeap 'profiled nmethods': size=120000Kb used=827Kb max_used=827Kb free=119173Kb
 bounds [0x000002bac70e0000, 0x000002bac7350000, 0x000002bace610000]
CodeHeap 'non-nmethods': size=5696Kb used=1131Kb max_used=1143Kb free=4565Kb
 bounds [0x000002bac6b50000, 0x000002bac6dc0000, 0x000002bac70e0000]
 total_blobs=850 nmethods=473 adapters=290
 compilation: enabled
              stopped_count=0, restarted_count=0
 full_count=0

Compilation events (20 events):
Event: 0.329 Thread 0x000002badd395800  452       3       java.io.StringReader::ensureOpen (18 bytes)
Event: 0.329 Thread 0x000002badd395800 nmethod 452 0x000002bac71a1490 code [0x000002bac71a1660, 0x000002bac71a1868]
Event: 0.329 Thread 0x000002badd395800  453       3       com.google.gson.stream.JsonReader::fillBuffer (168 bytes)
Event: 0.329 Thread 0x000002badd395800 nmethod 453 0x000002bac71a1990 code [0x000002bac71a1b80, 0x000002bac71a2138]
Event: 0.333 Thread 0x000002badd395800  455       3       java.util.WeakHashMap::getTable (9 bytes)
Event: 0.334 Thread 0x000002badd395800 nmethod 455 0x000002bac71a2290 code [0x000002bac71a2440, 0x000002bac71a2588]
Event: 0.334 Thread 0x000002badd395800  456   !   3       java.util.WeakHashMap::expungeStaleEntries (139 bytes)
Event: 0.334 Thread 0x000002baddea7000 nmethod 446% 0x000002bace62f010 code [0x000002bace62f1c0, 0x000002bace62f638]
Event: 0.334 Thread 0x000002baddea7000  454       4       java.util.TreeMap::put (247 bytes)
Event: 0.335 Thread 0x000002badd395800 nmethod 456 0x000002bac71a2610 code [0x000002bac71a2840, 0x000002bac71a3388]
Event: 0.335 Thread 0x000002badd395800  457       3       java.util.WeakHashMap::indexFor (6 bytes)
Event: 0.335 Thread 0x000002badd395800 nmethod 457 0x000002bac71a3810 code [0x000002bac71a39c0, 0x000002bac71a3a98]
Event: 0.335 Thread 0x000002badd395800  458       3       java.lang.Module::isNamed (13 bytes)
Event: 0.335 Thread 0x000002badd395800 nmethod 458 0x000002bac71a3b10 code [0x000002bac71a3cc0, 0x000002bac71a3e18]
Event: 0.338 Thread 0x000002badd395800  459       3       java.lang.String::equalsIgnoreCase (45 bytes)
Event: 0.338 Thread 0x000002badd395800 nmethod 459 0x000002bac71a3e90 code [0x000002bac71a40a0, 0x000002bac71a45e8]
Event: 0.347 Thread 0x000002badd395800  461   !   3       java.util.concurrent.ConcurrentHashMap::computeIfAbsent (576 bytes)
Event: 0.351 Thread 0x000002badd395800 nmethod 461 0x000002bac71a4810 code [0x000002bac71a4c80, 0x000002bac71a78a8]
Event: 0.351 Thread 0x000002badd395800  462       3       java.io.RandomAccessFile::seek (22 bytes)
Event: 0.352 Thread 0x000002badd395800 nmethod 462 0x000002bac71a8a90 code [0x000002bac71a8c60, 0x000002bac71a8e98]

GC Heap History (0 events):
No events

Deoptimization events (10 events):
Event: 0.088 Thread 0x000002babe406800 Uncommon trap: trap_request=0xffffff4d fr.pc=0x000002bace614590 relative=0x00000000000001f0
Event: 0.088 Thread 0x000002babe406800 Uncommon trap: reason=unstable_if action=reinterpret pc=0x000002bace614590 method=java.lang.String.hashCode()I @ 14 c2
Event: 0.088 Thread 0x000002babe406800 DEOPT PACKING pc=0x000002bace614590 sp=0x000000d827bfd770
Event: 0.088 Thread 0x000002babe406800 DEOPT UNPACKING pc=0x000002bac6b9a1af sp=0x000000d827bfd708 mode 2
Event: 0.299 Thread 0x000002babe406800 DEOPT PACKING pc=0x000002bac71519bf sp=0x000000d827bfea90
Event: 0.299 Thread 0x000002babe406800 DEOPT UNPACKING pc=0x000002bac6b9a95e sp=0x000000d827bfdfc0 mode 0
Event: 0.301 Thread 0x000002babe406800 DEOPT PACKING pc=0x000002bac71519bf sp=0x000000d827bfea80
Event: 0.301 Thread 0x000002babe406800 DEOPT UNPACKING pc=0x000002bac6b9a95e sp=0x000000d827bfdfb0 mode 0
Event: 0.304 Thread 0x000002babe406800 DEOPT PACKING pc=0x000002bac71519bf sp=0x000000d827bfea80
Event: 0.304 Thread 0x000002babe406800 DEOPT UNPACKING pc=0x000002bac6b9a95e sp=0x000000d827bfdfb0 mode 0

Classes redefined (0 events):
No events

Internal exceptions (1 events):
Event: 0.147 Thread 0x000002babe406800 Exception <a 'java/lang/NoSuchMethodError'{0x0000000088cd52d8}: 'int java.lang.invoke.DirectMethodHandle$Holder.invokeSpecialIFC(java.lang.Object, java.lang.Object, int)'> (0x0000000088cd52d8) thrown at [./src/hotspot/share/interpreter/linkResolver.cpp, line 773]

Events (20 events):
Event: 0.342 loading class kotlin/collections/MapsKt__MapsKt
Event: 0.342 loading class kotlin/collections/MapsKt__MapsKt done
Event: 0.344 loading class kotlin/collections/MapsKt__MapsJVMKt
Event: 0.344 loading class kotlin/collections/MapsKt__MapsJVMKt done
Event: 0.344 loading class kotlin/collections/MapsKt__MapWithDefaultKt
Event: 0.344 loading class kotlin/collections/MapsKt__MapWithDefaultKt done
Event: 0.345 loading class com/android/tools/build/jetifier/core/rule/RewriteRule
Event: 0.345 loading class com/android/tools/build/jetifier/core/rule/RewriteRule done
Event: 0.346 loading class com/android/tools/build/jetifier/core/rule/RewriteRule$Companion
Event: 0.346 loading class com/android/tools/build/jetifier/core/rule/RewriteRule$Companion done
Event: 0.346 loading class kotlin/text/StringsKt
Event: 0.346 loading class kotlin/text/StringsKt done
Event: 0.347 loading class kotlin/text/StringsKt___StringsKt
Event: 0.347 loading class kotlin/text/StringsKt___StringsKt done
Event: 0.350 loading class kotlin/text/StringsKt___StringsJvmKt
Event: 0.350 loading class kotlin/text/StringsKt___StringsJvmKt done
Event: 0.350 loading class kotlin/text/StringsKt__StringsKt
Event: 0.350 loading class kotlin/text/StringsKt__StringsKt done
Event: 0.353 loading class kotlin/text/StringsKt__StringsJVMKt
Event: 0.353 loading class kotlin/text/StringsKt__StringsJVMKt done


Dynamic libraries:
0x00007ff7ad540000 - 0x00007ff7ad54d000 	C:\Program Files\Microsoft\jdk-11.0.12.7-hotspot\bin\java.exe
0x00007ffcfc050000 - 0x00007ffcfc245000 	C:\Windows\SYSTEM32\ntdll.dll
0x00007ffcfa630000 - 0x00007ffcfa6ed000 	C:\Windows\System32\KERNEL32.DLL
0x00007ffcf9bb0000 - 0x00007ffcf9e7d000 	C:\Windows\System32\KERNELBASE.dll
0x00007ffcf9760000 - 0x00007ffcf9860000 	C:\Windows\System32\ucrtbase.dll
0x00007ffcd4f00000 - 0x00007ffcd4f17000 	C:\Program Files\Microsoft\jdk-11.0.12.7-hotspot\bin\jli.dll
0x00007ffcfa6f0000 - 0x00007ffcfa890000 	C:\Windows\System32\USER32.dll
0x00007ffcf9b80000 - 0x00007ffcf9ba2000 	C:\Windows\System32\win32u.dll
0x00007ffcfa890000 - 0x00007ffcfa8ba000 	C:\Windows\System32\GDI32.dll
0x00007ffcf9860000 - 0x00007ffcf996b000 	C:\Windows\System32\gdi32full.dll
0x00007ffcf99a0000 - 0x00007ffcf9a3d000 	C:\Windows\System32\msvcp_win.dll
0x00007ffcd3a10000 - 0x00007ffcd3a25000 	C:\Program Files\Microsoft\jdk-11.0.12.7-hotspot\bin\VCRUNTIME140.dll
0x00007ffceea60000 - 0x00007ffceecfa000 	C:\Windows\WinSxS\amd64_microsoft.windows.common-controls_6595b64144ccf1df_6.0.19041.1110_none_60b5254171f9507e\COMCTL32.dll
0x00007ffcfb5a0000 - 0x00007ffcfb63e000 	C:\Windows\System32\msvcrt.dll
0x00007ffcfb890000 - 0x00007ffcfb8c0000 	C:\Windows\System32\IMM32.DLL
0x00007ffc9f030000 - 0x00007ffc9f0cb000 	C:\Program Files\Microsoft\jdk-11.0.12.7-hotspot\bin\msvcp140.dll
0x00007ffc5e850000 - 0x00007ffc5f3b1000 	C:\Program Files\Microsoft\jdk-11.0.12.7-hotspot\bin\server\jvm.dll
0x00007ffcfb770000 - 0x00007ffcfb81e000 	C:\Windows\System32\ADVAPI32.dll
0x00007ffcfb3e0000 - 0x00007ffcfb47c000 	C:\Windows\System32\sechost.dll
0x00007ffcfb640000 - 0x00007ffcfb765000 	C:\Windows\System32\RPCRT4.dll
0x00007ffcfb4e0000 - 0x00007ffcfb4e8000 	C:\Windows\System32\PSAPI.DLL
0x00007ffcd91b0000 - 0x00007ffcd91b9000 	C:\Windows\SYSTEM32\WSOCK32.dll
0x00007ffcfb820000 - 0x00007ffcfb88b000 	C:\Windows\System32\WS2_32.dll
0x00007ffcf0fd0000 - 0x00007ffcf0ff7000 	C:\Windows\SYSTEM32\WINMM.dll
0x00007ffcf1ca0000 - 0x00007ffcf1caa000 	C:\Windows\SYSTEM32\VERSION.dll
0x00007ffcf75a0000 - 0x00007ffcf75b2000 	C:\Windows\SYSTEM32\kernel.appcore.dll
0x00007ffcdd760000 - 0x00007ffcdd770000 	C:\Program Files\Microsoft\jdk-11.0.12.7-hotspot\bin\verify.dll
0x00007ffcec9c0000 - 0x00007ffcecba4000 	C:\Windows\SYSTEM32\DBGHELP.DLL
0x00007ffcecd50000 - 0x00007ffcecd7c000 	C:\Windows\SYSTEM32\dbgcore.DLL
0x00007ffcf9af0000 - 0x00007ffcf9b72000 	C:\Windows\System32\bcryptPrimitives.dll
0x00007ffcd39e0000 - 0x00007ffcd3a08000 	C:\Program Files\Microsoft\jdk-11.0.12.7-hotspot\bin\java.dll
0x00007ffcd4e90000 - 0x00007ffcd4e9a000 	C:\Program Files\Microsoft\jdk-11.0.12.7-hotspot\bin\jimage.dll
0x00007ffcd39c0000 - 0x00007ffcd39d7000 	C:\Program Files\Microsoft\jdk-11.0.12.7-hotspot\bin\zip.dll
0x00007ffcfb8c0000 - 0x00007ffcfc004000 	C:\Windows\System32\SHELL32.dll
0x00007ffcf7880000 - 0x00007ffcf8014000 	C:\Windows\SYSTEM32\windows.storage.dll
0x00007ffcfa120000 - 0x00007ffcfa474000 	C:\Windows\System32\combase.dll
0x00007ffcf90f0000 - 0x00007ffcf911c000 	C:\Windows\SYSTEM32\Wldp.dll
0x00007ffcfacb0000 - 0x00007ffcfad5d000 	C:\Windows\System32\SHCORE.dll
0x00007ffcfb480000 - 0x00007ffcfb4d5000 	C:\Windows\System32\shlwapi.dll
0x00007ffcf96a0000 - 0x00007ffcf96bf000 	C:\Windows\SYSTEM32\profapi.dll
0x00007ffcce930000 - 0x00007ffcce949000 	C:\Program Files\Microsoft\jdk-11.0.12.7-hotspot\bin\net.dll
0x00007ffcf3df0000 - 0x00007ffcf3efa000 	C:\Windows\SYSTEM32\WINHTTP.dll
0x00007ffcf8e50000 - 0x00007ffcf8eba000 	C:\Windows\system32\mswsock.dll
0x00007ffcce770000 - 0x00007ffcce782000 	C:\Program Files\Microsoft\jdk-11.0.12.7-hotspot\bin\nio.dll

dbghelp: loaded successfully - version: 4.0.5 - missing functions: none
symbol engine: initialized successfully - sym options: 0x614 - pdb path: .;C:\Program Files\Microsoft\jdk-11.0.12.7-hotspot\bin;C:\Windows\SYSTEM32;C:\Windows\WinSxS\amd64_microsoft.windows.common-controls_6595b64144ccf1df_6.0.19041.1110_none_60b5254171f9507e;C:\Program Files\Microsoft\jdk-11.0.12.7-hotspot\bin\server

VM Arguments:
java_command: com.xamarin.androidx.jetifierWrapper.Main -intermediate obj\Debug\120\androidx\_AndroidXJetifyManifest.jetify -parallel
java_class_path (initial): C:\Users\rafam\.nuget\packages\xamarin.androidx.migration\1.0.8\buildTransitive\monoandroid90\Tools/JetifierWrapper/jetifierWrapper-1.0.jar
Launcher Type: SUN_STANDARD

[Global flags]
     intx CICompilerCount                          = 3                                         {product} {ergonomic}
     uint ConcGCThreads                            = 1                                         {product} {ergonomic}
     uint G1ConcRefinementThreads                  = 4                                         {product} {ergonomic}
   size_t G1HeapRegionSize                         = 1048576                                   {product} {ergonomic}
    uintx GCDrainStackTargetSize                   = 64                                        {product} {ergonomic}
   size_t InitialHeapSize                          = 134217728                                 {product} {ergonomic}
   size_t MarkStackSize                            = 4194304                                   {product} {ergonomic}
   size_t MaxHeapSize                              = 2132803584                                {product} {ergonomic}
   size_t MaxNewSize                               = 1279262720                                {product} {ergonomic}
   size_t MinHeapDeltaBytes                        = 1048576                                   {product} {ergonomic}
    uintx NonNMethodCodeHeapSize                   = 5830732                                {pd product} {ergonomic}
    uintx NonProfiledCodeHeapSize                  = 122913754                              {pd product} {ergonomic}
    uintx ProfiledCodeHeapSize                     = 122913754                              {pd product} {ergonomic}
    uintx ReservedCodeCacheSize                    = 251658240                              {pd product} {ergonomic}
     bool SegmentedCodeCache                       = true                                      {product} {ergonomic}
     bool UseCompressedClassPointers               = true                                 {lp64_product} {ergonomic}
     bool UseCompressedOops                        = true                                 {lp64_product} {ergonomic}
     bool UseG1GC                                  = true                                      {product} {ergonomic}
     bool UseLargePagesIndividualAllocation        = false                                  {pd product} {ergonomic}

Logging:
Log output configuration:
 #0: stdout all=warning uptime,level,tags
 #1: stderr all=off uptime,level,tags

Environment Variables:
PATH=C:\Program Files\Microsoft\jdk-11.0.12.7-hotspot\bin;C:\Program Files (x86)\NVIDIA Corporation\PhysX\Common;C:\Windows\system32;C:\Windows;C:\Windows\System32\Wbem;C:\Windows\System32\WindowsPowerShell\v1.0\;C:\Windows\System32\OpenSSH\;C:\Program Files\Microsoft SQL Server\150\Tools\Binn\;C:\Program Files\Microsoft SQL Server\Client SDK\ODBC\170\Tools\Binn\;C:\Program Files\dotnet\;C:\Program Files\Git\cmd;C:\Program Files (x86)\Microsoft SQL Server\150\Tools\Binn\;C:\Program Files\Microsoft SQL Server\150\DTS\Binn\;C:\Program Files (x86)\Microsoft SQL Server\150\DTS\Binn\;C:\Program Files\Azure Data Studio\bin;C:\Users\rafam\AppData\Local\Microsoft\WindowsApps;;C:\Users\rafam\.dotnet\tools;C:\Users\rafam\AppData\Local\Programs\Microsoft VS Code\bin;C:\Program Files\Azure Data Studio\bin
USERNAME=rafam
OS=Windows_NT
PROCESSOR_IDENTIFIER=Intel64 Family 6 Model 60 Stepping 3, GenuineIntel



---------------  S Y S T E M  ---------------

OS: Windows 10 , 64 bit Build 19041 (10.0.19041.1706)
OS uptime: 0 days 11:24 hours

CPU:total 4 (initial active 4) (2 cores per cpu, 2 threads per core) family 6 model 60 stepping 3 microcode 0x27, cmov, cx8, fxsr, mmx, sse, sse2, sse3, ssse3, sse4.1, sse4.2, popcnt, avx, avx2, aes, clmul, erms, lzcnt, ht, tsc, tscinvbit, bmi1, bmi2, fma

Memory: 4k page, system-wide physical 8134M (1091M free)
TotalPageFile size 8134M (AvailPageFile size 5M)
current process WorkingSet (physical memory assigned to process): 55M, peak: 56M
current process commit charge ("private bytes"): 208M, peak: 208M

vm_info: OpenJDK 64-Bit Server VM (11.0.12+7) for windows-amd64 JRE (11.0.12+7), built on Jul 21 2021 15:41:43 by "" with unknown MS VC++:1916

END.
