#
# There is insufficient memory for the Java Runtime Environment to continue.
# Native memory allocation (mmap) failed to map 241172480 bytes for Failed to commit area from 0x000000008f400000 to 0x000000009da00000 of length 241172480.
# Possible reasons:
#   The system is out of physical RAM or swap space
#   The process is running with CompressedOops enabled, and the Java Heap may be blocking the growth of the native heap
# Possible solutions:
#   Reduce memory load on the system
#   Increase physical memory or swap space
#   Check if swap backing store is full
#   Decrease Java heap size (-Xmx/-Xms)
#   Decrease number of Java threads
#   Decrease Java thread stack sizes (-Xss)
#   Set larger code cache with -XX:ReservedCodeCacheSize=
#   JVM is running with Unscaled Compressed Oops mode in which the Java heap is
#     placed in the first 4GB address space. The Java Heap base address is the
#     maximum limit for the native heap growth. Please use -XX:HeapBaseMinAddress
#     to set the Java Heap base and to place the Java Heap above 4GB virtual address.
# This output file may be truncated or incomplete.
#
#  Out of Memory Error (./src/hotspot/os/windows/os_windows.cpp:3380), pid=2068, tid=6904
#
# JRE version: OpenJDK Runtime Environment Microsoft-25199 (11.0.12+7) (build 11.0.12+7)
# Java VM: OpenJDK 64-Bit Server VM Microsoft-25199 (11.0.12+7, mixed mode, tiered, compressed oops, g1 gc, windows-amd64)
# No core dump will be written. Minidumps are not enabled by default on client versions of Windows
#

---------------  S U M M A R Y ------------

Command Line: com.xamarin.manifestmerger.Main obj\Debug\120\android\manifestmerger.rsp

Host: Intel(R) Core(TM) i3-4150 CPU @ 3.50GHz, 4 cores, 7G,  Windows 10 , 64 bit Build 19041 (10.0.19041.1706)
Time: Sat Jun 11 18:26:08 2022 Hora oficial do Brasil elapsed time: 3.524780 seconds (0d 0h 0m 3s)

---------------  T H R E A D  ---------------

Current thread (0x00000227d3cbc800):  VMThread "VM Thread" [stack: 0x000000a092300000,0x000000a092400000] [id=6904]

Stack: [0x000000a092300000,0x000000a092400000]
[error occurred during error reporting (printing stack bounds), id 0xc0000005, EXCEPTION_ACCESS_VIOLATION (0xc0000005) at pc=0x00000227bdc6112d]

Native frames: (J=compiled Java code, j=interpreted, Vv=VM code, C=native code)
V  [jvm.dll+0x6090fa]
V  [jvm.dll+0x79229e]
V  [jvm.dll+0x79396f]
V  [jvm.dll+0x793f95]
V  [jvm.dll+0x793f4b]
V  [jvm.dll+0x608487]
V  [jvm.dll+0x608b98]
C  [ntdll.dll+0xa209f]
C  [ntdll.dll+0x51454]
C  [ntdll.dll+0xa0bce]
C  0x00000227bdc6112d

VM_Operation (0x000000a091dfe170): G1CollectForAllocation, mode: safepoint, requested by thread 0x00000227b553c000


---------------  P R O C E S S  ---------------

Threads class SMR info:
_java_thread_list=0x00000227d47c16d0, length=11, elements={
0x00000227b553c000, 0x00000227d3cf4000, 0x00000227d3cfe000, 0x00000227d3cf0800,
0x00000227d3d04000, 0x00000227d3d05000, 0x00000227d3d0e000, 0x00000227d3d10800,
0x00000227d3d14800, 0x00000227d4803000, 0x00000227d480d800
}

Java Threads: ( => current thread )
  0x00000227b553c000 JavaThread "main" [_thread_blocked, id=1136, stack(0x000000a091d00000,0x000000a091e00000)]
  0x00000227d3cf4000 JavaThread "Reference Handler" daemon [_thread_blocked, id=9392, stack(0x000000a092400000,0x000000a092500000)]
  0x00000227d3cfe000 JavaThread "Finalizer" daemon [_thread_blocked, id=5932, stack(0x000000a092500000,0x000000a092600000)]
  0x00000227d3cf0800 JavaThread "Signal Dispatcher" daemon [_thread_blocked, id=4836, stack(0x000000a092600000,0x000000a092700000)]
  0x00000227d3d04000 JavaThread "Attach Listener" daemon [_thread_blocked, id=5628, stack(0x000000a092700000,0x000000a092800000)]
  0x00000227d3d05000 JavaThread "Service Thread" daemon [_thread_blocked, id=2432, stack(0x000000a092800000,0x000000a092900000)]
  0x00000227d3d0e000 JavaThread "C2 CompilerThread0" daemon [_thread_blocked, id=8180, stack(0x000000a092900000,0x000000a092a00000)]
  0x00000227d3d10800 JavaThread "C1 CompilerThread0" daemon [_thread_blocked, id=2012, stack(0x000000a092a00000,0x000000a092b00000)]
  0x00000227d3d14800 JavaThread "Sweeper thread" daemon [_thread_blocked, id=2464, stack(0x000000a092b00000,0x000000a092c00000)]
  0x00000227d4803000 JavaThread "Common-Cleaner" daemon [_thread_blocked, id=356, stack(0x000000a092d00000,0x000000a092e00000)]
  0x00000227d480d800 JavaThread "C2 CompilerThread1" daemon [_thread_blocked, id=5292, stack(0x000000a092e00000,0x000000a092f00000)]

Other Threads:
=>0x00000227d3cbc800 VMThread "VM Thread" [stack: 0x000000a092300000,0x000000a092400000] [id=6904]
  0x00000227d47f8000 WatcherThread [stack: 0x000000a092c00000,0x000000a092d00000] [id=4484]
  0x00000227b5554800 GCTaskThread "GC Thread#0" [stack: 0x000000a091e00000,0x000000a091f00000] [id=3016]
  0x00000227d4e2a000 GCTaskThread "GC Thread#1" [stack: 0x000000a092f00000,0x000000a093000000] [id=7476]
  0x00000227d4af9800 GCTaskThread "GC Thread#2" [stack: 0x000000a093000000,0x000000a093100000] [id=6660]
  0x00000227d5247000 GCTaskThread "GC Thread#3" [stack: 0x000000a093400000,0x000000a093500000] [id=7704]
  0x00000227b5586000 ConcurrentGCThread "G1 Main Marker" [stack: 0x000000a091f00000,0x000000a092000000] [id=7432]
  0x00000227b5587000 ConcurrentGCThread "G1 Conc#0" [stack: 0x000000a092000000,0x000000a092100000] [id=1820]
  0x00000227b5617000 ConcurrentGCThread "G1 Refine#0" [stack: 0x000000a092100000,0x000000a092200000] [id=9680]
  0x00000227d48f6800 ConcurrentGCThread "G1 Refine#1" [stack: 0x000000a093100000,0x000000a093200000] [id=8596]
  0x00000227d4da0800 ConcurrentGCThread "G1 Refine#2" [stack: 0x000000a093200000,0x000000a093300000] [id=10128]
  0x00000227d529b000 ConcurrentGCThread "G1 Refine#3" [stack: 0x000000a093300000,0x000000a093400000] [id=6480]
  0x00000227b5618000 ConcurrentGCThread "G1 Young RemSet Sampling" [stack: 0x000000a092200000,0x000000a092300000] [id=6816]

Threads with active compile tasks:
C1 CompilerThread0   3798 1338       3       java.util.regex.Pattern::atom (422 bytes)

VM state:at safepoint (normal execution)

VM Mutex/Monitor currently owned by a thread:  ([mutex/lock_event])
[0x00000227b55375e0] Threads_lock - owner thread: 0x00000227d3cbc800
[0x00000227b5536980] Heap_lock - owner thread: 0x00000227b553c000

Heap address: 0x0000000080e00000, size: 2034 MB, Compressed Oops mode: 32-bit
Narrow klass base: 0x0000000000000000, Narrow klass shift: 3
Compressed class space size: 1073741824 Address: 0x0000000100000000

Heap:
 garbage-first heap   total 471040K, used 83124K [0x0000000080e00000, 0x0000000100000000)
  region size 1024K, 7 young (7168K), 7 survivors (7168K)
 Metaspace       used 13103K, capacity 13401K, committed 13696K, reserved 1060864K
  class space    used 1275K, capacity 1354K, committed 1408K, reserved 1048576K
Heap Regions: E=young(eden), S=young(survivor), O=old, HS=humongous(starts), HC=humongous(continues), CS=collection set, F=free, A=archive, TAMS=top-at-mark-start (previous, next)
|   0|0x0000000080e00000, 0x0000000080f00000, 0x0000000080f00000|100%|HS|  |TAMS 0x0000000080e00000, 0x0000000080e00000| Complete 
|   1|0x0000000080f00000, 0x0000000081000000, 0x0000000081000000|100%|HC|  |TAMS 0x0000000080f00000, 0x0000000080f00000| Complete 
|   2|0x0000000081000000, 0x0000000081100000, 0x0000000081100000|100%|HC|  |TAMS 0x0000000081000000, 0x0000000081000000| Complete 
|   3|0x0000000081100000, 0x0000000081200000, 0x0000000081200000|100%| O|  |TAMS 0x0000000081100000, 0x0000000081100000| Untracked 
|   4|0x0000000081200000, 0x0000000081300000, 0x0000000081300000|100%| O|  |TAMS 0x0000000081200000, 0x0000000081200000| Untracked 
|   5|0x0000000081300000, 0x0000000081400000, 0x0000000081400000|100%| O|  |TAMS 0x0000000081300000, 0x0000000081300000| Untracked 
|   6|0x0000000081400000, 0x0000000081500000, 0x0000000081500000|100%|HS|  |TAMS 0x0000000081400000, 0x0000000081400000| Complete 
|   7|0x0000000081500000, 0x0000000081600000, 0x0000000081600000|100%|HC|  |TAMS 0x0000000081500000, 0x0000000081500000| Complete 
|   8|0x0000000081600000, 0x0000000081700000, 0x0000000081700000|100%|HC|  |TAMS 0x0000000081600000, 0x0000000081600000| Complete 
|   9|0x0000000081700000, 0x0000000081800000, 0x0000000081800000|100%| O|  |TAMS 0x0000000081700000, 0x0000000081700000| Untracked 
|  10|0x0000000081800000, 0x0000000081900000, 0x0000000081900000|100%| O|  |TAMS 0x0000000081800000, 0x0000000081800000| Untracked 
|  11|0x0000000081900000, 0x0000000081a00000, 0x0000000081a00000|100%| O|  |TAMS 0x0000000081900000, 0x0000000081900000| Untracked 
|  12|0x0000000081a00000, 0x0000000081b00000, 0x0000000081b00000|100%| O|  |TAMS 0x0000000081a00000, 0x0000000081a00000| Untracked 
|  13|0x0000000081b00000, 0x0000000081c00000, 0x0000000081c00000|100%| O|  |TAMS 0x0000000081b00000, 0x0000000081b00000| Untracked 
|  14|0x0000000081c00000, 0x0000000081d00000, 0x0000000081d00000|100%| O|  |TAMS 0x0000000081c00000, 0x0000000081c00000| Untracked 
|  15|0x0000000081d00000, 0x0000000081e00000, 0x0000000081e00000|100%| O|  |TAMS 0x0000000081d00000, 0x0000000081d00000| Untracked 
|  16|0x0000000081e00000, 0x0000000081f00000, 0x0000000081f00000|100%| O|  |TAMS 0x0000000081e00000, 0x0000000081e00000| Untracked 
|  17|0x0000000081f00000, 0x0000000082000000, 0x0000000082000000|100%|HS|  |TAMS 0x0000000081f00000, 0x0000000081f00000| Complete 
|  18|0x0000000082000000, 0x0000000082100000, 0x0000000082100000|100%|HC|  |TAMS 0x0000000082000000, 0x0000000082000000| Complete 
|  19|0x0000000082100000, 0x0000000082200000, 0x0000000082200000|100%|HC|  |TAMS 0x0000000082100000, 0x0000000082100000| Complete 
|  20|0x0000000082200000, 0x0000000082300000, 0x0000000082300000|100%|HS|  |TAMS 0x0000000082200000, 0x0000000082200000| Complete 
|  21|0x0000000082300000, 0x0000000082400000, 0x0000000082400000|100%|HC|  |TAMS 0x0000000082300000, 0x0000000082300000| Complete 
|  22|0x0000000082400000, 0x0000000082500000, 0x0000000082500000|100%|HC|  |TAMS 0x0000000082400000, 0x0000000082400000| Complete 
|  23|0x0000000082500000, 0x0000000082600000, 0x0000000082600000|100%| O|  |TAMS 0x0000000082500000, 0x0000000082500000| Untracked 
|  24|0x0000000082600000, 0x0000000082700000, 0x0000000082700000|100%| O|  |TAMS 0x0000000082600000, 0x0000000082600000| Untracked 
|  25|0x0000000082700000, 0x0000000082800000, 0x0000000082800000|100%| O|  |TAMS 0x0000000082700000, 0x0000000082700000| Untracked 
|  26|0x0000000082800000, 0x0000000082900000, 0x0000000082900000|100%| O|  |TAMS 0x0000000082800000, 0x0000000082800000| Untracked 
|  27|0x0000000082900000, 0x0000000082a00000, 0x0000000082a00000|100%| O|  |TAMS 0x0000000082900000, 0x0000000082900000| Untracked 
|  28|0x0000000082a00000, 0x0000000082b00000, 0x0000000082b00000|100%| O|  |TAMS 0x0000000082a00000, 0x0000000082a00000| Untracked 
|  29|0x0000000082b00000, 0x0000000082b00000, 0x0000000082c00000|  0%| F|  |TAMS 0x0000000082b00000, 0x0000000082b00000| Untracked 
|  30|0x0000000082c00000, 0x0000000082c00000, 0x0000000082d00000|  0%| F|  |TAMS 0x0000000082c00000, 0x0000000082c00000| Untracked 
|  31|0x0000000082d00000, 0x0000000082d00000, 0x0000000082e00000|  0%| F|  |TAMS 0x0000000082d00000, 0x0000000082d00000| Untracked 
|  32|0x0000000082e00000, 0x0000000082f00000, 0x0000000082f00000|100%|HS|  |TAMS 0x0000000082e00000, 0x0000000082e00000| Complete 
|  33|0x0000000082f00000, 0x0000000083000000, 0x0000000083000000|100%|HC|  |TAMS 0x0000000082f00000, 0x0000000082f00000| Complete 
|  34|0x0000000083000000, 0x0000000083100000, 0x0000000083100000|100%|HC|  |TAMS 0x0000000083000000, 0x0000000083000000| Complete 
|  35|0x0000000083100000, 0x0000000083200000, 0x0000000083200000|100%| O|  |TAMS 0x0000000083100000, 0x0000000083100000| Untracked 
|  36|0x0000000083200000, 0x0000000083300000, 0x0000000083300000|100%| O|  |TAMS 0x0000000083200000, 0x0000000083200000| Untracked 
|  37|0x0000000083300000, 0x0000000083400000, 0x0000000083400000|100%| O|  |TAMS 0x0000000083300000, 0x0000000083300000| Untracked 
|  38|0x0000000083400000, 0x0000000083500000, 0x0000000083500000|100%| O|  |TAMS 0x0000000083400000, 0x0000000083400000| Untracked 
|  39|0x0000000083500000, 0x0000000083600000, 0x0000000083600000|100%| O|  |TAMS 0x0000000083500000, 0x0000000083500000| Untracked 
|  40|0x0000000083600000, 0x0000000083700000, 0x0000000083700000|100%| O|  |TAMS 0x0000000083600000, 0x0000000083600000| Untracked 
|  41|0x0000000083700000, 0x0000000083700000, 0x0000000083800000|  0%| F|  |TAMS 0x0000000083700000, 0x0000000083700000| Untracked 
|  42|0x0000000083800000, 0x0000000083800000, 0x0000000083900000|  0%| F|  |TAMS 0x0000000083800000, 0x0000000083800000| Untracked 
|  43|0x0000000083900000, 0x0000000083900000, 0x0000000083a00000|  0%| F|  |TAMS 0x0000000083900000, 0x0000000083900000| Untracked 
|  44|0x0000000083a00000, 0x0000000083b00000, 0x0000000083b00000|100%|HS|  |TAMS 0x0000000083a00000, 0x0000000083a00000| Complete 
|  45|0x0000000083b00000, 0x0000000083c00000, 0x0000000083c00000|100%|HC|  |TAMS 0x0000000083b00000, 0x0000000083b00000| Complete 
|  46|0x0000000083c00000, 0x0000000083d00000, 0x0000000083d00000|100%|HC|  |TAMS 0x0000000083c00000, 0x0000000083c00000| Complete 
|  47|0x0000000083d00000, 0x0000000083e00000, 0x0000000083e00000|100%|HS|  |TAMS 0x0000000083d00000, 0x0000000083d00000| Complete 
|  48|0x0000000083e00000, 0x0000000083f00000, 0x0000000083f00000|100%|HC|  |TAMS 0x0000000083e00000, 0x0000000083e00000| Complete 
|  49|0x0000000083f00000, 0x0000000084000000, 0x0000000084000000|100%|HC|  |TAMS 0x0000000083f00000, 0x0000000083f00000| Complete 
|  50|0x0000000084000000, 0x0000000084100000, 0x0000000084100000|100%| O|  |TAMS 0x0000000084000000, 0x0000000084000000| Untracked 
|  51|0x0000000084100000, 0x0000000084200000, 0x0000000084200000|100%| O|  |TAMS 0x0000000084100000, 0x0000000084100000| Untracked 
|  52|0x0000000084200000, 0x0000000084300000, 0x0000000084300000|100%| O|  |TAMS 0x0000000084200000, 0x0000000084200000| Untracked 
|  53|0x0000000084300000, 0x0000000084400000, 0x0000000084400000|100%| O|  |TAMS 0x0000000084300000, 0x0000000084300000| Untracked 
|  54|0x0000000084400000, 0x0000000084500000, 0x0000000084500000|100%| O|  |TAMS 0x0000000084400000, 0x0000000084400000| Untracked 
|  55|0x0000000084500000, 0x0000000084600000, 0x0000000084600000|100%| O|  |TAMS 0x0000000084500000, 0x0000000084500000| Untracked 
|  56|0x0000000084600000, 0x0000000084700000, 0x0000000084700000|100%| O|  |TAMS 0x0000000084600000, 0x0000000084600000| Untracked 
|  57|0x0000000084700000, 0x0000000084800000, 0x0000000084800000|100%| O|  |TAMS 0x0000000084700000, 0x0000000084700000| Untracked 
|  58|0x0000000084800000, 0x0000000084900000, 0x0000000084900000|100%| O|  |TAMS 0x0000000084800000, 0x0000000084800000| Untracked 
|  59|0x0000000084900000, 0x0000000084a00000, 0x0000000084a00000|100%| O|  |TAMS 0x0000000084900000, 0x0000000084900000| Untracked 
|  60|0x0000000084a00000, 0x0000000084b00000, 0x0000000084b00000|100%| O|  |TAMS 0x0000000084a00000, 0x0000000084a00000| Untracked 
|  61|0x0000000084b00000, 0x0000000084c00000, 0x0000000084c00000|100%| O|  |TAMS 0x0000000084b00000, 0x0000000084b00000| Untracked 
|  62|0x0000000084c00000, 0x0000000084d00000, 0x0000000084d00000|100%| O|  |TAMS 0x0000000084c00000, 0x0000000084c00000| Untracked 
|  63|0x0000000084d00000, 0x0000000084e00000, 0x0000000084e00000|100%| O|  |TAMS 0x0000000084d00000, 0x0000000084d00000| Untracked 
|  64|0x0000000084e00000, 0x0000000084f00000, 0x0000000084f00000|100%| O|  |TAMS 0x0000000084e00000, 0x0000000084e00000| Untracked 
|  65|0x0000000084f00000, 0x0000000085000000, 0x0000000085000000|100%| O|  |TAMS 0x0000000084f00000, 0x0000000084f00000| Untracked 
|  66|0x0000000085000000, 0x0000000085100000, 0x0000000085100000|100%| O|  |TAMS 0x0000000085000000, 0x0000000085000000| Untracked 
|  67|0x0000000085100000, 0x0000000085200000, 0x0000000085200000|100%| O|  |TAMS 0x0000000085100000, 0x0000000085100000| Untracked 
|  68|0x0000000085200000, 0x0000000085300000, 0x0000000085300000|100%| O|  |TAMS 0x0000000085200000, 0x0000000085200000| Untracked 
|  69|0x0000000085300000, 0x0000000085400000, 0x0000000085400000|100%| O|  |TAMS 0x0000000085300000, 0x0000000085300000| Untracked 
|  70|0x0000000085400000, 0x0000000085500000, 0x0000000085500000|100%| O|  |TAMS 0x0000000085400000, 0x0000000085400000| Untracked 
|  71|0x0000000085500000, 0x0000000085600000, 0x0000000085600000|100%| O|  |TAMS 0x0000000085500000, 0x0000000085500000| Untracked 
|  72|0x0000000085600000, 0x0000000085600000, 0x0000000085700000|  0%| F|  |TAMS 0x0000000085600000, 0x0000000085600000| Untracked 
|  73|0x0000000085700000, 0x0000000085700000, 0x0000000085800000|  0%| F|  |TAMS 0x0000000085700000, 0x0000000085700000| Untracked 
|  74|0x0000000085800000, 0x0000000085800000, 0x0000000085900000|  0%| F|  |TAMS 0x0000000085800000, 0x0000000085800000| Untracked 
|  75|0x0000000085900000, 0x0000000085900000, 0x0000000085a00000|  0%| F|  |TAMS 0x0000000085900000, 0x0000000085900000| Untracked 
|  76|0x0000000085a00000, 0x0000000085a00000, 0x0000000085b00000|  0%| F|  |TAMS 0x0000000085a00000, 0x0000000085a00000| Untracked 
|  77|0x0000000085b00000, 0x0000000085b00000, 0x0000000085c00000|  0%| F|  |TAMS 0x0000000085b00000, 0x0000000085b00000| Untracked 
|  78|0x0000000085c00000, 0x0000000085d00000, 0x0000000085d00000|100%| O|  |TAMS 0x0000000085c00000, 0x0000000085c00000| Untracked 
|  79|0x0000000085d00000, 0x0000000085e00000, 0x0000000085e00000|100%| O|  |TAMS 0x0000000085d00000, 0x0000000085d00000| Untracked 
|  80|0x0000000085e00000, 0x0000000085f00000, 0x0000000085f00000|100%| O|  |TAMS 0x0000000085e00000, 0x0000000085e00000| Untracked 
|  81|0x0000000085f00000, 0x0000000086000000, 0x0000000086000000|100%| O|  |TAMS 0x0000000085f00000, 0x0000000085f00000| Untracked 
|  82|0x0000000086000000, 0x0000000086100000, 0x0000000086100000|100%| O|  |TAMS 0x0000000086000000, 0x0000000086000000| Untracked 
|  83|0x0000000086100000, 0x000000008612d200, 0x0000000086200000| 17%| O|  |TAMS 0x0000000086100000, 0x0000000086100000| Untracked 
|  84|0x0000000086200000, 0x0000000086200000, 0x0000000086300000|  0%| F|  |TAMS 0x0000000086200000, 0x0000000086200000| Untracked 
|  85|0x0000000086300000, 0x0000000086300000, 0x0000000086400000|  0%| F|  |TAMS 0x0000000086300000, 0x0000000086300000| Untracked 
|  86|0x0000000086400000, 0x0000000086400000, 0x0000000086500000|  0%| F|  |TAMS 0x0000000086400000, 0x0000000086400000| Untracked 
|  87|0x0000000086500000, 0x0000000086600000, 0x0000000086600000|100%| O|  |TAMS 0x0000000086500000, 0x0000000086500000| Untracked 
|  88|0x0000000086600000, 0x0000000086700000, 0x0000000086700000|100%| O|  |TAMS 0x0000000086600000, 0x0000000086600000| Untracked 
|  89|0x0000000086700000, 0x0000000086800000, 0x0000000086800000|100%| O|  |TAMS 0x0000000086700000, 0x0000000086700000| Untracked 
|  90|0x0000000086800000, 0x0000000086800000, 0x0000000086900000|  0%| F|  |TAMS 0x0000000086800000, 0x0000000086800000| Untracked 
|  91|0x0000000086900000, 0x0000000086900000, 0x0000000086a00000|  0%| F|  |TAMS 0x0000000086900000, 0x0000000086900000| Untracked 
|  92|0x0000000086a00000, 0x0000000086a00000, 0x0000000086b00000|  0%| F|  |TAMS 0x0000000086a00000, 0x0000000086a00000| Untracked 
|  93|0x0000000086b00000, 0x0000000086b00000, 0x0000000086c00000|  0%| F|  |TAMS 0x0000000086b00000, 0x0000000086b00000| Untracked 
|  94|0x0000000086c00000, 0x0000000086c00000, 0x0000000086d00000|  0%| F|  |TAMS 0x0000000086c00000, 0x0000000086c00000| Untracked 
|  95|0x0000000086d00000, 0x0000000086d00000, 0x0000000086e00000|  0%| F|  |TAMS 0x0000000086d00000, 0x0000000086d00000| Untracked 
|  96|0x0000000086e00000, 0x0000000086e00000, 0x0000000086f00000|  0%| F|  |TAMS 0x0000000086e00000, 0x0000000086e00000| Untracked 
|  97|0x0000000086f00000, 0x0000000086f00000, 0x0000000087000000|  0%| F|  |TAMS 0x0000000086f00000, 0x0000000086f00000| Untracked 
|  98|0x0000000087000000, 0x0000000087000000, 0x0000000087100000|  0%| F|  |TAMS 0x0000000087000000, 0x0000000087000000| Untracked 
|  99|0x0000000087100000, 0x0000000087100000, 0x0000000087200000|  0%| F|  |TAMS 0x0000000087100000, 0x0000000087100000| Untracked 
| 100|0x0000000087200000, 0x0000000087200000, 0x0000000087300000|  0%| F|  |TAMS 0x0000000087200000, 0x0000000087200000| Untracked 
| 101|0x0000000087300000, 0x0000000087300000, 0x0000000087400000|  0%| F|  |TAMS 0x0000000087300000, 0x0000000087300000| Untracked 
| 102|0x0000000087400000, 0x0000000087400000, 0x0000000087500000|  0%| F|  |TAMS 0x0000000087400000, 0x0000000087400000| Untracked 
| 103|0x0000000087500000, 0x0000000087500000, 0x0000000087600000|  0%| F|  |TAMS 0x0000000087500000, 0x0000000087500000| Untracked 
| 104|0x0000000087600000, 0x0000000087600000, 0x0000000087700000|  0%| F|  |TAMS 0x0000000087600000, 0x0000000087600000| Untracked 
| 105|0x0000000087700000, 0x0000000087700000, 0x0000000087800000|  0%| F|  |TAMS 0x0000000087700000, 0x0000000087700000| Untracked 
| 106|0x0000000087800000, 0x0000000087800000, 0x0000000087900000|  0%| F|  |TAMS 0x0000000087800000, 0x0000000087800000| Untracked 
| 107|0x0000000087900000, 0x0000000087900000, 0x0000000087a00000|  0%| F|  |TAMS 0x0000000087900000, 0x0000000087900000| Untracked 
| 108|0x0000000087a00000, 0x0000000087a00000, 0x0000000087b00000|  0%| F|  |TAMS 0x0000000087a00000, 0x0000000087a00000| Untracked 
| 109|0x0000000087b00000, 0x0000000087b00000, 0x0000000087c00000|  0%| F|  |TAMS 0x0000000087b00000, 0x0000000087b00000| Untracked 
| 110|0x0000000087c00000, 0x0000000087c00000, 0x0000000087d00000|  0%| F|  |TAMS 0x0000000087c00000, 0x0000000087c00000| Untracked 
| 111|0x0000000087d00000, 0x0000000087d00000, 0x0000000087e00000|  0%| F|  |TAMS 0x0000000087d00000, 0x0000000087d00000| Untracked 
| 112|0x0000000087e00000, 0x0000000087e00000, 0x0000000087f00000|  0%| F|  |TAMS 0x0000000087e00000, 0x0000000087e00000| Untracked 
| 113|0x0000000087f00000, 0x0000000087f00000, 0x0000000088000000|  0%| F|  |TAMS 0x0000000087f00000, 0x0000000087f00000| Untracked 
| 114|0x0000000088000000, 0x0000000088000000, 0x0000000088100000|  0%| F|  |TAMS 0x0000000088000000, 0x0000000088000000| Untracked 
| 115|0x0000000088100000, 0x0000000088100000, 0x0000000088200000|  0%| F|  |TAMS 0x0000000088100000, 0x0000000088100000| Untracked 
| 116|0x0000000088200000, 0x0000000088200000, 0x0000000088300000|  0%| F|  |TAMS 0x0000000088200000, 0x0000000088200000| Untracked 
| 117|0x0000000088300000, 0x0000000088300000, 0x0000000088400000|  0%| F|  |TAMS 0x0000000088300000, 0x0000000088300000| Untracked 
| 118|0x0000000088400000, 0x0000000088400000, 0x0000000088500000|  0%| F|  |TAMS 0x0000000088400000, 0x0000000088400000| Untracked 
| 119|0x0000000088500000, 0x0000000088500000, 0x0000000088600000|  0%| F|  |TAMS 0x0000000088500000, 0x0000000088500000| Untracked 
| 120|0x0000000088600000, 0x0000000088600000, 0x0000000088700000|  0%| F|  |TAMS 0x0000000088600000, 0x0000000088600000| Untracked 
| 121|0x0000000088700000, 0x0000000088700000, 0x0000000088800000|  0%| F|  |TAMS 0x0000000088700000, 0x0000000088700000| Untracked 
| 122|0x0000000088800000, 0x0000000088800000, 0x0000000088900000|  0%| F|  |TAMS 0x0000000088800000, 0x0000000088800000| Untracked 
| 123|0x0000000088900000, 0x0000000088900000, 0x0000000088a00000|  0%| F|  |TAMS 0x0000000088900000, 0x0000000088900000| Untracked 
| 124|0x0000000088a00000, 0x0000000088a00000, 0x0000000088b00000|  0%| F|  |TAMS 0x0000000088a00000, 0x0000000088a00000| Untracked 
| 125|0x0000000088b00000, 0x0000000088b00000, 0x0000000088c00000|  0%| F|  |TAMS 0x0000000088b00000, 0x0000000088b00000| Untracked 
| 126|0x0000000088c00000, 0x0000000088c00000, 0x0000000088d00000|  0%| F|  |TAMS 0x0000000088c00000, 0x0000000088c00000| Untracked 
| 127|0x0000000088d00000, 0x0000000088d00000, 0x0000000088e00000|  0%| F|  |TAMS 0x0000000088d00000, 0x0000000088d00000| Untracked 
| 128|0x0000000088e00000, 0x0000000088e00000, 0x0000000088f00000|  0%| F|  |TAMS 0x0000000088e00000, 0x0000000088e00000| Untracked 
| 129|0x0000000088f00000, 0x0000000088f00000, 0x0000000089000000|  0%| F|  |TAMS 0x0000000088f00000, 0x0000000088f00000| Untracked 
| 130|0x0000000089000000, 0x0000000089000000, 0x0000000089100000|  0%| F|  |TAMS 0x0000000089000000, 0x0000000089000000| Untracked 
| 131|0x0000000089100000, 0x0000000089100000, 0x0000000089200000|  0%| F|  |TAMS 0x0000000089100000, 0x0000000089100000| Untracked 
| 132|0x0000000089200000, 0x0000000089200000, 0x0000000089300000|  0%| F|  |TAMS 0x0000000089200000, 0x0000000089200000| Untracked 
| 133|0x0000000089300000, 0x0000000089300000, 0x0000000089400000|  0%| F|  |TAMS 0x0000000089300000, 0x0000000089300000| Untracked 
| 134|0x0000000089400000, 0x0000000089400000, 0x0000000089500000|  0%| F|  |TAMS 0x0000000089400000, 0x0000000089400000| Untracked 
| 135|0x0000000089500000, 0x0000000089500000, 0x0000000089600000|  0%| F|  |TAMS 0x0000000089500000, 0x0000000089500000| Untracked 
| 136|0x0000000089600000, 0x0000000089600000, 0x0000000089700000|  0%| F|  |TAMS 0x0000000089600000, 0x0000000089600000| Untracked 
| 137|0x0000000089700000, 0x0000000089700000, 0x0000000089800000|  0%| F|  |TAMS 0x0000000089700000, 0x0000000089700000| Untracked 
| 138|0x0000000089800000, 0x0000000089800000, 0x0000000089900000|  0%| F|  |TAMS 0x0000000089800000, 0x0000000089800000| Untracked 
| 139|0x0000000089900000, 0x0000000089900000, 0x0000000089a00000|  0%| F|  |TAMS 0x0000000089900000, 0x0000000089900000| Untracked 
| 140|0x0000000089a00000, 0x0000000089a00000, 0x0000000089b00000|  0%| F|  |TAMS 0x0000000089a00000, 0x0000000089a00000| Untracked 
| 141|0x0000000089b00000, 0x0000000089b00000, 0x0000000089c00000|  0%| F|  |TAMS 0x0000000089b00000, 0x0000000089b00000| Untracked 
| 142|0x0000000089c00000, 0x0000000089c00000, 0x0000000089d00000|  0%| F|  |TAMS 0x0000000089c00000, 0x0000000089c00000| Untracked 
| 143|0x0000000089d00000, 0x0000000089d00000, 0x0000000089e00000|  0%| F|  |TAMS 0x0000000089d00000, 0x0000000089d00000| Untracked 
| 144|0x0000000089e00000, 0x0000000089e00000, 0x0000000089f00000|  0%| F|  |TAMS 0x0000000089e00000, 0x0000000089e00000| Untracked 
| 145|0x0000000089f00000, 0x0000000089f00000, 0x000000008a000000|  0%| F|  |TAMS 0x0000000089f00000, 0x0000000089f00000| Untracked 
| 146|0x000000008a000000, 0x000000008a000000, 0x000000008a100000|  0%| F|  |TAMS 0x000000008a000000, 0x000000008a000000| Untracked 
| 147|0x000000008a100000, 0x000000008a100000, 0x000000008a200000|  0%| F|  |TAMS 0x000000008a100000, 0x000000008a100000| Untracked 
| 148|0x000000008a200000, 0x000000008a200000, 0x000000008a300000|  0%| F|  |TAMS 0x000000008a200000, 0x000000008a200000| Untracked 
| 149|0x000000008a300000, 0x000000008a300000, 0x000000008a400000|  0%| F|  |TAMS 0x000000008a300000, 0x000000008a300000| Untracked 
| 150|0x000000008a400000, 0x000000008a400000, 0x000000008a500000|  0%| F|  |TAMS 0x000000008a400000, 0x000000008a400000| Untracked 
| 151|0x000000008a500000, 0x000000008a500000, 0x000000008a600000|  0%| F|  |TAMS 0x000000008a500000, 0x000000008a500000| Untracked 
| 152|0x000000008a600000, 0x000000008a600000, 0x000000008a700000|  0%| F|  |TAMS 0x000000008a600000, 0x000000008a600000| Untracked 
| 153|0x000000008a700000, 0x000000008a700000, 0x000000008a800000|  0%| F|  |TAMS 0x000000008a700000, 0x000000008a700000| Untracked 
| 154|0x000000008a800000, 0x000000008a800000, 0x000000008a900000|  0%| F|  |TAMS 0x000000008a800000, 0x000000008a800000| Untracked 
| 155|0x000000008a900000, 0x000000008a900000, 0x000000008aa00000|  0%| F|  |TAMS 0x000000008a900000, 0x000000008a900000| Untracked 
| 156|0x000000008aa00000, 0x000000008aa00000, 0x000000008ab00000|  0%| F|  |TAMS 0x000000008aa00000, 0x000000008aa00000| Untracked 
| 157|0x000000008ab00000, 0x000000008ab00000, 0x000000008ac00000|  0%| F|  |TAMS 0x000000008ab00000, 0x000000008ab00000| Untracked 
| 158|0x000000008ac00000, 0x000000008ac00000, 0x000000008ad00000|  0%| F|  |TAMS 0x000000008ac00000, 0x000000008ac00000| Untracked 
| 159|0x000000008ad00000, 0x000000008ad00000, 0x000000008ae00000|  0%| F|  |TAMS 0x000000008ad00000, 0x000000008ad00000| Untracked 
| 160|0x000000008ae00000, 0x000000008ae00000, 0x000000008af00000|  0%| F|  |TAMS 0x000000008ae00000, 0x000000008ae00000| Untracked 
| 161|0x000000008af00000, 0x000000008af00000, 0x000000008b000000|  0%| F|  |TAMS 0x000000008af00000, 0x000000008af00000| Untracked 
| 162|0x000000008b000000, 0x000000008b000000, 0x000000008b100000|  0%| F|  |TAMS 0x000000008b000000, 0x000000008b000000| Untracked 
| 163|0x000000008b100000, 0x000000008b100000, 0x000000008b200000|  0%| F|  |TAMS 0x000000008b100000, 0x000000008b100000| Untracked 
| 164|0x000000008b200000, 0x000000008b200000, 0x000000008b300000|  0%| F|  |TAMS 0x000000008b200000, 0x000000008b200000| Untracked 
| 165|0x000000008b300000, 0x000000008b300000, 0x000000008b400000|  0%| F|  |TAMS 0x000000008b300000, 0x000000008b300000| Untracked 
| 166|0x000000008b400000, 0x000000008b400000, 0x000000008b500000|  0%| F|  |TAMS 0x000000008b400000, 0x000000008b400000| Untracked 
| 167|0x000000008b500000, 0x000000008b500000, 0x000000008b600000|  0%| F|  |TAMS 0x000000008b500000, 0x000000008b500000| Untracked 
| 168|0x000000008b600000, 0x000000008b600000, 0x000000008b700000|  0%| F|  |TAMS 0x000000008b600000, 0x000000008b600000| Untracked 
| 169|0x000000008b700000, 0x000000008b700000, 0x000000008b800000|  0%| F|  |TAMS 0x000000008b700000, 0x000000008b700000| Untracked 
| 170|0x000000008b800000, 0x000000008b800000, 0x000000008b900000|  0%| F|  |TAMS 0x000000008b800000, 0x000000008b800000| Untracked 
| 171|0x000000008b900000, 0x000000008b900000, 0x000000008ba00000|  0%| F|  |TAMS 0x000000008b900000, 0x000000008b900000| Untracked 
| 172|0x000000008ba00000, 0x000000008ba00000, 0x000000008bb00000|  0%| F|  |TAMS 0x000000008ba00000, 0x000000008ba00000| Untracked 
| 173|0x000000008bb00000, 0x000000008bc00000, 0x000000008bc00000|100%| S|CS|TAMS 0x000000008bb00000, 0x000000008bb00000| Complete 
| 174|0x000000008bc00000, 0x000000008bd00000, 0x000000008bd00000|100%| S|CS|TAMS 0x000000008bc00000, 0x000000008bc00000| Complete 
| 175|0x000000008bd00000, 0x000000008be00000, 0x000000008be00000|100%| S|CS|TAMS 0x000000008bd00000, 0x000000008bd00000| Complete 
| 176|0x000000008be00000, 0x000000008bf00000, 0x000000008bf00000|100%| S|CS|TAMS 0x000000008be00000, 0x000000008be00000| Complete 
| 177|0x000000008bf00000, 0x000000008c000000, 0x000000008c000000|100%| S|CS|TAMS 0x000000008bf00000, 0x000000008bf00000| Complete 
| 178|0x000000008c000000, 0x000000008c100000, 0x000000008c100000|100%| S|CS|TAMS 0x000000008c000000, 0x000000008c000000| Complete 
| 179|0x000000008c100000, 0x000000008c200000, 0x000000008c200000|100%| S|CS|TAMS 0x000000008c100000, 0x000000008c100000| Complete 
| 180|0x000000008c200000, 0x000000008c200000, 0x000000008c300000|  0%| F|  |TAMS 0x000000008c200000, 0x000000008c200000| Untracked 
| 181|0x000000008c300000, 0x000000008c300000, 0x000000008c400000|  0%| F|  |TAMS 0x000000008c300000, 0x000000008c300000| Untracked 
| 182|0x000000008c400000, 0x000000008c400000, 0x000000008c500000|  0%| F|  |TAMS 0x000000008c400000, 0x000000008c400000| Untracked 
| 183|0x000000008c500000, 0x000000008c500000, 0x000000008c600000|  0%| F|  |TAMS 0x000000008c500000, 0x000000008c500000| Untracked 
| 184|0x000000008c600000, 0x000000008c600000, 0x000000008c700000|  0%| F|  |TAMS 0x000000008c600000, 0x000000008c600000| Untracked 
| 185|0x000000008c700000, 0x000000008c700000, 0x000000008c800000|  0%| F|  |TAMS 0x000000008c700000, 0x000000008c700000| Untracked 
| 186|0x000000008c800000, 0x000000008c800000, 0x000000008c900000|  0%| F|  |TAMS 0x000000008c800000, 0x000000008c800000| Untracked 
| 187|0x000000008c900000, 0x000000008c900000, 0x000000008ca00000|  0%| F|  |TAMS 0x000000008c900000, 0x000000008c900000| Untracked 
| 188|0x000000008ca00000, 0x000000008ca00000, 0x000000008cb00000|  0%| F|  |TAMS 0x000000008ca00000, 0x000000008ca00000| Untracked 
| 189|0x000000008cb00000, 0x000000008cb00000, 0x000000008cc00000|  0%| F|  |TAMS 0x000000008cb00000, 0x000000008cb00000| Untracked 
| 190|0x000000008cc00000, 0x000000008cc00000, 0x000000008cd00000|  0%| F|  |TAMS 0x000000008cc00000, 0x000000008cc00000| Untracked 
| 191|0x000000008cd00000, 0x000000008cd00000, 0x000000008ce00000|  0%| F|  |TAMS 0x000000008cd00000, 0x000000008cd00000| Untracked 
| 192|0x000000008ce00000, 0x000000008ce00000, 0x000000008cf00000|  0%| F|  |TAMS 0x000000008ce00000, 0x000000008ce00000| Untracked 
| 193|0x000000008cf00000, 0x000000008cf00000, 0x000000008d000000|  0%| F|  |TAMS 0x000000008cf00000, 0x000000008cf00000| Untracked 
| 194|0x000000008d000000, 0x000000008d000000, 0x000000008d100000|  0%| F|  |TAMS 0x000000008d000000, 0x000000008d000000| Untracked 
| 195|0x000000008d100000, 0x000000008d100000, 0x000000008d200000|  0%| F|  |TAMS 0x000000008d100000, 0x000000008d100000| Untracked 
| 196|0x000000008d200000, 0x000000008d200000, 0x000000008d300000|  0%| F|  |TAMS 0x000000008d200000, 0x000000008d200000| Untracked 
| 197|0x000000008d300000, 0x000000008d300000, 0x000000008d400000|  0%| F|  |TAMS 0x000000008d300000, 0x000000008d300000| Untracked 
| 198|0x000000008d400000, 0x000000008d400000, 0x000000008d500000|  0%| F|  |TAMS 0x000000008d400000, 0x000000008d400000| Untracked 
| 199|0x000000008d500000, 0x000000008d500000, 0x000000008d600000|  0%| F|  |TAMS 0x000000008d500000, 0x000000008d500000| Untracked 
| 200|0x000000008d600000, 0x000000008d600000, 0x000000008d700000|  0%| F|  |TAMS 0x000000008d600000, 0x000000008d600000| Untracked 
| 201|0x000000008d700000, 0x000000008d700000, 0x000000008d800000|  0%| F|  |TAMS 0x000000008d700000, 0x000000008d700000| Untracked 
| 202|0x000000008d800000, 0x000000008d800000, 0x000000008d900000|  0%| F|  |TAMS 0x000000008d800000, 0x000000008d800000| Untracked 
| 203|0x000000008d900000, 0x000000008d900000, 0x000000008da00000|  0%| F|  |TAMS 0x000000008d900000, 0x000000008d900000| Untracked 
| 204|0x000000008da00000, 0x000000008da00000, 0x000000008db00000|  0%| F|  |TAMS 0x000000008da00000, 0x000000008da00000| Untracked 
| 205|0x000000008db00000, 0x000000008db00000, 0x000000008dc00000|  0%| F|  |TAMS 0x000000008db00000, 0x000000008db00000| Untracked 
| 206|0x000000008dc00000, 0x000000008dc00000, 0x000000008dd00000|  0%| F|  |TAMS 0x000000008dc00000, 0x000000008dc00000| Untracked 
| 207|0x000000008dd00000, 0x000000008dd00000, 0x000000008de00000|  0%| F|  |TAMS 0x000000008dd00000, 0x000000008dd00000| Untracked 
| 208|0x000000008de00000, 0x000000008de00000, 0x000000008df00000|  0%| F|  |TAMS 0x000000008de00000, 0x000000008de00000| Untracked 
| 209|0x000000008df00000, 0x000000008df00000, 0x000000008e000000|  0%| F|  |TAMS 0x000000008df00000, 0x000000008df00000| Untracked 
| 210|0x000000008e000000, 0x000000008e000000, 0x000000008e100000|  0%| F|  |TAMS 0x000000008e000000, 0x000000008e000000| Untracked 
| 211|0x000000008e100000, 0x000000008e100000, 0x000000008e200000|  0%| F|  |TAMS 0x000000008e100000, 0x000000008e100000| Untracked 
| 212|0x000000008e200000, 0x000000008e200000, 0x000000008e300000|  0%| F|  |TAMS 0x000000008e200000, 0x000000008e200000| Untracked 
| 213|0x000000008e300000, 0x000000008e300000, 0x000000008e400000|  0%| F|  |TAMS 0x000000008e300000, 0x000000008e300000| Untracked 
| 214|0x000000008e400000, 0x000000008e400000, 0x000000008e500000|  0%| F|  |TAMS 0x000000008e400000, 0x000000008e400000| Untracked 
| 215|0x000000008e500000, 0x000000008e500000, 0x000000008e600000|  0%| F|  |TAMS 0x000000008e500000, 0x000000008e500000| Untracked 
| 216|0x000000008e600000, 0x000000008e600000, 0x000000008e700000|  0%| F|  |TAMS 0x000000008e600000, 0x000000008e600000| Untracked 
| 217|0x000000008e700000, 0x000000008e700000, 0x000000008e800000|  0%| F|  |TAMS 0x000000008e700000, 0x000000008e700000| Untracked 
| 218|0x000000008e800000, 0x000000008e800000, 0x000000008e900000|  0%| F|  |TAMS 0x000000008e800000, 0x000000008e800000| Untracked 
| 219|0x000000008e900000, 0x000000008e900000, 0x000000008ea00000|  0%| F|  |TAMS 0x000000008e900000, 0x000000008e900000| Untracked 
| 220|0x000000008ea00000, 0x000000008ea00000, 0x000000008eb00000|  0%| F|  |TAMS 0x000000008ea00000, 0x000000008ea00000| Untracked 
| 221|0x000000008eb00000, 0x000000008eb00000, 0x000000008ec00000|  0%| F|  |TAMS 0x000000008eb00000, 0x000000008eb00000| Untracked 
| 222|0x000000008ec00000, 0x000000008ec00000, 0x000000008ed00000|  0%| F|  |TAMS 0x000000008ec00000, 0x000000008ec00000| Untracked 
| 223|0x000000008ed00000, 0x000000008ed00000, 0x000000008ee00000|  0%| F|  |TAMS 0x000000008ed00000, 0x000000008ed00000| Untracked 
| 224|0x000000008ee00000, 0x000000008ee00000, 0x000000008ef00000|  0%| F|  |TAMS 0x000000008ee00000, 0x000000008ee00000| Untracked 
| 225|0x000000008ef00000, 0x000000008ef00000, 0x000000008f000000|  0%| F|  |TAMS 0x000000008ef00000, 0x000000008ef00000| Untracked 
| 226|0x000000008f000000, 0x000000008f000000, 0x000000008f100000|  0%| F|  |TAMS 0x000000008f000000, 0x000000008f000000| Untracked 
| 227|0x000000008f100000, 0x000000008f100000, 0x000000008f200000|  0%| F|  |TAMS 0x000000008f100000, 0x000000008f100000| Untracked 
| 228|0x000000008f200000, 0x000000008f200000, 0x000000008f300000|  0%| F|  |TAMS 0x000000008f200000, 0x000000008f200000| Untracked 
| 229|0x000000008f300000, 0x000000008f300000, 0x000000008f400000|  0%| F|  |TAMS 0x000000008f300000, 0x000000008f300000| Untracked 

Card table byte_map: [0x00000227cd060000,0x00000227cd460000] _byte_map_base: 0x00000227ccc59000

Marking Bits (Prev, Next): (CMBitMap*) 0x00000227b557d0f8, (CMBitMap*) 0x00000227b557d130
 Prev Bits: [0x00000227cd860000, 0x00000227cf828000)
 Next Bits: [0x00000227cf830000, 0x00000227d17f8000)

Polling page: 0x00000227b4d20000

Metaspace:

Usage:
  Non-class:     11.76 MB capacity,    11.55 MB ( 98%) used,   201.11 KB (  2%) free+waste,    17.94 KB ( <1%) overhead. 
      Class:      1.32 MB capacity,     1.25 MB ( 94%) used,    70.53 KB (  5%) free+waste,     7.81 KB ( <1%) overhead. 
       Both:     13.09 MB capacity,    12.80 MB ( 98%) used,   271.64 KB (  2%) free+waste,    25.75 KB ( <1%) overhead. 

Virtual space:
  Non-class space:       12.00 MB reserved,      12.00 MB (100%) committed 
      Class space:        1.00 GB reserved,       1.38 MB ( <1%) committed 
             Both:        1.01 GB reserved,      13.38 MB (  1%) committed 

Chunk freelists:
   Non-Class:  49.00 KB
       Class:  22.00 KB
        Both:  71.00 KB

MaxMetaspaceSize: 17179869184.00 GB
CompressedClassSpaceSize: 1.00 GB
Initial GC threshold: 20.80 MB
Current GC threshold: 20.80 MB
CDS: off

CodeHeap 'non-profiled nmethods': size=120064Kb used=667Kb max_used=667Kb free=119396Kb
 bounds [0x00000227c5720000, 0x00000227c5990000, 0x00000227ccc60000]
CodeHeap 'profiled nmethods': size=120000Kb used=2444Kb max_used=2444Kb free=117555Kb
 bounds [0x00000227be1f0000, 0x00000227be460000, 0x00000227c5720000]
CodeHeap 'non-nmethods': size=5696Kb used=1144Kb max_used=1161Kb free=4551Kb
 bounds [0x00000227bdc60000, 0x00000227bded0000, 0x00000227be1f0000]
 total_blobs=1721 nmethods=1328 adapters=306
 compilation: enabled
              stopped_count=0, restarted_count=0
 full_count=0

Compilation events (20 events):
Event: 2.227 Thread 0x00000227d3d10800 nmethod 1319 0x00000227be448410 code [0x00000227be448760, 0x00000227be44a228]
Event: 2.227 Thread 0x00000227d3d10800 1325       1       com.android.manifmerger.OrphanXmlElement::getType (5 bytes)
Event: 2.227 Thread 0x00000227d3d10800 nmethod 1325 0x00000227c57c6590 code [0x00000227c57c6740, 0x00000227c57c67f8]
Event: 2.227 Thread 0x00000227d3d10800 1324       3       org.apache.xerces.dom.NodeImpl::<init> (10 bytes)
Event: 2.227 Thread 0x00000227d3d10800 nmethod 1324 0x00000227be44a890 code [0x00000227be44aa40, 0x00000227be44abf8]
Event: 2.227 Thread 0x00000227d3d10800 1327   !   3       org.apache.xerces.parsers.XML11Configuration::setFeature (155 bytes)
Event: 2.228 Thread 0x00000227d3d10800 nmethod 1327 0x00000227be44ac90 code [0x00000227be44afe0, 0x00000227be44c5c8]
Event: 2.228 Thread 0x00000227d3d10800 1329       3       org.apache.xerces.dom.NodeImpl::isNormalized (17 bytes)
Event: 2.228 Thread 0x00000227d3d10800 nmethod 1329 0x00000227be44ce90 code [0x00000227be44d040, 0x00000227be44d198]
Event: 2.228 Thread 0x00000227d3d10800 1328       3       org.apache.xerces.util.XMLStringBuffer::<init> (12 bytes)
Event: 2.228 Thread 0x00000227d3d10800 nmethod 1328 0x00000227be44d210 code [0x00000227be44d3e0, 0x00000227be44d698]
Event: 2.228 Thread 0x00000227d3d10800 1326       1       java.util.Collections$EmptyList::isEmpty (2 bytes)
Event: 2.229 Thread 0x00000227d3d10800 nmethod 1326 0x00000227c57c6890 code [0x00000227c57c6a40, 0x00000227c57c6af8]
Event: 2.229 Thread 0x00000227d3d10800 1330       1       com.android.manifmerger.AttributeModel::getName (5 bytes)
Event: 2.229 Thread 0x00000227d3d10800 nmethod 1330 0x00000227c57c6b90 code [0x00000227c57c6d40, 0x00000227c57c6df8]
Event: 2.230 Thread 0x00000227d3d10800 1331       3       java.util.regex.Pattern::clazz (438 bytes)
Event: 2.233 Thread 0x00000227d3d10800 nmethod 1331 0x00000227be44d790 code [0x00000227be44dd00, 0x00000227be450d58]
Event: 2.233 Thread 0x00000227d3d10800 1333       3       java.util.regex.Pattern::expr (142 bytes)
Event: 2.233 Thread 0x00000227d3d10800 nmethod 1333 0x00000227be451e10 code [0x00000227be4520a0, 0x00000227be452d28]
Event: 2.233 Thread 0x00000227d3d10800 1338       3       java.util.regex.Pattern::atom (422 bytes)

GC Heap History (17 events):
Event: 0.287 GC heap before
{Heap before GC invocations=0 (full 0):
 garbage-first heap   total 131072K, used 23552K [0x0000000080e00000, 0x0000000100000000)
  region size 1024K, 14 young (14336K), 0 survivors (0K)
 Metaspace       used 4693K, capacity 4728K, committed 4864K, reserved 1056768K
  class space    used 403K, capacity 424K, committed 512K, reserved 1048576K
}
Event: 0.301 GC heap after
{Heap after GC invocations=1 (full 0):
 garbage-first heap   total 131072K, used 12586K [0x0000000080e00000, 0x0000000100000000)
  region size 1024K, 2 young (2048K), 2 survivors (2048K)
 Metaspace       used 4693K, capacity 4728K, committed 4864K, reserved 1056768K
  class space    used 403K, capacity 424K, committed 512K, reserved 1048576K
}
Event: 0.429 GC heap before
{Heap before GC invocations=1 (full 0):
 garbage-first heap   total 131072K, used 33066K [0x0000000080e00000, 0x0000000100000000)
  region size 1024K, 11 young (11264K), 2 survivors (2048K)
 Metaspace       used 5549K, capacity 5598K, committed 5888K, reserved 1056768K
  class space    used 453K, capacity 458K, committed 512K, reserved 1048576K
}
Event: 0.437 GC heap after
{Heap after GC invocations=2 (full 0):
 garbage-first heap   total 131072K, used 21504K [0x0000000080e00000, 0x0000000100000000)
  region size 1024K, 2 young (2048K), 2 survivors (2048K)
 Metaspace       used 5549K, capacity 5598K, committed 5888K, reserved 1056768K
  class space    used 453K, capacity 458K, committed 512K, reserved 1048576K
}
Event: 0.458 GC heap before
{Heap before GC invocations=2 (full 0):
 garbage-first heap   total 131072K, used 26624K [0x0000000080e00000, 0x0000000100000000)
  region size 1024K, 7 young (7168K), 2 survivors (2048K)
 Metaspace       used 5555K, capacity 5598K, committed 5888K, reserved 1056768K
  class space    used 453K, capacity 458K, committed 512K, reserved 1048576K
}
Event: 0.463 GC heap after
{Heap after GC invocations=3 (full 0):
 garbage-first heap   total 131072K, used 24127K [0x0000000080e00000, 0x0000000100000000)
  region size 1024K, 1 young (1024K), 1 survivors (1024K)
 Metaspace       used 5555K, capacity 5598K, committed 5888K, reserved 1056768K
  class space    used 453K, capacity 458K, committed 512K, reserved 1048576K
}
Event: 0.597 GC heap before
{Heap before GC invocations=3 (full 0):
 garbage-first heap   total 131072K, used 36415K [0x0000000080e00000, 0x0000000100000000)
  region size 1024K, 13 young (13312K), 1 survivors (1024K)
 Metaspace       used 7131K, capacity 7169K, committed 7296K, reserved 1056768K
  class space    used 603K, capacity 619K, committed 640K, reserved 1048576K
}
Event: 0.608 GC heap after
{Heap after GC invocations=4 (full 0):
 garbage-first heap   total 131072K, used 31622K [0x0000000080e00000, 0x0000000100000000)
  region size 1024K, 2 young (2048K), 2 survivors (2048K)
 Metaspace       used 7131K, capacity 7169K, committed 7296K, reserved 1056768K
  class space    used 603K, capacity 619K, committed 640K, reserved 1048576K
}
Event: 1.073 GC heap before
{Heap before GC invocations=4 (full 0):
 garbage-first heap   total 131072K, used 60294K [0x0000000080e00000, 0x0000000100000000)
  region size 1024K, 24 young (24576K), 2 survivors (2048K)
 Metaspace       used 10005K, capacity 10190K, committed 10240K, reserved 1058816K
  class space    used 947K, capacity 1014K, committed 1024K, reserved 1048576K
}
Event: 1.089 GC heap after
{Heap after GC invocations=5 (full 0):
 garbage-first heap   total 235520K, used 41984K [0x0000000080e00000, 0x0000000100000000)
  region size 1024K, 3 young (3072K), 3 survivors (3072K)
 Metaspace       used 10005K, capacity 10190K, committed 10240K, reserved 1058816K
  class space    used 947K, capacity 1014K, committed 1024K, reserved 1048576K
}
Event: 1.256 GC heap before
{Heap before GC invocations=5 (full 0):
 garbage-first heap   total 235520K, used 87040K [0x0000000080e00000, 0x0000000100000000)
  region size 1024K, 35 young (35840K), 3 survivors (3072K)
 Metaspace       used 10019K, capacity 10190K, committed 10240K, reserved 1058816K
  class space    used 947K, capacity 1014K, committed 1024K, reserved 1048576K
}
Event: 1.281 GC heap after
{Heap after GC invocations=6 (full 0):
 garbage-first heap   total 235520K, used 63054K [0x0000000080e00000, 0x0000000100000000)
  region size 1024K, 5 young (5120K), 5 survivors (5120K)
 Metaspace       used 10019K, capacity 10190K, committed 10240K, reserved 1058816K
  class space    used 947K, capacity 1014K, committed 1024K, reserved 1048576K
}
Event: 1.466 GC heap before
{Heap before GC invocations=6 (full 0):
 garbage-first heap   total 235520K, used 87630K [0x0000000080e00000, 0x0000000100000000)
  region size 1024K, 23 young (23552K), 5 survivors (5120K)
 Metaspace       used 10062K, capacity 10254K, committed 10496K, reserved 1058816K
  class space    used 952K, capacity 1014K, committed 1024K, reserved 1048576K
}
Event: 1.490 GC heap after
{Heap after GC invocations=7 (full 0):
 garbage-first heap   total 235520K, used 73728K [0x0000000080e00000, 0x0000000100000000)
  region size 1024K, 3 young (3072K), 3 survivors (3072K)
 Metaspace       used 10062K, capacity 10254K, committed 10496K, reserved 1058816K
  class space    used 952K, capacity 1014K, committed 1024K, reserved 1048576K
}
Event: 1.816 GC heap before
{Heap before GC invocations=7 (full 0):
 garbage-first heap   total 235520K, used 134144K [0x0000000080e00000, 0x0000000100000000)
  region size 1024K, 44 young (45056K), 3 survivors (3072K)
 Metaspace       used 11096K, capacity 11278K, committed 11392K, reserved 1058816K
  class space    used 1063K, capacity 1142K, committed 1152K, reserved 1048576K
}
Event: 1.832 GC heap after
{Heap after GC invocations=8 (full 0):
 garbage-first heap   total 235520K, used 79305K [0x0000000080e00000, 0x0000000100000000)
  region size 1024K, 6 young (6144K), 6 survivors (6144K)
 Metaspace       used 11096K, capacity 11278K, committed 11392K, reserved 1058816K
  class space    used 1063K, capacity 1142K, committed 1152K, reserved 1048576K
}
Event: 2.234 GC heap before
{Heap before GC invocations=8 (full 0):
 garbage-first heap   total 235520K, used 136649K [0x0000000080e00000, 0x0000000100000000)
  region size 1024K, 50 young (51200K), 6 survivors (6144K)
 Metaspace       used 13103K, capacity 13401K, committed 13696K, reserved 1060864K
  class space    used 1275K, capacity 1354K, committed 1408K, reserved 1048576K
}

Deoptimization events (20 events):
Event: 2.098 Thread 0x00000227b553c000 Uncommon trap: trap_request=0xffffff4d fr.pc=0x00000227c5748cfc relative=0x000000000000095c
Event: 2.098 Thread 0x00000227b553c000 Uncommon trap: reason=unstable_if action=reinterpret pc=0x00000227c5748cfc method=java.util.HashMap.computeIfAbsent(Ljava/lang/Object;Ljava/util/function/Function;)Ljava/lang/Object; @ 44 c2
Event: 2.098 Thread 0x00000227b553c000 DEOPT PACKING pc=0x00000227c5748cfc sp=0x000000a091dfeef0
Event: 2.098 Thread 0x00000227b553c000 DEOPT UNPACKING pc=0x00000227bdcaa1af sp=0x000000a091dfeeb0 mode 2
Event: 2.102 Thread 0x00000227b553c000 Uncommon trap: trap_request=0xffffffc6 fr.pc=0x00000227c5798010 relative=0x0000000000001050
Event: 2.102 Thread 0x00000227b553c000 Uncommon trap: reason=bimorphic_or_optimized_type_check action=maybe_recompile pc=0x00000227c5798010 method=java.util.HashMap.putVal(ILjava/lang/Object;Ljava/lang/Object;ZZ)Ljava/lang/Object; @ 91 c2
Event: 2.102 Thread 0x00000227b553c000 DEOPT PACKING pc=0x00000227c5798010 sp=0x000000a091dfecb0
Event: 2.102 Thread 0x00000227b553c000 DEOPT UNPACKING pc=0x00000227bdcaa1af sp=0x000000a091dfec60 mode 2
Event: 2.118 Thread 0x00000227b553c000 Uncommon trap: trap_request=0xffffffc6 fr.pc=0x00000227c5798010 relative=0x0000000000001050
Event: 2.118 Thread 0x00000227b553c000 Uncommon trap: reason=bimorphic_or_optimized_type_check action=maybe_recompile pc=0x00000227c5798010 method=java.util.HashMap.putVal(ILjava/lang/Object;Ljava/lang/Object;ZZ)Ljava/lang/Object; @ 91 c2
Event: 2.118 Thread 0x00000227b553c000 DEOPT PACKING pc=0x00000227c5798010 sp=0x000000a091dfec20
Event: 2.118 Thread 0x00000227b553c000 DEOPT UNPACKING pc=0x00000227bdcaa1af sp=0x000000a091dfebd0 mode 2
Event: 2.118 Thread 0x00000227b553c000 Uncommon trap: trap_request=0xffffffc6 fr.pc=0x00000227c5798010 relative=0x0000000000001050
Event: 2.118 Thread 0x00000227b553c000 Uncommon trap: reason=bimorphic_or_optimized_type_check action=maybe_recompile pc=0x00000227c5798010 method=java.util.HashMap.putVal(ILjava/lang/Object;Ljava/lang/Object;ZZ)Ljava/lang/Object; @ 91 c2
Event: 2.118 Thread 0x00000227b553c000 DEOPT PACKING pc=0x00000227c5798010 sp=0x000000a091dfec20
Event: 2.118 Thread 0x00000227b553c000 DEOPT UNPACKING pc=0x00000227bdcaa1af sp=0x000000a091dfebd0 mode 2
Event: 2.119 Thread 0x00000227b553c000 Uncommon trap: trap_request=0xffffffc6 fr.pc=0x00000227c5798010 relative=0x0000000000001050
Event: 2.119 Thread 0x00000227b553c000 Uncommon trap: reason=bimorphic_or_optimized_type_check action=maybe_recompile pc=0x00000227c5798010 method=java.util.HashMap.putVal(ILjava/lang/Object;Ljava/lang/Object;ZZ)Ljava/lang/Object; @ 91 c2
Event: 2.119 Thread 0x00000227b553c000 DEOPT PACKING pc=0x00000227c5798010 sp=0x000000a091dfec20
Event: 2.119 Thread 0x00000227b553c000 DEOPT UNPACKING pc=0x00000227bdcaa1af sp=0x000000a091dfebd0 mode 2

Classes redefined (0 events):
No events

Internal exceptions (9 events):
Event: 0.558 Thread 0x00000227b553c000 Implicit null exception at 0x00000227c574d8bd to 0x00000227c574d998
Event: 0.974 Thread 0x00000227b553c000 Exception <a 'java/lang/NoSuchMethodError'{0x0000000088535d50}: 'int java.lang.invoke.DirectMethodHandle$Holder.invokeSpecialIFC(java.lang.Object, java.lang.Object, int)'> (0x0000000088535d50) thrown at [./src/hotspot/share/interpreter/linkResolver.cpp, line 773]
Event: 0.990 Thread 0x00000227b553c000 Exception <a 'java/lang/NoSuchMethodError'{0x00000000885a3428}: 'java.lang.Object java.lang.invoke.DirectMethodHandle$Holder.invokeStatic(java.lang.Object, java.lang.Object, java.lang.Object, java.lang.Object, java.lang.Object, java.lang.Object, java.lang.Object, java.lang.Object, java.lang.Object, java.lang.Object, java.lang.Object, java.lang.Object, java.lang.Object, java.lang.Object, java.lang.Object)'> (0x00000000885a3428) thrown at [./src/hotspot/share/interpreter/linkResolver.cpp, line 773]
Event: 0.992 Thread 0x00000227b553c000 Exception <a 'java/lang/NoSuchMethodError'{0x00000000885b1188}: 'java.lang.Object java.lang.invoke.DirectMethodHandle$Holder.invokeStatic(java.lang.Object, java.lang.Object, java.lang.Object, java.lang.Object, java.lang.Object, java.lang.Object, java.lang.Object, java.lang.Object, java.lang.Object, java.lang.Object, java.lang.Object, java.lang.Object, java.lang.Object, java.lang.Object, java.lang.Object, java.lang.Object)'> (0x00000000885b1188) thrown at [./src/hotspot/share/interpreter/linkResolver.cpp, l
Event: 0.993 Thread 0x00000227b553c000 Exception <a 'java/lang/NoSuchMethodError'{0x00000000885bedf8}: 'java.lang.Object java.lang.invoke.DirectMethodHandle$Holder.invokeSpecial(java.lang.Object, java.lang.Object, int, int, java.lang.Object, java.lang.Object, java.lang.Object)'> (0x00000000885bedf8) thrown at [./src/hotspot/share/interpreter/linkResolver.cpp, line 773]
Event: 0.994 Thread 0x00000227b553c000 Exception <a 'java/lang/NoSuchMethodError'{0x00000000885c2388}: 'java.lang.Object java.lang.invoke.DelegatingMethodHandle$Holder.reinvoke_L(java.lang.Object, int, int, java.lang.Object, java.lang.Object, java.lang.Object)'> (0x00000000885c2388) thrown at [./src/hotspot/share/interpreter/linkResolver.cpp, line 773]
Event: 0.995 Thread 0x00000227b553c000 Exception <a 'java/lang/NoSuchMethodError'{0x00000000885c6710}: 'java.lang.Object java.lang.invoke.DirectMethodHandle$Holder.invokeStatic(java.lang.Object, java.lang.Object, java.lang.Object, java.lang.Object, int)'> (0x00000000885c6710) thrown at [./src/hotspot/share/interpreter/linkResolver.cpp, line 773]
Event: 1.227 Thread 0x00000227b553c000 Implicit null exception at 0x00000227c57325ef to 0x00000227c57326c4
Event: 2.098 Thread 0x00000227b553c000 Implicit null exception at 0x00000227c574846f to 0x00000227c5748ce8

Events (20 events):
Event: 2.182 loading class com/android/manifmerger/XmlAttribute done
Event: 2.182 loading class com/google/common/collect/Sets
Event: 2.182 loading class com/google/common/collect/Sets done
Event: 2.183 loading class java/util/NavigableSet
Event: 2.183 loading class java/util/SortedSet
Event: 2.184 loading class java/util/SortedSet done
Event: 2.184 loading class java/util/NavigableSet done
Event: 2.184 loading class com/google/common/collect/Sets$SetView
Event: 2.184 loading class com/google/common/collect/Sets$SetView done
Event: 2.184 loading class com/google/common/collect/Sets$1
Event: 2.184 loading class com/google/common/collect/Sets$1 done
Event: 2.185 loading class com/google/common/collect/Sets$3
Event: 2.185 loading class com/google/common/collect/Sets$3 done
Event: 2.185 loading class com/google/common/collect/Sets$4
Event: 2.185 loading class com/google/common/collect/Sets$4 done
Event: 2.185 loading class com/google/common/collect/Sets$2
Event: 2.185 loading class com/google/common/collect/Sets$2 done
Event: 2.186 loading class com/google/common/collect/ImmutableEnumSet
Event: 2.186 loading class com/google/common/collect/ImmutableEnumSet done
Event: 2.234 Executing VM operation: G1CollectForAllocation


Dynamic libraries:
0x00007ff6b56e0000 - 0x00007ff6b56ed000 	C:\Program Files\Microsoft\jdk-11.0.12.7-hotspot\bin\java.exe
0x00007ffe42a70000 - 0x00007ffe42c65000 	C:\Windows\SYSTEM32\ntdll.dll
0x00007ffe40d70000 - 0x00007ffe40e2d000 	C:\Windows\System32\KERNEL32.DLL
0x00007ffe40570000 - 0x00007ffe4083d000 	C:\Windows\System32\KERNELBASE.dll
0x00007ffe408e0000 - 0x00007ffe409e0000 	C:\Windows\System32\ucrtbase.dll
0x00007ffe38030000 - 0x00007ffe38047000 	C:\Program Files\Microsoft\jdk-11.0.12.7-hotspot\bin\jli.dll
0x00007ffe2e420000 - 0x00007ffe2e435000 	C:\Program Files\Microsoft\jdk-11.0.12.7-hotspot\bin\VCRUNTIME140.dll
0x00007ffe40ac0000 - 0x00007ffe40c60000 	C:\Windows\System32\USER32.dll
0x00007ffe393b0000 - 0x00007ffe3964a000 	C:\Windows\WinSxS\amd64_microsoft.windows.common-controls_6595b64144ccf1df_6.0.19041.1110_none_60b5254171f9507e\COMCTL32.dll
0x00007ffe40540000 - 0x00007ffe40562000 	C:\Windows\System32\win32u.dll
0x00007ffe41480000 - 0x00007ffe414aa000 	C:\Windows\System32\GDI32.dll
0x00007ffe411c0000 - 0x00007ffe4125e000 	C:\Windows\System32\msvcrt.dll
0x00007ffe40180000 - 0x00007ffe4028b000 	C:\Windows\System32\gdi32full.dll
0x00007ffe40840000 - 0x00007ffe408dd000 	C:\Windows\System32\msvcp_win.dll
0x00007ffe42780000 - 0x00007ffe427b0000 	C:\Windows\System32\IMM32.DLL
0x00007ffe21330000 - 0x00007ffe213cb000 	C:\Program Files\Microsoft\jdk-11.0.12.7-hotspot\bin\msvcp140.dll
0x00007ffe00500000 - 0x00007ffe01061000 	C:\Program Files\Microsoft\jdk-11.0.12.7-hotspot\bin\server\jvm.dll
0x00007ffe41070000 - 0x00007ffe4111e000 	C:\Windows\System32\ADVAPI32.dll
0x00007ffe41120000 - 0x00007ffe411bc000 	C:\Windows\System32\sechost.dll
0x00007ffe42220000 - 0x00007ffe42345000 	C:\Windows\System32\RPCRT4.dll
0x00007ffe41470000 - 0x00007ffe41478000 	C:\Windows\System32\PSAPI.DLL
0x00007ffe242d0000 - 0x00007ffe242d9000 	C:\Windows\SYSTEM32\WSOCK32.dll
0x00007ffe39760000 - 0x00007ffe3976a000 	C:\Windows\SYSTEM32\VERSION.dll
0x00007ffe428c0000 - 0x00007ffe4292b000 	C:\Windows\System32\WS2_32.dll
0x00007ffe39730000 - 0x00007ffe39757000 	C:\Windows\SYSTEM32\WINMM.dll
0x00007ffe3dfc0000 - 0x00007ffe3dfd2000 	C:\Windows\SYSTEM32\kernel.appcore.dll
0x00007ffe399c0000 - 0x00007ffe399d0000 	C:\Program Files\Microsoft\jdk-11.0.12.7-hotspot\bin\verify.dll
0x00007ffe2ee00000 - 0x00007ffe2efe4000 	C:\Windows\SYSTEM32\DBGHELP.DLL
0x00007ffe2ff60000 - 0x00007ffe2ff8c000 	C:\Windows\SYSTEM32\dbgcore.DLL
0x00007ffe40290000 - 0x00007ffe40312000 	C:\Windows\System32\bcryptPrimitives.dll
0x00007ffe287a0000 - 0x00007ffe287c8000 	C:\Program Files\Microsoft\jdk-11.0.12.7-hotspot\bin\java.dll
0x00007ffe38160000 - 0x00007ffe3816a000 	C:\Program Files\Microsoft\jdk-11.0.12.7-hotspot\bin\jimage.dll
0x00007ffe21310000 - 0x00007ffe21327000 	C:\Program Files\Microsoft\jdk-11.0.12.7-hotspot\bin\zip.dll
0x00007ffe41ac0000 - 0x00007ffe42204000 	C:\Windows\System32\SHELL32.dll
0x00007ffe3e2a0000 - 0x00007ffe3ea34000 	C:\Windows\SYSTEM32\windows.storage.dll
0x00007ffe42420000 - 0x00007ffe42774000 	C:\Windows\System32\combase.dll
0x00007ffe3fb10000 - 0x00007ffe3fb3c000 	C:\Windows\SYSTEM32\Wldp.dll
0x00007ffe40c60000 - 0x00007ffe40d0d000 	C:\Windows\System32\SHCORE.dll
0x00007ffe41260000 - 0x00007ffe412b5000 	C:\Windows\System32\shlwapi.dll
0x00007ffe400c0000 - 0x00007ffe400df000 	C:\Windows\SYSTEM32\profapi.dll
0x00007ffe1fc60000 - 0x00007ffe1fc79000 	C:\Program Files\Microsoft\jdk-11.0.12.7-hotspot\bin\net.dll
0x00007ffe3b5c0000 - 0x00007ffe3b6ca000 	C:\Windows\SYSTEM32\WINHTTP.dll
0x00007ffe3f870000 - 0x00007ffe3f8da000 	C:\Windows\system32\mswsock.dll
0x00007ffe1d310000 - 0x00007ffe1d322000 	C:\Program Files\Microsoft\jdk-11.0.12.7-hotspot\bin\nio.dll

dbghelp: loaded successfully - version: 4.0.5 - missing functions: none
symbol engine: initialized successfully - sym options: 0x614 - pdb path: .;C:\Program Files\Microsoft\jdk-11.0.12.7-hotspot\bin;C:\Windows\SYSTEM32;C:\Windows\WinSxS\amd64_microsoft.windows.common-controls_6595b64144ccf1df_6.0.19041.1110_none_60b5254171f9507e;C:\Program Files\Microsoft\jdk-11.0.12.7-hotspot\bin\server

VM Arguments:
java_command: com.xamarin.manifestmerger.Main obj\Debug\120\android\manifestmerger.rsp
java_class_path (initial): C:\Program Files\Microsoft Visual Studio\2022\Community\MSBuild\Xamarin\Android\manifestmerger.jar
Launcher Type: SUN_STANDARD

[Global flags]
     intx CICompilerCount                          = 3                                         {product} {ergonomic}
     uint ConcGCThreads                            = 1                                         {product} {ergonomic}
     uint G1ConcRefinementThreads                  = 4                                         {product} {ergonomic}
   size_t G1HeapRegionSize                         = 1048576                                   {product} {ergonomic}
    uintx GCDrainStackTargetSize                   = 64                                        {product} {ergonomic}
   size_t InitialHeapSize                          = 134217728                                 {product} {ergonomic}
   size_t MarkStackSize                            = 4194304                                   {product} {ergonomic}
   size_t MaxHeapSize                              = 2132803584                                {product} {ergonomic}
   size_t MaxNewSize                               = 1279262720                                {product} {ergonomic}
   size_t MinHeapDeltaBytes                        = 1048576                                   {product} {ergonomic}
    uintx NonNMethodCodeHeapSize                   = 5830732                                {pd product} {ergonomic}
    uintx NonProfiledCodeHeapSize                  = 122913754                              {pd product} {ergonomic}
    uintx ProfiledCodeHeapSize                     = 122913754                              {pd product} {ergonomic}
    uintx ReservedCodeCacheSize                    = 251658240                              {pd product} {ergonomic}
     bool SegmentedCodeCache                       = true                                      {product} {ergonomic}
     bool UseCompressedClassPointers               = true                                 {lp64_product} {ergonomic}
     bool UseCompressedOops                        = true                                 {lp64_product} {ergonomic}
     bool UseG1GC                                  = true                                      {product} {ergonomic}
     bool UseLargePagesIndividualAllocation        = false                                  {pd product} {ergonomic}

Logging:
Log output configuration:
 #0: stdout all=warning uptime,level,tags
 #1: stderr all=off uptime,level,tags

Environment Variables:
PATH=C:\ProgramData\Oracle\Java\javapath;C:\Program Files\Microsoft\jdk-11.0.12.7-hotspot\bin;C:\Program Files (x86)\NVIDIA Corporation\PhysX\Common;C:\Windows\system32;C:\Windows;C:\Windows\System32\Wbem;C:\Windows\System32\WindowsPowerShell\v1.0\;C:\Windows\System32\OpenSSH\;C:\Program Files\Microsoft SQL Server\150\Tools\Binn\;C:\Program Files\Microsoft SQL Server\Client SDK\ODBC\170\Tools\Binn\;C:\Program Files\dotnet\;C:\Program Files\Git\cmd;C:\Program Files (x86)\Microsoft SQL Server\150\Tools\Binn\;C:\Program Files\Microsoft SQL Server\150\DTS\Binn\;C:\Program Files (x86)\Microsoft SQL Server\150\DTS\Binn\;C:\Program Files\Azure Data Studio\bin;C:\Users\rafam\AppData\Local\Microsoft\WindowsApps;;C:\Users\rafam\.dotnet\tools;C:\Users\rafam\AppData\Local\Programs\Microsoft VS Code\bin;C:\Program Files\Azure Data Studio\bin
USERNAME=rafam
OS=Windows_NT
PROCESSOR_IDENTIFIER=Intel64 Family 6 Model 60 Stepping 3, GenuineIntel



---------------  S Y S T E M  ---------------

OS: Windows 10 , 64 bit Build 19041 (10.0.19041.1706)
OS uptime: 1 days 0:27 hours

CPU:total 4 (initial active 4) (2 cores per cpu, 2 threads per core) family 6 model 60 stepping 3 microcode 0x27, cmov, cx8, fxsr, mmx, sse, sse2, sse3, ssse3, sse4.1, sse4.2, popcnt, avx, avx2, aes, clmul, erms, lzcnt, ht, tsc, tscinvbit, bmi1, bmi2, fma

Memory: 4k page, system-wide physical 8134M (1203M free)
TotalPageFile size 8134M (AvailPageFile size 139M)
current process WorkingSet (physical memory assigned to process): 224M, peak: 224M
current process commit charge ("private bytes"): 322M, peak: 552M

vm_info: OpenJDK 64-Bit Server VM (11.0.12+7) for windows-amd64 JRE (11.0.12+7), built on Jul 21 2021 15:41:43 by "" with unknown MS VC++:1916

END.
