#
# There is insufficient memory for the Java Runtime Environment to continue.
# Native memory allocation (mmap) failed to map 110100480 bytes for Failed to commit area from 0x0000000088e00000 to 0x000000008f700000 of length 110100480.
# Possible reasons:
#   The system is out of physical RAM or swap space
#   The process is running with CompressedOops enabled, and the Java Heap may be blocking the growth of the native heap
# Possible solutions:
#   Reduce memory load on the system
#   Increase physical memory or swap space
#   Check if swap backing store is full
#   Decrease Java heap size (-Xmx/-Xms)
#   Decrease number of Java threads
#   Decrease Java thread stack sizes (-Xss)
#   Set larger code cache with -XX:ReservedCodeCacheSize=
#   JVM is running with Unscaled Compressed Oops mode in which the Java heap is
#     placed in the first 4GB address space. The Java Heap base address is the
#     maximum limit for the native heap growth. Please use -XX:HeapBaseMinAddress
#     to set the Java Heap base and to place the Java Heap above 4GB virtual address.
# This output file may be truncated or incomplete.
#
#  Out of Memory Error (./src/hotspot/os/windows/os_windows.cpp:3380), pid=4140, tid=3600
#
# JRE version: OpenJDK Runtime Environment Microsoft-25199 (11.0.12+7) (build 11.0.12+7)
# Java VM: OpenJDK 64-Bit Server VM Microsoft-25199 (11.0.12+7, mixed mode, tiered, compressed oops, g1 gc, windows-amd64)
# No core dump will be written. Minidumps are not enabled by default on client versions of Windows
#

---------------  S U M M A R Y ------------

Command Line: com.xamarin.manifestmerger.Main obj\Debug\120\android\manifestmerger.rsp

Host: Intel(R) Core(TM) i3-4150 CPU @ 3.50GHz, 4 cores, 7G,  Windows 10 , 64 bit Build 19041 (10.0.19041.1706)
Time: Wed May 18 16:58:32 2022 Hora oficial do Brasil elapsed time: 1.912434 seconds (0d 0h 0m 1s)

---------------  T H R E A D  ---------------

Current thread (0x000002a28716b800):  VMThread "VM Thread" [stack: 0x000000da1fe00000,0x000000da1ff00000] [id=3600]

Stack: [0x000000da1fe00000,0x000000da1ff00000]
[error occurred during error reporting (printing stack bounds), id 0xc0000005, EXCEPTION_ACCESS_VIOLATION (0xc0000005) at pc=0x000002a2f08a112d]

Native frames: (J=compiled Java code, j=interpreted, Vv=VM code, C=native code)
V  [jvm.dll+0x6090fa]
V  [jvm.dll+0x79229e]
V  [jvm.dll+0x79396f]
V  [jvm.dll+0x793f95]
V  [jvm.dll+0x793f4b]
V  [jvm.dll+0x608487]
V  [jvm.dll+0x608b98]
C  [ntdll.dll+0xa209f]
C  [ntdll.dll+0x51454]
C  [ntdll.dll+0xa0bce]
C  0x000002a2f08a112d

VM_Operation (0x000000da1f8fc810): G1CollectForAllocation, mode: safepoint, requested by thread 0x000002a2e8179000


---------------  P R O C E S S  ---------------

Threads class SMR info:
_java_thread_list=0x000002a287c9a2b0, length=11, elements={
0x000002a2e8179000, 0x000002a2871a2800, 0x000002a2871ac000, 0x000002a287b42800,
0x000002a2871b7000, 0x000002a2871b8800, 0x000002a2871c1800, 0x000002a2871c4800,
0x000002a2871c6800, 0x000002a287c99800, 0x000002a287ca4000
}

Java Threads: ( => current thread )
  0x000002a2e8179000 JavaThread "main" [_thread_blocked, id=7852, stack(0x000000da1f800000,0x000000da1f900000)]
  0x000002a2871a2800 JavaThread "Reference Handler" daemon [_thread_blocked, id=10204, stack(0x000000da1ff00000,0x000000da20000000)]
  0x000002a2871ac000 JavaThread "Finalizer" daemon [_thread_blocked, id=4436, stack(0x000000da20000000,0x000000da20100000)]
  0x000002a287b42800 JavaThread "Signal Dispatcher" daemon [_thread_blocked, id=8896, stack(0x000000da20100000,0x000000da20200000)]
  0x000002a2871b7000 JavaThread "Attach Listener" daemon [_thread_blocked, id=7084, stack(0x000000da20200000,0x000000da20300000)]
  0x000002a2871b8800 JavaThread "Service Thread" daemon [_thread_blocked, id=6624, stack(0x000000da20300000,0x000000da20400000)]
  0x000002a2871c1800 JavaThread "C2 CompilerThread0" daemon [_thread_blocked, id=192, stack(0x000000da20400000,0x000000da20500000)]
  0x000002a2871c4800 JavaThread "C1 CompilerThread0" daemon [_thread_blocked, id=8944, stack(0x000000da20500000,0x000000da20600000)]
  0x000002a2871c6800 JavaThread "Sweeper thread" daemon [_thread_blocked, id=6984, stack(0x000000da20600000,0x000000da20700000)]
  0x000002a287c99800 JavaThread "Common-Cleaner" daemon [_thread_blocked, id=10896, stack(0x000000da20800000,0x000000da20900000)]
  0x000002a287ca4000 JavaThread "C2 CompilerThread1" daemon [_thread_blocked, id=6316, stack(0x000000da20900000,0x000000da20a00000)]

Other Threads:
=>0x000002a28716b800 VMThread "VM Thread" [stack: 0x000000da1fe00000,0x000000da1ff00000] [id=3600]
  0x000002a287c8c800 WatcherThread [stack: 0x000000da20700000,0x000000da20800000] [id=6164]
  0x000002a2e8192000 GCTaskThread "GC Thread#0" [stack: 0x000000da1f900000,0x000000da1fa00000] [id=6704]
  0x000002a28855b000 GCTaskThread "GC Thread#1" [stack: 0x000000da20a00000,0x000000da20b00000] [id=6784]
  0x000002a288670800 GCTaskThread "GC Thread#2" [stack: 0x000000da20b00000,0x000000da20c00000] [id=9700]
  0x000002a2e81c4800 ConcurrentGCThread "G1 Main Marker" [stack: 0x000000da1fa00000,0x000000da1fb00000] [id=4636]
  0x000002a2e81c6000 ConcurrentGCThread "G1 Conc#0" [stack: 0x000000da1fb00000,0x000000da1fc00000] [id=7980]
  0x000002a2e8255800 ConcurrentGCThread "G1 Refine#0" [stack: 0x000000da1fc00000,0x000000da1fd00000] [id=5156]
  0x000002a287ca5000 ConcurrentGCThread "G1 Refine#1" [stack: 0x000000da20c00000,0x000000da20d00000] [id=13208]
  0x000002a288793000 ConcurrentGCThread "G1 Refine#2" [stack: 0x000000da20d00000,0x000000da20e00000] [id=7812]
  0x000002a2e8258000 ConcurrentGCThread "G1 Young RemSet Sampling" [stack: 0x000000da1fd00000,0x000000da1fe00000] [id=7860]

Threads with active compile tasks:
C2 CompilerThread0   2056 1622       4       java.util.regex.Matcher::match (154 bytes)
C2 CompilerThread1   2056 1620 %     4       java.util.regex.Pattern$CharPropertyGreedy::match @ 9 (122 bytes)

VM state:at safepoint (normal execution)

VM Mutex/Monitor currently owned by a thread:  ([mutex/lock_event])
[0x000002a2e8174670] Threads_lock - owner thread: 0x000002a28716b800
[0x000002a2e8173d70] Heap_lock - owner thread: 0x000002a2e8179000

Heap address: 0x0000000080e00000, size: 2034 MB, Compressed Oops mode: 32-bit
Narrow klass base: 0x0000000000000000, Narrow klass shift: 3
Compressed class space size: 1073741824 Address: 0x0000000100000000

Heap:
 garbage-first heap   total 238592K, used 32710K [0x0000000080e00000, 0x0000000100000000)
  region size 1024K, 3 young (3072K), 3 survivors (3072K)
 Metaspace       used 14391K, capacity 14655K, committed 14848K, reserved 1062912K
  class space    used 1376K, capacity 1452K, committed 1536K, reserved 1048576K
Heap Regions: E=young(eden), S=young(survivor), O=old, HS=humongous(starts), HC=humongous(continues), CS=collection set, F=free, A=archive, TAMS=top-at-mark-start (previous, next)
|   0|0x0000000080e00000, 0x0000000080f00000, 0x0000000080f00000|100%|HS|  |TAMS 0x0000000080e00000, 0x0000000080e00000| Complete 
|   1|0x0000000080f00000, 0x0000000081000000, 0x0000000081000000|100%|HC|  |TAMS 0x0000000080f00000, 0x0000000080f00000| Complete 
|   2|0x0000000081000000, 0x0000000081100000, 0x0000000081100000|100%| O|  |TAMS 0x0000000081000000, 0x0000000081000000| Untracked 
|   3|0x0000000081100000, 0x0000000081200000, 0x0000000081200000|100%| O|  |TAMS 0x0000000081100000, 0x0000000081100000| Untracked 
|   4|0x0000000081200000, 0x0000000081300000, 0x0000000081300000|100%| O|  |TAMS 0x0000000081200000, 0x0000000081200000| Untracked 
|   5|0x0000000081300000, 0x0000000081400000, 0x0000000081400000|100%|HS|  |TAMS 0x0000000081300000, 0x0000000081300000| Complete 
|   6|0x0000000081400000, 0x0000000081500000, 0x0000000081500000|100%|HC|  |TAMS 0x0000000081400000, 0x0000000081400000| Complete 
|   7|0x0000000081500000, 0x0000000081600000, 0x0000000081600000|100%|HC|  |TAMS 0x0000000081500000, 0x0000000081500000| Complete 
|   8|0x0000000081600000, 0x0000000081700000, 0x0000000081700000|100%| O|  |TAMS 0x0000000081600000, 0x0000000081600000| Untracked 
|   9|0x0000000081700000, 0x0000000081800000, 0x0000000081800000|100%| O|  |TAMS 0x0000000081700000, 0x0000000081700000| Untracked 
|  10|0x0000000081800000, 0x0000000081900000, 0x0000000081900000|100%| O|  |TAMS 0x0000000081800000, 0x0000000081800000| Untracked 
|  11|0x0000000081900000, 0x0000000081a00000, 0x0000000081a00000|100%| O|  |TAMS 0x0000000081900000, 0x0000000081900000| Untracked 
|  12|0x0000000081a00000, 0x0000000081b00000, 0x0000000081b00000|100%| O|  |TAMS 0x0000000081a00000, 0x0000000081a00000| Untracked 
|  13|0x0000000081b00000, 0x0000000081c00000, 0x0000000081c00000|100%| O|  |TAMS 0x0000000081b00000, 0x0000000081b00000| Untracked 
|  14|0x0000000081c00000, 0x0000000081d00000, 0x0000000081d00000|100%| O|  |TAMS 0x0000000081c00000, 0x0000000081c00000| Untracked 
|  15|0x0000000081d00000, 0x0000000081e00000, 0x0000000081e00000|100%| O|  |TAMS 0x0000000081d00000, 0x0000000081d00000| Untracked 
|  16|0x0000000081e00000, 0x0000000081f00000, 0x0000000081f00000|100%|HS|  |TAMS 0x0000000081e00000, 0x0000000081e00000| Complete 
|  17|0x0000000081f00000, 0x0000000082000000, 0x0000000082000000|100%|HC|  |TAMS 0x0000000081f00000, 0x0000000081f00000| Complete 
|  18|0x0000000082000000, 0x0000000082100000, 0x0000000082100000|100%|HC|  |TAMS 0x0000000082000000, 0x0000000082000000| Complete 
|  19|0x0000000082100000, 0x0000000082200000, 0x0000000082200000|100%|HS|  |TAMS 0x0000000082100000, 0x0000000082100000| Complete 
|  20|0x0000000082200000, 0x0000000082300000, 0x0000000082300000|100%|HC|  |TAMS 0x0000000082200000, 0x0000000082200000| Complete 
|  21|0x0000000082300000, 0x0000000082400000, 0x0000000082400000|100%|HC|  |TAMS 0x0000000082300000, 0x0000000082300000| Complete 
|  22|0x0000000082400000, 0x0000000082500000, 0x0000000082500000|100%| O|  |TAMS 0x0000000082400000, 0x0000000082400000| Untracked 
|  23|0x0000000082500000, 0x0000000082600000, 0x0000000082600000|100%| O|  |TAMS 0x0000000082500000, 0x0000000082500000| Untracked 
|  24|0x0000000082600000, 0x0000000082700000, 0x0000000082700000|100%| O|  |TAMS 0x0000000082600000, 0x0000000082600000| Untracked 
|  25|0x0000000082700000, 0x0000000082800000, 0x0000000082800000|100%| O|  |TAMS 0x0000000082700000, 0x0000000082700000| Untracked 
|  26|0x0000000082800000, 0x0000000082900000, 0x0000000082900000|100%| O|  |TAMS 0x0000000082800000, 0x0000000082800000| Untracked 
|  27|0x0000000082900000, 0x0000000082a00000, 0x0000000082a00000|100%| O|  |TAMS 0x0000000082900000, 0x0000000082900000| Untracked 
|  28|0x0000000082a00000, 0x0000000082b00000, 0x0000000082b00000|100%| O|  |TAMS 0x0000000082a00000, 0x0000000082a00000| Untracked 
|  29|0x0000000082b00000, 0x0000000082b00000, 0x0000000082c00000|  0%| F|  |TAMS 0x0000000082b00000, 0x0000000082b00000| Untracked 
|  30|0x0000000082c00000, 0x0000000082c00000, 0x0000000082d00000|  0%| F|  |TAMS 0x0000000082c00000, 0x0000000082c00000| Untracked 
|  31|0x0000000082d00000, 0x0000000082d00000, 0x0000000082e00000|  0%| F|  |TAMS 0x0000000082d00000, 0x0000000082d00000| Untracked 
|  32|0x0000000082e00000, 0x0000000082e00000, 0x0000000082f00000|  0%| F|  |TAMS 0x0000000082e00000, 0x0000000082e00000| Untracked 
|  33|0x0000000082f00000, 0x0000000082f00000, 0x0000000083000000|  0%| F|  |TAMS 0x0000000082f00000, 0x0000000082f00000| Untracked 
|  34|0x0000000083000000, 0x0000000083000000, 0x0000000083100000|  0%| F|  |TAMS 0x0000000083000000, 0x0000000083000000| Untracked 
|  35|0x0000000083100000, 0x0000000083100000, 0x0000000083200000|  0%| F|  |TAMS 0x0000000083100000, 0x0000000083100000| Untracked 
|  36|0x0000000083200000, 0x0000000083200000, 0x0000000083300000|  0%| F|  |TAMS 0x0000000083200000, 0x0000000083200000| Untracked 
|  37|0x0000000083300000, 0x0000000083300000, 0x0000000083400000|  0%| F|  |TAMS 0x0000000083300000, 0x0000000083300000| Untracked 
|  38|0x0000000083400000, 0x0000000083400000, 0x0000000083500000|  0%| F|  |TAMS 0x0000000083400000, 0x0000000083400000| Untracked 
|  39|0x0000000083500000, 0x0000000083500000, 0x0000000083600000|  0%| F|  |TAMS 0x0000000083500000, 0x0000000083500000| Untracked 
|  40|0x0000000083600000, 0x0000000083600000, 0x0000000083700000|  0%| F|  |TAMS 0x0000000083600000, 0x0000000083600000| Untracked 
|  41|0x0000000083700000, 0x0000000083700000, 0x0000000083800000|  0%| F|  |TAMS 0x0000000083700000, 0x0000000083700000| Untracked 
|  42|0x0000000083800000, 0x0000000083800000, 0x0000000083900000|  0%| F|  |TAMS 0x0000000083800000, 0x0000000083800000| Untracked 
|  43|0x0000000083900000, 0x0000000083900000, 0x0000000083a00000|  0%| F|  |TAMS 0x0000000083900000, 0x0000000083900000| Untracked 
|  44|0x0000000083a00000, 0x0000000083a00000, 0x0000000083b00000|  0%| F|  |TAMS 0x0000000083a00000, 0x0000000083a00000| Untracked 
|  45|0x0000000083b00000, 0x0000000083b00000, 0x0000000083c00000|  0%| F|  |TAMS 0x0000000083b00000, 0x0000000083b00000| Untracked 
|  46|0x0000000083c00000, 0x0000000083c00000, 0x0000000083d00000|  0%| F|  |TAMS 0x0000000083c00000, 0x0000000083c00000| Untracked 
|  47|0x0000000083d00000, 0x0000000083d00000, 0x0000000083e00000|  0%| F|  |TAMS 0x0000000083d00000, 0x0000000083d00000| Untracked 
|  48|0x0000000083e00000, 0x0000000083e00000, 0x0000000083f00000|  0%| F|  |TAMS 0x0000000083e00000, 0x0000000083e00000| Untracked 
|  49|0x0000000083f00000, 0x0000000083f00000, 0x0000000084000000|  0%| F|  |TAMS 0x0000000083f00000, 0x0000000083f00000| Untracked 
|  50|0x0000000084000000, 0x0000000084000000, 0x0000000084100000|  0%| F|  |TAMS 0x0000000084000000, 0x0000000084000000| Untracked 
|  51|0x0000000084100000, 0x0000000084100000, 0x0000000084200000|  0%| F|  |TAMS 0x0000000084100000, 0x0000000084100000| Untracked 
|  52|0x0000000084200000, 0x0000000084200000, 0x0000000084300000|  0%| F|  |TAMS 0x0000000084200000, 0x0000000084200000| Untracked 
|  53|0x0000000084300000, 0x0000000084300000, 0x0000000084400000|  0%| F|  |TAMS 0x0000000084300000, 0x0000000084300000| Untracked 
|  54|0x0000000084400000, 0x0000000084400000, 0x0000000084500000|  0%| F|  |TAMS 0x0000000084400000, 0x0000000084400000| Untracked 
|  55|0x0000000084500000, 0x0000000084500000, 0x0000000084600000|  0%| F|  |TAMS 0x0000000084500000, 0x0000000084500000| Untracked 
|  56|0x0000000084600000, 0x0000000084600000, 0x0000000084700000|  0%| F|  |TAMS 0x0000000084600000, 0x0000000084600000| Untracked 
|  57|0x0000000084700000, 0x0000000084700000, 0x0000000084800000|  0%| F|  |TAMS 0x0000000084700000, 0x0000000084700000| Untracked 
|  58|0x0000000084800000, 0x0000000084800000, 0x0000000084900000|  0%| F|  |TAMS 0x0000000084800000, 0x0000000084800000| Untracked 
|  59|0x0000000084900000, 0x0000000084900000, 0x0000000084a00000|  0%| F|  |TAMS 0x0000000084900000, 0x0000000084900000| Untracked 
|  60|0x0000000084a00000, 0x0000000084a00000, 0x0000000084b00000|  0%| F|  |TAMS 0x0000000084a00000, 0x0000000084a00000| Untracked 
|  61|0x0000000084b00000, 0x0000000084b00000, 0x0000000084c00000|  0%| F|  |TAMS 0x0000000084b00000, 0x0000000084b00000| Untracked 
|  62|0x0000000084c00000, 0x0000000084c00000, 0x0000000084d00000|  0%| F|  |TAMS 0x0000000084c00000, 0x0000000084c00000| Untracked 
|  63|0x0000000084d00000, 0x0000000084d00000, 0x0000000084e00000|  0%| F|  |TAMS 0x0000000084d00000, 0x0000000084d00000| Untracked 
|  64|0x0000000084e00000, 0x0000000084e00000, 0x0000000084f00000|  0%| F|  |TAMS 0x0000000084e00000, 0x0000000084e00000| Untracked 
|  65|0x0000000084f00000, 0x0000000084f00000, 0x0000000085000000|  0%| F|  |TAMS 0x0000000084f00000, 0x0000000084f00000| Untracked 
|  66|0x0000000085000000, 0x0000000085000000, 0x0000000085100000|  0%| F|  |TAMS 0x0000000085000000, 0x0000000085000000| Untracked 
|  67|0x0000000085100000, 0x0000000085100000, 0x0000000085200000|  0%| F|  |TAMS 0x0000000085100000, 0x0000000085100000| Untracked 
|  68|0x0000000085200000, 0x0000000085200000, 0x0000000085300000|  0%| F|  |TAMS 0x0000000085200000, 0x0000000085200000| Untracked 
|  69|0x0000000085300000, 0x0000000085300000, 0x0000000085400000|  0%| F|  |TAMS 0x0000000085300000, 0x0000000085300000| Untracked 
|  70|0x0000000085400000, 0x0000000085400000, 0x0000000085500000|  0%| F|  |TAMS 0x0000000085400000, 0x0000000085400000| Untracked 
|  71|0x0000000085500000, 0x0000000085500000, 0x0000000085600000|  0%| F|  |TAMS 0x0000000085500000, 0x0000000085500000| Untracked 
|  72|0x0000000085600000, 0x0000000085600000, 0x0000000085700000|  0%| F|  |TAMS 0x0000000085600000, 0x0000000085600000| Untracked 
|  73|0x0000000085700000, 0x0000000085700000, 0x0000000085800000|  0%| F|  |TAMS 0x0000000085700000, 0x0000000085700000| Untracked 
|  74|0x0000000085800000, 0x0000000085800000, 0x0000000085900000|  0%| F|  |TAMS 0x0000000085800000, 0x0000000085800000| Untracked 
|  75|0x0000000085900000, 0x0000000085900000, 0x0000000085a00000|  0%| F|  |TAMS 0x0000000085900000, 0x0000000085900000| Untracked 
|  76|0x0000000085a00000, 0x0000000085a00000, 0x0000000085b00000|  0%| F|  |TAMS 0x0000000085a00000, 0x0000000085a00000| Untracked 
|  77|0x0000000085b00000, 0x0000000085b00000, 0x0000000085c00000|  0%| F|  |TAMS 0x0000000085b00000, 0x0000000085b00000| Untracked 
|  78|0x0000000085c00000, 0x0000000085c00000, 0x0000000085d00000|  0%| F|  |TAMS 0x0000000085c00000, 0x0000000085c00000| Untracked 
|  79|0x0000000085d00000, 0x0000000085d00000, 0x0000000085e00000|  0%| F|  |TAMS 0x0000000085d00000, 0x0000000085d00000| Untracked 
|  80|0x0000000085e00000, 0x0000000085e00000, 0x0000000085f00000|  0%| F|  |TAMS 0x0000000085e00000, 0x0000000085e00000| Untracked 
|  81|0x0000000085f00000, 0x0000000085f00000, 0x0000000086000000|  0%| F|  |TAMS 0x0000000085f00000, 0x0000000085f00000| Untracked 
|  82|0x0000000086000000, 0x0000000086000000, 0x0000000086100000|  0%| F|  |TAMS 0x0000000086000000, 0x0000000086000000| Untracked 
|  83|0x0000000086100000, 0x0000000086100000, 0x0000000086200000|  0%| F|  |TAMS 0x0000000086100000, 0x0000000086100000| Untracked 
|  84|0x0000000086200000, 0x0000000086200000, 0x0000000086300000|  0%| F|  |TAMS 0x0000000086200000, 0x0000000086200000| Untracked 
|  85|0x0000000086300000, 0x0000000086300000, 0x0000000086400000|  0%| F|  |TAMS 0x0000000086300000, 0x0000000086300000| Untracked 
|  86|0x0000000086400000, 0x0000000086400000, 0x0000000086500000|  0%| F|  |TAMS 0x0000000086400000, 0x0000000086400000| Untracked 
|  87|0x0000000086500000, 0x0000000086500000, 0x0000000086600000|  0%| F|  |TAMS 0x0000000086500000, 0x0000000086500000| Untracked 
|  88|0x0000000086600000, 0x0000000086600000, 0x0000000086700000|  0%| F|  |TAMS 0x0000000086600000, 0x0000000086600000| Untracked 
|  89|0x0000000086700000, 0x0000000086700000, 0x0000000086800000|  0%| F|  |TAMS 0x0000000086700000, 0x0000000086700000| Untracked 
|  90|0x0000000086800000, 0x0000000086800000, 0x0000000086900000|  0%| F|  |TAMS 0x0000000086800000, 0x0000000086800000| Untracked 
|  91|0x0000000086900000, 0x0000000086900000, 0x0000000086a00000|  0%| F|  |TAMS 0x0000000086900000, 0x0000000086900000| Untracked 
|  92|0x0000000086a00000, 0x0000000086a00000, 0x0000000086b00000|  0%| F|  |TAMS 0x0000000086a00000, 0x0000000086a00000| Untracked 
|  93|0x0000000086b00000, 0x0000000086b00000, 0x0000000086c00000|  0%| F|  |TAMS 0x0000000086b00000, 0x0000000086b00000| Untracked 
|  94|0x0000000086c00000, 0x0000000086c00000, 0x0000000086d00000|  0%| F|  |TAMS 0x0000000086c00000, 0x0000000086c00000| Untracked 
|  95|0x0000000086d00000, 0x0000000086d00000, 0x0000000086e00000|  0%| F|  |TAMS 0x0000000086d00000, 0x0000000086d00000| Untracked 
|  96|0x0000000086e00000, 0x0000000086e00000, 0x0000000086f00000|  0%| F|  |TAMS 0x0000000086e00000, 0x0000000086e00000| Untracked 
|  97|0x0000000086f00000, 0x0000000086f00000, 0x0000000087000000|  0%| F|  |TAMS 0x0000000086f00000, 0x0000000086f00000| Untracked 
|  98|0x0000000087000000, 0x0000000087000000, 0x0000000087100000|  0%| F|  |TAMS 0x0000000087000000, 0x0000000087000000| Untracked 
|  99|0x0000000087100000, 0x0000000087100000, 0x0000000087200000|  0%| F|  |TAMS 0x0000000087100000, 0x0000000087100000| Untracked 
| 100|0x0000000087200000, 0x0000000087200000, 0x0000000087300000|  0%| F|  |TAMS 0x0000000087200000, 0x0000000087200000| Untracked 
| 101|0x0000000087300000, 0x0000000087300000, 0x0000000087400000|  0%| F|  |TAMS 0x0000000087300000, 0x0000000087300000| Untracked 
| 102|0x0000000087400000, 0x0000000087400000, 0x0000000087500000|  0%| F|  |TAMS 0x0000000087400000, 0x0000000087400000| Untracked 
| 103|0x0000000087500000, 0x00000000875f1a10, 0x0000000087600000| 94%| S|CS|TAMS 0x0000000087500000, 0x0000000087500000| Complete 
| 104|0x0000000087600000, 0x0000000087700000, 0x0000000087700000|100%| S|CS|TAMS 0x0000000087600000, 0x0000000087600000| Complete 
| 105|0x0000000087700000, 0x0000000087800000, 0x0000000087800000|100%| S|CS|TAMS 0x0000000087700000, 0x0000000087700000| Complete 
| 106|0x0000000087800000, 0x0000000087800000, 0x0000000087900000|  0%| F|  |TAMS 0x0000000087800000, 0x0000000087800000| Untracked 
| 107|0x0000000087900000, 0x0000000087900000, 0x0000000087a00000|  0%| F|  |TAMS 0x0000000087900000, 0x0000000087900000| Untracked 
| 108|0x0000000087a00000, 0x0000000087a00000, 0x0000000087b00000|  0%| F|  |TAMS 0x0000000087a00000, 0x0000000087a00000| Untracked 
| 109|0x0000000087b00000, 0x0000000087b00000, 0x0000000087c00000|  0%| F|  |TAMS 0x0000000087b00000, 0x0000000087b00000| Untracked 
| 110|0x0000000087c00000, 0x0000000087c00000, 0x0000000087d00000|  0%| F|  |TAMS 0x0000000087c00000, 0x0000000087c00000| Untracked 
| 111|0x0000000087d00000, 0x0000000087d00000, 0x0000000087e00000|  0%| F|  |TAMS 0x0000000087d00000, 0x0000000087d00000| Untracked 
| 112|0x0000000087e00000, 0x0000000087e00000, 0x0000000087f00000|  0%| F|  |TAMS 0x0000000087e00000, 0x0000000087e00000| Untracked 
| 113|0x0000000087f00000, 0x0000000087f00000, 0x0000000088000000|  0%| F|  |TAMS 0x0000000087f00000, 0x0000000087f00000| Untracked 
| 114|0x0000000088000000, 0x0000000088000000, 0x0000000088100000|  0%| F|  |TAMS 0x0000000088000000, 0x0000000088000000| Untracked 
| 115|0x0000000088100000, 0x0000000088100000, 0x0000000088200000|  0%| F|  |TAMS 0x0000000088100000, 0x0000000088100000| Untracked 
| 116|0x0000000088200000, 0x0000000088200000, 0x0000000088300000|  0%| F|  |TAMS 0x0000000088200000, 0x0000000088200000| Untracked 
| 117|0x0000000088300000, 0x0000000088300000, 0x0000000088400000|  0%| F|  |TAMS 0x0000000088300000, 0x0000000088300000| Untracked 
| 118|0x0000000088400000, 0x0000000088400000, 0x0000000088500000|  0%| F|  |TAMS 0x0000000088400000, 0x0000000088400000| Untracked 
| 119|0x0000000088500000, 0x0000000088500000, 0x0000000088600000|  0%| F|  |TAMS 0x0000000088500000, 0x0000000088500000| Untracked 
| 120|0x0000000088600000, 0x0000000088600000, 0x0000000088700000|  0%| F|  |TAMS 0x0000000088600000, 0x0000000088600000| Untracked 
| 121|0x0000000088700000, 0x0000000088700000, 0x0000000088800000|  0%| F|  |TAMS 0x0000000088700000, 0x0000000088700000| Untracked 
| 122|0x0000000088800000, 0x0000000088800000, 0x0000000088900000|  0%| F|  |TAMS 0x0000000088800000, 0x0000000088800000| Untracked 
| 123|0x0000000088900000, 0x0000000088900000, 0x0000000088a00000|  0%| F|  |TAMS 0x0000000088900000, 0x0000000088900000| Untracked 
| 124|0x0000000088a00000, 0x0000000088a00000, 0x0000000088b00000|  0%| F|  |TAMS 0x0000000088a00000, 0x0000000088a00000| Untracked 
| 125|0x0000000088b00000, 0x0000000088b00000, 0x0000000088c00000|  0%| F|  |TAMS 0x0000000088b00000, 0x0000000088b00000| Untracked 
| 126|0x0000000088c00000, 0x0000000088c00000, 0x0000000088d00000|  0%| F|  |TAMS 0x0000000088c00000, 0x0000000088c00000| Untracked 
| 127|0x0000000088d00000, 0x0000000088d00000, 0x0000000088e00000|  0%| F|  |TAMS 0x0000000088d00000, 0x0000000088d00000| Untracked 

Card table byte_map: [0x000002a280400000,0x000002a280800000] _byte_map_base: 0x000002a27fff9000

Marking Bits (Prev, Next): (CMBitMap*) 0x000002a2e81bbb08, (CMBitMap*) 0x000002a2e81bbb40
 Prev Bits: [0x000002a280c00000, 0x000002a282bc8000)
 Next Bits: [0x000002a282bd0000, 0x000002a284b98000)

Polling page: 0x000002a2e6860000

Metaspace:

Usage:
  Non-class:     12.89 MB capacity,    12.71 MB ( 99%) used,   165.23 KB (  1%) free+waste,    23.06 KB ( <1%) overhead. 
      Class:      1.42 MB capacity,     1.34 MB ( 95%) used,    65.44 KB (  5%) free+waste,    10.00 KB ( <1%) overhead. 
       Both:     14.31 MB capacity,    14.05 MB ( 98%) used,   230.67 KB (  2%) free+waste,    33.06 KB ( <1%) overhead. 

Virtual space:
  Non-class space:       14.00 MB reserved,      13.00 MB ( 93%) committed 
      Class space:        1.00 GB reserved,       1.50 MB ( <1%) committed 
             Both:        1.01 GB reserved,      14.50 MB (  1%) committed 

Chunk freelists:
   Non-Class:  45.00 KB
       Class:  20.00 KB
        Both:  65.00 KB

MaxMetaspaceSize: 17179869184.00 GB
CompressedClassSpaceSize: 1.00 GB
Initial GC threshold: 20.80 MB
Current GC threshold: 20.80 MB
CDS: off

CodeHeap 'non-profiled nmethods': size=120064Kb used=624Kb max_used=624Kb free=119439Kb
 bounds [0x000002a2f8360000, 0x000002a2f85d0000, 0x000002a2ff8a0000]
CodeHeap 'profiled nmethods': size=120000Kb used=3269Kb max_used=3269Kb free=116730Kb
 bounds [0x000002a2f0e30000, 0x000002a2f1170000, 0x000002a2f8360000]
CodeHeap 'non-nmethods': size=5696Kb used=1153Kb max_used=1167Kb free=4543Kb
 bounds [0x000002a2f08a0000, 0x000002a2f0b10000, 0x000002a2f0e30000]
 total_blobs=2023 nmethods=1618 adapters=317
 compilation: enabled
              stopped_count=0, restarted_count=0
 full_count=0

Compilation events (20 events):
Event: 1.768 Thread 0x000002a2871c4800 1612       3       java.nio.DirectByteBufferR::slice (62 bytes)
Event: 1.768 Thread 0x000002a2871c4800 nmethod 1612 0x000002a2f115b110 code [0x000002a2f115b2e0, 0x000002a2f115b5a8]
Event: 1.769 Thread 0x000002a2871c4800 1613       3       java.util.concurrent.ConcurrentHashMap::isEmpty (15 bytes)
Event: 1.769 Thread 0x000002a2871c4800 nmethod 1613 0x000002a2f115b710 code [0x000002a2f115b8c0, 0x000002a2f115ba48]
Event: 1.772 Thread 0x000002a2871c4800 1614       3       jdk.internal.loader.URLClassPath::getResource (74 bytes)
Event: 1.772 Thread 0x000002a2871c4800 nmethod 1614 0x000002a2f115bb10 code [0x000002a2f115bce0, 0x000002a2f115c018]
Event: 1.772 Thread 0x000002a2871c4800 1615       3       jdk.internal.loader.BuiltinClassLoader::defineClass (121 bytes)
Event: 1.773 Thread 0x000002a2871c4800 nmethod 1615 0x000002a2f115c190 code [0x000002a2f115c4c0, 0x000002a2f115d948]
Event: 1.773 Thread 0x000002a2871c4800 1616       3       sun.net.util.URLUtil::urlNoFragString (114 bytes)
Event: 1.775 Thread 0x000002a2871c4800 nmethod 1616 0x000002a2f115df90 code [0x000002a2f115e2e0, 0x000002a2f115f548]
Event: 1.778 Thread 0x000002a2871c4800 1617   !   3       java.security.Provider::getService (128 bytes)
Event: 1.779 Thread 0x000002a2871c4800 nmethod 1617 0x000002a2f115fb90 code [0x000002a2f115fe00, 0x000002a2f1160b08]
Event: 1.779 Thread 0x000002a2871c4800 1618       3       java.security.Provider$ServiceKey::matches (22 bytes)
Event: 1.779 Thread 0x000002a2871c4800 nmethod 1618 0x000002a2f1160f10 code [0x000002a2f11610c0, 0x000002a2f1161258]
Event: 1.781 Thread 0x000002a2871c1800 1619       4       com.android.manifmerger.XmlNode$NamespaceAwareName::equals (47 bytes)
Event: 1.781 Thread 0x000002a287ca4000 1620 %     4       java.util.regex.Pattern$CharPropertyGreedy::match @ 9 (122 bytes)
Event: 1.785 Thread 0x000002a2871c1800 nmethod 1619 0x000002a2f83fba10 code [0x000002a2f83fbbc0, 0x000002a2f83fbf78]
Event: 1.786 Thread 0x000002a2871c4800 1621       3       java.util.regex.Matcher::matches (10 bytes)
Event: 1.787 Thread 0x000002a2871c1800 1622       4       java.util.regex.Matcher::match (154 bytes)
Event: 1.787 Thread 0x000002a2871c4800 nmethod 1621 0x000002a2f1161310 code [0x000002a2f11614c0, 0x000002a2f1161608]

GC Heap History (9 events):
Event: 0.284 GC heap before
{Heap before GC invocations=0 (full 0):
 garbage-first heap   total 131072K, used 21504K [0x0000000080e00000, 0x0000000100000000)
  region size 1024K, 14 young (14336K), 0 survivors (0K)
 Metaspace       used 4683K, capacity 4728K, committed 4864K, reserved 1056768K
  class space    used 403K, capacity 424K, committed 512K, reserved 1048576K
}
Event: 0.299 GC heap after
{Heap after GC invocations=1 (full 0):
 garbage-first heap   total 131072K, used 12202K [0x0000000080e00000, 0x0000000100000000)
  region size 1024K, 2 young (2048K), 2 survivors (2048K)
 Metaspace       used 4683K, capacity 4728K, committed 4864K, reserved 1056768K
  class space    used 403K, capacity 424K, committed 512K, reserved 1048576K
}
Event: 0.382 GC heap before
{Heap before GC invocations=1 (full 0):
 garbage-first heap   total 131072K, used 33706K [0x0000000080e00000, 0x0000000100000000)
  region size 1024K, 11 young (11264K), 2 survivors (2048K)
 Metaspace       used 5554K, capacity 5598K, committed 5888K, reserved 1056768K
  class space    used 453K, capacity 458K, committed 512K, reserved 1048576K
}
Event: 0.388 GC heap after
{Heap after GC invocations=2 (full 0):
 garbage-first heap   total 131072K, used 21472K [0x0000000080e00000, 0x0000000100000000)
  region size 1024K, 2 young (2048K), 2 survivors (2048K)
 Metaspace       used 5554K, capacity 5598K, committed 5888K, reserved 1056768K
  class space    used 453K, capacity 458K, committed 512K, reserved 1048576K
}
Event: 0.406 GC heap before
{Heap before GC invocations=2 (full 0):
 garbage-first heap   total 131072K, used 25568K [0x0000000080e00000, 0x0000000100000000)
  region size 1024K, 6 young (6144K), 2 survivors (2048K)
 Metaspace       used 5557K, capacity 5598K, committed 5888K, reserved 1056768K
  class space    used 453K, capacity 458K, committed 512K, reserved 1048576K
}
Event: 0.411 GC heap after
{Heap after GC invocations=3 (full 0):
 garbage-first heap   total 131072K, used 23740K [0x0000000080e00000, 0x0000000100000000)
  region size 1024K, 1 young (1024K), 1 survivors (1024K)
 Metaspace       used 5557K, capacity 5598K, committed 5888K, reserved 1056768K
  class space    used 453K, capacity 458K, committed 512K, reserved 1048576K
}
Event: 0.568 GC heap before
{Heap before GC invocations=3 (full 0):
 garbage-first heap   total 131072K, used 33980K [0x0000000080e00000, 0x0000000100000000)
  region size 1024K, 11 young (11264K), 1 survivors (1024K)
 Metaspace       used 7135K, capacity 7169K, committed 7296K, reserved 1056768K
  class space    used 603K, capacity 619K, committed 640K, reserved 1048576K
}
Event: 0.578 GC heap after
{Heap after GC invocations=4 (full 0):
 garbage-first heap   total 131072K, used 30691K [0x0000000080e00000, 0x0000000100000000)
  region size 1024K, 2 young (2048K), 2 survivors (2048K)
 Metaspace       used 7135K, capacity 7169K, committed 7296K, reserved 1056768K
  class space    used 603K, capacity 619K, committed 640K, reserved 1048576K
}
Event: 1.788 GC heap before
{Heap before GC invocations=4 (full 0):
 garbage-first heap   total 131072K, used 51171K [0x0000000080e00000, 0x0000000100000000)
  region size 1024K, 22 young (22528K), 2 survivors (2048K)
 Metaspace       used 14391K, capacity 14655K, committed 14848K, reserved 1062912K
  class space    used 1376K, capacity 1452K, committed 1536K, reserved 1048576K
}

Deoptimization events (20 events):
Event: 1.600 Thread 0x000002a2e8179000 Uncommon trap: trap_request=0xffffffde fr.pc=0x000002a2f83d5ffc relative=0x000000000000105c
Event: 1.600 Thread 0x000002a2e8179000 Uncommon trap: reason=class_check action=maybe_recompile pc=0x000002a2f83d5ffc method=java.util.HashMap.putVal(ILjava/lang/Object;Ljava/lang/Object;ZZ)Ljava/lang/Object; @ 203 c2
Event: 1.600 Thread 0x000002a2e8179000 DEOPT PACKING pc=0x000002a2f83d5ffc sp=0x000000da1f8feaa0
Event: 1.600 Thread 0x000002a2e8179000 DEOPT UNPACKING pc=0x000002a2f08ea1af sp=0x000000da1f8fea50 mode 2
Event: 1.635 Thread 0x000002a2e8179000 Uncommon trap: trap_request=0xffffffde fr.pc=0x000002a2f83d7d84 relative=0x0000000000000224
Event: 1.636 Thread 0x000002a2e8179000 Uncommon trap: reason=class_check action=maybe_recompile pc=0x000002a2f83d7d84 method=java.util.regex.Pattern$Slice.match(Ljava/util/regex/Matcher;ILjava/lang/CharSequence;)Z @ 75 c2
Event: 1.636 Thread 0x000002a2e8179000 DEOPT PACKING pc=0x000002a2f83d7d84 sp=0x000000da1f8feb00
Event: 1.636 Thread 0x000002a2e8179000 DEOPT UNPACKING pc=0x000002a2f08ea1af sp=0x000000da1f8fea80 mode 2
Event: 1.733 Thread 0x000002a2e8179000 Uncommon trap: trap_request=0xffffff4d fr.pc=0x000002a2f83e5b94 relative=0x0000000000000534
Event: 1.733 Thread 0x000002a2e8179000 Uncommon trap: reason=unstable_if action=reinterpret pc=0x000002a2f83e5b94 method=java.util.Properties.getProperty(Ljava/lang/String;)Ljava/lang/String; @ 13 c2
Event: 1.733 Thread 0x000002a2e8179000 DEOPT PACKING pc=0x000002a2f83e5b94 sp=0x000000da1f8fd790
Event: 1.733 Thread 0x000002a2e8179000 DEOPT UNPACKING pc=0x000002a2f08ea1af sp=0x000000da1f8fd738 mode 2
Event: 1.787 Thread 0x000002a2e8179000 Uncommon trap: trap_request=0xffffffde fr.pc=0x000002a2f83fbf18 relative=0x0000000000000358
Event: 1.787 Thread 0x000002a2e8179000 Uncommon trap: reason=class_check action=maybe_recompile pc=0x000002a2f83fbf18 method=com.android.manifmerger.XmlNode$NamespaceAwareName.equals(Ljava/lang/Object;)Z @ 1 c2
Event: 1.787 Thread 0x000002a2e8179000 DEOPT PACKING pc=0x000002a2f83fbf18 sp=0x000000da1f8fee40
Event: 1.787 Thread 0x000002a2e8179000 DEOPT UNPACKING pc=0x000002a2f08ea1af sp=0x000000da1f8fede0 mode 2
Event: 1.787 Thread 0x000002a2e8179000 Uncommon trap: trap_request=0xffffffde fr.pc=0x000002a2f83fbf18 relative=0x0000000000000358
Event: 1.787 Thread 0x000002a2e8179000 Uncommon trap: reason=class_check action=maybe_recompile pc=0x000002a2f83fbf18 method=com.android.manifmerger.XmlNode$NamespaceAwareName.equals(Ljava/lang/Object;)Z @ 1 c2
Event: 1.787 Thread 0x000002a2e8179000 DEOPT PACKING pc=0x000002a2f83fbf18 sp=0x000000da1f8fee40
Event: 1.787 Thread 0x000002a2e8179000 DEOPT UNPACKING pc=0x000002a2f08ea1af sp=0x000000da1f8fede0 mode 2

Classes redefined (0 events):
No events

Internal exceptions (11 events):
Event: 0.503 Thread 0x000002a2e8179000 Implicit null exception at 0x000002a2f838d0bd to 0x000002a2f838d198
Event: 0.903 Thread 0x000002a2e8179000 Exception <a 'java/lang/NoSuchMethodError'{0x0000000088a95628}: 'int java.lang.invoke.DirectMethodHandle$Holder.invokeSpecialIFC(java.lang.Object, java.lang.Object, int)'> (0x0000000088a95628) thrown at [./src/hotspot/share/interpreter/linkResolver.cpp, line 773]
Event: 0.940 Thread 0x000002a2e8179000 Exception <a 'java/lang/NoSuchMethodError'{0x000000008891b1f0}: 'java.lang.Object java.lang.invoke.DirectMethodHandle$Holder.invokeStatic(java.lang.Object, java.lang.Object, java.lang.Object, java.lang.Object, java.lang.Object, java.lang.Object, java.lang.Object, java.lang.Object, java.lang.Object, java.lang.Object, java.lang.Object, java.lang.Object, java.lang.Object, java.lang.Object, java.lang.Object)'> (0x000000008891b1f0) thrown at [./src/hotspot/share/interpreter/linkResolver.cpp, line 773]
Event: 0.943 Thread 0x000002a2e8179000 Exception <a 'java/lang/NoSuchMethodError'{0x0000000088928f50}: 'java.lang.Object java.lang.invoke.DirectMethodHandle$Holder.invokeStatic(java.lang.Object, java.lang.Object, java.lang.Object, java.lang.Object, java.lang.Object, java.lang.Object, java.lang.Object, java.lang.Object, java.lang.Object, java.lang.Object, java.lang.Object, java.lang.Object, java.lang.Object, java.lang.Object, java.lang.Object, java.lang.Object)'> (0x0000000088928f50) thrown at [./src/hotspot/share/interpreter/linkResolver.cpp, l
Event: 0.946 Thread 0x000002a2e8179000 Exception <a 'java/lang/NoSuchMethodError'{0x0000000088936bc0}: 'java.lang.Object java.lang.invoke.DirectMethodHandle$Holder.invokeSpecial(java.lang.Object, java.lang.Object, int, int, java.lang.Object, java.lang.Object, java.lang.Object)'> (0x0000000088936bc0) thrown at [./src/hotspot/share/interpreter/linkResolver.cpp, line 773]
Event: 0.947 Thread 0x000002a2e8179000 Exception <a 'java/lang/NoSuchMethodError'{0x000000008893a150}: 'java.lang.Object java.lang.invoke.DelegatingMethodHandle$Holder.reinvoke_L(java.lang.Object, int, int, java.lang.Object, java.lang.Object, java.lang.Object)'> (0x000000008893a150) thrown at [./src/hotspot/share/interpreter/linkResolver.cpp, line 773]
Event: 0.948 Thread 0x000002a2e8179000 Exception <a 'java/lang/NoSuchMethodError'{0x000000008893e4d8}: 'java.lang.Object java.lang.invoke.DirectMethodHandle$Holder.invokeStatic(java.lang.Object, java.lang.Object, java.lang.Object, java.lang.Object, int)'> (0x000000008893e4d8) thrown at [./src/hotspot/share/interpreter/linkResolver.cpp, line 773]
Event: 0.998 Thread 0x000002a2e8179000 Implicit null exception at 0x000002a2f8373d6f to 0x000002a2f8373e44
Event: 1.115 Thread 0x000002a2e8179000 Implicit null exception at 0x000002a2f8385ed4 to 0x000002a2f8386818
Event: 1.588 Thread 0x000002a2e8179000 Exception <a 'java/lang/NoSuchMethodError'{0x0000000087c55010}: 'java.lang.Object java.lang.invoke.DirectMethodHandle$Holder.invokeVirtual(java.lang.Object, java.lang.Object, java.lang.Object)'> (0x0000000087c55010) thrown at [./src/hotspot/share/interpreter/linkResolver.cpp, line 773]
Event: 1.592 Thread 0x000002a2e8179000 Exception <a 'java/lang/NoSuchMethodError'{0x0000000087c6e648}: 'java.lang.Object java.lang.invoke.Invokers$Holder.linkToTargetMethod(java.lang.Object, int, java.lang.Object)'> (0x0000000087c6e648) thrown at [./src/hotspot/share/interpreter/linkResolver.cpp, line 773]

Events (20 events):
Event: 1.780 loading class com/android/manifmerger/NavGraphExpander$NavGraphException done
Event: 1.781 loading class com/android/manifmerger/ElementsTrimmer
Event: 1.781 loading class com/android/manifmerger/ElementsTrimmer done
Event: 1.784 loading class java/util/TreeMap$DescendingSubMap
Event: 1.784 loading class java/util/TreeMap$NavigableSubMap
Event: 1.784 loading class java/util/TreeMap$NavigableSubMap done
Event: 1.785 loading class java/util/TreeMap$DescendingSubMap done
Event: 1.785 loading class java/util/Collections$ReverseComparator
Event: 1.785 loading class java/util/Collections$ReverseComparator done
Event: 1.785 loading class java/util/TreeMap$DescendingSubMap$DescendingEntrySetView
Event: 1.786 loading class java/util/TreeMap$NavigableSubMap$EntrySetView
Event: 1.786 loading class java/util/TreeMap$NavigableSubMap$EntrySetView done
Event: 1.786 loading class java/util/TreeMap$DescendingSubMap$DescendingEntrySetView done
Event: 1.786 loading class java/util/TreeMap$NavigableSubMap$DescendingSubMapEntryIterator
Event: 1.786 loading class java/util/TreeMap$NavigableSubMap$SubMapIterator
Event: 1.786 loading class java/util/TreeMap$NavigableSubMap$SubMapIterator done
Event: 1.786 loading class java/util/TreeMap$NavigableSubMap$DescendingSubMapEntryIterator done
Event: 1.787 loading class com/android/manifmerger/PostValidator
Event: 1.787 loading class com/android/manifmerger/PostValidator done
Event: 1.788 Executing VM operation: G1CollectForAllocation


Dynamic libraries:
0x00007ff711860000 - 0x00007ff71186d000 	C:\Program Files\Microsoft\jdk-11.0.12.7-hotspot\bin\java.exe
0x00007ff82e030000 - 0x00007ff82e225000 	C:\WINDOWS\SYSTEM32\ntdll.dll
0x00007ff82c820000 - 0x00007ff82c8dd000 	C:\WINDOWS\System32\KERNEL32.DLL
0x00007ff82bcf0000 - 0x00007ff82bfbd000 	C:\WINDOWS\System32\KERNELBASE.dll
0x00007ff82b8d0000 - 0x00007ff82b9d0000 	C:\WINDOWS\System32\ucrtbase.dll
0x00007ff81fe80000 - 0x00007ff81fe95000 	C:\Program Files\Microsoft\jdk-11.0.12.7-hotspot\bin\VCRUNTIME140.dll
0x00007ff81d910000 - 0x00007ff81d927000 	C:\Program Files\Microsoft\jdk-11.0.12.7-hotspot\bin\jli.dll
0x00007ff82c680000 - 0x00007ff82c820000 	C:\WINDOWS\System32\USER32.dll
0x00007ff82b7b0000 - 0x00007ff82b7d2000 	C:\WINDOWS\System32\win32u.dll
0x00007ff821fd0000 - 0x00007ff82226a000 	C:\WINDOWS\WinSxS\amd64_microsoft.windows.common-controls_6595b64144ccf1df_6.0.19041.1110_none_60b5254171f9507e\COMCTL32.dll
0x00007ff82c8e0000 - 0x00007ff82c90a000 	C:\WINDOWS\System32\GDI32.dll
0x00007ff82c5c0000 - 0x00007ff82c65e000 	C:\WINDOWS\System32\msvcrt.dll
0x00007ff82bb30000 - 0x00007ff82bc3b000 	C:\WINDOWS\System32\gdi32full.dll
0x00007ff82b7e0000 - 0x00007ff82b87d000 	C:\WINDOWS\System32\msvcp_win.dll
0x00007ff82d630000 - 0x00007ff82d660000 	C:\WINDOWS\System32\IMM32.DLL
0x00007ff80e290000 - 0x00007ff80e32b000 	C:\Program Files\Microsoft\jdk-11.0.12.7-hotspot\bin\msvcp140.dll
0x00007ffffdad0000 - 0x00007ffffe631000 	C:\Program Files\Microsoft\jdk-11.0.12.7-hotspot\bin\server\jvm.dll
0x00007ff82d660000 - 0x00007ff82d70e000 	C:\WINDOWS\System32\ADVAPI32.dll
0x00007ff82cae0000 - 0x00007ff82cb7c000 	C:\WINDOWS\System32\sechost.dll
0x00007ff82d480000 - 0x00007ff82d5a5000 	C:\WINDOWS\System32\RPCRT4.dll
0x00007ff82d710000 - 0x00007ff82d718000 	C:\WINDOWS\System32\PSAPI.DLL
0x00007ff827450000 - 0x00007ff827477000 	C:\WINDOWS\SYSTEM32\WINMM.dll
0x00007ff822900000 - 0x00007ff82290a000 	C:\WINDOWS\SYSTEM32\VERSION.dll
0x00007ff818c60000 - 0x00007ff818c69000 	C:\WINDOWS\SYSTEM32\WSOCK32.dll
0x00007ff82cda0000 - 0x00007ff82ce0b000 	C:\WINDOWS\System32\WS2_32.dll
0x00007ff829580000 - 0x00007ff829592000 	C:\WINDOWS\SYSTEM32\kernel.appcore.dll
0x00007ff81e720000 - 0x00007ff81e730000 	C:\Program Files\Microsoft\jdk-11.0.12.7-hotspot\bin\verify.dll
0x00007ff825e40000 - 0x00007ff826024000 	C:\WINDOWS\SYSTEM32\DBGHELP.DLL
0x00007ff825d80000 - 0x00007ff825dac000 	C:\WINDOWS\SYSTEM32\dbgcore.DLL
0x00007ff82bff0000 - 0x00007ff82c072000 	C:\WINDOWS\System32\bcryptPrimitives.dll
0x00007ff814c60000 - 0x00007ff814c88000 	C:\Program Files\Microsoft\jdk-11.0.12.7-hotspot\bin\java.dll
0x00007ff81af90000 - 0x00007ff81af9a000 	C:\Program Files\Microsoft\jdk-11.0.12.7-hotspot\bin\jimage.dll
0x00007ff8182a0000 - 0x00007ff8182b7000 	C:\Program Files\Microsoft\jdk-11.0.12.7-hotspot\bin\zip.dll
0x00007ff82d720000 - 0x00007ff82de64000 	C:\WINDOWS\System32\SHELL32.dll
0x00007ff829860000 - 0x00007ff829ff4000 	C:\WINDOWS\SYSTEM32\windows.storage.dll
0x00007ff82c080000 - 0x00007ff82c3d4000 	C:\WINDOWS\System32\combase.dll
0x00007ff82b0d0000 - 0x00007ff82b0fc000 	C:\WINDOWS\SYSTEM32\Wldp.dll
0x00007ff82cee0000 - 0x00007ff82cf8d000 	C:\WINDOWS\System32\SHCORE.dll
0x00007ff82cb80000 - 0x00007ff82cbd5000 	C:\WINDOWS\System32\shlwapi.dll
0x00007ff82b680000 - 0x00007ff82b69f000 	C:\WINDOWS\SYSTEM32\profapi.dll
0x00007ff8137e0000 - 0x00007ff8137f9000 	C:\Program Files\Microsoft\jdk-11.0.12.7-hotspot\bin\net.dll
0x00007ff825c50000 - 0x00007ff825d5a000 	C:\WINDOWS\SYSTEM32\WINHTTP.dll
0x00007ff82ae30000 - 0x00007ff82ae9a000 	C:\WINDOWS\system32\mswsock.dll
0x00007ff810af0000 - 0x00007ff810b02000 	C:\Program Files\Microsoft\jdk-11.0.12.7-hotspot\bin\nio.dll

dbghelp: loaded successfully - version: 4.0.5 - missing functions: none
symbol engine: initialized successfully - sym options: 0x614 - pdb path: .;C:\Program Files\Microsoft\jdk-11.0.12.7-hotspot\bin;C:\WINDOWS\SYSTEM32;C:\WINDOWS\WinSxS\amd64_microsoft.windows.common-controls_6595b64144ccf1df_6.0.19041.1110_none_60b5254171f9507e;C:\Program Files\Microsoft\jdk-11.0.12.7-hotspot\bin\server

VM Arguments:
java_command: com.xamarin.manifestmerger.Main obj\Debug\120\android\manifestmerger.rsp
java_class_path (initial): C:\Program Files\Microsoft Visual Studio\2022\Community\MSBuild\Xamarin\Android\manifestmerger.jar
Launcher Type: SUN_STANDARD

[Global flags]
     intx CICompilerCount                          = 3                                         {product} {ergonomic}
     uint ConcGCThreads                            = 1                                         {product} {ergonomic}
     uint G1ConcRefinementThreads                  = 4                                         {product} {ergonomic}
   size_t G1HeapRegionSize                         = 1048576                                   {product} {ergonomic}
    uintx GCDrainStackTargetSize                   = 64                                        {product} {ergonomic}
   size_t InitialHeapSize                          = 134217728                                 {product} {ergonomic}
   size_t MarkStackSize                            = 4194304                                   {product} {ergonomic}
   size_t MaxHeapSize                              = 2132803584                                {product} {ergonomic}
   size_t MaxNewSize                               = 1279262720                                {product} {ergonomic}
   size_t MinHeapDeltaBytes                        = 1048576                                   {product} {ergonomic}
    uintx NonNMethodCodeHeapSize                   = 5830732                                {pd product} {ergonomic}
    uintx NonProfiledCodeHeapSize                  = 122913754                              {pd product} {ergonomic}
    uintx ProfiledCodeHeapSize                     = 122913754                              {pd product} {ergonomic}
    uintx ReservedCodeCacheSize                    = 251658240                              {pd product} {ergonomic}
     bool SegmentedCodeCache                       = true                                      {product} {ergonomic}
     bool UseCompressedClassPointers               = true                                 {lp64_product} {ergonomic}
     bool UseCompressedOops                        = true                                 {lp64_product} {ergonomic}
     bool UseG1GC                                  = true                                      {product} {ergonomic}
     bool UseLargePagesIndividualAllocation        = false                                  {pd product} {ergonomic}

Logging:
Log output configuration:
 #0: stdout all=warning uptime,level,tags
 #1: stderr all=off uptime,level,tags

Environment Variables:
PATH=C:\Program Files (x86)\Common Files\Oracle\Java\javapath;C:\Program Files\Microsoft\jdk-11.0.12.7-hotspot\bin;C:\Program Files (x86)\NVIDIA Corporation\PhysX\Common;C:\WINDOWS\system32;C:\WINDOWS;C:\WINDOWS\System32\Wbem;C:\WINDOWS\System32\WindowsPowerShell\v1.0\;C:\WINDOWS\System32\OpenSSH\;C:\Program Files\Azure Data Studio\bin;C:\Program Files\Microsoft SQL Server\Client SDK\ODBC\170\Tools\Binn\;C:\Program Files\dotnet\;C:\Program Files (x86)\Microsoft SQL Server\150\DTS\Binn\;C:\Program Files\Git\cmd;C:\Users\rafam\AppData\Local\Microsoft\WindowsApps;;C:\Users\rafam\AppData\Local\Programs\Microsoft VS Code\bin;C:\Program Files\Azure Data Studio\bin;C:\Users\rafam\.dotnet\tools
USERNAME=rafam
OS=Windows_NT
PROCESSOR_IDENTIFIER=Intel64 Family 6 Model 60 Stepping 3, GenuineIntel



---------------  S Y S T E M  ---------------

OS: Windows 10 , 64 bit Build 19041 (10.0.19041.1706)
OS uptime: 6 days 16:52 hours

CPU:total 4 (initial active 4) (2 cores per cpu, 2 threads per core) family 6 model 60 stepping 3 microcode 0x27, cmov, cx8, fxsr, mmx, sse, sse2, sse3, ssse3, sse4.1, sse4.2, popcnt, avx, avx2, aes, clmul, erms, lzcnt, ht, tsc, tscinvbit, bmi1, bmi2, fma

Memory: 4k page, system-wide physical 8134M (1028M free)
TotalPageFile size 8134M (AvailPageFile size 20M)
current process WorkingSet (physical memory assigned to process): 108M, peak: 108M
current process commit charge ("private bytes"): 219M, peak: 324M

vm_info: OpenJDK 64-Bit Server VM (11.0.12+7) for windows-amd64 JRE (11.0.12+7), built on Jul 21 2021 15:41:43 by "" with unknown MS VC++:1916

END.
