#
# There is insufficient memory for the Java Runtime Environment to continue.
# Native memory allocation (malloc) failed to allocate 215936 bytes for Chunk::new
# Possible reasons:
#   The system is out of physical RAM or swap space
#   The process is running with CompressedOops enabled, and the Java Heap may be blocking the growth of the native heap
# Possible solutions:
#   Reduce memory load on the system
#   Increase physical memory or swap space
#   Check if swap backing store is full
#   Decrease Java heap size (-Xmx/-Xms)
#   Decrease number of Java threads
#   Decrease Java thread stack sizes (-Xss)
#   Set larger code cache with -XX:ReservedCodeCacheSize=
#   JVM is running with Unscaled Compressed Oops mode in which the Java heap is
#     placed in the first 4GB address space. The Java Heap base address is the
#     maximum limit for the native heap growth. Please use -XX:HeapBaseMinAddress
#     to set the Java Heap base and to place the Java Heap above 4GB virtual address.
# This output file may be truncated or incomplete.
#
#  Out of Memory Error (./src/hotspot/share/memory/arena.cpp:197), pid=8244, tid=2448
#
# JRE version: OpenJDK Runtime Environment Microsoft-25199 (11.0.12+7) (build 11.0.12+7)
# Java VM: OpenJDK 64-Bit Server VM Microsoft-25199 (11.0.12+7, mixed mode, tiered, compressed oops, g1 gc, windows-amd64)
# No core dump will be written. Minidumps are not enabled by default on client versions of Windows
#

---------------  S U M M A R Y ------------

Command Line: com.xamarin.androidx.jetifierWrapper.Main -intermediate obj\Debug\120\androidx\_AndroidXJetifyEmbeddedFiles.jetify -parallel

Host: Intel(R) Core(TM) i3-4150 CPU @ 3.50GHz, 4 cores, 7G,  Windows 10 , 64 bit Build 19041 (10.0.19041.1706)
Time: Sat Jun 11 18:55:28 2022 Hora oficial do Brasil elapsed time: 1.292060 seconds (0d 0h 0m 1s)

---------------  T H R E A D  ---------------

Current thread (0x00000247e8358800):  JavaThread "C2 CompilerThread0" daemon [_thread_in_native, id=2448, stack(0x000000d69f100000,0x000000d69f200000)]


Current CompileTask:
C2:   1292  984       4       jdk.internal.org.objectweb.asm.Item::set (219 bytes)

Stack: [0x000000d69f100000,0x000000d69f200000]
Native frames: (J=compiled Java code, j=interpreted, Vv=VM code, C=native code)
V  [jvm.dll+0x6090fa]
V  [jvm.dll+0x79229e]
V  [jvm.dll+0x79396f]
V  [jvm.dll+0x794033]
V  [jvm.dll+0x24bed8]
V  [jvm.dll+0xc219c]
V  [jvm.dll+0xc275c]
V  [jvm.dll+0x2bde94]
V  [jvm.dll+0x5132e9]
V  [jvm.dll+0x207107]
V  [jvm.dll+0x20464a]
V  [jvm.dll+0x18996c]
V  [jvm.dll+0x213dd7]
V  [jvm.dll+0x211f9b]
V  [jvm.dll+0x7563a9]
V  [jvm.dll+0x74f414]
V  [jvm.dll+0x607f56]
C  [ucrtbase.dll+0x21bb2]
C  [KERNEL32.DLL+0x17034]
C  [ntdll.dll+0x52651]


---------------  P R O C E S S  ---------------

Threads class SMR info:
_java_thread_list=0x00000247e9407670, length=12, elements={
0x00000247e8344000, 0x00000247e834e000, 0x00000247e8342000, 0x00000247e8353000,
0x00000247e8354000, 0x00000247e8358800, 0x00000247e8378800, 0x00000247e8d2e000,
0x00000247e8e48800, 0x00000247e9404000, 0x00000247e9405800, 0x00000247c9b7a800
}

Java Threads: ( => current thread )
  0x00000247e8344000 JavaThread "Reference Handler" daemon [_thread_blocked, id=2180, stack(0x000000d69ec00000,0x000000d69ed00000)]
  0x00000247e834e000 JavaThread "Finalizer" daemon [_thread_blocked, id=1628, stack(0x000000d69ed00000,0x000000d69ee00000)]
  0x00000247e8342000 JavaThread "Signal Dispatcher" daemon [_thread_blocked, id=7424, stack(0x000000d69ee00000,0x000000d69ef00000)]
  0x00000247e8353000 JavaThread "Attach Listener" daemon [_thread_blocked, id=9392, stack(0x000000d69ef00000,0x000000d69f000000)]
  0x00000247e8354000 JavaThread "Service Thread" daemon [_thread_blocked, id=9204, stack(0x000000d69f000000,0x000000d69f100000)]
=>0x00000247e8358800 JavaThread "C2 CompilerThread0" daemon [_thread_in_native, id=2448, stack(0x000000d69f100000,0x000000d69f200000)]
  0x00000247e8378800 JavaThread "C1 CompilerThread0" daemon [_thread_blocked, id=7608, stack(0x000000d69f200000,0x000000d69f300000)]
  0x00000247e8d2e000 JavaThread "Sweeper thread" daemon [_thread_blocked, id=1412, stack(0x000000d69f300000,0x000000d69f400000)]
  0x00000247e8e48800 JavaThread "Common-Cleaner" daemon [_thread_blocked, id=8968, stack(0x000000d69f500000,0x000000d69f600000)]
  0x00000247e9404000 JavaThread "pool-1-thread-1" [_thread_blocked, id=6208, stack(0x000000d69f900000,0x000000d69fa00000)]
  0x00000247e9405800 JavaThread "pool-1-thread-2" [_thread_blocked, id=8628, stack(0x000000d69fa00000,0x000000d69fb00000)]
  0x00000247c9b7a800 JavaThread "DestroyJavaVM" [_thread_blocked, id=5252, stack(0x000000d69e500000,0x000000d69e600000)]

Other Threads:
  0x00000247e830f800 VMThread "VM Thread" [stack: 0x000000d69eb00000,0x000000d69ec00000] [id=1292]
  0x00000247e8e3c000 WatcherThread [stack: 0x000000d69f400000,0x000000d69f500000] [id=2116]
  0x00000247c9b93800 GCTaskThread "GC Thread#0" [stack: 0x000000d69e600000,0x000000d69e700000] [id=8624]
  0x00000247e9349000 GCTaskThread "GC Thread#1" [stack: 0x000000d69f700000,0x000000d69f800000] [id=1396]
  0x00000247e932b800 GCTaskThread "GC Thread#2" [stack: 0x000000d69f800000,0x000000d69f900000] [id=4580]
  0x00000247c9bc3800 ConcurrentGCThread "G1 Main Marker" [stack: 0x000000d69e700000,0x000000d69e800000] [id=5688]
  0x00000247c9bc5000 ConcurrentGCThread "G1 Conc#0" [stack: 0x000000d69e800000,0x000000d69e900000] [id=5300]
  0x00000247c9c54800 ConcurrentGCThread "G1 Refine#0" [stack: 0x000000d69e900000,0x000000d69ea00000] [id=6660]
  0x00000247c9c57000 ConcurrentGCThread "G1 Young RemSet Sampling" [stack: 0x000000d69ea00000,0x000000d69eb00000] [id=1076]

Threads with active compile tasks:
C2 CompilerThread0   2238  984       4       jdk.internal.org.objectweb.asm.Item::set (219 bytes)

VM state:not at safepoint (normal execution)

VM Mutex/Monitor currently owned by a thread: None

OutOfMemory and StackOverflow Exception counts:
OutOfMemoryError java_heap_errors=1
LinkageErrors=6

Heap address: 0x0000000080e00000, size: 2034 MB, Compressed Oops mode: 32-bit
Narrow klass base: 0x0000000000000000, Narrow klass shift: 3
Compressed class space size: 1073741824 Address: 0x0000000100000000

Heap:
 garbage-first heap   total 131072K, used 7893K [0x0000000080e00000, 0x0000000100000000)
  region size 1024K, 8 young (8192K), 2 survivors (2048K)
 Metaspace       used 12154K, capacity 12395K, committed 12544K, reserved 1062912K
  class space    used 1072K, capacity 1154K, committed 1280K, reserved 1048576K
Heap Regions: E=young(eden), S=young(survivor), O=old, HS=humongous(starts), HC=humongous(continues), CS=collection set, F=free, A=archive, TAMS=top-at-mark-start (previous, next)
|   0|0x0000000080e00000, 0x0000000080e00000, 0x0000000080f00000|  0%| F|  |TAMS 0x0000000080e00000, 0x0000000080e00000| Untracked 
|   1|0x0000000080f00000, 0x0000000080fb5600, 0x0000000081000000| 70%| O|  |TAMS 0x0000000080f00000, 0x0000000080f00000| Untracked 
|   2|0x0000000081000000, 0x0000000081000000, 0x0000000081100000|  0%| F|  |TAMS 0x0000000081000000, 0x0000000081000000| Untracked 
|   3|0x0000000081100000, 0x0000000081100000, 0x0000000081200000|  0%| F|  |TAMS 0x0000000081100000, 0x0000000081100000| Untracked 
|   4|0x0000000081200000, 0x0000000081200000, 0x0000000081300000|  0%| F|  |TAMS 0x0000000081200000, 0x0000000081200000| Untracked 
|   5|0x0000000081300000, 0x0000000081300000, 0x0000000081400000|  0%| F|  |TAMS 0x0000000081300000, 0x0000000081300000| Untracked 
|   6|0x0000000081400000, 0x0000000081400000, 0x0000000081500000|  0%| F|  |TAMS 0x0000000081400000, 0x0000000081400000| Untracked 
|   7|0x0000000081500000, 0x0000000081500000, 0x0000000081600000|  0%| F|  |TAMS 0x0000000081500000, 0x0000000081500000| Untracked 
|   8|0x0000000081600000, 0x0000000081600000, 0x0000000081700000|  0%| F|  |TAMS 0x0000000081600000, 0x0000000081600000| Untracked 
|   9|0x0000000081700000, 0x0000000081700000, 0x0000000081800000|  0%| F|  |TAMS 0x0000000081700000, 0x0000000081700000| Untracked 
|  10|0x0000000081800000, 0x0000000081800000, 0x0000000081900000|  0%| F|  |TAMS 0x0000000081800000, 0x0000000081800000| Untracked 
|  11|0x0000000081900000, 0x0000000081900000, 0x0000000081a00000|  0%| F|  |TAMS 0x0000000081900000, 0x0000000081900000| Untracked 
|  12|0x0000000081a00000, 0x0000000081a00000, 0x0000000081b00000|  0%| F|  |TAMS 0x0000000081a00000, 0x0000000081a00000| Untracked 
|  13|0x0000000081b00000, 0x0000000081b00000, 0x0000000081c00000|  0%| F|  |TAMS 0x0000000081b00000, 0x0000000081b00000| Untracked 
|  14|0x0000000081c00000, 0x0000000081c00000, 0x0000000081d00000|  0%| F|  |TAMS 0x0000000081c00000, 0x0000000081c00000| Untracked 
|  15|0x0000000081d00000, 0x0000000081d00000, 0x0000000081e00000|  0%| F|  |TAMS 0x0000000081d00000, 0x0000000081d00000| Untracked 
|  16|0x0000000081e00000, 0x0000000081e00000, 0x0000000081f00000|  0%| F|  |TAMS 0x0000000081e00000, 0x0000000081e00000| Untracked 
|  17|0x0000000081f00000, 0x0000000081f00000, 0x0000000082000000|  0%| F|  |TAMS 0x0000000081f00000, 0x0000000081f00000| Untracked 
|  18|0x0000000082000000, 0x0000000082000000, 0x0000000082100000|  0%| F|  |TAMS 0x0000000082000000, 0x0000000082000000| Untracked 
|  19|0x0000000082100000, 0x0000000082100000, 0x0000000082200000|  0%| F|  |TAMS 0x0000000082100000, 0x0000000082100000| Untracked 
|  20|0x0000000082200000, 0x0000000082200000, 0x0000000082300000|  0%| F|  |TAMS 0x0000000082200000, 0x0000000082200000| Untracked 
|  21|0x0000000082300000, 0x0000000082300000, 0x0000000082400000|  0%| F|  |TAMS 0x0000000082300000, 0x0000000082300000| Untracked 
|  22|0x0000000082400000, 0x0000000082400000, 0x0000000082500000|  0%| F|  |TAMS 0x0000000082400000, 0x0000000082400000| Untracked 
|  23|0x0000000082500000, 0x0000000082500000, 0x0000000082600000|  0%| F|  |TAMS 0x0000000082500000, 0x0000000082500000| Untracked 
|  24|0x0000000082600000, 0x0000000082600000, 0x0000000082700000|  0%| F|  |TAMS 0x0000000082600000, 0x0000000082600000| Untracked 
|  25|0x0000000082700000, 0x0000000082700000, 0x0000000082800000|  0%| F|  |TAMS 0x0000000082700000, 0x0000000082700000| Untracked 
|  26|0x0000000082800000, 0x0000000082800000, 0x0000000082900000|  0%| F|  |TAMS 0x0000000082800000, 0x0000000082800000| Untracked 
|  27|0x0000000082900000, 0x0000000082900000, 0x0000000082a00000|  0%| F|  |TAMS 0x0000000082900000, 0x0000000082900000| Untracked 
|  28|0x0000000082a00000, 0x0000000082a00000, 0x0000000082b00000|  0%| F|  |TAMS 0x0000000082a00000, 0x0000000082a00000| Untracked 
|  29|0x0000000082b00000, 0x0000000082b00000, 0x0000000082c00000|  0%| F|  |TAMS 0x0000000082b00000, 0x0000000082b00000| Untracked 
|  30|0x0000000082c00000, 0x0000000082c00000, 0x0000000082d00000|  0%| F|  |TAMS 0x0000000082c00000, 0x0000000082c00000| Untracked 
|  31|0x0000000082d00000, 0x0000000082d00000, 0x0000000082e00000|  0%| F|  |TAMS 0x0000000082d00000, 0x0000000082d00000| Untracked 
|  32|0x0000000082e00000, 0x0000000082e00000, 0x0000000082f00000|  0%| F|  |TAMS 0x0000000082e00000, 0x0000000082e00000| Untracked 
|  33|0x0000000082f00000, 0x0000000082f00000, 0x0000000083000000|  0%| F|  |TAMS 0x0000000082f00000, 0x0000000082f00000| Untracked 
|  34|0x0000000083000000, 0x0000000083000000, 0x0000000083100000|  0%| F|  |TAMS 0x0000000083000000, 0x0000000083000000| Untracked 
|  35|0x0000000083100000, 0x0000000083100000, 0x0000000083200000|  0%| F|  |TAMS 0x0000000083100000, 0x0000000083100000| Untracked 
|  36|0x0000000083200000, 0x0000000083200000, 0x0000000083300000|  0%| F|  |TAMS 0x0000000083200000, 0x0000000083200000| Untracked 
|  37|0x0000000083300000, 0x0000000083300000, 0x0000000083400000|  0%| F|  |TAMS 0x0000000083300000, 0x0000000083300000| Untracked 
|  38|0x0000000083400000, 0x0000000083400000, 0x0000000083500000|  0%| F|  |TAMS 0x0000000083400000, 0x0000000083400000| Untracked 
|  39|0x0000000083500000, 0x0000000083500000, 0x0000000083600000|  0%| F|  |TAMS 0x0000000083500000, 0x0000000083500000| Untracked 
|  40|0x0000000083600000, 0x0000000083600000, 0x0000000083700000|  0%| F|  |TAMS 0x0000000083600000, 0x0000000083600000| Untracked 
|  41|0x0000000083700000, 0x0000000083700000, 0x0000000083800000|  0%| F|  |TAMS 0x0000000083700000, 0x0000000083700000| Untracked 
|  42|0x0000000083800000, 0x0000000083800000, 0x0000000083900000|  0%| F|  |TAMS 0x0000000083800000, 0x0000000083800000| Untracked 
|  43|0x0000000083900000, 0x0000000083900000, 0x0000000083a00000|  0%| F|  |TAMS 0x0000000083900000, 0x0000000083900000| Untracked 
|  44|0x0000000083a00000, 0x0000000083a00000, 0x0000000083b00000|  0%| F|  |TAMS 0x0000000083a00000, 0x0000000083a00000| Untracked 
|  45|0x0000000083b00000, 0x0000000083b00000, 0x0000000083c00000|  0%| F|  |TAMS 0x0000000083b00000, 0x0000000083b00000| Untracked 
|  46|0x0000000083c00000, 0x0000000083c00000, 0x0000000083d00000|  0%| F|  |TAMS 0x0000000083c00000, 0x0000000083c00000| Untracked 
|  47|0x0000000083d00000, 0x0000000083d00000, 0x0000000083e00000|  0%| F|  |TAMS 0x0000000083d00000, 0x0000000083d00000| Untracked 
|  48|0x0000000083e00000, 0x0000000083e00000, 0x0000000083f00000|  0%| F|  |TAMS 0x0000000083e00000, 0x0000000083e00000| Untracked 
|  49|0x0000000083f00000, 0x0000000083f00000, 0x0000000084000000|  0%| F|  |TAMS 0x0000000083f00000, 0x0000000083f00000| Untracked 
|  50|0x0000000084000000, 0x0000000084000000, 0x0000000084100000|  0%| F|  |TAMS 0x0000000084000000, 0x0000000084000000| Untracked 
|  51|0x0000000084100000, 0x0000000084100000, 0x0000000084200000|  0%| F|  |TAMS 0x0000000084100000, 0x0000000084100000| Untracked 
|  52|0x0000000084200000, 0x0000000084200000, 0x0000000084300000|  0%| F|  |TAMS 0x0000000084200000, 0x0000000084200000| Untracked 
|  53|0x0000000084300000, 0x0000000084300000, 0x0000000084400000|  0%| F|  |TAMS 0x0000000084300000, 0x0000000084300000| Untracked 
|  54|0x0000000084400000, 0x0000000084400000, 0x0000000084500000|  0%| F|  |TAMS 0x0000000084400000, 0x0000000084400000| Untracked 
|  55|0x0000000084500000, 0x0000000084500000, 0x0000000084600000|  0%| F|  |TAMS 0x0000000084500000, 0x0000000084500000| Untracked 
|  56|0x0000000084600000, 0x0000000084600000, 0x0000000084700000|  0%| F|  |TAMS 0x0000000084600000, 0x0000000084600000| Untracked 
|  57|0x0000000084700000, 0x0000000084700000, 0x0000000084800000|  0%| F|  |TAMS 0x0000000084700000, 0x0000000084700000| Untracked 
|  58|0x0000000084800000, 0x0000000084800000, 0x0000000084900000|  0%| F|  |TAMS 0x0000000084800000, 0x0000000084800000| Untracked 
|  59|0x0000000084900000, 0x0000000084900000, 0x0000000084a00000|  0%| F|  |TAMS 0x0000000084900000, 0x0000000084900000| Untracked 
|  60|0x0000000084a00000, 0x0000000084a00000, 0x0000000084b00000|  0%| F|  |TAMS 0x0000000084a00000, 0x0000000084a00000| Untracked 
|  61|0x0000000084b00000, 0x0000000084b00000, 0x0000000084c00000|  0%| F|  |TAMS 0x0000000084b00000, 0x0000000084b00000| Untracked 
|  62|0x0000000084c00000, 0x0000000084c00000, 0x0000000084d00000|  0%| F|  |TAMS 0x0000000084c00000, 0x0000000084c00000| Untracked 
|  63|0x0000000084d00000, 0x0000000084d00000, 0x0000000084e00000|  0%| F|  |TAMS 0x0000000084d00000, 0x0000000084d00000| Untracked 
|  64|0x0000000084e00000, 0x0000000084e00000, 0x0000000084f00000|  0%| F|  |TAMS 0x0000000084e00000, 0x0000000084e00000| Untracked 
|  65|0x0000000084f00000, 0x0000000084f00000, 0x0000000085000000|  0%| F|  |TAMS 0x0000000084f00000, 0x0000000084f00000| Untracked 
|  66|0x0000000085000000, 0x0000000085000000, 0x0000000085100000|  0%| F|  |TAMS 0x0000000085000000, 0x0000000085000000| Untracked 
|  67|0x0000000085100000, 0x0000000085100000, 0x0000000085200000|  0%| F|  |TAMS 0x0000000085100000, 0x0000000085100000| Untracked 
|  68|0x0000000085200000, 0x0000000085200000, 0x0000000085300000|  0%| F|  |TAMS 0x0000000085200000, 0x0000000085200000| Untracked 
|  69|0x0000000085300000, 0x0000000085300000, 0x0000000085400000|  0%| F|  |TAMS 0x0000000085300000, 0x0000000085300000| Untracked 
|  70|0x0000000085400000, 0x0000000085400000, 0x0000000085500000|  0%| F|  |TAMS 0x0000000085400000, 0x0000000085400000| Untracked 
|  71|0x0000000085500000, 0x0000000085500000, 0x0000000085600000|  0%| F|  |TAMS 0x0000000085500000, 0x0000000085500000| Untracked 
|  72|0x0000000085600000, 0x0000000085600000, 0x0000000085700000|  0%| F|  |TAMS 0x0000000085600000, 0x0000000085600000| Untracked 
|  73|0x0000000085700000, 0x0000000085700000, 0x0000000085800000|  0%| F|  |TAMS 0x0000000085700000, 0x0000000085700000| Untracked 
|  74|0x0000000085800000, 0x0000000085800000, 0x0000000085900000|  0%| F|  |TAMS 0x0000000085800000, 0x0000000085800000| Untracked 
|  75|0x0000000085900000, 0x0000000085900000, 0x0000000085a00000|  0%| F|  |TAMS 0x0000000085900000, 0x0000000085900000| Untracked 
|  76|0x0000000085a00000, 0x0000000085a00000, 0x0000000085b00000|  0%| F|  |TAMS 0x0000000085a00000, 0x0000000085a00000| Untracked 
|  77|0x0000000085b00000, 0x0000000085b00000, 0x0000000085c00000|  0%| F|  |TAMS 0x0000000085b00000, 0x0000000085b00000| Untracked 
|  78|0x0000000085c00000, 0x0000000085c00000, 0x0000000085d00000|  0%| F|  |TAMS 0x0000000085c00000, 0x0000000085c00000| Untracked 
|  79|0x0000000085d00000, 0x0000000085d00000, 0x0000000085e00000|  0%| F|  |TAMS 0x0000000085d00000, 0x0000000085d00000| Untracked 
|  80|0x0000000085e00000, 0x0000000085e00000, 0x0000000085f00000|  0%| F|  |TAMS 0x0000000085e00000, 0x0000000085e00000| Untracked 
|  81|0x0000000085f00000, 0x0000000085f00000, 0x0000000086000000|  0%| F|  |TAMS 0x0000000085f00000, 0x0000000085f00000| Untracked 
|  82|0x0000000086000000, 0x0000000086000000, 0x0000000086100000|  0%| F|  |TAMS 0x0000000086000000, 0x0000000086000000| Untracked 
|  83|0x0000000086100000, 0x0000000086100000, 0x0000000086200000|  0%| F|  |TAMS 0x0000000086100000, 0x0000000086100000| Untracked 
|  84|0x0000000086200000, 0x0000000086200000, 0x0000000086300000|  0%| F|  |TAMS 0x0000000086200000, 0x0000000086200000| Untracked 
|  85|0x0000000086300000, 0x0000000086300000, 0x0000000086400000|  0%| F|  |TAMS 0x0000000086300000, 0x0000000086300000| Untracked 
|  86|0x0000000086400000, 0x0000000086400000, 0x0000000086500000|  0%| F|  |TAMS 0x0000000086400000, 0x0000000086400000| Untracked 
|  87|0x0000000086500000, 0x0000000086500000, 0x0000000086600000|  0%| F|  |TAMS 0x0000000086500000, 0x0000000086500000| Untracked 
|  88|0x0000000086600000, 0x0000000086600000, 0x0000000086700000|  0%| F|  |TAMS 0x0000000086600000, 0x0000000086600000| Untracked 
|  89|0x0000000086700000, 0x0000000086700000, 0x0000000086800000|  0%| F|  |TAMS 0x0000000086700000, 0x0000000086700000| Untracked 
|  90|0x0000000086800000, 0x0000000086800000, 0x0000000086900000|  0%| F|  |TAMS 0x0000000086800000, 0x0000000086800000| Untracked 
|  91|0x0000000086900000, 0x0000000086900000, 0x0000000086a00000|  0%| F|  |TAMS 0x0000000086900000, 0x0000000086900000| Untracked 
|  92|0x0000000086a00000, 0x0000000086a00000, 0x0000000086b00000|  0%| F|  |TAMS 0x0000000086a00000, 0x0000000086a00000| Untracked 
|  93|0x0000000086b00000, 0x0000000086b00000, 0x0000000086c00000|  0%| F|  |TAMS 0x0000000086b00000, 0x0000000086b00000| Untracked 
|  94|0x0000000086c00000, 0x0000000086c00000, 0x0000000086d00000|  0%| F|  |TAMS 0x0000000086c00000, 0x0000000086c00000| Untracked 
|  95|0x0000000086d00000, 0x0000000086d00000, 0x0000000086e00000|  0%| F|  |TAMS 0x0000000086d00000, 0x0000000086d00000| Untracked 
|  96|0x0000000086e00000, 0x0000000086e00000, 0x0000000086f00000|  0%| F|  |TAMS 0x0000000086e00000, 0x0000000086e00000| Untracked 
|  97|0x0000000086f00000, 0x0000000086f00000, 0x0000000087000000|  0%| F|  |TAMS 0x0000000086f00000, 0x0000000086f00000| Untracked 
|  98|0x0000000087000000, 0x0000000087000000, 0x0000000087100000|  0%| F|  |TAMS 0x0000000087000000, 0x0000000087000000| Untracked 
|  99|0x0000000087100000, 0x0000000087100000, 0x0000000087200000|  0%| F|  |TAMS 0x0000000087100000, 0x0000000087100000| Untracked 
| 100|0x0000000087200000, 0x0000000087200000, 0x0000000087300000|  0%| F|  |TAMS 0x0000000087200000, 0x0000000087200000| Untracked 
| 101|0x0000000087300000, 0x0000000087300000, 0x0000000087400000|  0%| F|  |TAMS 0x0000000087300000, 0x0000000087300000| Untracked 
| 102|0x0000000087400000, 0x0000000087400000, 0x0000000087500000|  0%| F|  |TAMS 0x0000000087400000, 0x0000000087400000| Untracked 
| 103|0x0000000087500000, 0x0000000087500000, 0x0000000087600000|  0%| F|  |TAMS 0x0000000087500000, 0x0000000087500000| Untracked 
| 104|0x0000000087600000, 0x0000000087600000, 0x0000000087700000|  0%| F|  |TAMS 0x0000000087600000, 0x0000000087600000| Untracked 
| 105|0x0000000087700000, 0x0000000087700000, 0x0000000087800000|  0%| F|  |TAMS 0x0000000087700000, 0x0000000087700000| Untracked 
| 106|0x0000000087800000, 0x0000000087800000, 0x0000000087900000|  0%| F|  |TAMS 0x0000000087800000, 0x0000000087800000| Untracked 
| 107|0x0000000087900000, 0x0000000087900000, 0x0000000087a00000|  0%| F|  |TAMS 0x0000000087900000, 0x0000000087900000| Untracked 
| 108|0x0000000087a00000, 0x0000000087a00000, 0x0000000087b00000|  0%| F|  |TAMS 0x0000000087a00000, 0x0000000087a00000| Untracked 
| 109|0x0000000087b00000, 0x0000000087b00000, 0x0000000087c00000|  0%| F|  |TAMS 0x0000000087b00000, 0x0000000087b00000| Untracked 
| 110|0x0000000087c00000, 0x0000000087c00000, 0x0000000087d00000|  0%| F|  |TAMS 0x0000000087c00000, 0x0000000087c00000| Untracked 
| 111|0x0000000087d00000, 0x0000000087d00000, 0x0000000087e00000|  0%| F|  |TAMS 0x0000000087d00000, 0x0000000087d00000| Untracked 
| 112|0x0000000087e00000, 0x0000000087f00000, 0x0000000087f00000|100%| S|CS|TAMS 0x0000000087e00000, 0x0000000087e00000| Complete 
| 113|0x0000000087f00000, 0x0000000088000000, 0x0000000088000000|100%| S|CS|TAMS 0x0000000087f00000, 0x0000000087f00000| Complete 
| 114|0x0000000088000000, 0x0000000088000000, 0x0000000088100000|  0%| F|  |TAMS 0x0000000088000000, 0x0000000088000000| Untracked 
| 115|0x0000000088100000, 0x0000000088100000, 0x0000000088200000|  0%| F|  |TAMS 0x0000000088100000, 0x0000000088100000| Untracked 
| 116|0x0000000088200000, 0x0000000088200000, 0x0000000088300000|  0%| F|  |TAMS 0x0000000088200000, 0x0000000088200000| Untracked 
| 117|0x0000000088300000, 0x0000000088300000, 0x0000000088400000|  0%| F|  |TAMS 0x0000000088300000, 0x0000000088300000| Untracked 
| 118|0x0000000088400000, 0x0000000088400000, 0x0000000088500000|  0%| F|  |TAMS 0x0000000088400000, 0x0000000088400000| Untracked 
| 119|0x0000000088500000, 0x0000000088500000, 0x0000000088600000|  0%| F|  |TAMS 0x0000000088500000, 0x0000000088500000| Untracked 
| 120|0x0000000088600000, 0x0000000088600000, 0x0000000088700000|  0%| F|  |TAMS 0x0000000088600000, 0x0000000088600000| Untracked 
| 121|0x0000000088700000, 0x0000000088700000, 0x0000000088800000|  0%| F|  |TAMS 0x0000000088700000, 0x0000000088700000| Untracked 
| 122|0x0000000088800000, 0x0000000088900000, 0x0000000088900000|100%| E|  |TAMS 0x0000000088800000, 0x0000000088800000| Complete 
| 123|0x0000000088900000, 0x0000000088a00000, 0x0000000088a00000|100%| E|CS|TAMS 0x0000000088900000, 0x0000000088900000| Complete 
| 124|0x0000000088a00000, 0x0000000088b00000, 0x0000000088b00000|100%| E|CS|TAMS 0x0000000088a00000, 0x0000000088a00000| Complete 
| 125|0x0000000088b00000, 0x0000000088c00000, 0x0000000088c00000|100%| E|CS|TAMS 0x0000000088b00000, 0x0000000088b00000| Complete 
| 126|0x0000000088c00000, 0x0000000088d00000, 0x0000000088d00000|100%| E|CS|TAMS 0x0000000088c00000, 0x0000000088c00000| Complete 
| 127|0x0000000088d00000, 0x0000000088e00000, 0x0000000088e00000|100%| E|CS|TAMS 0x0000000088d00000, 0x0000000088d00000| Complete 

Card table byte_map: [0x00000247e16a0000,0x00000247e1aa0000] _byte_map_base: 0x00000247e1299000

Marking Bits (Prev, Next): (CMBitMap*) 0x00000247c9bbabf8, (CMBitMap*) 0x00000247c9bbac30
 Prev Bits: [0x00000247e1ea0000, 0x00000247e3e68000)
 Next Bits: [0x00000247e3e70000, 0x00000247e5e38000)

Polling page: 0x00000247c7b50000

Metaspace:

Usage:
  Non-class:     10.98 MB capacity,    10.82 MB ( 99%) used,   143.68 KB (  1%) free+waste,    15.94 KB ( <1%) overhead. 
      Class:      1.13 MB capacity,     1.05 MB ( 93%) used,    74.31 KB (  6%) free+waste,     6.81 KB ( <1%) overhead. 
       Both:     12.10 MB capacity,    11.87 MB ( 98%) used,   217.99 KB (  2%) free+waste,    22.75 KB ( <1%) overhead. 

Virtual space:
  Non-class space:       14.00 MB reserved,      11.00 MB ( 79%) committed 
      Class space:        1.00 GB reserved,       1.25 MB ( <1%) committed 
             Both:        1.01 GB reserved,      12.25 MB (  1%) committed 

Chunk freelists:
   Non-Class:  23.00 KB
       Class:  30.00 KB
        Both:  53.00 KB

MaxMetaspaceSize: 17179869184.00 GB
CompressedClassSpaceSize: 1.00 GB
Initial GC threshold: 20.80 MB
Current GC threshold: 20.80 MB
CDS: off

CodeHeap 'non-profiled nmethods': size=120064Kb used=342Kb max_used=342Kb free=119722Kb
 bounds [0x00000247d9d60000, 0x00000247d9fd0000, 0x00000247e12a0000]
CodeHeap 'profiled nmethods': size=120000Kb used=1872Kb max_used=1872Kb free=118127Kb
 bounds [0x00000247d2830000, 0x00000247d2aa0000, 0x00000247d9d60000]
CodeHeap 'non-nmethods': size=5696Kb used=1149Kb max_used=1157Kb free=4546Kb
 bounds [0x00000247d22a0000, 0x00000247d2510000, 0x00000247d2830000]
 total_blobs=1399 nmethods=999 adapters=313
 compilation: enabled
              stopped_count=0, restarted_count=0
 full_count=0

Compilation events (20 events):
Event: 1.188 Thread 0x00000247e8378800 nmethod 971 0x00000247d29fa690 code [0x00000247d29fa880, 0x00000247d29fac58]
Event: 1.188 Thread 0x00000247e8378800  973       3       java.lang.invoke.MemberName::getName (25 bytes)
Event: 1.189 Thread 0x00000247e8378800 nmethod 973 0x00000247d29fae10 code [0x00000247d29fafe0, 0x00000247d29fb348]
Event: 1.189 Thread 0x00000247e8378800  977       3       java.lang.invoke.LambdaForm::uncustomize (57 bytes)
Event: 1.189 Thread 0x00000247e8378800 nmethod 977 0x00000247d29fb410 code [0x00000247d29fb5e0, 0x00000247d29fb8c8]
Event: 1.189 Thread 0x00000247e8378800  976       3       jdk.internal.org.objectweb.asm.ByteVector::putByteArray (49 bytes)
Event: 1.189 Thread 0x00000247e8378800 nmethod 976 0x00000247d29fba10 code [0x00000247d29fbbe0, 0x00000247d29fbe98]
Event: 1.189 Thread 0x00000247e8378800  975       3       sun.invoke.util.BytecodeDescriptor::unparse (37 bytes)
Event: 1.190 Thread 0x00000247e8378800 nmethod 975 0x00000247d29fbf90 code [0x00000247d29fc1c0, 0x00000247d29fc898]
Event: 1.190 Thread 0x00000247e8378800  979       3       java.lang.Class::getComponentType (14 bytes)
Event: 1.190 Thread 0x00000247e8378800 nmethod 979 0x00000247d29fcb10 code [0x00000247d29fccc0, 0x00000247d29fce48]
Event: 1.190 Thread 0x00000247e8378800  980       3       java.util.Arrays$ArrayItr::hasNext (18 bytes)
Event: 1.190 Thread 0x00000247e8378800 nmethod 980 0x00000247d29fcf10 code [0x00000247d29fd0c0, 0x00000247d29fd238]
Event: 1.191 Thread 0x00000247e8378800  981       3       jdk.internal.org.objectweb.asm.ByteVector::<init> (13 bytes)
Event: 1.191 Thread 0x00000247e8378800 nmethod 981 0x00000247d29fd310 code [0x00000247d29fd4c0, 0x00000247d29fd718]
Event: 1.191 Thread 0x00000247e8378800  982       3       java.lang.Enum::<init> (15 bytes)
Event: 1.191 Thread 0x00000247e8378800 nmethod 982 0x00000247d29fd810 code [0x00000247d29fd9c0, 0x00000247d29fdb78]
Event: 1.192 Thread 0x00000247e8378800  983       3       jdk.internal.org.objectweb.asm.Label::<init> (5 bytes)
Event: 1.192 Thread 0x00000247e8358800  984       4       jdk.internal.org.objectweb.asm.Item::set (219 bytes)
Event: 1.192 Thread 0x00000247e8378800 nmethod 983 0x00000247d29fdc10 code [0x00000247d29fddc0, 0x00000247d29fdf18]

GC Heap History (2 events):
Event: 0.765 GC heap before
{Heap before GC invocations=0 (full 0):
 garbage-first heap   total 131072K, used 14336K [0x0000000080e00000, 0x0000000100000000)
  region size 1024K, 14 young (14336K), 0 survivors (0K)
 Metaspace       used 10004K, capacity 10144K, committed 10368K, reserved 1058816K
  class space    used 824K, capacity 848K, committed 896K, reserved 1048576K
}
Event: 0.771 GC heap after
{Heap after GC invocations=1 (full 0):
 garbage-first heap   total 131072K, used 2773K [0x0000000080e00000, 0x0000000100000000)
  region size 1024K, 2 young (2048K), 2 survivors (2048K)
 Metaspace       used 10004K, capacity 10144K, committed 10368K, reserved 1058816K
  class space    used 824K, capacity 848K, committed 896K, reserved 1048576K
}

Deoptimization events (20 events):
Event: 0.895 Thread 0x00000247c9b7a800 DEOPT PACKING pc=0x00000247d9d81550 sp=0x000000d69e5fe740
Event: 0.895 Thread 0x00000247c9b7a800 DEOPT UNPACKING pc=0x00000247d22ea1af sp=0x000000d69e5fe6f8 mode 2
Event: 0.900 Thread 0x00000247c9b7a800 Uncommon trap: trap_request=0xffffffde fr.pc=0x00000247d9d7b74c relative=0x00000000000001ec
Event: 0.900 Thread 0x00000247c9b7a800 Uncommon trap: reason=class_check action=maybe_recompile pc=0x00000247d9d7b74c method=java.util.regex.Matcher.getTextLength()I @ 4 c2
Event: 0.900 Thread 0x00000247c9b7a800 DEOPT PACKING pc=0x00000247d9d7b74c sp=0x000000d69e5fea60
Event: 0.900 Thread 0x00000247c9b7a800 DEOPT UNPACKING pc=0x00000247d22ea1af sp=0x000000d69e5fe990 mode 2
Event: 0.900 Thread 0x00000247c9b7a800 Uncommon trap: trap_request=0xffffffde fr.pc=0x00000247d9d7b74c relative=0x00000000000001ec
Event: 0.900 Thread 0x00000247c9b7a800 Uncommon trap: reason=class_check action=maybe_recompile pc=0x00000247d9d7b74c method=java.util.regex.Matcher.getTextLength()I @ 4 c2
Event: 0.900 Thread 0x00000247c9b7a800 DEOPT PACKING pc=0x00000247d9d7b74c sp=0x000000d69e5feae0
Event: 0.900 Thread 0x00000247c9b7a800 DEOPT UNPACKING pc=0x00000247d22ea1af sp=0x000000d69e5fea10 mode 2
Event: 0.909 Thread 0x00000247c9b7a800 Uncommon trap: trap_request=0xffffffde fr.pc=0x00000247d9d9e200 relative=0x00000000000007c0
Event: 0.909 Thread 0x00000247c9b7a800 Uncommon trap: reason=class_check action=maybe_recompile pc=0x00000247d9d9e200 method=java.util.regex.Pattern$BmpCharProperty.match(Ljava/util/regex/Matcher;ILjava/lang/CharSequence;)Z @ 36 c2
Event: 0.909 Thread 0x00000247c9b7a800 DEOPT PACKING pc=0x00000247d9d9e200 sp=0x000000d69e5fe820
Event: 0.909 Thread 0x00000247c9b7a800 DEOPT UNPACKING pc=0x00000247d22ea1af sp=0x000000d69e5fe7d8 mode 2
Event: 0.909 Thread 0x00000247c9b7a800 Uncommon trap: trap_request=0xffffffde fr.pc=0x00000247d9d9e200 relative=0x00000000000007c0
Event: 0.909 Thread 0x00000247c9b7a800 Uncommon trap: reason=class_check action=maybe_recompile pc=0x00000247d9d9e200 method=java.util.regex.Pattern$BmpCharProperty.match(Ljava/util/regex/Matcher;ILjava/lang/CharSequence;)Z @ 36 c2
Event: 0.909 Thread 0x00000247c9b7a800 DEOPT PACKING pc=0x00000247d9d9e200 sp=0x000000d69e5fe820
Event: 0.909 Thread 0x00000247c9b7a800 DEOPT UNPACKING pc=0x00000247d22ea1af sp=0x000000d69e5fe7d8 mode 2
Event: 1.175 Thread 0x00000247e9404000 DEOPT PACKING pc=0x00000247d291d2db sp=0x000000d69f9fd630
Event: 1.175 Thread 0x00000247e9404000 DEOPT UNPACKING pc=0x00000247d22ea95e sp=0x000000d69f9fcad0 mode 0

Classes redefined (0 events):
No events

Internal exceptions (7 events):
Event: 0.221 Thread 0x00000247c9b7a800 Exception <a 'java/lang/NoSuchMethodError'{0x0000000088cd52f0}: 'int java.lang.invoke.DirectMethodHandle$Holder.invokeSpecialIFC(java.lang.Object, java.lang.Object, int)'> (0x0000000088cd52f0) thrown at [./src/hotspot/share/interpreter/linkResolver.cpp, line 773]
Event: 0.995 Thread 0x00000247c9b7a800 Exception <a 'java/lang/OutOfMemoryError'{0x0000000088a9d520}: unable to create native thread: possibly out of memory or process/resource limits reached> (0x0000000088a9d520) thrown at [./src/hotspot/share/prims/jvm.cpp, line 2924]
Event: 1.165 Thread 0x00000247e9404000 Exception <a 'java/lang/NoSuchMethodError'{0x00000000889fc658}: 'java.lang.Object java.lang.invoke.DirectMethodHandle$Holder.invokeStatic(java.lang.Object, java.lang.Object, java.lang.Object, java.lang.Object, java.lang.Object, java.lang.Object, java.lang.Object, java.lang.Object, java.lang.Object, java.lang.Object, java.lang.Object, java.lang.Object, java.lang.Object, java.lang.Object, java.lang.Object)'> (0x00000000889fc658) thrown at [./src/hotspot/share/interpreter/linkResolver.cpp, line 773]
Event: 1.167 Thread 0x00000247e9404000 Exception <a 'java/lang/NoSuchMethodError'{0x000000008880ae10}: 'java.lang.Object java.lang.invoke.DirectMethodHandle$Holder.invokeStatic(java.lang.Object, java.lang.Object, java.lang.Object, java.lang.Object, java.lang.Object, java.lang.Object, java.lang.Object, java.lang.Object, java.lang.Object, java.lang.Object, java.lang.Object, java.lang.Object, java.lang.Object, java.lang.Object, java.lang.Object, java.lang.Object)'> (0x000000008880ae10) thrown at [./src/hotspot/share/interpreter/linkResolver.cpp, l
Event: 1.169 Thread 0x00000247e9404000 Exception <a 'java/lang/NoSuchMethodError'{0x0000000088819fc0}: 'java.lang.Object java.lang.invoke.DirectMethodHandle$Holder.invokeSpecial(java.lang.Object, java.lang.Object, int, int, java.lang.Object, java.lang.Object, java.lang.Object)'> (0x0000000088819fc0) thrown at [./src/hotspot/share/interpreter/linkResolver.cpp, line 773]
Event: 1.169 Thread 0x00000247e9404000 Exception <a 'java/lang/NoSuchMethodError'{0x000000008881d550}: 'java.lang.Object java.lang.invoke.DelegatingMethodHandle$Holder.reinvoke_L(java.lang.Object, int, int, java.lang.Object, java.lang.Object, java.lang.Object)'> (0x000000008881d550) thrown at [./src/hotspot/share/interpreter/linkResolver.cpp, line 773]
Event: 1.170 Thread 0x00000247e9404000 Exception <a 'java/lang/NoSuchMethodError'{0x00000000888219d0}: 'java.lang.Object java.lang.invoke.DirectMethodHandle$Holder.invokeStatic(java.lang.Object, java.lang.Object, java.lang.Object, java.lang.Object, int)'> (0x00000000888219d0) thrown at [./src/hotspot/share/interpreter/linkResolver.cpp, line 773]

Events (20 events):
Event: 1.194 loading class com/sun/org/apache/xerces/internal/util/SymbolTable$Entry done
Event: 1.194 loading class com/sun/org/apache/xerces/internal/impl/XMLNSDocumentScannerImpl
Event: 1.194 loading class com/sun/org/apache/xerces/internal/impl/XMLDocumentScannerImpl
Event: 1.194 loading class com/sun/org/apache/xerces/internal/impl/XMLDocumentFragmentScannerImpl
Event: 1.194 loading class com/sun/org/apache/xerces/internal/xni/parser/XMLDocumentScanner
Event: 1.195 loading class com/sun/org/apache/xerces/internal/xni/parser/XMLDocumentSource
Event: 1.195 loading class com/sun/org/apache/xerces/internal/xni/parser/XMLDocumentSource done
Event: 1.195 loading class com/sun/org/apache/xerces/internal/xni/parser/XMLDocumentScanner done
Event: 1.195 loading class com/sun/org/apache/xerces/internal/xni/parser/XMLComponent
Event: 1.195 loading class com/sun/org/apache/xerces/internal/xni/parser/XMLComponent done
Event: 1.195 loading class com/sun/org/apache/xerces/internal/impl/XMLEntityHandler
Event: 1.195 loading class com/sun/org/apache/xerces/internal/impl/XMLEntityHandler done
Event: 1.195 loading class com/sun/xml/internal/stream/XMLBufferListener
Event: 1.195 loading class com/sun/xml/internal/stream/XMLBufferListener done
Event: 1.195 loading class com/sun/org/apache/xerces/internal/impl/XMLScanner
Event: 1.195 loading class com/sun/org/apache/xerces/internal/impl/XMLScanner done
Event: 1.195 loading class com/sun/org/apache/xerces/internal/impl/XMLDocumentFragmentScannerImpl done
Event: 1.195 loading class com/sun/org/apache/xerces/internal/impl/XMLDocumentScannerImpl done
Event: 1.195 loading class com/sun/org/apache/xerces/internal/impl/XMLNSDocumentScannerImpl done
Event: 1.196 loading class com/sun/org/apache/xerces/internal/xni/XMLString


Dynamic libraries:
0x00007ff6b56e0000 - 0x00007ff6b56ed000 	C:\Program Files\Microsoft\jdk-11.0.12.7-hotspot\bin\java.exe
0x00007ffe42a70000 - 0x00007ffe42c65000 	C:\Windows\SYSTEM32\ntdll.dll
0x00007ffe40d70000 - 0x00007ffe40e2d000 	C:\Windows\System32\KERNEL32.DLL
0x00007ffe40570000 - 0x00007ffe4083d000 	C:\Windows\System32\KERNELBASE.dll
0x00007ffe408e0000 - 0x00007ffe409e0000 	C:\Windows\System32\ucrtbase.dll
0x00007ffe1d360000 - 0x00007ffe1d377000 	C:\Program Files\Microsoft\jdk-11.0.12.7-hotspot\bin\jli.dll
0x00007ffe19210000 - 0x00007ffe19225000 	C:\Program Files\Microsoft\jdk-11.0.12.7-hotspot\bin\VCRUNTIME140.dll
0x00007ffe40ac0000 - 0x00007ffe40c60000 	C:\Windows\System32\USER32.dll
0x00007ffe393b0000 - 0x00007ffe3964a000 	C:\Windows\WinSxS\amd64_microsoft.windows.common-controls_6595b64144ccf1df_6.0.19041.1110_none_60b5254171f9507e\COMCTL32.dll
0x00007ffe40540000 - 0x00007ffe40562000 	C:\Windows\System32\win32u.dll
0x00007ffe411c0000 - 0x00007ffe4125e000 	C:\Windows\System32\msvcrt.dll
0x00007ffe41480000 - 0x00007ffe414aa000 	C:\Windows\System32\GDI32.dll
0x00007ffe40180000 - 0x00007ffe4028b000 	C:\Windows\System32\gdi32full.dll
0x00007ffe40840000 - 0x00007ffe408dd000 	C:\Windows\System32\msvcp_win.dll
0x00007ffe42780000 - 0x00007ffe427b0000 	C:\Windows\System32\IMM32.DLL
0x00007ffe19170000 - 0x00007ffe1920b000 	C:\Program Files\Microsoft\jdk-11.0.12.7-hotspot\bin\msvcp140.dll
0x00007ffdb8280000 - 0x00007ffdb8de1000 	C:\Program Files\Microsoft\jdk-11.0.12.7-hotspot\bin\server\jvm.dll
0x00007ffe41070000 - 0x00007ffe4111e000 	C:\Windows\System32\ADVAPI32.dll
0x00007ffe41120000 - 0x00007ffe411bc000 	C:\Windows\System32\sechost.dll
0x00007ffe42220000 - 0x00007ffe42345000 	C:\Windows\System32\RPCRT4.dll
0x00007ffe41470000 - 0x00007ffe41478000 	C:\Windows\System32\PSAPI.DLL
0x00007ffe39730000 - 0x00007ffe39757000 	C:\Windows\SYSTEM32\WINMM.dll
0x00007ffe39760000 - 0x00007ffe3976a000 	C:\Windows\SYSTEM32\VERSION.dll
0x00007ffe2c690000 - 0x00007ffe2c699000 	C:\Windows\SYSTEM32\WSOCK32.dll
0x00007ffe428c0000 - 0x00007ffe4292b000 	C:\Windows\System32\WS2_32.dll
0x00007ffe3dfc0000 - 0x00007ffe3dfd2000 	C:\Windows\SYSTEM32\kernel.appcore.dll
0x00007ffe39a50000 - 0x00007ffe39a60000 	C:\Program Files\Microsoft\jdk-11.0.12.7-hotspot\bin\verify.dll
0x00007ffe2ee00000 - 0x00007ffe2efe4000 	C:\Windows\SYSTEM32\DBGHELP.DLL
0x00007ffe2ff60000 - 0x00007ffe2ff8c000 	C:\Windows\SYSTEM32\dbgcore.DLL
0x00007ffe40290000 - 0x00007ffe40312000 	C:\Windows\System32\bcryptPrimitives.dll
0x00007ffe19140000 - 0x00007ffe19168000 	C:\Program Files\Microsoft\jdk-11.0.12.7-hotspot\bin\java.dll
0x00007ffe39a30000 - 0x00007ffe39a3a000 	C:\Program Files\Microsoft\jdk-11.0.12.7-hotspot\bin\jimage.dll
0x00007ffe19120000 - 0x00007ffe19137000 	C:\Program Files\Microsoft\jdk-11.0.12.7-hotspot\bin\zip.dll
0x00007ffe41ac0000 - 0x00007ffe42204000 	C:\Windows\System32\SHELL32.dll
0x00007ffe3e2a0000 - 0x00007ffe3ea34000 	C:\Windows\SYSTEM32\windows.storage.dll
0x00007ffe42420000 - 0x00007ffe42774000 	C:\Windows\System32\combase.dll
0x00007ffe3fb10000 - 0x00007ffe3fb3c000 	C:\Windows\SYSTEM32\Wldp.dll
0x00007ffe40c60000 - 0x00007ffe40d0d000 	C:\Windows\System32\SHCORE.dll
0x00007ffe41260000 - 0x00007ffe412b5000 	C:\Windows\System32\shlwapi.dll
0x00007ffe400c0000 - 0x00007ffe400df000 	C:\Windows\SYSTEM32\profapi.dll
0x00007ffdcb8e0000 - 0x00007ffdcb8f9000 	C:\Program Files\Microsoft\jdk-11.0.12.7-hotspot\bin\net.dll
0x00007ffe3b5c0000 - 0x00007ffe3b6ca000 	C:\Windows\SYSTEM32\WINHTTP.dll
0x00007ffe3f870000 - 0x00007ffe3f8da000 	C:\Windows\system32\mswsock.dll
0x00007ffdcb8c0000 - 0x00007ffdcb8d2000 	C:\Program Files\Microsoft\jdk-11.0.12.7-hotspot\bin\nio.dll

dbghelp: loaded successfully - version: 4.0.5 - missing functions: none
symbol engine: initialized successfully - sym options: 0x614 - pdb path: .;C:\Program Files\Microsoft\jdk-11.0.12.7-hotspot\bin;C:\Windows\SYSTEM32;C:\Windows\WinSxS\amd64_microsoft.windows.common-controls_6595b64144ccf1df_6.0.19041.1110_none_60b5254171f9507e;C:\Program Files\Microsoft\jdk-11.0.12.7-hotspot\bin\server

VM Arguments:
java_command: com.xamarin.androidx.jetifierWrapper.Main -intermediate obj\Debug\120\androidx\_AndroidXJetifyEmbeddedFiles.jetify -parallel
java_class_path (initial): C:\Users\rafam\.nuget\packages\xamarin.androidx.migration\1.0.8\buildTransitive\monoandroid90\Tools/JetifierWrapper/jetifierWrapper-1.0.jar
Launcher Type: SUN_STANDARD

[Global flags]
     intx CICompilerCount                          = 3                                         {product} {ergonomic}
     uint ConcGCThreads                            = 1                                         {product} {ergonomic}
     uint G1ConcRefinementThreads                  = 4                                         {product} {ergonomic}
   size_t G1HeapRegionSize                         = 1048576                                   {product} {ergonomic}
    uintx GCDrainStackTargetSize                   = 64                                        {product} {ergonomic}
   size_t InitialHeapSize                          = 134217728                                 {product} {ergonomic}
   size_t MarkStackSize                            = 4194304                                   {product} {ergonomic}
   size_t MaxHeapSize                              = 2132803584                                {product} {ergonomic}
   size_t MaxNewSize                               = 1279262720                                {product} {ergonomic}
   size_t MinHeapDeltaBytes                        = 1048576                                   {product} {ergonomic}
    uintx NonNMethodCodeHeapSize                   = 5830732                                {pd product} {ergonomic}
    uintx NonProfiledCodeHeapSize                  = 122913754                              {pd product} {ergonomic}
    uintx ProfiledCodeHeapSize                     = 122913754                              {pd product} {ergonomic}
    uintx ReservedCodeCacheSize                    = 251658240                              {pd product} {ergonomic}
     bool SegmentedCodeCache                       = true                                      {product} {ergonomic}
     bool UseCompressedClassPointers               = true                                 {lp64_product} {ergonomic}
     bool UseCompressedOops                        = true                                 {lp64_product} {ergonomic}
     bool UseG1GC                                  = true                                      {product} {ergonomic}
     bool UseLargePagesIndividualAllocation        = false                                  {pd product} {ergonomic}

Logging:
Log output configuration:
 #0: stdout all=warning uptime,level,tags
 #1: stderr all=off uptime,level,tags

Environment Variables:
PATH=C:\ProgramData\Oracle\Java\javapath;C:\Program Files\Microsoft\jdk-11.0.12.7-hotspot\bin;C:\Program Files (x86)\NVIDIA Corporation\PhysX\Common;C:\Windows\system32;C:\Windows;C:\Windows\System32\Wbem;C:\Windows\System32\WindowsPowerShell\v1.0\;C:\Windows\System32\OpenSSH\;C:\Program Files\Microsoft SQL Server\150\Tools\Binn\;C:\Program Files\Microsoft SQL Server\Client SDK\ODBC\170\Tools\Binn\;C:\Program Files\dotnet\;C:\Program Files\Git\cmd;C:\Program Files (x86)\Microsoft SQL Server\150\Tools\Binn\;C:\Program Files\Microsoft SQL Server\150\DTS\Binn\;C:\Program Files (x86)\Microsoft SQL Server\150\DTS\Binn\;C:\Program Files\Azure Data Studio\bin;C:\Users\rafam\AppData\Local\Microsoft\WindowsApps;;C:\Users\rafam\.dotnet\tools;C:\Users\rafam\AppData\Local\Programs\Microsoft VS Code\bin;C:\Program Files\Azure Data Studio\bin
USERNAME=rafam
OS=Windows_NT
PROCESSOR_IDENTIFIER=Intel64 Family 6 Model 60 Stepping 3, GenuineIntel



---------------  S Y S T E M  ---------------

OS: Windows 10 , 64 bit Build 19041 (10.0.19041.1706)
OS uptime: 1 days 0:56 hours

CPU:total 4 (initial active 4) (2 cores per cpu, 2 threads per core) family 6 model 60 stepping 3 microcode 0x27, cmov, cx8, fxsr, mmx, sse, sse2, sse3, ssse3, sse4.1, sse4.2, popcnt, avx, avx2, aes, clmul, erms, lzcnt, ht, tsc, tscinvbit, bmi1, bmi2, fma

Memory: 4k page, system-wide physical 8134M (1156M free)
TotalPageFile size 8134M (AvailPageFile size 2M)
current process WorkingSet (physical memory assigned to process): 66M, peak: 66M
current process commit charge ("private bytes"): 210M, peak: 210M

vm_info: OpenJDK 64-Bit Server VM (11.0.12+7) for windows-amd64 JRE (11.0.12+7), built on Jul 21 2021 15:41:43 by "" with unknown MS VC++:1916

END.
