#
# There is insufficient memory for the Java Runtime Environment to continue.
# Native memory allocation (malloc) failed to allocate 1048576 bytes for AllocateHeap
# Possible reasons:
#   The system is out of physical RAM or swap space
#   The process is running with CompressedOops enabled, and the Java Heap may be blocking the growth of the native heap
# Possible solutions:
#   Reduce memory load on the system
#   Increase physical memory or swap space
#   Check if swap backing store is full
#   Decrease Java heap size (-Xmx/-Xms)
#   Decrease number of Java threads
#   Decrease Java thread stack sizes (-Xss)
#   Set larger code cache with -XX:ReservedCodeCacheSize=
#   JVM is running with Unscaled Compressed Oops mode in which the Java heap is
#     placed in the first 4GB address space. The Java Heap base address is the
#     maximum limit for the native heap growth. Please use -XX:HeapBaseMinAddress
#     to set the Java Heap base and to place the Java Heap above 4GB virtual address.
# This output file may be truncated or incomplete.
#
#  Out of Memory Error (./src/hotspot/share/memory/allocation.cpp:46), pid=3396, tid=3716
#
# JRE version:  (11.0.12+7) (build )
# Java VM: OpenJDK 64-Bit Server VM (11.0.12+7, mixed mode, sharing, tiered, compressed oops, g1 gc, windows-amd64)
# No core dump will be written. Minidumps are not enabled by default on client versions of Windows
#

---------------  S U M M A R Y ------------

Command Line: com.xamarin.androidx.jetifierWrapper.Main -intermediate obj\Debug\120\androidx\_AndroidXJetifyManifest.jetify -parallel

Host: Intel(R) Core(TM) i3-4150 CPU @ 3.50GHz, 4 cores, 7G,  Windows 10 , 64 bit Build 19041 (10.0.19041.1706)
Time: Fri Jun 10 14:55:18 2022 Hora oficial do Brasil elapsed time: 0.010645 seconds (0d 0h 0m 0s)

---------------  T H R E A D  ---------------

Current thread (0x0000020f2aeca800):  JavaThread "Unknown thread" [_thread_in_vm, id=3716, stack(0x000000ebf0c00000,0x000000ebf0d00000)]

Stack: [0x000000ebf0c00000,0x000000ebf0d00000]
Native frames: (J=compiled Java code, j=interpreted, Vv=VM code, C=native code)
V  [jvm.dll+0x6090fa]
V  [jvm.dll+0x79229e]
V  [jvm.dll+0x79396f]
V  [jvm.dll+0x794033]
V  [jvm.dll+0x24bed8]
V  [jvm.dll+0xb91a4]
V  [jvm.dll+0x2dcb08]
V  [jvm.dll+0x76d617]
V  [jvm.dll+0x76edaf]
V  [jvm.dll+0x35a359]
V  [jvm.dll+0x750710]
V  [jvm.dll+0x3c1f8f]
V  [jvm.dll+0x3c4461]
C  [jli.dll+0x5207]
C  [ucrtbase.dll+0x21bb2]
C  [KERNEL32.DLL+0x17034]
C  [ntdll.dll+0x52651]


---------------  P R O C E S S  ---------------

Threads class SMR info:
_java_thread_list=0x0000020f294453c0, length=0, elements={
}

Java Threads: ( => current thread )

Other Threads:

=>0x0000020f2aeca800 (exited) JavaThread "Unknown thread" [_thread_in_vm, id=3716, stack(0x000000ebf0c00000,0x000000ebf0d00000)]

Threads with active compile tasks:

VM state:not at safepoint (not fully initialized)

VM Mutex/Monitor currently owned by a thread: None


[error occurred during error reporting (printing compressed oops mode), id 0xc0000005, EXCEPTION_ACCESS_VIOLATION (0xc0000005) at pc=0x00007ffc5efbe3f7]

GC Heap History (0 events):
No events

Deoptimization events (0 events):
No events

Classes redefined (0 events):
No events

Internal exceptions (0 events):
No events

Events (1 events):
Event: 0.008 Loaded shared library C:\Program Files\Microsoft\jdk-11.0.12.7-hotspot\bin\zip.dll


Dynamic libraries:
0x00007ff7ad540000 - 0x00007ff7ad54d000 	C:\Program Files\Microsoft\jdk-11.0.12.7-hotspot\bin\java.exe
0x00007ffcfc050000 - 0x00007ffcfc245000 	C:\Windows\SYSTEM32\ntdll.dll
0x00007ffcfa630000 - 0x00007ffcfa6ed000 	C:\Windows\System32\KERNEL32.DLL
0x00007ffcf9bb0000 - 0x00007ffcf9e7d000 	C:\Windows\System32\KERNELBASE.dll
0x00007ffcf9760000 - 0x00007ffcf9860000 	C:\Windows\System32\ucrtbase.dll
0x00007ffce35d0000 - 0x00007ffce35e7000 	C:\Program Files\Microsoft\jdk-11.0.12.7-hotspot\bin\jli.dll
0x00007ffcdd8a0000 - 0x00007ffcdd8b5000 	C:\Program Files\Microsoft\jdk-11.0.12.7-hotspot\bin\VCRUNTIME140.dll
0x00007ffcfa6f0000 - 0x00007ffcfa890000 	C:\Windows\System32\USER32.dll
0x00007ffcf9b80000 - 0x00007ffcf9ba2000 	C:\Windows\System32\win32u.dll
0x00007ffceea60000 - 0x00007ffceecfa000 	C:\Windows\WinSxS\amd64_microsoft.windows.common-controls_6595b64144ccf1df_6.0.19041.1110_none_60b5254171f9507e\COMCTL32.dll
0x00007ffcfa890000 - 0x00007ffcfa8ba000 	C:\Windows\System32\GDI32.dll
0x00007ffcfb5a0000 - 0x00007ffcfb63e000 	C:\Windows\System32\msvcrt.dll
0x00007ffcf9860000 - 0x00007ffcf996b000 	C:\Windows\System32\gdi32full.dll
0x00007ffcf99a0000 - 0x00007ffcf9a3d000 	C:\Windows\System32\msvcp_win.dll
0x00007ffcfb890000 - 0x00007ffcfb8c0000 	C:\Windows\System32\IMM32.DLL
0x00007ffccf1e0000 - 0x00007ffccf27b000 	C:\Program Files\Microsoft\jdk-11.0.12.7-hotspot\bin\msvcp140.dll
0x00007ffc5e850000 - 0x00007ffc5f3b1000 	C:\Program Files\Microsoft\jdk-11.0.12.7-hotspot\bin\server\jvm.dll
0x00007ffcfb770000 - 0x00007ffcfb81e000 	C:\Windows\System32\ADVAPI32.dll
0x00007ffcfb3e0000 - 0x00007ffcfb47c000 	C:\Windows\System32\sechost.dll
0x00007ffcfb640000 - 0x00007ffcfb765000 	C:\Windows\System32\RPCRT4.dll
0x00007ffcfb4e0000 - 0x00007ffcfb4e8000 	C:\Windows\System32\PSAPI.DLL
0x00007ffcf0fd0000 - 0x00007ffcf0ff7000 	C:\Windows\SYSTEM32\WINMM.dll
0x00007ffcd9140000 - 0x00007ffcd9149000 	C:\Windows\SYSTEM32\WSOCK32.dll
0x00007ffcf1ca0000 - 0x00007ffcf1caa000 	C:\Windows\SYSTEM32\VERSION.dll
0x00007ffcfb820000 - 0x00007ffcfb88b000 	C:\Windows\System32\WS2_32.dll
0x00007ffcf75a0000 - 0x00007ffcf75b2000 	C:\Windows\SYSTEM32\kernel.appcore.dll
0x00007ffcf5680000 - 0x00007ffcf5690000 	C:\Program Files\Microsoft\jdk-11.0.12.7-hotspot\bin\verify.dll
0x00007ffcec9c0000 - 0x00007ffcecba4000 	C:\Windows\SYSTEM32\DBGHELP.DLL
0x00007ffcecd50000 - 0x00007ffcecd7c000 	C:\Windows\SYSTEM32\dbgcore.DLL
0x00007ffcf9af0000 - 0x00007ffcf9b72000 	C:\Windows\System32\bcryptPrimitives.dll
0x00007ffcdd3c0000 - 0x00007ffcdd3e8000 	C:\Program Files\Microsoft\jdk-11.0.12.7-hotspot\bin\java.dll
0x00007ffce35c0000 - 0x00007ffce35ca000 	C:\Program Files\Microsoft\jdk-11.0.12.7-hotspot\bin\jimage.dll
0x00007ffcdd330000 - 0x00007ffcdd347000 	C:\Program Files\Microsoft\jdk-11.0.12.7-hotspot\bin\zip.dll

dbghelp: loaded successfully - version: 4.0.5 - missing functions: none
symbol engine: initialized successfully - sym options: 0x614 - pdb path: .;C:\Program Files\Microsoft\jdk-11.0.12.7-hotspot\bin;C:\Windows\SYSTEM32;C:\Windows\WinSxS\amd64_microsoft.windows.common-controls_6595b64144ccf1df_6.0.19041.1110_none_60b5254171f9507e;C:\Program Files\Microsoft\jdk-11.0.12.7-hotspot\bin\server

VM Arguments:
java_command: com.xamarin.androidx.jetifierWrapper.Main -intermediate obj\Debug\120\androidx\_AndroidXJetifyManifest.jetify -parallel
java_class_path (initial): C:\Users\rafam\.nuget\packages\xamarin.androidx.migration\1.0.8\buildTransitive\monoandroid90\Tools/JetifierWrapper/jetifierWrapper-1.0.jar
Launcher Type: SUN_STANDARD

[Global flags]
     intx CICompilerCount                          = 3                                         {product} {ergonomic}
     uint G1ConcRefinementThreads                  = 4                                         {product} {ergonomic}
   size_t G1HeapRegionSize                         = 1048576                                   {product} {ergonomic}
    uintx GCDrainStackTargetSize                   = 64                                        {product} {ergonomic}
   size_t InitialHeapSize                          = 134217728                                 {product} {ergonomic}
   size_t MaxHeapSize                              = 2132803584                                {product} {ergonomic}
   size_t MinHeapDeltaBytes                        = 1048576                                   {product} {ergonomic}
    uintx NonNMethodCodeHeapSize                   = 5830732                                {pd product} {ergonomic}
    uintx NonProfiledCodeHeapSize                  = 122913754                              {pd product} {ergonomic}
    uintx ProfiledCodeHeapSize                     = 122913754                              {pd product} {ergonomic}
    uintx ReservedCodeCacheSize                    = 251658240                              {pd product} {ergonomic}
     bool SegmentedCodeCache                       = true                                      {product} {ergonomic}
     bool UseCompressedClassPointers               = true                                 {lp64_product} {ergonomic}
     bool UseCompressedOops                        = true                                 {lp64_product} {ergonomic}
     bool UseG1GC                                  = true                                      {product} {ergonomic}
     bool UseLargePagesIndividualAllocation        = false                                  {pd product} {ergonomic}

Logging:
Log output configuration:
 #0: stdout all=warning uptime,level,tags
 #1: stderr all=off uptime,level,tags

Environment Variables:
PATH=C:\Program Files\Microsoft\jdk-11.0.12.7-hotspot\bin;C:\Program Files (x86)\NVIDIA Corporation\PhysX\Common;C:\Windows\system32;C:\Windows;C:\Windows\System32\Wbem;C:\Windows\System32\WindowsPowerShell\v1.0\;C:\Windows\System32\OpenSSH\;C:\Program Files\Microsoft SQL Server\150\Tools\Binn\;C:\Program Files\Microsoft SQL Server\Client SDK\ODBC\170\Tools\Binn\;C:\Program Files\dotnet\;C:\Program Files\Git\cmd;C:\Program Files (x86)\Microsoft SQL Server\150\Tools\Binn\;C:\Program Files\Microsoft SQL Server\150\DTS\Binn\;C:\Program Files (x86)\Microsoft SQL Server\150\DTS\Binn\;C:\Program Files\Azure Data Studio\bin;C:\Users\rafam\AppData\Local\Microsoft\WindowsApps;;C:\Users\rafam\.dotnet\tools;C:\Users\rafam\AppData\Local\Programs\Microsoft VS Code\bin;C:\Program Files\Azure Data Studio\bin
USERNAME=rafam
OS=Windows_NT
PROCESSOR_IDENTIFIER=Intel64 Family 6 Model 60 Stepping 3, GenuineIntel



---------------  S Y S T E M  ---------------

OS: Windows 10 , 64 bit Build 19041 (10.0.19041.1706)
OS uptime: 0 days 22:24 hours

CPU:total 4 (initial active 4) (2 cores per cpu, 2 threads per core) family 6 model 60 stepping 3 microcode 0x27, cmov, cx8, fxsr, mmx, sse, sse2, sse3, ssse3, sse4.1, sse4.2, popcnt, avx, avx2, aes, clmul, erms, lzcnt, ht, tsc, tscinvbit, bmi1, bmi2, fma

Memory: 4k page, system-wide physical 8134M (1211M free)
TotalPageFile size 8134M (AvailPageFile size 5M)
current process WorkingSet (physical memory assigned to process): 9M, peak: 9M
current process commit charge ("private bytes"): 11M, peak: 11M

vm_info: OpenJDK 64-Bit Server VM (11.0.12+7) for windows-amd64 JRE (11.0.12+7), built on Jul 21 2021 15:41:43 by "" with unknown MS VC++:1916

END.
