#
# There is insufficient memory for the Java Runtime Environment to continue.
# Native memory allocation (malloc) failed to allocate 1228016 bytes for Chunk::new
# Possible reasons:
#   The system is out of physical RAM or swap space
#   The process is running with CompressedOops enabled, and the Java Heap may be blocking the growth of the native heap
# Possible solutions:
#   Reduce memory load on the system
#   Increase physical memory or swap space
#   Check if swap backing store is full
#   Decrease Java heap size (-Xmx/-Xms)
#   Decrease number of Java threads
#   Decrease Java thread stack sizes (-Xss)
#   Set larger code cache with -XX:ReservedCodeCacheSize=
#   JVM is running with Unscaled Compressed Oops mode in which the Java heap is
#     placed in the first 4GB address space. The Java Heap base address is the
#     maximum limit for the native heap growth. Please use -XX:HeapBaseMinAddress
#     to set the Java Heap base and to place the Java Heap above 4GB virtual address.
# This output file may be truncated or incomplete.
#
#  Out of Memory Error (./src/hotspot/share/memory/arena.cpp:197), pid=8340, tid=1260
#
# JRE version: OpenJDK Runtime Environment Microsoft-25199 (11.0.12+7) (build 11.0.12+7)
# Java VM: OpenJDK 64-Bit Server VM Microsoft-25199 (11.0.12+7, mixed mode, tiered, compressed oops, g1 gc, windows-amd64)
# No core dump will be written. Minidumps are not enabled by default on client versions of Windows
#

---------------  S U M M A R Y ------------

Command Line: -Xmx1G com.android.tools.r8.D8 --debug --min-api 21 --output obj\Debug\120\android\bin\ --lib C:\Program Files (x86)\Android\android-sdk\platforms\android-31\android.jar obj\Debug\120\android\bin\classes.zip C:\Program Files\Microsoft Visual Studio\2022\Community\Common7\IDE\ReferenceAssemblies\Microsoft\Framework\MonoAndroid\v12.0\mono.android.jar C:\Program Files\Microsoft Visual Studio\2022\Community\MSBuild\Xamarin\Android\java_runtime_fastdev.jar C:\Users\rafam\.nuget\packages\xamarin.google.guava.listenablefuture\1.0.0.2\buildTransitive\monoandroid50\guava-listenablefuture.jar C:\Users\rafam\.nuget\packages\xamarin.androidx.annotation\1.2.0.1\buildTransitive\monoandroid90\..\..\jar\androidx.annotation.annotation.jar C:\Users\rafam\.nuget\packages\xamarin.androidx.collection\1.1.0.8\buildTransitive\monoandroid90\..\..\jar\androidx.collection.collection.jar C:\Users\rafam\.nuget\packages\xamarin.androidx.lifecycle.common\2.3.1.1\buildTransitive\monoandroid90\..\..\jar\androidx.lifecycle.lifecycle-common.jar C:\Users\rafam\.nuget\packages\xamarin.androidx.arch.core.common\2.1.0.9\buildTransitive\monoandroid90\..\..\jar\androidx.arch.core.core-common.jar C:\Users\rafam\.nuget\packages\xamarin.androidx.constraintlayout.core\1.0.0\buildTransitive\monoandroid90\..\..\jar\androidx.constraintlayout.constraintlayout-core.jar C:\Users\rafam\.nuget\packages\xamarin.androidx.concurrent.futures\1.1.0.3\buildTransitive\monoandroid90\..\..\jar\androidx.concurrent.concurrent-futures.jar obj\Debug\120\lp\0\jl\formsviewgroup.jar obj\Debug\120\lp\100\jl\classes.jar obj\Debug\120\lp\101\jl\classes.jar obj\Debug\120\lp\102\jl\classes.jar obj\Debug\120\lp\104\jl\classes.jar obj\Debug\120\lp\59\jl\classes.jar obj\Debug\120\lp\60\jl\classes.jar obj\Debug\120\lp\61\jl\classes.jar obj\Debug\120\lp\62\jl\classes.jar obj\Debug\120\lp\63\jl\classes.jar obj\Debug\120\lp\64\jl\classes.jar obj\Debug\120\lp\65\jl\classes.jar obj\Debug\120\lp\66\jl\classes.jar obj\Debug\120\lp\67\jl\classes.jar obj\Debug\120\lp\68\jl\classes.jar obj\Debug\120\lp\69\jl\classes.jar obj\Debug\120\lp\70\jl\classes.jar obj\Debug\120\lp\71\jl\classes.jar obj\Debug\120\lp\72\jl\classes.jar obj\Debug\120\lp\73\jl\classes.jar obj\Debug\120\lp\74\jl\classes.jar obj\Debug\120\lp\75\jl\classes.jar obj\Debug\120\lp\76\jl\classes.jar obj\Debug\120\lp\77\jl\classes.jar obj\Debug\120\lp\78\jl\classes.jar obj\Debug\120\lp\79\jl\classes.jar obj\Debug\120\lp\80\jl\classes.jar obj\Debug\120\lp\81\jl\classes.jar obj\Debug\120\lp\82\jl\classes.jar obj\Debug\120\lp\83\jl\classes.jar obj\Debug\120\lp\84\jl\classes.jar obj\Debug\120\lp\85\jl\classes.jar obj\Debug\120\lp\86\jl\classes.jar obj\Debug\120\lp\87\jl\classes.jar obj\Debug\120\lp\88\jl\classes.jar obj\Debug\120\lp\89\jl\classes.jar obj\Debug\120\lp\90\jl\classes.jar obj\Debug\120\lp\91\jl\classes.jar obj\Debug\120\lp\92\jl\classes.jar obj\Debug\120\lp\93\jl\classes.jar obj\Debug\120\lp\94\jl\classes.jar obj\Debug\120\lp\95\jl\classes.jar obj\Debug\120\lp\96\jl\classes.jar obj\Debug\120\lp\97\jl\classes.jar obj\Debug\120\lp\98\jl\classes.jar obj\Debug\120\lp\99\jl\classes.jar

Host: Intel(R) Core(TM) i3-4150 CPU @ 3.50GHz, 4 cores, 7G,  Windows 10 , 64 bit Build 19041 (10.0.19041.1706)
Time: Thu May 19 17:02:38 2022 Hora oficial do Brasil elapsed time: 3.312034 seconds (0d 0h 0m 3s)

---------------  T H R E A D  ---------------

Current thread (0x0000017ce65c1000):  JavaThread "C2 CompilerThread1" daemon [_thread_in_native, id=1260, stack(0x0000002932b00000,0x0000002932c00000)]


Current CompileTask:
C2:   3312 2214 %     4       com.android.tools.r8.graph.B::a @ 45 (173 bytes)

Stack: [0x0000002932b00000,0x0000002932c00000]
Native frames: (J=compiled Java code, j=interpreted, Vv=VM code, C=native code)
V  [jvm.dll+0x6090fa]
V  [jvm.dll+0x79229e]
V  [jvm.dll+0x79396f]
V  [jvm.dll+0x794033]
V  [jvm.dll+0x24bed8]
V  [jvm.dll+0xc219c]
V  [jvm.dll+0xc275c]
V  [jvm.dll+0x3548a7]
V  [jvm.dll+0x321fb3]
V  [jvm.dll+0x3212ea]
V  [jvm.dll+0x205585]
V  [jvm.dll+0x20476d]
V  [jvm.dll+0x18996c]
V  [jvm.dll+0x213dd7]
V  [jvm.dll+0x211f9b]
V  [jvm.dll+0x7563a9]
V  [jvm.dll+0x74f414]
V  [jvm.dll+0x607f56]
C  [ucrtbase.dll+0x21bb2]
C  [KERNEL32.DLL+0x17034]
C  [ntdll.dll+0x52651]


---------------  P R O C E S S  ---------------

Threads class SMR info:
_java_thread_list=0x0000017ce70b1c00, length=13, elements={
0x0000017cc96c3800, 0x0000017ce58ba000, 0x0000017ce58c5000, 0x0000017ce58d7800,
0x0000017ce58d9800, 0x0000017ce58dc800, 0x0000017ce58de000, 0x0000017ce58eb800,
0x0000017ce58f6000, 0x0000017ce63df000, 0x0000017ce65c1000, 0x0000017ce70bc000,
0x0000017ce70bd000
}

Java Threads: ( => current thread )
  0x0000017cc96c3800 JavaThread "main" [_thread_blocked, id=11300, stack(0x0000002931a00000,0x0000002931b00000)]
  0x0000017ce58ba000 JavaThread "Reference Handler" daemon [_thread_blocked, id=2592, stack(0x0000002932100000,0x0000002932200000)]
  0x0000017ce58c5000 JavaThread "Finalizer" daemon [_thread_blocked, id=7520, stack(0x0000002932200000,0x0000002932300000)]
  0x0000017ce58d7800 JavaThread "Signal Dispatcher" daemon [_thread_blocked, id=2696, stack(0x0000002932300000,0x0000002932400000)]
  0x0000017ce58d9800 JavaThread "Attach Listener" daemon [_thread_blocked, id=10524, stack(0x0000002932400000,0x0000002932500000)]
  0x0000017ce58dc800 JavaThread "Service Thread" daemon [_thread_blocked, id=11120, stack(0x0000002932500000,0x0000002932600000)]
  0x0000017ce58de000 JavaThread "C2 CompilerThread0" daemon [_thread_in_native, id=4460, stack(0x0000002932600000,0x0000002932700000)]
  0x0000017ce58eb800 JavaThread "C1 CompilerThread0" daemon [_thread_in_native, id=5788, stack(0x0000002932700000,0x0000002932800000)]
  0x0000017ce58f6000 JavaThread "Sweeper thread" daemon [_thread_blocked, id=2424, stack(0x0000002932800000,0x0000002932900000)]
  0x0000017ce63df000 JavaThread "Common-Cleaner" daemon [_thread_blocked, id=13108, stack(0x0000002932a00000,0x0000002932b00000)]
=>0x0000017ce65c1000 JavaThread "C2 CompilerThread1" daemon [_thread_in_native, id=1260, stack(0x0000002932b00000,0x0000002932c00000)]
  0x0000017ce70bc000 JavaThread "ForkJoinPool-1-worker-3" daemon [_thread_in_Java, id=13000, stack(0x0000002933000000,0x0000002933100000)]
  0x0000017ce70bd000 JavaThread "ForkJoinPool-1-worker-1" daemon [_thread_in_Java, id=12512, stack(0x0000002933100000,0x0000002933200000)]

Other Threads:
  0x0000017ce58b8000 VMThread "VM Thread" [stack: 0x0000002932000000,0x0000002932100000] [id=11844]
  0x0000017ce63d5000 WatcherThread [stack: 0x0000002932900000,0x0000002932a00000] [id=1056]
  0x0000017cc96d8800 GCTaskThread "GC Thread#0" [stack: 0x0000002931b00000,0x0000002931c00000] [id=9152]
  0x0000017ce687f800 GCTaskThread "GC Thread#1" [stack: 0x0000002932c00000,0x0000002932d00000] [id=10648]
  0x0000017ce6921000 GCTaskThread "GC Thread#2" [stack: 0x0000002932d00000,0x0000002932e00000] [id=4284]
  0x0000017ce8d69800 GCTaskThread "GC Thread#3" [stack: 0x0000002933300000,0x0000002933400000] [id=12492]
  0x0000017cc96f5000 ConcurrentGCThread "G1 Main Marker" [stack: 0x0000002931c00000,0x0000002931d00000] [id=8428]
  0x0000017cc96f7000 ConcurrentGCThread "G1 Conc#0" [stack: 0x0000002931d00000,0x0000002931e00000] [id=1992]
  0x0000017cc9782800 ConcurrentGCThread "G1 Refine#0" [stack: 0x0000002931e00000,0x0000002931f00000] [id=2236]
  0x0000017ce63d5800 ConcurrentGCThread "G1 Refine#1" [stack: 0x0000002932e00000,0x0000002932f00000] [id=2292]
  0x0000017ce6e39000 ConcurrentGCThread "G1 Refine#2" [stack: 0x0000002932f00000,0x0000002933000000] [id=4360]
  0x0000017ce718f800 ConcurrentGCThread "G1 Refine#3" [stack: 0x0000002933200000,0x0000002933300000] [id=8100]
  0x0000017cc9783800 ConcurrentGCThread "G1 Young RemSet Sampling" [stack: 0x0000002931f00000,0x0000002932000000] [id=11904]

Threads with active compile tasks:
C2 CompilerThread0   3556 1807 %     4       com.android.tools.r8.C.a.a.f::a @ 2278 (6058 bytes)
C1 CompilerThread0   3556 3194       2       com.android.tools.r8.ir.optimize.k::t (281 bytes)
C2 CompilerThread1   3556 2214 %     4       com.android.tools.r8.graph.B::a @ 45 (173 bytes)

VM state:not at safepoint (normal execution)

VM Mutex/Monitor currently owned by a thread: None

Heap address: 0x00000000c0000000, size: 1024 MB, Compressed Oops mode: 32-bit
Narrow klass base: 0x0000000000000000, Narrow klass shift: 3
Compressed class space size: 1073741824 Address: 0x0000000100000000

Heap:
 garbage-first heap   total 348160K, used 96673K [0x00000000c0000000, 0x0000000100000000)
  region size 1024K, 16 young (16384K), 11 survivors (11264K)
 Metaspace       used 19342K, capacity 19807K, committed 20096K, reserved 1067008K
  class space    used 2181K, capacity 2395K, committed 2432K, reserved 1048576K
Heap Regions: E=young(eden), S=young(survivor), O=old, HS=humongous(starts), HC=humongous(continues), CS=collection set, F=free, A=archive, TAMS=top-at-mark-start (previous, next)
|   0|0x00000000c0000000, 0x00000000c0100000, 0x00000000c0100000|100%| O|  |TAMS 0x00000000c0000000, 0x00000000c0000000| Untracked 
|   1|0x00000000c0100000, 0x00000000c0200000, 0x00000000c0200000|100%| O|  |TAMS 0x00000000c0100000, 0x00000000c0100000| Untracked 
|   2|0x00000000c0200000, 0x00000000c0300000, 0x00000000c0300000|100%|HS|  |TAMS 0x00000000c0200000, 0x00000000c0200000| Complete 
|   3|0x00000000c0300000, 0x00000000c0400000, 0x00000000c0400000|100%|HC|  |TAMS 0x00000000c0300000, 0x00000000c0300000| Complete 
|   4|0x00000000c0400000, 0x00000000c0500000, 0x00000000c0500000|100%| O|  |TAMS 0x00000000c0400000, 0x00000000c0400000| Untracked 
|   5|0x00000000c0500000, 0x00000000c0600000, 0x00000000c0600000|100%| O|  |TAMS 0x00000000c0500000, 0x00000000c0500000| Untracked 
|   6|0x00000000c0600000, 0x00000000c0700000, 0x00000000c0700000|100%| O|  |TAMS 0x00000000c0600000, 0x00000000c0600000| Untracked 
|   7|0x00000000c0700000, 0x00000000c0800000, 0x00000000c0800000|100%| O|  |TAMS 0x00000000c0700000, 0x00000000c0700000| Untracked 
|   8|0x00000000c0800000, 0x00000000c0900000, 0x00000000c0900000|100%| O|  |TAMS 0x00000000c0800000, 0x00000000c0800000| Untracked 
|   9|0x00000000c0900000, 0x00000000c0a00000, 0x00000000c0a00000|100%| O|  |TAMS 0x00000000c0900000, 0x00000000c0900000| Untracked 
|  10|0x00000000c0a00000, 0x00000000c0b00000, 0x00000000c0b00000|100%| O|  |TAMS 0x00000000c0a00000, 0x00000000c0a00000| Untracked 
|  11|0x00000000c0b00000, 0x00000000c0c00000, 0x00000000c0c00000|100%| O|  |TAMS 0x00000000c0b00000, 0x00000000c0b00000| Untracked 
|  12|0x00000000c0c00000, 0x00000000c0d00000, 0x00000000c0d00000|100%| O|  |TAMS 0x00000000c0c00000, 0x00000000c0c00000| Untracked 
|  13|0x00000000c0d00000, 0x00000000c0e00000, 0x00000000c0e00000|100%| O|  |TAMS 0x00000000c0d00000, 0x00000000c0d00000| Untracked 
|  14|0x00000000c0e00000, 0x00000000c0f00000, 0x00000000c0f00000|100%| O|  |TAMS 0x00000000c0e00000, 0x00000000c0e00000| Untracked 
|  15|0x00000000c0f00000, 0x00000000c1000000, 0x00000000c1000000|100%| O|  |TAMS 0x00000000c0f00000, 0x00000000c0f00000| Untracked 
|  16|0x00000000c1000000, 0x00000000c1100000, 0x00000000c1100000|100%| O|  |TAMS 0x00000000c1000000, 0x00000000c1000000| Untracked 
|  17|0x00000000c1100000, 0x00000000c1200000, 0x00000000c1200000|100%| O|  |TAMS 0x00000000c1100000, 0x00000000c1100000| Untracked 
|  18|0x00000000c1200000, 0x00000000c1300000, 0x00000000c1300000|100%| O|  |TAMS 0x00000000c1200000, 0x00000000c1200000| Untracked 
|  19|0x00000000c1300000, 0x00000000c1400000, 0x00000000c1400000|100%| O|  |TAMS 0x00000000c1300000, 0x00000000c1300000| Untracked 
|  20|0x00000000c1400000, 0x00000000c1500000, 0x00000000c1500000|100%| O|  |TAMS 0x00000000c1400000, 0x00000000c1400000| Untracked 
|  21|0x00000000c1500000, 0x00000000c1600000, 0x00000000c1600000|100%| O|  |TAMS 0x00000000c1500000, 0x00000000c1500000| Untracked 
|  22|0x00000000c1600000, 0x00000000c1700000, 0x00000000c1700000|100%| O|  |TAMS 0x00000000c1600000, 0x00000000c1600000| Untracked 
|  23|0x00000000c1700000, 0x00000000c1800000, 0x00000000c1800000|100%| O|  |TAMS 0x00000000c1700000, 0x00000000c1700000| Untracked 
|  24|0x00000000c1800000, 0x00000000c1900000, 0x00000000c1900000|100%| O|  |TAMS 0x00000000c1800000, 0x00000000c1800000| Untracked 
|  25|0x00000000c1900000, 0x00000000c1a00000, 0x00000000c1a00000|100%| O|  |TAMS 0x00000000c1900000, 0x00000000c1900000| Untracked 
|  26|0x00000000c1a00000, 0x00000000c1b00000, 0x00000000c1b00000|100%| O|  |TAMS 0x00000000c1a00000, 0x00000000c1a00000| Untracked 
|  27|0x00000000c1b00000, 0x00000000c1c00000, 0x00000000c1c00000|100%| O|  |TAMS 0x00000000c1b00000, 0x00000000c1b00000| Untracked 
|  28|0x00000000c1c00000, 0x00000000c1d00000, 0x00000000c1d00000|100%| O|  |TAMS 0x00000000c1c00000, 0x00000000c1c00000| Untracked 
|  29|0x00000000c1d00000, 0x00000000c1e00000, 0x00000000c1e00000|100%| O|  |TAMS 0x00000000c1d00000, 0x00000000c1d00000| Untracked 
|  30|0x00000000c1e00000, 0x00000000c1f00000, 0x00000000c1f00000|100%| O|  |TAMS 0x00000000c1e00000, 0x00000000c1e00000| Untracked 
|  31|0x00000000c1f00000, 0x00000000c2000000, 0x00000000c2000000|100%| O|  |TAMS 0x00000000c1f00000, 0x00000000c1f00000| Untracked 
|  32|0x00000000c2000000, 0x00000000c2100000, 0x00000000c2100000|100%| O|  |TAMS 0x00000000c2000000, 0x00000000c2000000| Untracked 
|  33|0x00000000c2100000, 0x00000000c2200000, 0x00000000c2200000|100%| O|  |TAMS 0x00000000c2100000, 0x00000000c2100000| Untracked 
|  34|0x00000000c2200000, 0x00000000c2300000, 0x00000000c2300000|100%| O|  |TAMS 0x00000000c2200000, 0x00000000c2200000| Untracked 
|  35|0x00000000c2300000, 0x00000000c2400000, 0x00000000c2400000|100%| O|  |TAMS 0x00000000c2300000, 0x00000000c2300000| Untracked 
|  36|0x00000000c2400000, 0x00000000c2500000, 0x00000000c2500000|100%| O|  |TAMS 0x00000000c2400000, 0x00000000c2400000| Untracked 
|  37|0x00000000c2500000, 0x00000000c2600000, 0x00000000c2600000|100%| O|  |TAMS 0x00000000c2500000, 0x00000000c2500000| Untracked 
|  38|0x00000000c2600000, 0x00000000c2700000, 0x00000000c2700000|100%| O|  |TAMS 0x00000000c2600000, 0x00000000c2600000| Untracked 
|  39|0x00000000c2700000, 0x00000000c2800000, 0x00000000c2800000|100%| O|  |TAMS 0x00000000c2700000, 0x00000000c2700000| Untracked 
|  40|0x00000000c2800000, 0x00000000c2900000, 0x00000000c2900000|100%| O|  |TAMS 0x00000000c2800000, 0x00000000c2800000| Untracked 
|  41|0x00000000c2900000, 0x00000000c2a00000, 0x00000000c2a00000|100%| O|  |TAMS 0x00000000c2900000, 0x00000000c2900000| Untracked 
|  42|0x00000000c2a00000, 0x00000000c2b00000, 0x00000000c2b00000|100%| O|  |TAMS 0x00000000c2a00000, 0x00000000c2a00000| Untracked 
|  43|0x00000000c2b00000, 0x00000000c2c00000, 0x00000000c2c00000|100%| O|  |TAMS 0x00000000c2b00000, 0x00000000c2b00000| Untracked 
|  44|0x00000000c2c00000, 0x00000000c2d00000, 0x00000000c2d00000|100%| O|  |TAMS 0x00000000c2c00000, 0x00000000c2c00000| Untracked 
|  45|0x00000000c2d00000, 0x00000000c2e00000, 0x00000000c2e00000|100%| O|  |TAMS 0x00000000c2d00000, 0x00000000c2d00000| Untracked 
|  46|0x00000000c2e00000, 0x00000000c2f00000, 0x00000000c2f00000|100%| O|  |TAMS 0x00000000c2e00000, 0x00000000c2e00000| Untracked 
|  47|0x00000000c2f00000, 0x00000000c3000000, 0x00000000c3000000|100%| O|  |TAMS 0x00000000c2f00000, 0x00000000c2f00000| Untracked 
|  48|0x00000000c3000000, 0x00000000c3100000, 0x00000000c3100000|100%| O|  |TAMS 0x00000000c3000000, 0x00000000c3000000| Untracked 
|  49|0x00000000c3100000, 0x00000000c3200000, 0x00000000c3200000|100%| O|  |TAMS 0x00000000c3100000, 0x00000000c3100000| Untracked 
|  50|0x00000000c3200000, 0x00000000c3300000, 0x00000000c3300000|100%| O|  |TAMS 0x00000000c3200000, 0x00000000c3200000| Untracked 
|  51|0x00000000c3300000, 0x00000000c3400000, 0x00000000c3400000|100%| O|  |TAMS 0x00000000c3300000, 0x00000000c3300000| Untracked 
|  52|0x00000000c3400000, 0x00000000c3500000, 0x00000000c3500000|100%| O|  |TAMS 0x00000000c3400000, 0x00000000c3400000| Untracked 
|  53|0x00000000c3500000, 0x00000000c3600000, 0x00000000c3600000|100%| O|  |TAMS 0x00000000c3500000, 0x00000000c3500000| Untracked 
|  54|0x00000000c3600000, 0x00000000c3700000, 0x00000000c3700000|100%| O|  |TAMS 0x00000000c3600000, 0x00000000c3600000| Untracked 
|  55|0x00000000c3700000, 0x00000000c3800000, 0x00000000c3800000|100%| O|  |TAMS 0x00000000c3700000, 0x00000000c3700000| Untracked 
|  56|0x00000000c3800000, 0x00000000c3900000, 0x00000000c3900000|100%| O|  |TAMS 0x00000000c3800000, 0x00000000c3800000| Untracked 
|  57|0x00000000c3900000, 0x00000000c3a00000, 0x00000000c3a00000|100%| O|  |TAMS 0x00000000c3900000, 0x00000000c3900000| Untracked 
|  58|0x00000000c3a00000, 0x00000000c3b00000, 0x00000000c3b00000|100%| O|  |TAMS 0x00000000c3a00000, 0x00000000c3a00000| Untracked 
|  59|0x00000000c3b00000, 0x00000000c3c00000, 0x00000000c3c00000|100%| O|  |TAMS 0x00000000c3b00000, 0x00000000c3b00000| Untracked 
|  60|0x00000000c3c00000, 0x00000000c3d00000, 0x00000000c3d00000|100%| O|  |TAMS 0x00000000c3c00000, 0x00000000c3c00000| Untracked 
|  61|0x00000000c3d00000, 0x00000000c3e00000, 0x00000000c3e00000|100%| O|  |TAMS 0x00000000c3d00000, 0x00000000c3d00000| Untracked 
|  62|0x00000000c3e00000, 0x00000000c3f00000, 0x00000000c3f00000|100%| O|  |TAMS 0x00000000c3e00000, 0x00000000c3e00000| Untracked 
|  63|0x00000000c3f00000, 0x00000000c4000000, 0x00000000c4000000|100%| O|  |TAMS 0x00000000c3f00000, 0x00000000c3f00000| Untracked 
|  64|0x00000000c4000000, 0x00000000c4100000, 0x00000000c4100000|100%| O|  |TAMS 0x00000000c4000000, 0x00000000c4000000| Untracked 
|  65|0x00000000c4100000, 0x00000000c4200000, 0x00000000c4200000|100%| O|  |TAMS 0x00000000c4100000, 0x00000000c4100000| Untracked 
|  66|0x00000000c4200000, 0x00000000c4300000, 0x00000000c4300000|100%| O|  |TAMS 0x00000000c4200000, 0x00000000c4200000| Untracked 
|  67|0x00000000c4300000, 0x00000000c4400000, 0x00000000c4400000|100%| O|  |TAMS 0x00000000c4300000, 0x00000000c4300000| Untracked 
|  68|0x00000000c4400000, 0x00000000c4500000, 0x00000000c4500000|100%| O|  |TAMS 0x00000000c4400000, 0x00000000c4400000| Untracked 
|  69|0x00000000c4500000, 0x00000000c4600000, 0x00000000c4600000|100%| O|  |TAMS 0x00000000c4500000, 0x00000000c4500000| Untracked 
|  70|0x00000000c4600000, 0x00000000c4700000, 0x00000000c4700000|100%| O|  |TAMS 0x00000000c4600000, 0x00000000c4600000| Untracked 
|  71|0x00000000c4700000, 0x00000000c4800000, 0x00000000c4800000|100%| O|  |TAMS 0x00000000c4700000, 0x00000000c4700000| Untracked 
|  72|0x00000000c4800000, 0x00000000c4900000, 0x00000000c4900000|100%| O|  |TAMS 0x00000000c4800000, 0x00000000c4800000| Untracked 
|  73|0x00000000c4900000, 0x00000000c4a00000, 0x00000000c4a00000|100%| O|  |TAMS 0x00000000c4900000, 0x00000000c4900000| Untracked 
|  74|0x00000000c4a00000, 0x00000000c4b00000, 0x00000000c4b00000|100%| O|  |TAMS 0x00000000c4a00000, 0x00000000c4a00000| Untracked 
|  75|0x00000000c4b00000, 0x00000000c4c00000, 0x00000000c4c00000|100%| O|  |TAMS 0x00000000c4b00000, 0x00000000c4b00000| Untracked 
|  76|0x00000000c4c00000, 0x00000000c4d00000, 0x00000000c4d00000|100%| O|  |TAMS 0x00000000c4c00000, 0x00000000c4c00000| Untracked 
|  77|0x00000000c4d00000, 0x00000000c4e00000, 0x00000000c4e00000|100%| O|  |TAMS 0x00000000c4d00000, 0x00000000c4d00000| Untracked 
|  78|0x00000000c4e00000, 0x00000000c4f00000, 0x00000000c4f00000|100%| O|  |TAMS 0x00000000c4e00000, 0x00000000c4e00000| Untracked 
|  79|0x00000000c4f00000, 0x00000000c5000000, 0x00000000c5000000|100%| O|  |TAMS 0x00000000c4f00000, 0x00000000c4f00000| Untracked 
|  80|0x00000000c5000000, 0x00000000c5000000, 0x00000000c5100000|  0%| F|  |TAMS 0x00000000c5000000, 0x00000000c5000000| Untracked 
|  81|0x00000000c5100000, 0x00000000c5100000, 0x00000000c5200000|  0%| F|  |TAMS 0x00000000c5100000, 0x00000000c5100000| Untracked 
|  82|0x00000000c5200000, 0x00000000c5200000, 0x00000000c5300000|  0%| F|  |TAMS 0x00000000c5200000, 0x00000000c5200000| Untracked 
|  83|0x00000000c5300000, 0x00000000c5300000, 0x00000000c5400000|  0%| F|  |TAMS 0x00000000c5300000, 0x00000000c5300000| Untracked 
|  84|0x00000000c5400000, 0x00000000c5400000, 0x00000000c5500000|  0%| F|  |TAMS 0x00000000c5400000, 0x00000000c5400000| Untracked 
|  85|0x00000000c5500000, 0x00000000c5500000, 0x00000000c5600000|  0%| F|  |TAMS 0x00000000c5500000, 0x00000000c5500000| Untracked 
|  86|0x00000000c5600000, 0x00000000c5600000, 0x00000000c5700000|  0%| F|  |TAMS 0x00000000c5600000, 0x00000000c5600000| Untracked 
|  87|0x00000000c5700000, 0x00000000c5700000, 0x00000000c5800000|  0%| F|  |TAMS 0x00000000c5700000, 0x00000000c5700000| Untracked 
|  88|0x00000000c5800000, 0x00000000c5800000, 0x00000000c5900000|  0%| F|  |TAMS 0x00000000c5800000, 0x00000000c5800000| Untracked 
|  89|0x00000000c5900000, 0x00000000c5900000, 0x00000000c5a00000|  0%| F|  |TAMS 0x00000000c5900000, 0x00000000c5900000| Untracked 
|  90|0x00000000c5a00000, 0x00000000c5a00000, 0x00000000c5b00000|  0%| F|  |TAMS 0x00000000c5a00000, 0x00000000c5a00000| Untracked 
|  91|0x00000000c5b00000, 0x00000000c5b00000, 0x00000000c5c00000|  0%| F|  |TAMS 0x00000000c5b00000, 0x00000000c5b00000| Untracked 
|  92|0x00000000c5c00000, 0x00000000c5c00000, 0x00000000c5d00000|  0%| F|  |TAMS 0x00000000c5c00000, 0x00000000c5c00000| Untracked 
|  93|0x00000000c5d00000, 0x00000000c5d00000, 0x00000000c5e00000|  0%| F|  |TAMS 0x00000000c5d00000, 0x00000000c5d00000| Untracked 
|  94|0x00000000c5e00000, 0x00000000c5e00000, 0x00000000c5f00000|  0%| F|  |TAMS 0x00000000c5e00000, 0x00000000c5e00000| Untracked 
|  95|0x00000000c5f00000, 0x00000000c5f00000, 0x00000000c6000000|  0%| F|  |TAMS 0x00000000c5f00000, 0x00000000c5f00000| Untracked 
|  96|0x00000000c6000000, 0x00000000c6000000, 0x00000000c6100000|  0%| F|  |TAMS 0x00000000c6000000, 0x00000000c6000000| Untracked 
|  97|0x00000000c6100000, 0x00000000c6100000, 0x00000000c6200000|  0%| F|  |TAMS 0x00000000c6100000, 0x00000000c6100000| Untracked 
|  98|0x00000000c6200000, 0x00000000c6200000, 0x00000000c6300000|  0%| F|  |TAMS 0x00000000c6200000, 0x00000000c6200000| Untracked 
|  99|0x00000000c6300000, 0x00000000c6300000, 0x00000000c6400000|  0%| F|  |TAMS 0x00000000c6300000, 0x00000000c6300000| Untracked 
| 100|0x00000000c6400000, 0x00000000c6400000, 0x00000000c6500000|  0%| F|  |TAMS 0x00000000c6400000, 0x00000000c6400000| Untracked 
| 101|0x00000000c6500000, 0x00000000c6500000, 0x00000000c6600000|  0%| F|  |TAMS 0x00000000c6500000, 0x00000000c6500000| Untracked 
| 102|0x00000000c6600000, 0x00000000c6600000, 0x00000000c6700000|  0%| F|  |TAMS 0x00000000c6600000, 0x00000000c6600000| Untracked 
| 103|0x00000000c6700000, 0x00000000c6700000, 0x00000000c6800000|  0%| F|  |TAMS 0x00000000c6700000, 0x00000000c6700000| Untracked 
| 104|0x00000000c6800000, 0x00000000c6800000, 0x00000000c6900000|  0%| F|  |TAMS 0x00000000c6800000, 0x00000000c6800000| Untracked 
| 105|0x00000000c6900000, 0x00000000c6900000, 0x00000000c6a00000|  0%| F|  |TAMS 0x00000000c6900000, 0x00000000c6900000| Untracked 
| 106|0x00000000c6a00000, 0x00000000c6a00000, 0x00000000c6b00000|  0%| F|  |TAMS 0x00000000c6a00000, 0x00000000c6a00000| Untracked 
| 107|0x00000000c6b00000, 0x00000000c6b00000, 0x00000000c6c00000|  0%| F|  |TAMS 0x00000000c6b00000, 0x00000000c6b00000| Untracked 
| 108|0x00000000c6c00000, 0x00000000c6c00000, 0x00000000c6d00000|  0%| F|  |TAMS 0x00000000c6c00000, 0x00000000c6c00000| Untracked 
| 109|0x00000000c6d00000, 0x00000000c6d00000, 0x00000000c6e00000|  0%| F|  |TAMS 0x00000000c6d00000, 0x00000000c6d00000| Untracked 
| 110|0x00000000c6e00000, 0x00000000c6e00000, 0x00000000c6f00000|  0%| F|  |TAMS 0x00000000c6e00000, 0x00000000c6e00000| Untracked 
| 111|0x00000000c6f00000, 0x00000000c6f00000, 0x00000000c7000000|  0%| F|  |TAMS 0x00000000c6f00000, 0x00000000c6f00000| Untracked 
| 112|0x00000000c7000000, 0x00000000c7000000, 0x00000000c7100000|  0%| F|  |TAMS 0x00000000c7000000, 0x00000000c7000000| Untracked 
| 113|0x00000000c7100000, 0x00000000c7100000, 0x00000000c7200000|  0%| F|  |TAMS 0x00000000c7100000, 0x00000000c7100000| Untracked 
| 114|0x00000000c7200000, 0x00000000c7200000, 0x00000000c7300000|  0%| F|  |TAMS 0x00000000c7200000, 0x00000000c7200000| Untracked 
| 115|0x00000000c7300000, 0x00000000c7300000, 0x00000000c7400000|  0%| F|  |TAMS 0x00000000c7300000, 0x00000000c7300000| Untracked 
| 116|0x00000000c7400000, 0x00000000c7400000, 0x00000000c7500000|  0%| F|  |TAMS 0x00000000c7400000, 0x00000000c7400000| Untracked 
| 117|0x00000000c7500000, 0x00000000c7500000, 0x00000000c7600000|  0%| F|  |TAMS 0x00000000c7500000, 0x00000000c7500000| Untracked 
| 118|0x00000000c7600000, 0x00000000c7600000, 0x00000000c7700000|  0%| F|  |TAMS 0x00000000c7600000, 0x00000000c7600000| Untracked 
| 119|0x00000000c7700000, 0x00000000c7700000, 0x00000000c7800000|  0%| F|  |TAMS 0x00000000c7700000, 0x00000000c7700000| Untracked 
| 120|0x00000000c7800000, 0x00000000c7800000, 0x00000000c7900000|  0%| F|  |TAMS 0x00000000c7800000, 0x00000000c7800000| Untracked 
| 121|0x00000000c7900000, 0x00000000c7900000, 0x00000000c7a00000|  0%| F|  |TAMS 0x00000000c7900000, 0x00000000c7900000| Untracked 
| 122|0x00000000c7a00000, 0x00000000c7a00000, 0x00000000c7b00000|  0%| F|  |TAMS 0x00000000c7a00000, 0x00000000c7a00000| Untracked 
| 123|0x00000000c7b00000, 0x00000000c7b00000, 0x00000000c7c00000|  0%| F|  |TAMS 0x00000000c7b00000, 0x00000000c7b00000| Untracked 
| 124|0x00000000c7c00000, 0x00000000c7c00000, 0x00000000c7d00000|  0%| F|  |TAMS 0x00000000c7c00000, 0x00000000c7c00000| Untracked 
| 125|0x00000000c7d00000, 0x00000000c7d00000, 0x00000000c7e00000|  0%| F|  |TAMS 0x00000000c7d00000, 0x00000000c7d00000| Untracked 
| 126|0x00000000c7e00000, 0x00000000c7e00000, 0x00000000c7f00000|  0%| F|  |TAMS 0x00000000c7e00000, 0x00000000c7e00000| Untracked 
| 127|0x00000000c7f00000, 0x00000000c7f00000, 0x00000000c8000000|  0%| F|  |TAMS 0x00000000c7f00000, 0x00000000c7f00000| Untracked 
| 128|0x00000000c8000000, 0x00000000c8000000, 0x00000000c8100000|  0%| F|  |TAMS 0x00000000c8000000, 0x00000000c8000000| Untracked 
| 129|0x00000000c8100000, 0x00000000c8100000, 0x00000000c8200000|  0%| F|  |TAMS 0x00000000c8100000, 0x00000000c8100000| Untracked 
| 130|0x00000000c8200000, 0x00000000c8200000, 0x00000000c8300000|  0%| F|  |TAMS 0x00000000c8200000, 0x00000000c8200000| Untracked 
| 131|0x00000000c8300000, 0x00000000c8300000, 0x00000000c8400000|  0%| F|  |TAMS 0x00000000c8300000, 0x00000000c8300000| Untracked 
| 132|0x00000000c8400000, 0x00000000c8400000, 0x00000000c8500000|  0%| F|  |TAMS 0x00000000c8400000, 0x00000000c8400000| Untracked 
| 133|0x00000000c8500000, 0x00000000c8500000, 0x00000000c8600000|  0%| F|  |TAMS 0x00000000c8500000, 0x00000000c8500000| Untracked 
| 134|0x00000000c8600000, 0x00000000c8600000, 0x00000000c8700000|  0%| F|  |TAMS 0x00000000c8600000, 0x00000000c8600000| Untracked 
| 135|0x00000000c8700000, 0x00000000c8700000, 0x00000000c8800000|  0%| F|  |TAMS 0x00000000c8700000, 0x00000000c8700000| Untracked 
| 136|0x00000000c8800000, 0x00000000c8800000, 0x00000000c8900000|  0%| F|  |TAMS 0x00000000c8800000, 0x00000000c8800000| Untracked 
| 137|0x00000000c8900000, 0x00000000c8900000, 0x00000000c8a00000|  0%| F|  |TAMS 0x00000000c8900000, 0x00000000c8900000| Untracked 
| 138|0x00000000c8a00000, 0x00000000c8a00000, 0x00000000c8b00000|  0%| F|  |TAMS 0x00000000c8a00000, 0x00000000c8a00000| Untracked 
| 139|0x00000000c8b00000, 0x00000000c8b00000, 0x00000000c8c00000|  0%| F|  |TAMS 0x00000000c8b00000, 0x00000000c8b00000| Untracked 
| 140|0x00000000c8c00000, 0x00000000c8c00000, 0x00000000c8d00000|  0%| F|  |TAMS 0x00000000c8c00000, 0x00000000c8c00000| Untracked 
| 141|0x00000000c8d00000, 0x00000000c8d00000, 0x00000000c8e00000|  0%| F|  |TAMS 0x00000000c8d00000, 0x00000000c8d00000| Untracked 
| 142|0x00000000c8e00000, 0x00000000c8e00000, 0x00000000c8f00000|  0%| F|  |TAMS 0x00000000c8e00000, 0x00000000c8e00000| Untracked 
| 143|0x00000000c8f00000, 0x00000000c8f00000, 0x00000000c9000000|  0%| F|  |TAMS 0x00000000c8f00000, 0x00000000c8f00000| Untracked 
| 144|0x00000000c9000000, 0x00000000c9000000, 0x00000000c9100000|  0%| F|  |TAMS 0x00000000c9000000, 0x00000000c9000000| Untracked 
| 145|0x00000000c9100000, 0x00000000c9100000, 0x00000000c9200000|  0%| F|  |TAMS 0x00000000c9100000, 0x00000000c9100000| Untracked 
| 146|0x00000000c9200000, 0x00000000c9200000, 0x00000000c9300000|  0%| F|  |TAMS 0x00000000c9200000, 0x00000000c9200000| Untracked 
| 147|0x00000000c9300000, 0x00000000c9300000, 0x00000000c9400000|  0%| F|  |TAMS 0x00000000c9300000, 0x00000000c9300000| Untracked 
| 148|0x00000000c9400000, 0x00000000c9400000, 0x00000000c9500000|  0%| F|  |TAMS 0x00000000c9400000, 0x00000000c9400000| Untracked 
| 149|0x00000000c9500000, 0x00000000c9500000, 0x00000000c9600000|  0%| F|  |TAMS 0x00000000c9500000, 0x00000000c9500000| Untracked 
| 150|0x00000000c9600000, 0x00000000c9600000, 0x00000000c9700000|  0%| F|  |TAMS 0x00000000c9600000, 0x00000000c9600000| Untracked 
| 151|0x00000000c9700000, 0x00000000c9700000, 0x00000000c9800000|  0%| F|  |TAMS 0x00000000c9700000, 0x00000000c9700000| Untracked 
| 152|0x00000000c9800000, 0x00000000c9800000, 0x00000000c9900000|  0%| F|  |TAMS 0x00000000c9800000, 0x00000000c9800000| Untracked 
| 153|0x00000000c9900000, 0x00000000c9900000, 0x00000000c9a00000|  0%| F|  |TAMS 0x00000000c9900000, 0x00000000c9900000| Untracked 
| 154|0x00000000c9a00000, 0x00000000c9a00000, 0x00000000c9b00000|  0%| F|  |TAMS 0x00000000c9a00000, 0x00000000c9a00000| Untracked 
| 155|0x00000000c9b00000, 0x00000000c9b00000, 0x00000000c9c00000|  0%| F|  |TAMS 0x00000000c9b00000, 0x00000000c9b00000| Untracked 
| 156|0x00000000c9c00000, 0x00000000c9c00000, 0x00000000c9d00000|  0%| F|  |TAMS 0x00000000c9c00000, 0x00000000c9c00000| Untracked 
| 157|0x00000000c9d00000, 0x00000000c9d00000, 0x00000000c9e00000|  0%| F|  |TAMS 0x00000000c9d00000, 0x00000000c9d00000| Untracked 
| 158|0x00000000c9e00000, 0x00000000c9e00000, 0x00000000c9f00000|  0%| F|  |TAMS 0x00000000c9e00000, 0x00000000c9e00000| Untracked 
| 159|0x00000000c9f00000, 0x00000000c9f00000, 0x00000000ca000000|  0%| F|  |TAMS 0x00000000c9f00000, 0x00000000c9f00000| Untracked 
| 160|0x00000000ca000000, 0x00000000ca000000, 0x00000000ca100000|  0%| F|  |TAMS 0x00000000ca000000, 0x00000000ca000000| Untracked 
| 161|0x00000000ca100000, 0x00000000ca100000, 0x00000000ca200000|  0%| F|  |TAMS 0x00000000ca100000, 0x00000000ca100000| Untracked 
| 162|0x00000000ca200000, 0x00000000ca200000, 0x00000000ca300000|  0%| F|  |TAMS 0x00000000ca200000, 0x00000000ca200000| Untracked 
| 163|0x00000000ca300000, 0x00000000ca300000, 0x00000000ca400000|  0%| F|  |TAMS 0x00000000ca300000, 0x00000000ca300000| Untracked 
| 164|0x00000000ca400000, 0x00000000ca400000, 0x00000000ca500000|  0%| F|  |TAMS 0x00000000ca400000, 0x00000000ca400000| Untracked 
| 165|0x00000000ca500000, 0x00000000ca500000, 0x00000000ca600000|  0%| F|  |TAMS 0x00000000ca500000, 0x00000000ca500000| Untracked 
| 166|0x00000000ca600000, 0x00000000ca600000, 0x00000000ca700000|  0%| F|  |TAMS 0x00000000ca600000, 0x00000000ca600000| Untracked 
| 167|0x00000000ca700000, 0x00000000ca700000, 0x00000000ca800000|  0%| F|  |TAMS 0x00000000ca700000, 0x00000000ca700000| Untracked 
| 168|0x00000000ca800000, 0x00000000ca800000, 0x00000000ca900000|  0%| F|  |TAMS 0x00000000ca800000, 0x00000000ca800000| Untracked 
| 169|0x00000000ca900000, 0x00000000ca900000, 0x00000000caa00000|  0%| F|  |TAMS 0x00000000ca900000, 0x00000000ca900000| Untracked 
| 170|0x00000000caa00000, 0x00000000caa00000, 0x00000000cab00000|  0%| F|  |TAMS 0x00000000caa00000, 0x00000000caa00000| Untracked 
| 171|0x00000000cab00000, 0x00000000cab00000, 0x00000000cac00000|  0%| F|  |TAMS 0x00000000cab00000, 0x00000000cab00000| Untracked 
| 172|0x00000000cac00000, 0x00000000cac00000, 0x00000000cad00000|  0%| F|  |TAMS 0x00000000cac00000, 0x00000000cac00000| Untracked 
| 173|0x00000000cad00000, 0x00000000cad00000, 0x00000000cae00000|  0%| F|  |TAMS 0x00000000cad00000, 0x00000000cad00000| Untracked 
| 174|0x00000000cae00000, 0x00000000cae00000, 0x00000000caf00000|  0%| F|  |TAMS 0x00000000cae00000, 0x00000000cae00000| Untracked 
| 175|0x00000000caf00000, 0x00000000caf00000, 0x00000000cb000000|  0%| F|  |TAMS 0x00000000caf00000, 0x00000000caf00000| Untracked 
| 176|0x00000000cb000000, 0x00000000cb000000, 0x00000000cb100000|  0%| F|  |TAMS 0x00000000cb000000, 0x00000000cb000000| Untracked 
| 177|0x00000000cb100000, 0x00000000cb100000, 0x00000000cb200000|  0%| F|  |TAMS 0x00000000cb100000, 0x00000000cb100000| Untracked 
| 178|0x00000000cb200000, 0x00000000cb200000, 0x00000000cb300000|  0%| F|  |TAMS 0x00000000cb200000, 0x00000000cb200000| Untracked 
| 179|0x00000000cb300000, 0x00000000cb300000, 0x00000000cb400000|  0%| F|  |TAMS 0x00000000cb300000, 0x00000000cb300000| Untracked 
| 180|0x00000000cb400000, 0x00000000cb400000, 0x00000000cb500000|  0%| F|  |TAMS 0x00000000cb400000, 0x00000000cb400000| Untracked 
| 181|0x00000000cb500000, 0x00000000cb500000, 0x00000000cb600000|  0%| F|  |TAMS 0x00000000cb500000, 0x00000000cb500000| Untracked 
| 182|0x00000000cb600000, 0x00000000cb600000, 0x00000000cb700000|  0%| F|  |TAMS 0x00000000cb600000, 0x00000000cb600000| Untracked 
| 183|0x00000000cb700000, 0x00000000cb700000, 0x00000000cb800000|  0%| F|  |TAMS 0x00000000cb700000, 0x00000000cb700000| Untracked 
| 184|0x00000000cb800000, 0x00000000cb800000, 0x00000000cb900000|  0%| F|  |TAMS 0x00000000cb800000, 0x00000000cb800000| Untracked 
| 185|0x00000000cb900000, 0x00000000cb900000, 0x00000000cba00000|  0%| F|  |TAMS 0x00000000cb900000, 0x00000000cb900000| Untracked 
| 186|0x00000000cba00000, 0x00000000cba00000, 0x00000000cbb00000|  0%| F|  |TAMS 0x00000000cba00000, 0x00000000cba00000| Untracked 
| 187|0x00000000cbb00000, 0x00000000cbb00000, 0x00000000cbc00000|  0%| F|  |TAMS 0x00000000cbb00000, 0x00000000cbb00000| Untracked 
| 188|0x00000000cbc00000, 0x00000000cbc00000, 0x00000000cbd00000|  0%| F|  |TAMS 0x00000000cbc00000, 0x00000000cbc00000| Untracked 
| 189|0x00000000cbd00000, 0x00000000cbd00000, 0x00000000cbe00000|  0%| F|  |TAMS 0x00000000cbd00000, 0x00000000cbd00000| Untracked 
| 190|0x00000000cbe00000, 0x00000000cbe00000, 0x00000000cbf00000|  0%| F|  |TAMS 0x00000000cbe00000, 0x00000000cbe00000| Untracked 
| 191|0x00000000cbf00000, 0x00000000cbf00000, 0x00000000cc000000|  0%| F|  |TAMS 0x00000000cbf00000, 0x00000000cbf00000| Untracked 
| 192|0x00000000cc000000, 0x00000000cc000000, 0x00000000cc100000|  0%| F|  |TAMS 0x00000000cc000000, 0x00000000cc000000| Untracked 
| 193|0x00000000cc100000, 0x00000000cc100000, 0x00000000cc200000|  0%| F|  |TAMS 0x00000000cc100000, 0x00000000cc100000| Untracked 
| 194|0x00000000cc200000, 0x00000000cc200000, 0x00000000cc300000|  0%| F|  |TAMS 0x00000000cc200000, 0x00000000cc200000| Untracked 
| 195|0x00000000cc300000, 0x00000000cc300000, 0x00000000cc400000|  0%| F|  |TAMS 0x00000000cc300000, 0x00000000cc300000| Untracked 
| 196|0x00000000cc400000, 0x00000000cc400000, 0x00000000cc500000|  0%| F|  |TAMS 0x00000000cc400000, 0x00000000cc400000| Untracked 
| 197|0x00000000cc500000, 0x00000000cc500000, 0x00000000cc600000|  0%| F|  |TAMS 0x00000000cc500000, 0x00000000cc500000| Untracked 
| 198|0x00000000cc600000, 0x00000000cc600000, 0x00000000cc700000|  0%| F|  |TAMS 0x00000000cc600000, 0x00000000cc600000| Untracked 
| 199|0x00000000cc700000, 0x00000000cc700000, 0x00000000cc800000|  0%| F|  |TAMS 0x00000000cc700000, 0x00000000cc700000| Untracked 
| 200|0x00000000cc800000, 0x00000000cc800000, 0x00000000cc900000|  0%| F|  |TAMS 0x00000000cc800000, 0x00000000cc800000| Untracked 
| 201|0x00000000cc900000, 0x00000000cc900000, 0x00000000cca00000|  0%| F|  |TAMS 0x00000000cc900000, 0x00000000cc900000| Untracked 
| 202|0x00000000cca00000, 0x00000000cca00000, 0x00000000ccb00000|  0%| F|  |TAMS 0x00000000cca00000, 0x00000000cca00000| Untracked 
| 203|0x00000000ccb00000, 0x00000000ccb00000, 0x00000000ccc00000|  0%| F|  |TAMS 0x00000000ccb00000, 0x00000000ccb00000| Untracked 
| 204|0x00000000ccc00000, 0x00000000ccc00000, 0x00000000ccd00000|  0%| F|  |TAMS 0x00000000ccc00000, 0x00000000ccc00000| Untracked 
| 205|0x00000000ccd00000, 0x00000000ccd00000, 0x00000000cce00000|  0%| F|  |TAMS 0x00000000ccd00000, 0x00000000ccd00000| Untracked 
| 206|0x00000000cce00000, 0x00000000cce00000, 0x00000000ccf00000|  0%| F|  |TAMS 0x00000000cce00000, 0x00000000cce00000| Untracked 
| 207|0x00000000ccf00000, 0x00000000ccf00000, 0x00000000cd000000|  0%| F|  |TAMS 0x00000000ccf00000, 0x00000000ccf00000| Untracked 
| 208|0x00000000cd000000, 0x00000000cd000000, 0x00000000cd100000|  0%| F|  |TAMS 0x00000000cd000000, 0x00000000cd000000| Untracked 
| 209|0x00000000cd100000, 0x00000000cd100000, 0x00000000cd200000|  0%| F|  |TAMS 0x00000000cd100000, 0x00000000cd100000| Untracked 
| 210|0x00000000cd200000, 0x00000000cd200000, 0x00000000cd300000|  0%| F|  |TAMS 0x00000000cd200000, 0x00000000cd200000| Untracked 
| 211|0x00000000cd300000, 0x00000000cd300000, 0x00000000cd400000|  0%| F|  |TAMS 0x00000000cd300000, 0x00000000cd300000| Untracked 
| 212|0x00000000cd400000, 0x00000000cd400000, 0x00000000cd500000|  0%| F|  |TAMS 0x00000000cd400000, 0x00000000cd400000| Untracked 
| 213|0x00000000cd500000, 0x00000000cd500000, 0x00000000cd600000|  0%| F|  |TAMS 0x00000000cd500000, 0x00000000cd500000| Untracked 
| 214|0x00000000cd600000, 0x00000000cd600000, 0x00000000cd700000|  0%| F|  |TAMS 0x00000000cd600000, 0x00000000cd600000| Untracked 
| 215|0x00000000cd700000, 0x00000000cd700000, 0x00000000cd800000|  0%| F|  |TAMS 0x00000000cd700000, 0x00000000cd700000| Untracked 
| 216|0x00000000cd800000, 0x00000000cd800000, 0x00000000cd900000|  0%| F|  |TAMS 0x00000000cd800000, 0x00000000cd800000| Untracked 
| 217|0x00000000cd900000, 0x00000000cd900000, 0x00000000cda00000|  0%| F|  |TAMS 0x00000000cd900000, 0x00000000cd900000| Untracked 
| 218|0x00000000cda00000, 0x00000000cda00000, 0x00000000cdb00000|  0%| F|  |TAMS 0x00000000cda00000, 0x00000000cda00000| Untracked 
| 219|0x00000000cdb00000, 0x00000000cdb00000, 0x00000000cdc00000|  0%| F|  |TAMS 0x00000000cdb00000, 0x00000000cdb00000| Untracked 
| 220|0x00000000cdc00000, 0x00000000cdc00000, 0x00000000cdd00000|  0%| F|  |TAMS 0x00000000cdc00000, 0x00000000cdc00000| Untracked 
| 221|0x00000000cdd00000, 0x00000000cdd00000, 0x00000000cde00000|  0%| F|  |TAMS 0x00000000cdd00000, 0x00000000cdd00000| Untracked 
| 222|0x00000000cde00000, 0x00000000cde00000, 0x00000000cdf00000|  0%| F|  |TAMS 0x00000000cde00000, 0x00000000cde00000| Untracked 
| 223|0x00000000cdf00000, 0x00000000cdf00000, 0x00000000ce000000|  0%| F|  |TAMS 0x00000000cdf00000, 0x00000000cdf00000| Untracked 
| 224|0x00000000ce000000, 0x00000000ce000000, 0x00000000ce100000|  0%| F|  |TAMS 0x00000000ce000000, 0x00000000ce000000| Untracked 
| 225|0x00000000ce100000, 0x00000000ce100000, 0x00000000ce200000|  0%| F|  |TAMS 0x00000000ce100000, 0x00000000ce100000| Untracked 
| 226|0x00000000ce200000, 0x00000000ce200000, 0x00000000ce300000|  0%| F|  |TAMS 0x00000000ce200000, 0x00000000ce200000| Untracked 
| 227|0x00000000ce300000, 0x00000000ce300000, 0x00000000ce400000|  0%| F|  |TAMS 0x00000000ce300000, 0x00000000ce300000| Untracked 
| 228|0x00000000ce400000, 0x00000000ce400000, 0x00000000ce500000|  0%| F|  |TAMS 0x00000000ce400000, 0x00000000ce400000| Untracked 
| 229|0x00000000ce500000, 0x00000000ce500000, 0x00000000ce600000|  0%| F|  |TAMS 0x00000000ce500000, 0x00000000ce500000| Untracked 
| 230|0x00000000ce600000, 0x00000000ce600000, 0x00000000ce700000|  0%| F|  |TAMS 0x00000000ce600000, 0x00000000ce600000| Untracked 
| 231|0x00000000ce700000, 0x00000000ce700000, 0x00000000ce800000|  0%| F|  |TAMS 0x00000000ce700000, 0x00000000ce700000| Untracked 
| 232|0x00000000ce800000, 0x00000000ce800000, 0x00000000ce900000|  0%| F|  |TAMS 0x00000000ce800000, 0x00000000ce800000| Untracked 
| 233|0x00000000ce900000, 0x00000000ce900000, 0x00000000cea00000|  0%| F|  |TAMS 0x00000000ce900000, 0x00000000ce900000| Untracked 
| 234|0x00000000cea00000, 0x00000000cea00000, 0x00000000ceb00000|  0%| F|  |TAMS 0x00000000cea00000, 0x00000000cea00000| Untracked 
| 235|0x00000000ceb00000, 0x00000000ceb00000, 0x00000000cec00000|  0%| F|  |TAMS 0x00000000ceb00000, 0x00000000ceb00000| Untracked 
| 236|0x00000000cec00000, 0x00000000cec00000, 0x00000000ced00000|  0%| F|  |TAMS 0x00000000cec00000, 0x00000000cec00000| Untracked 
| 237|0x00000000ced00000, 0x00000000ced00000, 0x00000000cee00000|  0%| F|  |TAMS 0x00000000ced00000, 0x00000000ced00000| Untracked 
| 238|0x00000000cee00000, 0x00000000cee68758, 0x00000000cef00000| 40%| S|CS|TAMS 0x00000000cee00000, 0x00000000cee00000| Complete 
| 239|0x00000000cef00000, 0x00000000cf000000, 0x00000000cf000000|100%| S|CS|TAMS 0x00000000cef00000, 0x00000000cef00000| Complete 
| 240|0x00000000cf000000, 0x00000000cf100000, 0x00000000cf100000|100%| S|CS|TAMS 0x00000000cf000000, 0x00000000cf000000| Complete 
| 241|0x00000000cf100000, 0x00000000cf200000, 0x00000000cf200000|100%| S|CS|TAMS 0x00000000cf100000, 0x00000000cf100000| Complete 
| 242|0x00000000cf200000, 0x00000000cf300000, 0x00000000cf300000|100%| S|CS|TAMS 0x00000000cf200000, 0x00000000cf200000| Complete 
| 243|0x00000000cf300000, 0x00000000cf400000, 0x00000000cf400000|100%| S|CS|TAMS 0x00000000cf300000, 0x00000000cf300000| Complete 
| 244|0x00000000cf400000, 0x00000000cf500000, 0x00000000cf500000|100%| S|CS|TAMS 0x00000000cf400000, 0x00000000cf400000| Complete 
| 245|0x00000000cf500000, 0x00000000cf600000, 0x00000000cf600000|100%| S|CS|TAMS 0x00000000cf500000, 0x00000000cf500000| Complete 
| 246|0x00000000cf600000, 0x00000000cf700000, 0x00000000cf700000|100%| S|CS|TAMS 0x00000000cf600000, 0x00000000cf600000| Complete 
| 247|0x00000000cf700000, 0x00000000cf800000, 0x00000000cf800000|100%| S|CS|TAMS 0x00000000cf700000, 0x00000000cf700000| Complete 
| 248|0x00000000cf800000, 0x00000000cf900000, 0x00000000cf900000|100%| S|CS|TAMS 0x00000000cf800000, 0x00000000cf800000| Complete 
| 249|0x00000000cf900000, 0x00000000cf900000, 0x00000000cfa00000|  0%| F|  |TAMS 0x00000000cf900000, 0x00000000cf900000| Untracked 
| 250|0x00000000cfa00000, 0x00000000cfa00000, 0x00000000cfb00000|  0%| F|  |TAMS 0x00000000cfa00000, 0x00000000cfa00000| Untracked 
| 251|0x00000000cfb00000, 0x00000000cfb00000, 0x00000000cfc00000|  0%| F|  |TAMS 0x00000000cfb00000, 0x00000000cfb00000| Untracked 
| 252|0x00000000cfc00000, 0x00000000cfc00000, 0x00000000cfd00000|  0%| F|  |TAMS 0x00000000cfc00000, 0x00000000cfc00000| Untracked 
| 253|0x00000000cfd00000, 0x00000000cfd00000, 0x00000000cfe00000|  0%| F|  |TAMS 0x00000000cfd00000, 0x00000000cfd00000| Untracked 
| 254|0x00000000cfe00000, 0x00000000cfe00000, 0x00000000cff00000|  0%| F|  |TAMS 0x00000000cfe00000, 0x00000000cfe00000| Untracked 
| 255|0x00000000cff00000, 0x00000000cff00000, 0x00000000d0000000|  0%| F|  |TAMS 0x00000000cff00000, 0x00000000cff00000| Untracked 
| 256|0x00000000d0000000, 0x00000000d0000000, 0x00000000d0100000|  0%| F|  |TAMS 0x00000000d0000000, 0x00000000d0000000| Untracked 
| 257|0x00000000d0100000, 0x00000000d0100000, 0x00000000d0200000|  0%| F|  |TAMS 0x00000000d0100000, 0x00000000d0100000| Untracked 
| 258|0x00000000d0200000, 0x00000000d0200000, 0x00000000d0300000|  0%| F|  |TAMS 0x00000000d0200000, 0x00000000d0200000| Untracked 
| 259|0x00000000d0300000, 0x00000000d0300000, 0x00000000d0400000|  0%| F|  |TAMS 0x00000000d0300000, 0x00000000d0300000| Untracked 
| 260|0x00000000d0400000, 0x00000000d0400000, 0x00000000d0500000|  0%| F|  |TAMS 0x00000000d0400000, 0x00000000d0400000| Untracked 
| 261|0x00000000d0500000, 0x00000000d0500000, 0x00000000d0600000|  0%| F|  |TAMS 0x00000000d0500000, 0x00000000d0500000| Untracked 
| 262|0x00000000d0600000, 0x00000000d0600000, 0x00000000d0700000|  0%| F|  |TAMS 0x00000000d0600000, 0x00000000d0600000| Untracked 
| 263|0x00000000d0700000, 0x00000000d0700000, 0x00000000d0800000|  0%| F|  |TAMS 0x00000000d0700000, 0x00000000d0700000| Untracked 
| 264|0x00000000d0800000, 0x00000000d0800000, 0x00000000d0900000|  0%| F|  |TAMS 0x00000000d0800000, 0x00000000d0800000| Untracked 
| 265|0x00000000d0900000, 0x00000000d0900000, 0x00000000d0a00000|  0%| F|  |TAMS 0x00000000d0900000, 0x00000000d0900000| Untracked 
| 266|0x00000000d0a00000, 0x00000000d0a00000, 0x00000000d0b00000|  0%| F|  |TAMS 0x00000000d0a00000, 0x00000000d0a00000| Untracked 
| 267|0x00000000d0b00000, 0x00000000d0b00000, 0x00000000d0c00000|  0%| F|  |TAMS 0x00000000d0b00000, 0x00000000d0b00000| Untracked 
| 268|0x00000000d0c00000, 0x00000000d0c00000, 0x00000000d0d00000|  0%| F|  |TAMS 0x00000000d0c00000, 0x00000000d0c00000| Untracked 
| 269|0x00000000d0d00000, 0x00000000d0d00000, 0x00000000d0e00000|  0%| F|  |TAMS 0x00000000d0d00000, 0x00000000d0d00000| Untracked 
| 270|0x00000000d0e00000, 0x00000000d0e00000, 0x00000000d0f00000|  0%| F|  |TAMS 0x00000000d0e00000, 0x00000000d0e00000| Untracked 
| 271|0x00000000d0f00000, 0x00000000d0f00000, 0x00000000d1000000|  0%| F|  |TAMS 0x00000000d0f00000, 0x00000000d0f00000| Untracked 
| 272|0x00000000d1000000, 0x00000000d1000000, 0x00000000d1100000|  0%| F|  |TAMS 0x00000000d1000000, 0x00000000d1000000| Untracked 
| 273|0x00000000d1100000, 0x00000000d1100000, 0x00000000d1200000|  0%| F|  |TAMS 0x00000000d1100000, 0x00000000d1100000| Untracked 
| 274|0x00000000d1200000, 0x00000000d1200000, 0x00000000d1300000|  0%| F|  |TAMS 0x00000000d1200000, 0x00000000d1200000| Untracked 
| 275|0x00000000d1300000, 0x00000000d1300000, 0x00000000d1400000|  0%| F|  |TAMS 0x00000000d1300000, 0x00000000d1300000| Untracked 
| 276|0x00000000d1400000, 0x00000000d1400000, 0x00000000d1500000|  0%| F|  |TAMS 0x00000000d1400000, 0x00000000d1400000| Untracked 
| 277|0x00000000d1500000, 0x00000000d1500000, 0x00000000d1600000|  0%| F|  |TAMS 0x00000000d1500000, 0x00000000d1500000| Untracked 
| 278|0x00000000d1600000, 0x00000000d1600000, 0x00000000d1700000|  0%| F|  |TAMS 0x00000000d1600000, 0x00000000d1600000| Untracked 
| 279|0x00000000d1700000, 0x00000000d1700000, 0x00000000d1800000|  0%| F|  |TAMS 0x00000000d1700000, 0x00000000d1700000| Untracked 
| 280|0x00000000d1800000, 0x00000000d1800000, 0x00000000d1900000|  0%| F|  |TAMS 0x00000000d1800000, 0x00000000d1800000| Untracked 
| 281|0x00000000d1900000, 0x00000000d1900000, 0x00000000d1a00000|  0%| F|  |TAMS 0x00000000d1900000, 0x00000000d1900000| Untracked 
| 282|0x00000000d1a00000, 0x00000000d1a00000, 0x00000000d1b00000|  0%| F|  |TAMS 0x00000000d1a00000, 0x00000000d1a00000| Untracked 
| 283|0x00000000d1b00000, 0x00000000d1b00000, 0x00000000d1c00000|  0%| F|  |TAMS 0x00000000d1b00000, 0x00000000d1b00000| Untracked 
| 284|0x00000000d1c00000, 0x00000000d1c00000, 0x00000000d1d00000|  0%| F|  |TAMS 0x00000000d1c00000, 0x00000000d1c00000| Untracked 
| 285|0x00000000d1d00000, 0x00000000d1d00000, 0x00000000d1e00000|  0%| F|  |TAMS 0x00000000d1d00000, 0x00000000d1d00000| Untracked 
| 286|0x00000000d1e00000, 0x00000000d1e00000, 0x00000000d1f00000|  0%| F|  |TAMS 0x00000000d1e00000, 0x00000000d1e00000| Untracked 
| 287|0x00000000d1f00000, 0x00000000d1f00000, 0x00000000d2000000|  0%| F|  |TAMS 0x00000000d1f00000, 0x00000000d1f00000| Untracked 
| 288|0x00000000d2000000, 0x00000000d2000000, 0x00000000d2100000|  0%| F|  |TAMS 0x00000000d2000000, 0x00000000d2000000| Untracked 
| 289|0x00000000d2100000, 0x00000000d2100000, 0x00000000d2200000|  0%| F|  |TAMS 0x00000000d2100000, 0x00000000d2100000| Untracked 
| 290|0x00000000d2200000, 0x00000000d2200000, 0x00000000d2300000|  0%| F|  |TAMS 0x00000000d2200000, 0x00000000d2200000| Untracked 
| 291|0x00000000d2300000, 0x00000000d2300000, 0x00000000d2400000|  0%| F|  |TAMS 0x00000000d2300000, 0x00000000d2300000| Untracked 
| 292|0x00000000d2400000, 0x00000000d2400000, 0x00000000d2500000|  0%| F|  |TAMS 0x00000000d2400000, 0x00000000d2400000| Untracked 
| 293|0x00000000d2500000, 0x00000000d2500000, 0x00000000d2600000|  0%| F|  |TAMS 0x00000000d2500000, 0x00000000d2500000| Untracked 
| 294|0x00000000d2600000, 0x00000000d2600000, 0x00000000d2700000|  0%| F|  |TAMS 0x00000000d2600000, 0x00000000d2600000| Untracked 
| 295|0x00000000d2700000, 0x00000000d2700000, 0x00000000d2800000|  0%| F|  |TAMS 0x00000000d2700000, 0x00000000d2700000| Untracked 
| 296|0x00000000d2800000, 0x00000000d2800000, 0x00000000d2900000|  0%| F|  |TAMS 0x00000000d2800000, 0x00000000d2800000| Untracked 
| 297|0x00000000d2900000, 0x00000000d2900000, 0x00000000d2a00000|  0%| F|  |TAMS 0x00000000d2900000, 0x00000000d2900000| Untracked 
| 298|0x00000000d2a00000, 0x00000000d2a00000, 0x00000000d2b00000|  0%| F|  |TAMS 0x00000000d2a00000, 0x00000000d2a00000| Untracked 
| 299|0x00000000d2b00000, 0x00000000d2b00000, 0x00000000d2c00000|  0%| F|  |TAMS 0x00000000d2b00000, 0x00000000d2b00000| Untracked 
| 300|0x00000000d2c00000, 0x00000000d2c00000, 0x00000000d2d00000|  0%| F|  |TAMS 0x00000000d2c00000, 0x00000000d2c00000| Untracked 
| 301|0x00000000d2d00000, 0x00000000d2d00000, 0x00000000d2e00000|  0%| F|  |TAMS 0x00000000d2d00000, 0x00000000d2d00000| Untracked 
| 302|0x00000000d2e00000, 0x00000000d2e00000, 0x00000000d2f00000|  0%| F|  |TAMS 0x00000000d2e00000, 0x00000000d2e00000| Untracked 
| 303|0x00000000d2f00000, 0x00000000d2f00000, 0x00000000d3000000|  0%| F|  |TAMS 0x00000000d2f00000, 0x00000000d2f00000| Untracked 
| 304|0x00000000d3000000, 0x00000000d3000000, 0x00000000d3100000|  0%| F|  |TAMS 0x00000000d3000000, 0x00000000d3000000| Untracked 
| 305|0x00000000d3100000, 0x00000000d3100000, 0x00000000d3200000|  0%| F|  |TAMS 0x00000000d3100000, 0x00000000d3100000| Untracked 
| 306|0x00000000d3200000, 0x00000000d3200000, 0x00000000d3300000|  0%| F|  |TAMS 0x00000000d3200000, 0x00000000d3200000| Untracked 
| 307|0x00000000d3300000, 0x00000000d3300000, 0x00000000d3400000|  0%| F|  |TAMS 0x00000000d3300000, 0x00000000d3300000| Untracked 
| 308|0x00000000d3400000, 0x00000000d3400000, 0x00000000d3500000|  0%| F|  |TAMS 0x00000000d3400000, 0x00000000d3400000| Untracked 
| 309|0x00000000d3500000, 0x00000000d3500000, 0x00000000d3600000|  0%| F|  |TAMS 0x00000000d3500000, 0x00000000d3500000| Untracked 
| 310|0x00000000d3600000, 0x00000000d3600000, 0x00000000d3700000|  0%| F|  |TAMS 0x00000000d3600000, 0x00000000d3600000| Untracked 
| 311|0x00000000d3700000, 0x00000000d3700000, 0x00000000d3800000|  0%| F|  |TAMS 0x00000000d3700000, 0x00000000d3700000| Untracked 
| 312|0x00000000d3800000, 0x00000000d3800000, 0x00000000d3900000|  0%| F|  |TAMS 0x00000000d3800000, 0x00000000d3800000| Untracked 
| 313|0x00000000d3900000, 0x00000000d3900000, 0x00000000d3a00000|  0%| F|  |TAMS 0x00000000d3900000, 0x00000000d3900000| Untracked 
| 314|0x00000000d3a00000, 0x00000000d3a00000, 0x00000000d3b00000|  0%| F|  |TAMS 0x00000000d3a00000, 0x00000000d3a00000| Untracked 
| 315|0x00000000d3b00000, 0x00000000d3b00000, 0x00000000d3c00000|  0%| F|  |TAMS 0x00000000d3b00000, 0x00000000d3b00000| Untracked 
| 316|0x00000000d3c00000, 0x00000000d3c00000, 0x00000000d3d00000|  0%| F|  |TAMS 0x00000000d3c00000, 0x00000000d3c00000| Untracked 
| 317|0x00000000d3d00000, 0x00000000d3d00000, 0x00000000d3e00000|  0%| F|  |TAMS 0x00000000d3d00000, 0x00000000d3d00000| Untracked 
| 318|0x00000000d3e00000, 0x00000000d3e00000, 0x00000000d3f00000|  0%| F|  |TAMS 0x00000000d3e00000, 0x00000000d3e00000| Untracked 
| 319|0x00000000d3f00000, 0x00000000d3f00000, 0x00000000d4000000|  0%| F|  |TAMS 0x00000000d3f00000, 0x00000000d3f00000| Untracked 
| 320|0x00000000d4000000, 0x00000000d4000000, 0x00000000d4100000|  0%| F|  |TAMS 0x00000000d4000000, 0x00000000d4000000| Untracked 
| 321|0x00000000d4100000, 0x00000000d4100000, 0x00000000d4200000|  0%| F|  |TAMS 0x00000000d4100000, 0x00000000d4100000| Untracked 
| 322|0x00000000d4200000, 0x00000000d4200000, 0x00000000d4300000|  0%| F|  |TAMS 0x00000000d4200000, 0x00000000d4200000| Untracked 
| 323|0x00000000d4300000, 0x00000000d4300000, 0x00000000d4400000|  0%| F|  |TAMS 0x00000000d4300000, 0x00000000d4300000| Untracked 
| 324|0x00000000d4400000, 0x00000000d4400000, 0x00000000d4500000|  0%| F|  |TAMS 0x00000000d4400000, 0x00000000d4400000| Untracked 
| 325|0x00000000d4500000, 0x00000000d4500000, 0x00000000d4600000|  0%| F|  |TAMS 0x00000000d4500000, 0x00000000d4500000| Untracked 
| 326|0x00000000d4600000, 0x00000000d4600000, 0x00000000d4700000|  0%| F|  |TAMS 0x00000000d4600000, 0x00000000d4600000| Untracked 
| 327|0x00000000d4700000, 0x00000000d4700000, 0x00000000d4800000|  0%| F|  |TAMS 0x00000000d4700000, 0x00000000d4700000| Untracked 
| 328|0x00000000d4800000, 0x00000000d4800000, 0x00000000d4900000|  0%| F|  |TAMS 0x00000000d4800000, 0x00000000d4800000| Untracked 
| 329|0x00000000d4900000, 0x00000000d4900000, 0x00000000d4a00000|  0%| F|  |TAMS 0x00000000d4900000, 0x00000000d4900000| Untracked 
| 330|0x00000000d4a00000, 0x00000000d4a00000, 0x00000000d4b00000|  0%| F|  |TAMS 0x00000000d4a00000, 0x00000000d4a00000| Untracked 
| 331|0x00000000d4b00000, 0x00000000d4b00000, 0x00000000d4c00000|  0%| F|  |TAMS 0x00000000d4b00000, 0x00000000d4b00000| Untracked 
| 332|0x00000000d4c00000, 0x00000000d4c00000, 0x00000000d4d00000|  0%| F|  |TAMS 0x00000000d4c00000, 0x00000000d4c00000| Untracked 
| 333|0x00000000d4d00000, 0x00000000d4e00000, 0x00000000d4e00000|100%| E|  |TAMS 0x00000000d4d00000, 0x00000000d4d00000| Complete 
| 334|0x00000000d4e00000, 0x00000000d4f00000, 0x00000000d4f00000|100%| E|CS|TAMS 0x00000000d4e00000, 0x00000000d4e00000| Complete 
| 335|0x00000000d4f00000, 0x00000000d5000000, 0x00000000d5000000|100%| E|CS|TAMS 0x00000000d4f00000, 0x00000000d4f00000| Complete 
| 336|0x00000000d5000000, 0x00000000d5100000, 0x00000000d5100000|100%| E|CS|TAMS 0x00000000d5000000, 0x00000000d5000000| Complete 
| 337|0x00000000d5100000, 0x00000000d5200000, 0x00000000d5200000|100%| E|CS|TAMS 0x00000000d5100000, 0x00000000d5100000| Complete 
| 338|0x00000000d5200000, 0x00000000d5300000, 0x00000000d5300000|100%| E|CS|TAMS 0x00000000d5200000, 0x00000000d5200000| Complete 
| 339|0x00000000d5300000, 0x00000000d5400000, 0x00000000d5400000|100%| E|CS|TAMS 0x00000000d5300000, 0x00000000d5300000| Complete 

Card table byte_map: [0x0000017ce0fe0000,0x0000017ce11e0000] _byte_map_base: 0x0000017ce09e0000

Marking Bits (Prev, Next): (CMBitMap*) 0x0000017cc96f0448, (CMBitMap*) 0x0000017cc96f0480
 Prev Bits: [0x0000017ce13e0000, 0x0000017ce23e0000)
 Next Bits: [0x0000017ce23e0000, 0x0000017ce33e0000)

Polling page: 0x0000017cc7630000

Metaspace:

Usage:
  Non-class:     17.00 MB capacity,    16.77 MB ( 99%) used,   187.41 KB (  1%) free+waste,    55.50 KB ( <1%) overhead. 
      Class:      2.34 MB capacity,     2.13 MB ( 91%) used,   185.56 KB (  8%) free+waste,    28.38 KB (  1%) overhead. 
       Both:     19.34 MB capacity,    18.90 MB ( 98%) used,   372.97 KB (  2%) free+waste,    83.88 KB ( <1%) overhead. 

Virtual space:
  Non-class space:       18.00 MB reserved,      17.25 MB ( 96%) committed 
      Class space:        1.00 GB reserved,       2.38 MB ( <1%) committed 
             Both:        1.02 GB reserved,      19.63 MB (  2%) committed 

Chunk freelists:
   Non-Class:  60.00 KB
       Class:  5.00 KB
        Both:  65.00 KB

MaxMetaspaceSize: 17179869184.00 GB
CompressedClassSpaceSize: 1.00 GB
Initial GC threshold: 20.80 MB
Current GC threshold: 20.80 MB
CDS: off

CodeHeap 'non-profiled nmethods': size=120064Kb used=1193Kb max_used=1193Kb free=118870Kb
 bounds [0x0000017cd98a0000, 0x0000017cd9b10000, 0x0000017ce0de0000]
CodeHeap 'profiled nmethods': size=120000Kb used=6411Kb max_used=6411Kb free=113588Kb
 bounds [0x0000017cd2370000, 0x0000017cd29c0000, 0x0000017cd98a0000]
CodeHeap 'non-nmethods': size=5696Kb used=1154Kb max_used=1194Kb free=4541Kb
 bounds [0x0000017cd1de0000, 0x0000017cd2050000, 0x0000017cd2370000]
 total_blobs=3492 nmethods=3094 adapters=310
 compilation: enabled
              stopped_count=0, restarted_count=0
 full_count=0

Compilation events (20 events):
Event: 3.303 Thread 0x0000017ce58eb800 2701       2       java.util.TreeMap::successor (66 bytes)
Event: 3.304 Thread 0x0000017ce58eb800 nmethod 2701 0x0000017cd28e4790 code [0x0000017cd28e4940, 0x0000017cd28e4b38]
Event: 3.304 Thread 0x0000017ce58eb800 2698       2       java.util.TreeMap$PrivateEntryIterator::hasNext (13 bytes)
Event: 3.304 Thread 0x0000017ce58eb800 nmethod 2698 0x0000017cd28e4c90 code [0x0000017cd28e4e40, 0x0000017cd28e4f58]
Event: 3.304 Thread 0x0000017ce58eb800 2693       1       com.android.tools.r8.ir.regalloc.c::b (5 bytes)
Event: 3.304 Thread 0x0000017ce58eb800 nmethod 2693 0x0000017cd99b7590 code [0x0000017cd99b7740, 0x0000017cd99b77f8]
Event: 3.304 Thread 0x0000017ce58eb800 2702       2       java.util.TreeMap$KeyIterator::next (8 bytes)
Event: 3.304 Thread 0x0000017ce58eb800 nmethod 2702 0x0000017cd28e5010 code [0x0000017cd28e51c0, 0x0000017cd28e52c8]
Event: 3.304 Thread 0x0000017ce58eb800 2703       2       java.util.TreeMap$PrivateEntryIterator::nextEntry (54 bytes)
Event: 3.304 Thread 0x0000017ce58eb800 nmethod 2703 0x0000017cd28e5390 code [0x0000017cd28e5580, 0x0000017cd28e58e8]
Event: 3.304 Thread 0x0000017ce58eb800 2696       2       com.android.tools.r8.ir.regalloc.b::u (28 bytes)
Event: 3.304 Thread 0x0000017ce58eb800 nmethod 2696 0x0000017cd28e5a90 code [0x0000017cd28e5c40, 0x0000017cd28e5d78]
Event: 3.304 Thread 0x0000017ce58eb800 2695       2       com.android.tools.r8.ir.regalloc.b::j (39 bytes)
Event: 3.304 Thread 0x0000017ce58eb800 nmethod 2695 0x0000017cd28e5e10 code [0x0000017cd28e5fc0, 0x0000017cd28e60b8]
Event: 3.304 Thread 0x0000017ce58eb800 2699       1       java.util.TreeMap::size (5 bytes)
Event: 3.304 Thread 0x0000017ce58eb800 nmethod 2699 0x0000017cd99b7890 code [0x0000017cd99b7a40, 0x0000017cd99b7af8]
Event: 3.304 Thread 0x0000017ce58eb800 2700       2       com.android.tools.r8.graph.h0::a (76 bytes)
Event: 3.305 Thread 0x0000017ce58eb800 nmethod 2700 0x0000017cd28e6190 code [0x0000017cd28e63c0, 0x0000017cd28e67a8]
Event: 3.305 Thread 0x0000017ce58eb800 2707       2       com.android.tools.r8.ir.regalloc.b::a (296 bytes)
Event: 3.306 Thread 0x0000017ce58eb800 nmethod 2707 0x0000017cd28e6b10 code [0x0000017cd28e6e20, 0x0000017cd28e7948]

GC Heap History (20 events):
Event: 0.395 GC heap before
{Heap before GC invocations=0 (full 0):
 garbage-first heap   total 131072K, used 13312K [0x00000000c0000000, 0x0000000100000000)
  region size 1024K, 14 young (14336K), 0 survivors (0K)
 Metaspace       used 8516K, capacity 8569K, committed 8832K, reserved 1056768K
  class space    used 770K, capacity 790K, committed 896K, reserved 1048576K
}
Event: 0.399 GC heap after
{Heap after GC invocations=1 (full 0):
 garbage-first heap   total 131072K, used 3522K [0x00000000c0000000, 0x0000000100000000)
  region size 1024K, 2 young (2048K), 2 survivors (2048K)
 Metaspace       used 8516K, capacity 8569K, committed 8832K, reserved 1056768K
  class space    used 770K, capacity 790K, committed 896K, reserved 1048576K
}
Event: 0.671 GC heap before
{Heap before GC invocations=1 (full 0):
 garbage-first heap   total 131072K, used 36290K [0x00000000c0000000, 0x0000000100000000)
  region size 1024K, 32 young (32768K), 2 survivors (2048K)
 Metaspace       used 10881K, capacity 11012K, committed 11136K, reserved 1058816K
  class space    used 1052K, capacity 1116K, committed 1152K, reserved 1048576K
}
Event: 0.677 GC heap after
{Heap after GC invocations=2 (full 0):
 garbage-first heap   total 131072K, used 11015K [0x00000000c0000000, 0x0000000100000000)
  region size 1024K, 4 young (4096K), 4 survivors (4096K)
 Metaspace       used 10881K, capacity 11012K, committed 11136K, reserved 1058816K
  class space    used 1052K, capacity 1116K, committed 1152K, reserved 1048576K
}
Event: 0.757 GC heap before
{Heap before GC invocations=2 (full 0):
 garbage-first heap   total 131072K, used 42759K [0x00000000c0000000, 0x0000000100000000)
  region size 1024K, 35 young (35840K), 4 survivors (4096K)
 Metaspace       used 10883K, capacity 11012K, committed 11136K, reserved 1058816K
  class space    used 1052K, capacity 1116K, committed 1152K, reserved 1048576K
}
Event: 0.766 GC heap after
{Heap after GC invocations=3 (full 0):
 garbage-first heap   total 131072K, used 17191K [0x00000000c0000000, 0x0000000100000000)
  region size 1024K, 5 young (5120K), 5 survivors (5120K)
 Metaspace       used 10883K, capacity 11012K, committed 11136K, reserved 1058816K
  class space    used 1052K, capacity 1116K, committed 1152K, reserved 1048576K
}
Event: 0.843 GC heap before
{Heap before GC invocations=3 (full 0):
 garbage-first heap   total 131072K, used 53031K [0x00000000c0000000, 0x0000000100000000)
  region size 1024K, 40 young (40960K), 5 survivors (5120K)
 Metaspace       used 10886K, capacity 11012K, committed 11136K, reserved 1058816K
  class space    used 1052K, capacity 1116K, committed 1152K, reserved 1048576K
}
Event: 0.850 GC heap after
{Heap after GC invocations=4 (full 0):
 garbage-first heap   total 131072K, used 24546K [0x00000000c0000000, 0x0000000100000000)
  region size 1024K, 5 young (5120K), 5 survivors (5120K)
 Metaspace       used 10886K, capacity 11012K, committed 11136K, reserved 1058816K
  class space    used 1052K, capacity 1116K, committed 1152K, reserved 1048576K
}
Event: 1.294 GC heap before
{Heap before GC invocations=4 (full 0):
 garbage-first heap   total 131072K, used 69602K [0x00000000c0000000, 0x0000000100000000)
  region size 1024K, 49 young (50176K), 5 survivors (5120K)
 Metaspace       used 12585K, capacity 12796K, committed 12928K, reserved 1060864K
  class space    used 1247K, capacity 1329K, committed 1408K, reserved 1048576K
}
Event: 1.324 GC heap after
{Heap after GC invocations=5 (full 0):
 garbage-first heap   total 157696K, used 37670K [0x00000000c0000000, 0x0000000100000000)
  region size 1024K, 7 young (7168K), 7 survivors (7168K)
 Metaspace       used 12585K, capacity 12796K, committed 12928K, reserved 1060864K
  class space    used 1247K, capacity 1329K, committed 1408K, reserved 1048576K
}
Event: 1.527 GC heap before
{Heap before GC invocations=5 (full 0):
 garbage-first heap   total 157696K, used 89894K [0x00000000c0000000, 0x0000000100000000)
  region size 1024K, 58 young (59392K), 7 survivors (7168K)
 Metaspace       used 12611K, capacity 12799K, committed 12928K, reserved 1060864K
  class space    used 1248K, capacity 1329K, committed 1408K, reserved 1048576K
}
Event: 1.595 GC heap after
{Heap after GC invocations=6 (full 0):
 garbage-first heap   total 157696K, used 51712K [0x00000000c0000000, 0x0000000100000000)
  region size 1024K, 8 young (8192K), 8 survivors (8192K)
 Metaspace       used 12611K, capacity 12799K, committed 12928K, reserved 1060864K
  class space    used 1248K, capacity 1329K, committed 1408K, reserved 1048576K
}
Event: 1.632 GC heap before
{Heap before GC invocations=6 (full 0):
 garbage-first heap   total 157696K, used 60928K [0x00000000c0000000, 0x0000000100000000)
  region size 1024K, 17 young (17408K), 8 survivors (8192K)
 Metaspace       used 12611K, capacity 12799K, committed 12928K, reserved 1060864K
  class space    used 1248K, capacity 1329K, committed 1408K, reserved 1048576K
}
Event: 1.659 GC heap after
{Heap after GC invocations=7 (full 0):
 garbage-first heap   total 157696K, used 54768K [0x00000000c0000000, 0x0000000100000000)
  region size 1024K, 3 young (3072K), 3 survivors (3072K)
 Metaspace       used 12611K, capacity 12799K, committed 12928K, reserved 1060864K
  class space    used 1248K, capacity 1329K, committed 1408K, reserved 1048576K
}
Event: 2.013 GC heap before
{Heap before GC invocations=7 (full 0):
 garbage-first heap   total 157696K, used 89584K [0x00000000c0000000, 0x0000000100000000)
  region size 1024K, 38 young (38912K), 3 survivors (3072K)
 Metaspace       used 13735K, capacity 13917K, committed 14080K, reserved 1062912K
  class space    used 1393K, capacity 1488K, committed 1536K, reserved 1048576K
}
Event: 2.038 GC heap after
{Heap after GC invocations=8 (full 0):
 garbage-first heap   total 157696K, used 61952K [0x00000000c0000000, 0x0000000100000000)
  region size 1024K, 5 young (5120K), 5 survivors (5120K)
 Metaspace       used 13735K, capacity 13917K, committed 14080K, reserved 1062912K
  class space    used 1393K, capacity 1488K, committed 1536K, reserved 1048576K
}
Event: 2.250 GC heap before
{Heap before GC invocations=8 (full 0):
 garbage-first heap   total 157696K, used 99840K [0x00000000c0000000, 0x0000000100000000)
  region size 1024K, 42 young (43008K), 5 survivors (5120K)
 Metaspace       used 13803K, capacity 13983K, committed 14080K, reserved 1062912K
  class space    used 1396K, capacity 1488K, committed 1536K, reserved 1048576K
}
Event: 2.283 GC heap after
{Heap after GC invocations=9 (full 0):
 garbage-first heap   total 348160K, used 69632K [0x00000000c0000000, 0x0000000100000000)
  region size 1024K, 6 young (6144K), 6 survivors (6144K)
 Metaspace       used 13803K, capacity 13983K, committed 14080K, reserved 1062912K
  class space    used 1396K, capacity 1488K, committed 1536K, reserved 1048576K
}
Event: 2.510 GC heap before
{Heap before GC invocations=9 (full 0):
 garbage-first heap   total 348160K, used 133120K [0x00000000c0000000, 0x0000000100000000)
  region size 1024K, 68 young (69632K), 6 survivors (6144K)
 Metaspace       used 13808K, capacity 13983K, committed 14080K, reserved 1062912K
  class space    used 1396K, capacity 1488K, committed 1536K, reserved 1048576K
}
Event: 2.550 GC heap after
{Heap after GC invocations=10 (full 0):
 garbage-first heap   total 348160K, used 81467K [0x00000000c0000000, 0x0000000100000000)
  region size 1024K, 9 young (9216K), 9 survivors (9216K)
 Metaspace       used 13808K, capacity 13983K, committed 14080K, reserved 1062912K
  class space    used 1396K, capacity 1488K, committed 1536K, reserved 1048576K
}

Deoptimization events (20 events):
Event: 3.047 Thread 0x0000017ce70bd000 DEOPT PACKING pc=0x0000017cd992c538 sp=0x00000029331fdd90
Event: 3.047 Thread 0x0000017ce70bd000 DEOPT UNPACKING pc=0x0000017cd1e2a1af sp=0x00000029331fdd38 mode 2
Event: 3.047 Thread 0x0000017ce70bd000 Uncommon trap: trap_request=0xffffffc6 fr.pc=0x0000017cd992c538 relative=0x0000000000000898
Event: 3.047 Thread 0x0000017ce70bd000 Uncommon trap: reason=bimorphic_or_optimized_type_check action=maybe_recompile pc=0x0000017cd992c538 method=com.android.tools.r8.s.a.a.a.s$a.hashCode()I @ 26 c2
Event: 3.047 Thread 0x0000017ce70bd000 DEOPT PACKING pc=0x0000017cd992c538 sp=0x00000029331fddb0
Event: 3.047 Thread 0x0000017ce70bd000 DEOPT UNPACKING pc=0x0000017cd1e2a1af sp=0x00000029331fdd58 mode 2
Event: 3.047 Thread 0x0000017ce70bd000 Uncommon trap: trap_request=0xffffffc6 fr.pc=0x0000017cd992c538 relative=0x0000000000000898
Event: 3.048 Thread 0x0000017ce70bd000 Uncommon trap: reason=bimorphic_or_optimized_type_check action=maybe_recompile pc=0x0000017cd992c538 method=com.android.tools.r8.s.a.a.a.s$a.hashCode()I @ 26 c2
Event: 3.048 Thread 0x0000017ce70bd000 DEOPT PACKING pc=0x0000017cd992c538 sp=0x00000029331fdd90
Event: 3.048 Thread 0x0000017ce70bd000 DEOPT UNPACKING pc=0x0000017cd1e2a1af sp=0x00000029331fdd38 mode 2
Event: 3.048 Thread 0x0000017ce70bd000 Uncommon trap: trap_request=0xffffff4d fr.pc=0x0000017cd98c0908 relative=0x0000000000000128
Event: 3.048 Thread 0x0000017ce70bd000 Uncommon trap: reason=unstable_if action=reinterpret pc=0x0000017cd98c0908 method=java.util.HashMap.getNode(ILjava/lang/Object;)Ljava/util/HashMap$Node; @ 62 c2
Event: 3.048 Thread 0x0000017ce70bd000 DEOPT PACKING pc=0x0000017cd98c0908 sp=0x00000029331fddc0
Event: 3.048 Thread 0x0000017ce70bd000 DEOPT UNPACKING pc=0x0000017cd1e2a1af sp=0x00000029331fdd30 mode 2
Event: 3.178 Thread 0x0000017ce70bc000 Uncommon trap: trap_request=0xffffff7e fr.pc=0x0000017cd9917d64 relative=0x0000000000000244
Event: 3.178 Thread 0x0000017ce70bc000 Uncommon trap: reason=predicate action=maybe_recompile pc=0x0000017cd9917d64 method=com.android.tools.r8.graph.q0.a([C)I @ 8 c2
Event: 3.178 Thread 0x0000017ce70bc000 DEOPT PACKING pc=0x0000017cd9917d64 sp=0x00000029330fe390
Event: 3.178 Thread 0x0000017ce70bc000 DEOPT UNPACKING pc=0x0000017cd1e2a1af sp=0x00000029330fe318 mode 2
Event: 3.289 Thread 0x0000017ce70bd000 DEOPT PACKING pc=0x0000017cd281b182 sp=0x00000029331fd5e0
Event: 3.289 Thread 0x0000017ce70bd000 DEOPT UNPACKING pc=0x0000017cd1e2a95e sp=0x00000029331fca48 mode 0

Classes redefined (0 events):
No events

Internal exceptions (20 events):
Event: 1.786 Thread 0x0000017cc96c3800 Exception <a 'java/lang/NoSuchMethodError'{0x00000000c861f5f0}: 'java.lang.Object java.lang.invoke.Invokers$Holder.linkToTargetMethod(java.lang.Object, java.lang.Object, java.lang.Object, java.lang.Object, java.lang.Object, java.lang.Object)'> (0x00000000c861f5f0) thrown at [./src/hotspot/share/interpreter/linkResolver.cpp, line 773]
Event: 1.809 Thread 0x0000017cc96c3800 Exception <a 'java/lang/IncompatibleClassChangeError'{0x00000000c86d4a50}: Found class java.lang.Object, but interface was expected> (0x00000000c86d4a50) thrown at [./src/hotspot/share/interpreter/linkResolver.cpp, line 839]
Event: 1.810 Thread 0x0000017cc96c3800 Exception <a 'java/lang/NoSuchMethodError'{0x00000000c86d9790}: 'java.lang.Object java.lang.invoke.DirectMethodHandle$Holder.invokeStatic(java.lang.Object, java.lang.Object, java.lang.Object, int)'> (0x00000000c86d9790) thrown at [./src/hotspot/share/interpreter/linkResolver.cpp, line 773]
Event: 1.811 Thread 0x0000017cc96c3800 Exception <a 'java/lang/NoSuchMethodError'{0x00000000c86e3090}: 'void java.lang.invoke.DirectMethodHandle$Holder.invokeStatic(java.lang.Object, java.lang.Object, java.lang.Object, java.lang.Object, java.lang.Object, java.lang.Object)'> (0x00000000c86e3090) thrown at [./src/hotspot/share/interpreter/linkResolver.cpp, line 773]
Event: 1.813 Thread 0x0000017cc96c3800 Exception <a 'java/lang/NoSuchMethodError'{0x00000000c86f0548}: 'java.lang.Object java.lang.invoke.Invokers$Holder.linkToTargetMethod(java.lang.Object, java.lang.Object, int, java.lang.Object)'> (0x00000000c86f0548) thrown at [./src/hotspot/share/interpreter/linkResolver.cpp, line 773]
Event: 2.765 Thread 0x0000017cc96c3800 Exception <a 'java/lang/NoSuchMethodError'{0x00000000d2431448}: 'void java.lang.invoke.DirectMethodHandle$Holder.invokeStaticInit(java.lang.Object, java.lang.Object, java.lang.Object, java.lang.Object, java.lang.Object)'> (0x00000000d2431448) thrown at [./src/hotspot/share/interpreter/linkResolver.cpp, line 773]
Event: 2.778 Thread 0x0000017cc96c3800 Exception <a 'java/lang/NoSuchMethodError'{0x00000000d247ec68}: 'java.lang.Object java.lang.invoke.DirectMethodHandle$Holder.invokeStaticInit(java.lang.Object, java.lang.Object, java.lang.Object)'> (0x00000000d247ec68) thrown at [./src/hotspot/share/interpreter/linkResolver.cpp, line 773]
Event: 2.802 Thread 0x0000017cc96c3800 Exception <a 'java/lang/NoSuchMethodError'{0x00000000d232d088}: 'java.lang.Object java.lang.invoke.DirectMethodHandle$Holder.invokeStatic(java.lang.Object, int, java.lang.Object, java.lang.Object)'> (0x00000000d232d088) thrown at [./src/hotspot/share/interpreter/linkResolver.cpp, line 773]
Event: 2.834 Thread 0x0000017ce70bd000 Exception <a 'java/lang/NoSuchMethodError'{0x00000000d282bc50}: 'java.lang.Object java.lang.invoke.Invokers$Holder.linkToTargetMethod(java.lang.Object, int, java.lang.Object)'> (0x00000000d282bc50) thrown at [./src/hotspot/share/interpreter/linkResolver.cpp, line 773]
Event: 2.834 Thread 0x0000017ce70bc000 Exception <a 'java/lang/NoSuchMethodError'{0x00000000d276e228}: 'java.lang.Object java.lang.invoke.Invokers$Holder.linkToTargetMethod(java.lang.Object, int, java.lang.Object)'> (0x00000000d276e228) thrown at [./src/hotspot/share/interpreter/linkResolver.cpp, line 773]
Event: 2.853 Thread 0x0000017ce70bc000 Exception <a 'java/lang/NoSuchMethodError'{0x00000000d22ee070}: 'int java.lang.invoke.DirectMethodHandle$Holder.invokeSpecial(java.lang.Object, java.lang.Object, java.lang.Object, java.lang.Object, java.lang.Object)'> (0x00000000d22ee070) thrown at [./src/hotspot/share/interpreter/linkResolver.cpp, line 773]
Event: 2.853 Thread 0x0000017ce70bd000 Exception <a 'java/lang/NoSuchMethodError'{0x00000000d2863c18}: 'int java.lang.invoke.DirectMethodHandle$Holder.invokeSpecial(java.lang.Object, java.lang.Object, java.lang.Object, java.lang.Object, java.lang.Object)'> (0x00000000d2863c18) thrown at [./src/hotspot/share/interpreter/linkResolver.cpp, line 773]
Event: 2.902 Thread 0x0000017ce70bd000 Exception <a 'java/lang/NoSuchMethodError'{0x00000000d2037350}: 'java.lang.Object java.lang.invoke.DirectMethodHandle$Holder.invokeVirtual(java.lang.Object, java.lang.Object, int, java.lang.Object)'> (0x00000000d2037350) thrown at [./src/hotspot/share/interpreter/linkResolver.cpp, line 773]
Event: 2.902 Thread 0x0000017ce70bc000 Exception <a 'java/lang/NoSuchMethodError'{0x00000000d209f168}: 'java.lang.Object java.lang.invoke.DirectMethodHandle$Holder.invokeVirtual(java.lang.Object, java.lang.Object, int, java.lang.Object)'> (0x00000000d209f168) thrown at [./src/hotspot/share/interpreter/linkResolver.cpp, line 773]
Event: 2.913 Thread 0x0000017ce70bd000 Exception <a 'java/lang/NoSuchMethodError'{0x00000000d204d650}: 'int java.lang.invoke.DirectMethodHandle$Holder.invokeStatic(java.lang.Object, java.lang.Object, java.lang.Object, java.lang.Object, java.lang.Object)'> (0x00000000d204d650) thrown at [./src/hotspot/share/interpreter/linkResolver.cpp, line 773]
Event: 2.913 Thread 0x0000017ce70bc000 Exception <a 'java/lang/NoSuchMethodError'{0x00000000d20c2c18}: 'int java.lang.invoke.DirectMethodHandle$Holder.invokeStatic(java.lang.Object, java.lang.Object, java.lang.Object, java.lang.Object, java.lang.Object)'> (0x00000000d20c2c18) thrown at [./src/hotspot/share/interpreter/linkResolver.cpp, line 773]
Event: 2.928 Thread 0x0000017ce70bc000 Exception <a 'java/lang/NoSuchMethodError'{0x00000000d20dd8d8}: 'void java.lang.invoke.DirectMethodHandle$Holder.invokeVirtual(java.lang.Object, java.lang.Object, int, java.lang.Object)'> (0x00000000d20dd8d8) thrown at [./src/hotspot/share/interpreter/linkResolver.cpp, line 773]
Event: 2.986 Thread 0x0000017ce70bd000 Exception <a 'java/lang/NoSuchMethodError'{0x00000000d1ede630}: 'void java.lang.invoke.DirectMethodHandle$Holder.invokeVirtual(java.lang.Object, java.lang.Object)'> (0x00000000d1ede630) thrown at [./src/hotspot/share/interpreter/linkResolver.cpp, line 773]
Event: 2.987 Thread 0x0000017ce70bc000 Exception <a 'java/lang/NoSuchMethodError'{0x00000000d1e41178}: 'void java.lang.invoke.DirectMethodHandle$Holder.invokeVirtual(java.lang.Object, java.lang.Object)'> (0x00000000d1e41178) thrown at [./src/hotspot/share/interpreter/linkResolver.cpp, line 773]
Event: 3.229 Thread 0x0000017ce70bd000 Exception <a 'java/lang/NoSuchMethodError'{0x00000000d16213f8}: 'java.lang.Object java.lang.invoke.DirectMethodHandle$Holder.invokeInterface(java.lang.Object, java.lang.Object, int)'> (0x00000000d16213f8) thrown at [./src/hotspot/share/interpreter/linkResolver.cpp, line 773]

Events (20 events):
Event: 3.261 loading class com/android/tools/r8/code/z
Event: 3.261 loading class com/android/tools/r8/code/z done
Event: 3.261 loading class com/android/tools/r8/code/B
Event: 3.261 loading class com/android/tools/r8/code/B done
Event: 3.262 loading class com/android/tools/r8/code/D
Event: 3.262 loading class com/android/tools/r8/code/D done
Event: 3.262 loading class com/android/tools/r8/code/x
Event: 3.262 loading class com/android/tools/r8/code/x done
Event: 3.272 loading class com/android/tools/r8/ir/conversion/K
Event: 3.272 loading class com/android/tools/r8/ir/conversion/K done
Event: 3.274 loading class com/android/tools/r8/ir/conversion/K
Event: 3.274 loading class com/android/tools/r8/ir/conversion/K done
Event: 3.280 loading class com/android/tools/r8/ir/conversion/K
Event: 3.280 loading class com/android/tools/r8/ir/conversion/K done
Event: 3.284 loading class com/android/tools/r8/s/a/a/b/R0
Event: 3.284 loading class com/android/tools/r8/s/a/a/b/R0 done
Event: 3.284 loading class com/android/tools/r8/s/a/a/b/Q0
Event: 3.284 loading class com/android/tools/r8/s/a/a/b/Q0 done
Event: 3.286 loading class com/android/tools/r8/graph/O$b$a
Event: 3.286 loading class com/android/tools/r8/graph/O$b$a done


Dynamic libraries:
0x00007ff6ef600000 - 0x00007ff6ef60d000 	C:\Program Files\Microsoft\jdk-11.0.12.7-hotspot\bin\java.exe
0x00007ff82e030000 - 0x00007ff82e225000 	C:\WINDOWS\SYSTEM32\ntdll.dll
0x00007ff82c820000 - 0x00007ff82c8dd000 	C:\WINDOWS\System32\KERNEL32.DLL
0x00007ff82bcf0000 - 0x00007ff82bfbd000 	C:\WINDOWS\System32\KERNELBASE.dll
0x00007ff82b8d0000 - 0x00007ff82b9d0000 	C:\WINDOWS\System32\ucrtbase.dll
0x00007ff81b090000 - 0x00007ff81b0a7000 	C:\Program Files\Microsoft\jdk-11.0.12.7-hotspot\bin\jli.dll
0x00007ff81b070000 - 0x00007ff81b085000 	C:\Program Files\Microsoft\jdk-11.0.12.7-hotspot\bin\VCRUNTIME140.dll
0x00007ff82c680000 - 0x00007ff82c820000 	C:\WINDOWS\System32\USER32.dll
0x00007ff82b7b0000 - 0x00007ff82b7d2000 	C:\WINDOWS\System32\win32u.dll
0x00007ff821fd0000 - 0x00007ff82226a000 	C:\WINDOWS\WinSxS\amd64_microsoft.windows.common-controls_6595b64144ccf1df_6.0.19041.1110_none_60b5254171f9507e\COMCTL32.dll
0x00007ff82c8e0000 - 0x00007ff82c90a000 	C:\WINDOWS\System32\GDI32.dll
0x00007ff82c5c0000 - 0x00007ff82c65e000 	C:\WINDOWS\System32\msvcrt.dll
0x00007ff82bb30000 - 0x00007ff82bc3b000 	C:\WINDOWS\System32\gdi32full.dll
0x00007ff82b7e0000 - 0x00007ff82b87d000 	C:\WINDOWS\System32\msvcp_win.dll
0x00007ff82d630000 - 0x00007ff82d660000 	C:\WINDOWS\System32\IMM32.DLL
0x00007ff808050000 - 0x00007ff8080eb000 	C:\Program Files\Microsoft\jdk-11.0.12.7-hotspot\bin\msvcp140.dll
0x00007fff95a50000 - 0x00007fff965b1000 	C:\Program Files\Microsoft\jdk-11.0.12.7-hotspot\bin\server\jvm.dll
0x00007ff82d660000 - 0x00007ff82d70e000 	C:\WINDOWS\System32\ADVAPI32.dll
0x00007ff82cae0000 - 0x00007ff82cb7c000 	C:\WINDOWS\System32\sechost.dll
0x00007ff82d480000 - 0x00007ff82d5a5000 	C:\WINDOWS\System32\RPCRT4.dll
0x00007ff82d710000 - 0x00007ff82d718000 	C:\WINDOWS\System32\PSAPI.DLL
0x00007ff8137d0000 - 0x00007ff8137d9000 	C:\WINDOWS\SYSTEM32\WSOCK32.dll
0x00007ff8273c0000 - 0x00007ff8273e7000 	C:\WINDOWS\SYSTEM32\WINMM.dll
0x00007ff82cda0000 - 0x00007ff82ce0b000 	C:\WINDOWS\System32\WS2_32.dll
0x00007ff822900000 - 0x00007ff82290a000 	C:\WINDOWS\SYSTEM32\VERSION.dll
0x00007ff829580000 - 0x00007ff829592000 	C:\WINDOWS\SYSTEM32\kernel.appcore.dll
0x00007ff8182b0000 - 0x00007ff8182c0000 	C:\Program Files\Microsoft\jdk-11.0.12.7-hotspot\bin\verify.dll
0x00007ff825e40000 - 0x00007ff826024000 	C:\WINDOWS\SYSTEM32\DBGHELP.DLL
0x00007ff825d80000 - 0x00007ff825dac000 	C:\WINDOWS\SYSTEM32\dbgcore.DLL
0x00007ff82bff0000 - 0x00007ff82c072000 	C:\WINDOWS\System32\bcryptPrimitives.dll
0x00007ff808020000 - 0x00007ff808048000 	C:\Program Files\Microsoft\jdk-11.0.12.7-hotspot\bin\java.dll
0x00007ff8182a0000 - 0x00007ff8182aa000 	C:\Program Files\Microsoft\jdk-11.0.12.7-hotspot\bin\jimage.dll
0x00007ff813860000 - 0x00007ff813877000 	C:\Program Files\Microsoft\jdk-11.0.12.7-hotspot\bin\zip.dll
0x00007ff82d720000 - 0x00007ff82de64000 	C:\WINDOWS\System32\SHELL32.dll
0x00007ff829860000 - 0x00007ff829ff4000 	C:\WINDOWS\SYSTEM32\windows.storage.dll
0x00007ff82c080000 - 0x00007ff82c3d4000 	C:\WINDOWS\System32\combase.dll
0x00007ff82b0d0000 - 0x00007ff82b0fc000 	C:\WINDOWS\SYSTEM32\Wldp.dll
0x00007ff82cee0000 - 0x00007ff82cf8d000 	C:\WINDOWS\System32\SHCORE.dll
0x00007ff82cb80000 - 0x00007ff82cbd5000 	C:\WINDOWS\System32\shlwapi.dll
0x00007ff82b680000 - 0x00007ff82b69f000 	C:\WINDOWS\SYSTEM32\profapi.dll
0x00007ff813800000 - 0x00007ff813819000 	C:\Program Files\Microsoft\jdk-11.0.12.7-hotspot\bin\net.dll
0x00007ff825c50000 - 0x00007ff825d5a000 	C:\WINDOWS\SYSTEM32\WINHTTP.dll
0x00007ff82ae30000 - 0x00007ff82ae9a000 	C:\WINDOWS\system32\mswsock.dll
0x00007ff80f4c0000 - 0x00007ff80f4d2000 	C:\Program Files\Microsoft\jdk-11.0.12.7-hotspot\bin\nio.dll

dbghelp: loaded successfully - version: 4.0.5 - missing functions: none
symbol engine: initialized successfully - sym options: 0x614 - pdb path: .;C:\Program Files\Microsoft\jdk-11.0.12.7-hotspot\bin;C:\WINDOWS\SYSTEM32;C:\WINDOWS\WinSxS\amd64_microsoft.windows.common-controls_6595b64144ccf1df_6.0.19041.1110_none_60b5254171f9507e;C:\Program Files\Microsoft\jdk-11.0.12.7-hotspot\bin\server

VM Arguments:
jvm_args: -Xmx1G 
java_command: com.android.tools.r8.D8 --debug --min-api 21 --output obj\Debug\120\android\bin\ --lib C:\Program Files (x86)\Android\android-sdk\platforms\android-31\android.jar obj\Debug\120\android\bin\classes.zip C:\Program Files\Microsoft Visual Studio\2022\Community\Common7\IDE\ReferenceAssemblies\Microsoft\Framework\MonoAndroid\v12.0\mono.android.jar C:\Program Files\Microsoft Visual Studio\2022\Community\MSBuild\Xamarin\Android\java_runtime_fastdev.jar C:\Users\rafam\.nuget\packages\xamarin.google.guava.listenablefuture\1.0.0.2\buildTransitive\monoandroid50\guava-listenablefuture.jar C:\Users\rafam\.nuget\packages\xamarin.androidx.annotation\1.2.0.1\buildTransitive\monoandroid90\..\..\jar\androidx.annotation.annotation.jar C:\Users\rafam\.nuget\packages\xamarin.androidx.collection\1.1.0.8\buildTransitive\monoandroid90\..\..\jar\androidx.collection.collection.jar C:\Users\rafam\.nuget\packages\xamarin.androidx.lifecycle.common\2.3.1.1\buildTransitive\monoandroid90\..\..\jar\androidx.lifecycle.lifecycle-common.jar C:\Users\rafam\.nuget\packages\xamarin.androidx.arch.core.common\2.1.0.9\buildTransitive\monoandroid90\..\..\jar\androidx.arch.core.core-common.jar C:\Users\rafam\.nuget\packages\xamarin.androidx.constraintlayout.core\1.0.0\buildTransitive\monoandroid90\..\..\jar\androidx.constraintlayout.constraintlayout-core.jar C:\Users\rafam\.nuget\packages\xamarin.androidx.concurrent.futures\1.1.0.3\buildTransitive\monoandroid90\..\..\jar\androidx.concurrent.concurrent-futures.jar obj\Debug\120\lp\0\jl\formsviewgroup.jar obj\Debug\120\lp\100\jl\classes.jar obj\Debug\120\lp\101\jl\classes.jar obj\Debug\120\lp\102\jl\classes.jar obj\Debug\120\lp\104\jl\classes.jar obj\Debug\120\lp\59\jl\classes.jar obj\Debug\120\lp\60\jl\classes.jar obj\Debug\120\lp\61\jl\classes.jar obj\Debug\120\lp\62\jl\classes.jar obj\Debug\120\lp\63\jl\classes.jar obj\Debug\120\lp\64\jl\classes.jar obj\Debug\120\lp\65\jl\classes.jar obj\Debug\120\lp\66\jl\classes.jar obj\Debug\120\lp\67\jl\cl
java_class_path (initial): C:\Program Files\Microsoft Visual Studio\2022\Community\MSBuild\Xamarin\Android\r8.jar
Launcher Type: SUN_STANDARD

[Global flags]
     intx CICompilerCount                          = 3                                         {product} {ergonomic}
     uint ConcGCThreads                            = 1                                         {product} {ergonomic}
     uint G1ConcRefinementThreads                  = 4                                         {product} {ergonomic}
   size_t G1HeapRegionSize                         = 1048576                                   {product} {ergonomic}
    uintx GCDrainStackTargetSize                   = 64                                        {product} {ergonomic}
   size_t InitialHeapSize                          = 134217728                                 {product} {ergonomic}
   size_t MarkStackSize                            = 4194304                                   {product} {ergonomic}
   size_t MaxHeapSize                              = 1073741824                                {product} {command line}
   size_t MaxNewSize                               = 643825664                                 {product} {ergonomic}
   size_t MinHeapDeltaBytes                        = 1048576                                   {product} {ergonomic}
    uintx NonNMethodCodeHeapSize                   = 5830732                                {pd product} {ergonomic}
    uintx NonProfiledCodeHeapSize                  = 122913754                              {pd product} {ergonomic}
    uintx ProfiledCodeHeapSize                     = 122913754                              {pd product} {ergonomic}
    uintx ReservedCodeCacheSize                    = 251658240                              {pd product} {ergonomic}
     bool SegmentedCodeCache                       = true                                      {product} {ergonomic}
     bool UseCompressedClassPointers               = true                                 {lp64_product} {ergonomic}
     bool UseCompressedOops                        = true                                 {lp64_product} {ergonomic}
     bool UseG1GC                                  = true                                      {product} {ergonomic}
     bool UseLargePagesIndividualAllocation        = false                                  {pd product} {ergonomic}

Logging:
Log output configuration:
 #0: stdout all=warning uptime,level,tags
 #1: stderr all=off uptime,level,tags

Environment Variables:
PATH=C:\Program Files (x86)\Common Files\Oracle\Java\javapath;C:\Program Files\Microsoft\jdk-11.0.12.7-hotspot\bin;C:\Program Files (x86)\NVIDIA Corporation\PhysX\Common;C:\WINDOWS\system32;C:\WINDOWS;C:\WINDOWS\System32\Wbem;C:\WINDOWS\System32\WindowsPowerShell\v1.0\;C:\WINDOWS\System32\OpenSSH\;C:\Program Files\Azure Data Studio\bin;C:\Program Files\Microsoft SQL Server\Client SDK\ODBC\170\Tools\Binn\;C:\Program Files\dotnet\;C:\Program Files (x86)\Microsoft SQL Server\150\DTS\Binn\;C:\Program Files\Git\cmd;C:\Users\rafam\AppData\Local\Microsoft\WindowsApps;;C:\Users\rafam\AppData\Local\Programs\Microsoft VS Code\bin;C:\Program Files\Azure Data Studio\bin;C:\Users\rafam\.dotnet\tools
USERNAME=rafam
OS=Windows_NT
PROCESSOR_IDENTIFIER=Intel64 Family 6 Model 60 Stepping 3, GenuineIntel



---------------  S Y S T E M  ---------------

OS: Windows 10 , 64 bit Build 19041 (10.0.19041.1706)
OS uptime: 7 days 16:56 hours

CPU:total 4 (initial active 4) (2 cores per cpu, 2 threads per core) family 6 model 60 stepping 3 microcode 0x27, cmov, cx8, fxsr, mmx, sse, sse2, sse3, ssse3, sse4.1, sse4.2, popcnt, avx, avx2, aes, clmul, erms, lzcnt, ht, tsc, tscinvbit, bmi1, bmi2, fma

Memory: 4k page, system-wide physical 8134M (953M free)
TotalPageFile size 8134M (AvailPageFile size 7M)
current process WorkingSet (physical memory assigned to process): 365M, peak: 365M
current process commit charge ("private bytes"): 493M, peak: 494M

vm_info: OpenJDK 64-Bit Server VM (11.0.12+7) for windows-amd64 JRE (11.0.12+7), built on Jul 21 2021 15:41:43 by "" with unknown MS VC++:1916

END.
