#
# There is insufficient memory for the Java Runtime Environment to continue.
# Native memory allocation (malloc) failed to allocate 599056 bytes for Chunk::new
# Possible reasons:
#   The system is out of physical RAM or swap space
#   The process is running with CompressedOops enabled, and the Java Heap may be blocking the growth of the native heap
# Possible solutions:
#   Reduce memory load on the system
#   Increase physical memory or swap space
#   Check if swap backing store is full
#   Decrease Java heap size (-Xmx/-Xms)
#   Decrease number of Java threads
#   Decrease Java thread stack sizes (-Xss)
#   Set larger code cache with -XX:ReservedCodeCacheSize=
#   JVM is running with Unscaled Compressed Oops mode in which the Java heap is
#     placed in the first 4GB address space. The Java Heap base address is the
#     maximum limit for the native heap growth. Please use -XX:HeapBaseMinAddress
#     to set the Java Heap base and to place the Java Heap above 4GB virtual address.
# This output file may be truncated or incomplete.
#
#  Out of Memory Error (./src/hotspot/share/memory/arena.cpp:197), pid=9972, tid=6132
#
# JRE version: OpenJDK Runtime Environment Microsoft-25199 (11.0.12+7) (build 11.0.12+7)
# Java VM: OpenJDK 64-Bit Server VM Microsoft-25199 (11.0.12+7, mixed mode, tiered, compressed oops, g1 gc, windows-amd64)
# No core dump will be written. Minidumps are not enabled by default on client versions of Windows
#

---------------  S U M M A R Y ------------

Command Line: C:\Program Files\Microsoft Visual Studio\2022\Community\MSBuild\Xamarin\Android\apksigner.jar sign --ks C:\Users\rafam\AppData\Local\Xamarin\Mono for Android\debug.keystore --ks-pass pass:android --ks-key-alias androiddebugkey --key-pass pass:android --min-sdk-version 21 --max-sdk-version 31 bin\Debug\com.companyname.security_map-Signed.apk

Host: Intel(R) Core(TM) i3-4150 CPU @ 3.50GHz, 4 cores, 7G,  Windows 10 , 64 bit Build 19041 (10.0.19041.1706)
Time: Thu May 19 15:59:53 2022 Hora oficial do Brasil elapsed time: 1.489185 seconds (0d 0h 0m 1s)

---------------  T H R E A D  ---------------

Current thread (0x0000024d137dd000):  JavaThread "C2 CompilerThread0" daemon [_thread_in_native, id=6132, stack(0x00000098de400000,0x00000098de500000)]


Current CompileTask:
C2:   1489  462 % !   4       com.sun.crypto.provider.PBKDF2KeyImpl::deriveKey @ 191 (295 bytes)

Stack: [0x00000098de400000,0x00000098de500000]
Native frames: (J=compiled Java code, j=interpreted, Vv=VM code, C=native code)
V  [jvm.dll+0x6090fa]
V  [jvm.dll+0x79229e]
V  [jvm.dll+0x79396f]
V  [jvm.dll+0x794033]
V  [jvm.dll+0x24bed8]
V  [jvm.dll+0xc219c]
V  [jvm.dll+0xc275c]
V  [jvm.dll+0x2bde94]
V  [jvm.dll+0x5132e9]
V  [jvm.dll+0x20d75d]
V  [jvm.dll+0x2076a4]
V  [jvm.dll+0x20464a]
V  [jvm.dll+0x18996c]
V  [jvm.dll+0x213dd7]
V  [jvm.dll+0x211f9b]
V  [jvm.dll+0x7563a9]
V  [jvm.dll+0x74f414]
V  [jvm.dll+0x607f56]
C  [ucrtbase.dll+0x21bb2]
C  [KERNEL32.DLL+0x17034]
C  [ntdll.dll+0x52651]


---------------  P R O C E S S  ---------------

Threads class SMR info:
_java_thread_list=0x0000024d13bb9e90, length=11, elements={
0x0000024d725bb000, 0x0000024d7fd4c800, 0x0000024d7fd55800, 0x0000024d1382e800,
0x0000024d137d5800, 0x0000024d137d6800, 0x0000024d137dd000, 0x0000024d137e1000,
0x0000024d13838000, 0x0000024d139cd800, 0x0000024d13b47800
}

Java Threads: ( => current thread )
  0x0000024d725bb000 JavaThread "main" [_thread_in_Java, id=13032, stack(0x00000098dd800000,0x00000098dd900000)]
  0x0000024d7fd4c800 JavaThread "Reference Handler" daemon [_thread_blocked, id=11936, stack(0x00000098ddf00000,0x00000098de000000)]
  0x0000024d7fd55800 JavaThread "Finalizer" daemon [_thread_blocked, id=12060, stack(0x00000098de000000,0x00000098de100000)]
  0x0000024d1382e800 JavaThread "Signal Dispatcher" daemon [_thread_blocked, id=10040, stack(0x00000098de100000,0x00000098de200000)]
  0x0000024d137d5800 JavaThread "Attach Listener" daemon [_thread_blocked, id=8564, stack(0x00000098de200000,0x00000098de300000)]
  0x0000024d137d6800 JavaThread "Service Thread" daemon [_thread_blocked, id=4728, stack(0x00000098de300000,0x00000098de400000)]
=>0x0000024d137dd000 JavaThread "C2 CompilerThread0" daemon [_thread_in_native, id=6132, stack(0x00000098de400000,0x00000098de500000)]
  0x0000024d137e1000 JavaThread "C1 CompilerThread0" daemon [_thread_blocked, id=11224, stack(0x00000098de500000,0x00000098de600000)]
  0x0000024d13838000 JavaThread "Sweeper thread" daemon [_thread_blocked, id=1260, stack(0x00000098de600000,0x00000098de700000)]
  0x0000024d139cd800 JavaThread "Common-Cleaner" daemon [_thread_blocked, id=11848, stack(0x00000098de800000,0x00000098de900000)]
  0x0000024d13b47800 JavaThread "C2 CompilerThread1" daemon [_thread_in_native, id=7436, stack(0x00000098de900000,0x00000098dea00000)]

Other Threads:
  0x0000024d7fd28800 VMThread "VM Thread" [stack: 0x00000098dde00000,0x00000098ddf00000] [id=5804]
  0x0000024d139cc800 WatcherThread [stack: 0x00000098de700000,0x00000098de800000] [id=6364]
  0x0000024d725d4000 GCTaskThread "GC Thread#0" [stack: 0x00000098dd900000,0x00000098dda00000] [id=980]
  0x0000024d72605000 ConcurrentGCThread "G1 Main Marker" [stack: 0x00000098dda00000,0x00000098ddb00000] [id=7372]
  0x0000024d72607800 ConcurrentGCThread "G1 Conc#0" [stack: 0x00000098ddb00000,0x00000098ddc00000] [id=13008]
  0x0000024d7fb8e800 ConcurrentGCThread "G1 Refine#0" [stack: 0x00000098ddc00000,0x00000098ddd00000] [id=10340]
  0x0000024d7fb90800 ConcurrentGCThread "G1 Young RemSet Sampling" [stack: 0x00000098ddd00000,0x00000098dde00000] [id=2964]

Threads with active compile tasks:
C2 CompilerThread0   1569  462 % !   4       com.sun.crypto.provider.PBKDF2KeyImpl::deriveKey @ 191 (295 bytes)
C2 CompilerThread1   1569  499       4       java.security.MessageDigest$Delegate::engineUpdate (11 bytes)

VM state:not at safepoint (normal execution)

VM Mutex/Monitor currently owned by a thread: None

Heap address: 0x0000000080e00000, size: 2034 MB, Compressed Oops mode: 32-bit
Narrow klass base: 0x0000000000000000, Narrow klass shift: 3
Compressed class space size: 1073741824 Address: 0x0000000100000000

Heap:
 garbage-first heap   total 131072K, used 7168K [0x0000000080e00000, 0x0000000100000000)
  region size 1024K, 8 young (8192K), 0 survivors (0K)
 Metaspace       used 9576K, capacity 9790K, committed 9984K, reserved 1058816K
  class space    used 878K, capacity 944K, committed 1024K, reserved 1048576K
Heap Regions: E=young(eden), S=young(survivor), O=old, HS=humongous(starts), HC=humongous(continues), CS=collection set, F=free, A=archive, TAMS=top-at-mark-start (previous, next)
|   0|0x0000000080e00000, 0x0000000080e00000, 0x0000000080f00000|  0%| F|  |TAMS 0x0000000080e00000, 0x0000000080e00000| Untracked 
|   1|0x0000000080f00000, 0x0000000080f00000, 0x0000000081000000|  0%| F|  |TAMS 0x0000000080f00000, 0x0000000080f00000| Untracked 
|   2|0x0000000081000000, 0x0000000081000000, 0x0000000081100000|  0%| F|  |TAMS 0x0000000081000000, 0x0000000081000000| Untracked 
|   3|0x0000000081100000, 0x0000000081100000, 0x0000000081200000|  0%| F|  |TAMS 0x0000000081100000, 0x0000000081100000| Untracked 
|   4|0x0000000081200000, 0x0000000081200000, 0x0000000081300000|  0%| F|  |TAMS 0x0000000081200000, 0x0000000081200000| Untracked 
|   5|0x0000000081300000, 0x0000000081300000, 0x0000000081400000|  0%| F|  |TAMS 0x0000000081300000, 0x0000000081300000| Untracked 
|   6|0x0000000081400000, 0x0000000081400000, 0x0000000081500000|  0%| F|  |TAMS 0x0000000081400000, 0x0000000081400000| Untracked 
|   7|0x0000000081500000, 0x0000000081500000, 0x0000000081600000|  0%| F|  |TAMS 0x0000000081500000, 0x0000000081500000| Untracked 
|   8|0x0000000081600000, 0x0000000081600000, 0x0000000081700000|  0%| F|  |TAMS 0x0000000081600000, 0x0000000081600000| Untracked 
|   9|0x0000000081700000, 0x0000000081700000, 0x0000000081800000|  0%| F|  |TAMS 0x0000000081700000, 0x0000000081700000| Untracked 
|  10|0x0000000081800000, 0x0000000081800000, 0x0000000081900000|  0%| F|  |TAMS 0x0000000081800000, 0x0000000081800000| Untracked 
|  11|0x0000000081900000, 0x0000000081900000, 0x0000000081a00000|  0%| F|  |TAMS 0x0000000081900000, 0x0000000081900000| Untracked 
|  12|0x0000000081a00000, 0x0000000081a00000, 0x0000000081b00000|  0%| F|  |TAMS 0x0000000081a00000, 0x0000000081a00000| Untracked 
|  13|0x0000000081b00000, 0x0000000081b00000, 0x0000000081c00000|  0%| F|  |TAMS 0x0000000081b00000, 0x0000000081b00000| Untracked 
|  14|0x0000000081c00000, 0x0000000081c00000, 0x0000000081d00000|  0%| F|  |TAMS 0x0000000081c00000, 0x0000000081c00000| Untracked 
|  15|0x0000000081d00000, 0x0000000081d00000, 0x0000000081e00000|  0%| F|  |TAMS 0x0000000081d00000, 0x0000000081d00000| Untracked 
|  16|0x0000000081e00000, 0x0000000081e00000, 0x0000000081f00000|  0%| F|  |TAMS 0x0000000081e00000, 0x0000000081e00000| Untracked 
|  17|0x0000000081f00000, 0x0000000081f00000, 0x0000000082000000|  0%| F|  |TAMS 0x0000000081f00000, 0x0000000081f00000| Untracked 
|  18|0x0000000082000000, 0x0000000082000000, 0x0000000082100000|  0%| F|  |TAMS 0x0000000082000000, 0x0000000082000000| Untracked 
|  19|0x0000000082100000, 0x0000000082100000, 0x0000000082200000|  0%| F|  |TAMS 0x0000000082100000, 0x0000000082100000| Untracked 
|  20|0x0000000082200000, 0x0000000082200000, 0x0000000082300000|  0%| F|  |TAMS 0x0000000082200000, 0x0000000082200000| Untracked 
|  21|0x0000000082300000, 0x0000000082300000, 0x0000000082400000|  0%| F|  |TAMS 0x0000000082300000, 0x0000000082300000| Untracked 
|  22|0x0000000082400000, 0x0000000082400000, 0x0000000082500000|  0%| F|  |TAMS 0x0000000082400000, 0x0000000082400000| Untracked 
|  23|0x0000000082500000, 0x0000000082500000, 0x0000000082600000|  0%| F|  |TAMS 0x0000000082500000, 0x0000000082500000| Untracked 
|  24|0x0000000082600000, 0x0000000082600000, 0x0000000082700000|  0%| F|  |TAMS 0x0000000082600000, 0x0000000082600000| Untracked 
|  25|0x0000000082700000, 0x0000000082700000, 0x0000000082800000|  0%| F|  |TAMS 0x0000000082700000, 0x0000000082700000| Untracked 
|  26|0x0000000082800000, 0x0000000082800000, 0x0000000082900000|  0%| F|  |TAMS 0x0000000082800000, 0x0000000082800000| Untracked 
|  27|0x0000000082900000, 0x0000000082900000, 0x0000000082a00000|  0%| F|  |TAMS 0x0000000082900000, 0x0000000082900000| Untracked 
|  28|0x0000000082a00000, 0x0000000082a00000, 0x0000000082b00000|  0%| F|  |TAMS 0x0000000082a00000, 0x0000000082a00000| Untracked 
|  29|0x0000000082b00000, 0x0000000082b00000, 0x0000000082c00000|  0%| F|  |TAMS 0x0000000082b00000, 0x0000000082b00000| Untracked 
|  30|0x0000000082c00000, 0x0000000082c00000, 0x0000000082d00000|  0%| F|  |TAMS 0x0000000082c00000, 0x0000000082c00000| Untracked 
|  31|0x0000000082d00000, 0x0000000082d00000, 0x0000000082e00000|  0%| F|  |TAMS 0x0000000082d00000, 0x0000000082d00000| Untracked 
|  32|0x0000000082e00000, 0x0000000082e00000, 0x0000000082f00000|  0%| F|  |TAMS 0x0000000082e00000, 0x0000000082e00000| Untracked 
|  33|0x0000000082f00000, 0x0000000082f00000, 0x0000000083000000|  0%| F|  |TAMS 0x0000000082f00000, 0x0000000082f00000| Untracked 
|  34|0x0000000083000000, 0x0000000083000000, 0x0000000083100000|  0%| F|  |TAMS 0x0000000083000000, 0x0000000083000000| Untracked 
|  35|0x0000000083100000, 0x0000000083100000, 0x0000000083200000|  0%| F|  |TAMS 0x0000000083100000, 0x0000000083100000| Untracked 
|  36|0x0000000083200000, 0x0000000083200000, 0x0000000083300000|  0%| F|  |TAMS 0x0000000083200000, 0x0000000083200000| Untracked 
|  37|0x0000000083300000, 0x0000000083300000, 0x0000000083400000|  0%| F|  |TAMS 0x0000000083300000, 0x0000000083300000| Untracked 
|  38|0x0000000083400000, 0x0000000083400000, 0x0000000083500000|  0%| F|  |TAMS 0x0000000083400000, 0x0000000083400000| Untracked 
|  39|0x0000000083500000, 0x0000000083500000, 0x0000000083600000|  0%| F|  |TAMS 0x0000000083500000, 0x0000000083500000| Untracked 
|  40|0x0000000083600000, 0x0000000083600000, 0x0000000083700000|  0%| F|  |TAMS 0x0000000083600000, 0x0000000083600000| Untracked 
|  41|0x0000000083700000, 0x0000000083700000, 0x0000000083800000|  0%| F|  |TAMS 0x0000000083700000, 0x0000000083700000| Untracked 
|  42|0x0000000083800000, 0x0000000083800000, 0x0000000083900000|  0%| F|  |TAMS 0x0000000083800000, 0x0000000083800000| Untracked 
|  43|0x0000000083900000, 0x0000000083900000, 0x0000000083a00000|  0%| F|  |TAMS 0x0000000083900000, 0x0000000083900000| Untracked 
|  44|0x0000000083a00000, 0x0000000083a00000, 0x0000000083b00000|  0%| F|  |TAMS 0x0000000083a00000, 0x0000000083a00000| Untracked 
|  45|0x0000000083b00000, 0x0000000083b00000, 0x0000000083c00000|  0%| F|  |TAMS 0x0000000083b00000, 0x0000000083b00000| Untracked 
|  46|0x0000000083c00000, 0x0000000083c00000, 0x0000000083d00000|  0%| F|  |TAMS 0x0000000083c00000, 0x0000000083c00000| Untracked 
|  47|0x0000000083d00000, 0x0000000083d00000, 0x0000000083e00000|  0%| F|  |TAMS 0x0000000083d00000, 0x0000000083d00000| Untracked 
|  48|0x0000000083e00000, 0x0000000083e00000, 0x0000000083f00000|  0%| F|  |TAMS 0x0000000083e00000, 0x0000000083e00000| Untracked 
|  49|0x0000000083f00000, 0x0000000083f00000, 0x0000000084000000|  0%| F|  |TAMS 0x0000000083f00000, 0x0000000083f00000| Untracked 
|  50|0x0000000084000000, 0x0000000084000000, 0x0000000084100000|  0%| F|  |TAMS 0x0000000084000000, 0x0000000084000000| Untracked 
|  51|0x0000000084100000, 0x0000000084100000, 0x0000000084200000|  0%| F|  |TAMS 0x0000000084100000, 0x0000000084100000| Untracked 
|  52|0x0000000084200000, 0x0000000084200000, 0x0000000084300000|  0%| F|  |TAMS 0x0000000084200000, 0x0000000084200000| Untracked 
|  53|0x0000000084300000, 0x0000000084300000, 0x0000000084400000|  0%| F|  |TAMS 0x0000000084300000, 0x0000000084300000| Untracked 
|  54|0x0000000084400000, 0x0000000084400000, 0x0000000084500000|  0%| F|  |TAMS 0x0000000084400000, 0x0000000084400000| Untracked 
|  55|0x0000000084500000, 0x0000000084500000, 0x0000000084600000|  0%| F|  |TAMS 0x0000000084500000, 0x0000000084500000| Untracked 
|  56|0x0000000084600000, 0x0000000084600000, 0x0000000084700000|  0%| F|  |TAMS 0x0000000084600000, 0x0000000084600000| Untracked 
|  57|0x0000000084700000, 0x0000000084700000, 0x0000000084800000|  0%| F|  |TAMS 0x0000000084700000, 0x0000000084700000| Untracked 
|  58|0x0000000084800000, 0x0000000084800000, 0x0000000084900000|  0%| F|  |TAMS 0x0000000084800000, 0x0000000084800000| Untracked 
|  59|0x0000000084900000, 0x0000000084900000, 0x0000000084a00000|  0%| F|  |TAMS 0x0000000084900000, 0x0000000084900000| Untracked 
|  60|0x0000000084a00000, 0x0000000084a00000, 0x0000000084b00000|  0%| F|  |TAMS 0x0000000084a00000, 0x0000000084a00000| Untracked 
|  61|0x0000000084b00000, 0x0000000084b00000, 0x0000000084c00000|  0%| F|  |TAMS 0x0000000084b00000, 0x0000000084b00000| Untracked 
|  62|0x0000000084c00000, 0x0000000084c00000, 0x0000000084d00000|  0%| F|  |TAMS 0x0000000084c00000, 0x0000000084c00000| Untracked 
|  63|0x0000000084d00000, 0x0000000084d00000, 0x0000000084e00000|  0%| F|  |TAMS 0x0000000084d00000, 0x0000000084d00000| Untracked 
|  64|0x0000000084e00000, 0x0000000084e00000, 0x0000000084f00000|  0%| F|  |TAMS 0x0000000084e00000, 0x0000000084e00000| Untracked 
|  65|0x0000000084f00000, 0x0000000084f00000, 0x0000000085000000|  0%| F|  |TAMS 0x0000000084f00000, 0x0000000084f00000| Untracked 
|  66|0x0000000085000000, 0x0000000085000000, 0x0000000085100000|  0%| F|  |TAMS 0x0000000085000000, 0x0000000085000000| Untracked 
|  67|0x0000000085100000, 0x0000000085100000, 0x0000000085200000|  0%| F|  |TAMS 0x0000000085100000, 0x0000000085100000| Untracked 
|  68|0x0000000085200000, 0x0000000085200000, 0x0000000085300000|  0%| F|  |TAMS 0x0000000085200000, 0x0000000085200000| Untracked 
|  69|0x0000000085300000, 0x0000000085300000, 0x0000000085400000|  0%| F|  |TAMS 0x0000000085300000, 0x0000000085300000| Untracked 
|  70|0x0000000085400000, 0x0000000085400000, 0x0000000085500000|  0%| F|  |TAMS 0x0000000085400000, 0x0000000085400000| Untracked 
|  71|0x0000000085500000, 0x0000000085500000, 0x0000000085600000|  0%| F|  |TAMS 0x0000000085500000, 0x0000000085500000| Untracked 
|  72|0x0000000085600000, 0x0000000085600000, 0x0000000085700000|  0%| F|  |TAMS 0x0000000085600000, 0x0000000085600000| Untracked 
|  73|0x0000000085700000, 0x0000000085700000, 0x0000000085800000|  0%| F|  |TAMS 0x0000000085700000, 0x0000000085700000| Untracked 
|  74|0x0000000085800000, 0x0000000085800000, 0x0000000085900000|  0%| F|  |TAMS 0x0000000085800000, 0x0000000085800000| Untracked 
|  75|0x0000000085900000, 0x0000000085900000, 0x0000000085a00000|  0%| F|  |TAMS 0x0000000085900000, 0x0000000085900000| Untracked 
|  76|0x0000000085a00000, 0x0000000085a00000, 0x0000000085b00000|  0%| F|  |TAMS 0x0000000085a00000, 0x0000000085a00000| Untracked 
|  77|0x0000000085b00000, 0x0000000085b00000, 0x0000000085c00000|  0%| F|  |TAMS 0x0000000085b00000, 0x0000000085b00000| Untracked 
|  78|0x0000000085c00000, 0x0000000085c00000, 0x0000000085d00000|  0%| F|  |TAMS 0x0000000085c00000, 0x0000000085c00000| Untracked 
|  79|0x0000000085d00000, 0x0000000085d00000, 0x0000000085e00000|  0%| F|  |TAMS 0x0000000085d00000, 0x0000000085d00000| Untracked 
|  80|0x0000000085e00000, 0x0000000085e00000, 0x0000000085f00000|  0%| F|  |TAMS 0x0000000085e00000, 0x0000000085e00000| Untracked 
|  81|0x0000000085f00000, 0x0000000085f00000, 0x0000000086000000|  0%| F|  |TAMS 0x0000000085f00000, 0x0000000085f00000| Untracked 
|  82|0x0000000086000000, 0x0000000086000000, 0x0000000086100000|  0%| F|  |TAMS 0x0000000086000000, 0x0000000086000000| Untracked 
|  83|0x0000000086100000, 0x0000000086100000, 0x0000000086200000|  0%| F|  |TAMS 0x0000000086100000, 0x0000000086100000| Untracked 
|  84|0x0000000086200000, 0x0000000086200000, 0x0000000086300000|  0%| F|  |TAMS 0x0000000086200000, 0x0000000086200000| Untracked 
|  85|0x0000000086300000, 0x0000000086300000, 0x0000000086400000|  0%| F|  |TAMS 0x0000000086300000, 0x0000000086300000| Untracked 
|  86|0x0000000086400000, 0x0000000086400000, 0x0000000086500000|  0%| F|  |TAMS 0x0000000086400000, 0x0000000086400000| Untracked 
|  87|0x0000000086500000, 0x0000000086500000, 0x0000000086600000|  0%| F|  |TAMS 0x0000000086500000, 0x0000000086500000| Untracked 
|  88|0x0000000086600000, 0x0000000086600000, 0x0000000086700000|  0%| F|  |TAMS 0x0000000086600000, 0x0000000086600000| Untracked 
|  89|0x0000000086700000, 0x0000000086700000, 0x0000000086800000|  0%| F|  |TAMS 0x0000000086700000, 0x0000000086700000| Untracked 
|  90|0x0000000086800000, 0x0000000086800000, 0x0000000086900000|  0%| F|  |TAMS 0x0000000086800000, 0x0000000086800000| Untracked 
|  91|0x0000000086900000, 0x0000000086900000, 0x0000000086a00000|  0%| F|  |TAMS 0x0000000086900000, 0x0000000086900000| Untracked 
|  92|0x0000000086a00000, 0x0000000086a00000, 0x0000000086b00000|  0%| F|  |TAMS 0x0000000086a00000, 0x0000000086a00000| Untracked 
|  93|0x0000000086b00000, 0x0000000086b00000, 0x0000000086c00000|  0%| F|  |TAMS 0x0000000086b00000, 0x0000000086b00000| Untracked 
|  94|0x0000000086c00000, 0x0000000086c00000, 0x0000000086d00000|  0%| F|  |TAMS 0x0000000086c00000, 0x0000000086c00000| Untracked 
|  95|0x0000000086d00000, 0x0000000086d00000, 0x0000000086e00000|  0%| F|  |TAMS 0x0000000086d00000, 0x0000000086d00000| Untracked 
|  96|0x0000000086e00000, 0x0000000086e00000, 0x0000000086f00000|  0%| F|  |TAMS 0x0000000086e00000, 0x0000000086e00000| Untracked 
|  97|0x0000000086f00000, 0x0000000086f00000, 0x0000000087000000|  0%| F|  |TAMS 0x0000000086f00000, 0x0000000086f00000| Untracked 
|  98|0x0000000087000000, 0x0000000087000000, 0x0000000087100000|  0%| F|  |TAMS 0x0000000087000000, 0x0000000087000000| Untracked 
|  99|0x0000000087100000, 0x0000000087100000, 0x0000000087200000|  0%| F|  |TAMS 0x0000000087100000, 0x0000000087100000| Untracked 
| 100|0x0000000087200000, 0x0000000087200000, 0x0000000087300000|  0%| F|  |TAMS 0x0000000087200000, 0x0000000087200000| Untracked 
| 101|0x0000000087300000, 0x0000000087300000, 0x0000000087400000|  0%| F|  |TAMS 0x0000000087300000, 0x0000000087300000| Untracked 
| 102|0x0000000087400000, 0x0000000087400000, 0x0000000087500000|  0%| F|  |TAMS 0x0000000087400000, 0x0000000087400000| Untracked 
| 103|0x0000000087500000, 0x0000000087500000, 0x0000000087600000|  0%| F|  |TAMS 0x0000000087500000, 0x0000000087500000| Untracked 
| 104|0x0000000087600000, 0x0000000087600000, 0x0000000087700000|  0%| F|  |TAMS 0x0000000087600000, 0x0000000087600000| Untracked 
| 105|0x0000000087700000, 0x0000000087700000, 0x0000000087800000|  0%| F|  |TAMS 0x0000000087700000, 0x0000000087700000| Untracked 
| 106|0x0000000087800000, 0x0000000087800000, 0x0000000087900000|  0%| F|  |TAMS 0x0000000087800000, 0x0000000087800000| Untracked 
| 107|0x0000000087900000, 0x0000000087900000, 0x0000000087a00000|  0%| F|  |TAMS 0x0000000087900000, 0x0000000087900000| Untracked 
| 108|0x0000000087a00000, 0x0000000087a00000, 0x0000000087b00000|  0%| F|  |TAMS 0x0000000087a00000, 0x0000000087a00000| Untracked 
| 109|0x0000000087b00000, 0x0000000087b00000, 0x0000000087c00000|  0%| F|  |TAMS 0x0000000087b00000, 0x0000000087b00000| Untracked 
| 110|0x0000000087c00000, 0x0000000087c00000, 0x0000000087d00000|  0%| F|  |TAMS 0x0000000087c00000, 0x0000000087c00000| Untracked 
| 111|0x0000000087d00000, 0x0000000087d00000, 0x0000000087e00000|  0%| F|  |TAMS 0x0000000087d00000, 0x0000000087d00000| Untracked 
| 112|0x0000000087e00000, 0x0000000087e00000, 0x0000000087f00000|  0%| F|  |TAMS 0x0000000087e00000, 0x0000000087e00000| Untracked 
| 113|0x0000000087f00000, 0x0000000087f00000, 0x0000000088000000|  0%| F|  |TAMS 0x0000000087f00000, 0x0000000087f00000| Untracked 
| 114|0x0000000088000000, 0x0000000088000000, 0x0000000088100000|  0%| F|  |TAMS 0x0000000088000000, 0x0000000088000000| Untracked 
| 115|0x0000000088100000, 0x0000000088100000, 0x0000000088200000|  0%| F|  |TAMS 0x0000000088100000, 0x0000000088100000| Untracked 
| 116|0x0000000088200000, 0x0000000088200000, 0x0000000088300000|  0%| F|  |TAMS 0x0000000088200000, 0x0000000088200000| Untracked 
| 117|0x0000000088300000, 0x0000000088300000, 0x0000000088400000|  0%| F|  |TAMS 0x0000000088300000, 0x0000000088300000| Untracked 
| 118|0x0000000088400000, 0x0000000088400000, 0x0000000088500000|  0%| F|  |TAMS 0x0000000088400000, 0x0000000088400000| Untracked 
| 119|0x0000000088500000, 0x0000000088500000, 0x0000000088600000|  0%| F|  |TAMS 0x0000000088500000, 0x0000000088500000| Untracked 
| 120|0x0000000088600000, 0x0000000088700000, 0x0000000088700000|100%| E|  |TAMS 0x0000000088600000, 0x0000000088600000| Complete 
| 121|0x0000000088700000, 0x0000000088800000, 0x0000000088800000|100%| E|CS|TAMS 0x0000000088700000, 0x0000000088700000| Complete 
| 122|0x0000000088800000, 0x0000000088900000, 0x0000000088900000|100%| E|CS|TAMS 0x0000000088800000, 0x0000000088800000| Complete 
| 123|0x0000000088900000, 0x0000000088a00000, 0x0000000088a00000|100%| E|CS|TAMS 0x0000000088900000, 0x0000000088900000| Complete 
| 124|0x0000000088a00000, 0x0000000088b00000, 0x0000000088b00000|100%| E|CS|TAMS 0x0000000088a00000, 0x0000000088a00000| Complete 
| 125|0x0000000088b00000, 0x0000000088c00000, 0x0000000088c00000|100%| E|CS|TAMS 0x0000000088b00000, 0x0000000088b00000| Complete 
| 126|0x0000000088c00000, 0x0000000088d00000, 0x0000000088d00000|100%| E|CS|TAMS 0x0000000088c00000, 0x0000000088c00000| Complete 
| 127|0x0000000088d00000, 0x0000000088e00000, 0x0000000088e00000|100%| E|CS|TAMS 0x0000000088d00000, 0x0000000088d00000| Complete 

Card table byte_map: [0x0000024d7cee0000,0x0000024d7d2e0000] _byte_map_base: 0x0000024d7cad9000

Marking Bits (Prev, Next): (CMBitMap*) 0x0000024d725fc6c8, (CMBitMap*) 0x0000024d725fc700
 Prev Bits: [0x0000024d7d6e0000, 0x0000024d7f6a8000)
 Next Bits: [0x0000024d0f000000, 0x0000024d10fc8000)

Polling page: 0x0000024d7c490000

Metaspace:

Usage:
  Non-class:      8.64 MB capacity,     8.50 MB ( 98%) used,   130.75 KB (  1%) free+waste,     7.63 KB ( <1%) overhead. 
      Class:    944.00 KB capacity,   878.22 KB ( 93%) used,    62.47 KB (  7%) free+waste,     3.31 KB ( <1%) overhead. 
       Both:      9.56 MB capacity,     9.36 MB ( 98%) used,   193.22 KB (  2%) free+waste,    10.94 KB ( <1%) overhead. 

Virtual space:
  Non-class space:       10.00 MB reserved,       8.75 MB ( 88%) committed 
      Class space:        1.00 GB reserved,       1.00 MB ( <1%) committed 
             Both:        1.01 GB reserved,       9.75 MB ( <1%) committed 

Chunk freelists:
   Non-Class:  50.00 KB
       Class:  16.00 KB
        Both:  66.00 KB

MaxMetaspaceSize: 17179869184.00 GB
CompressedClassSpaceSize: 1.00 GB
Initial GC threshold: 20.80 MB
Current GC threshold: 20.80 MB
CDS: off

CodeHeap 'non-profiled nmethods': size=120064Kb used=151Kb max_used=151Kb free=119912Kb
 bounds [0x0000024d07ac0000, 0x0000024d07d30000, 0x0000024d0f000000]
CodeHeap 'profiled nmethods': size=120000Kb used=729Kb max_used=729Kb free=119270Kb
 bounds [0x0000024d00590000, 0x0000024d00800000, 0x0000024d07ac0000]
CodeHeap 'non-nmethods': size=5696Kb used=1125Kb max_used=1143Kb free=4570Kb
 bounds [0x0000024d00000000, 0x0000024d00270000, 0x0000024d00590000]
 total_blobs=861 nmethods=493 adapters=281
 compilation: enabled
              stopped_count=0, restarted_count=0
 full_count=0

Compilation events (20 events):
Event: 1.461 Thread 0x0000024d13b47800 nmethod 473 0x0000024d07ae5210 code [0x0000024d07ae53a0, 0x0000024d07ae54b8]
Event: 1.461 Thread 0x0000024d13b47800  492       4       java.lang.StringLatin1::canEncode (13 bytes)
Event: 1.461 Thread 0x0000024d13b47800 nmethod 492 0x0000024d07ae5590 code [0x0000024d07ae5720, 0x0000024d07ae5778]
Event: 1.461 Thread 0x0000024d13b47800  494       4       java.util.Arrays::fill (21 bytes)
Event: 1.463 Thread 0x0000024d137e1000  498       3       sun.security.provider.SHA::implCompress0 (482 bytes)
Event: 1.463 Thread 0x0000024d137e1000 nmethod 498 0x0000024d00643110 code [0x0000024d00643340, 0x0000024d00643bf8]
Event: 1.464 Thread 0x0000024d137e1000  501       3       sun.security.provider.SHA::implCompress (13 bytes)
Event: 1.464 Thread 0x0000024d137e1000 nmethod 501 0x0000024d00644090 code [0x0000024d00644280, 0x0000024d006445a8]
Event: 1.464 Thread 0x0000024d137e1000  502       3       sun.security.provider.SHA::implCompressCheck (15 bytes)
Event: 1.464 Thread 0x0000024d137e1000 nmethod 502 0x0000024d00644710 code [0x0000024d006448e0, 0x0000024d00644b78]
Event: 1.465 Thread 0x0000024d137e1000  504       3       sun.security.provider.SHA::resetHashes (41 bytes)
Event: 1.465 Thread 0x0000024d137e1000 nmethod 504 0x0000024d00644c90 code [0x0000024d00644e40, 0x0000024d00645018]
Event: 1.465 Thread 0x0000024d137e1000  505       3       java.security.MessageDigest::digest (10 bytes)
Event: 1.465 Thread 0x0000024d137e1000 nmethod 505 0x0000024d00645190 code [0x0000024d00645360, 0x0000024d006457b8]
Event: 1.465 Thread 0x0000024d137e1000  506       3       sun.security.provider.SHA::implDigest (96 bytes)
Event: 1.465 Thread 0x0000024d13b47800 nmethod 494 0x0000024d07ae5890 code [0x0000024d07ae5a20, 0x0000024d07ae5b78]
Event: 1.465 Thread 0x0000024d13b47800  499       4       java.security.MessageDigest$Delegate::engineUpdate (11 bytes)
Event: 1.465 Thread 0x0000024d137e1000 nmethod 506 0x0000024d00645910 code [0x0000024d00645b40, 0x0000024d006460c8]
Event: 1.465 Thread 0x0000024d137e1000  507       3       sun.security.provider.SHA::implReset (13 bytes)
Event: 1.466 Thread 0x0000024d137e1000 nmethod 507 0x0000024d00646310 code [0x0000024d006464e0, 0x0000024d00646658]

GC Heap History (0 events):
No events

Deoptimization events (20 events):
Event: 1.367 Thread 0x0000024d725bb000 DEOPT PACKING pc=0x0000024d00627ffa sp=0x00000098dd8fe510
Event: 1.367 Thread 0x0000024d725bb000 DEOPT UNPACKING pc=0x0000024d0004a95e sp=0x00000098dd8fd948 mode 0
Event: 1.367 Thread 0x0000024d725bb000 DEOPT PACKING pc=0x0000024d00627ffa sp=0x00000098dd8fe510
Event: 1.367 Thread 0x0000024d725bb000 DEOPT UNPACKING pc=0x0000024d0004a95e sp=0x00000098dd8fd948 mode 0
Event: 1.461 Thread 0x0000024d725bb000 DEOPT PACKING pc=0x0000024d00628cda sp=0x00000098dd8fe810
Event: 1.461 Thread 0x0000024d725bb000 DEOPT UNPACKING pc=0x0000024d0004a95e sp=0x00000098dd8fdca8 mode 0
Event: 1.463 Thread 0x0000024d725bb000 DEOPT PACKING pc=0x0000024d00628cda sp=0x00000098dd8fe810
Event: 1.463 Thread 0x0000024d725bb000 DEOPT UNPACKING pc=0x0000024d0004a95e sp=0x00000098dd8fdca8 mode 0
Event: 1.464 Thread 0x0000024d725bb000 DEOPT PACKING pc=0x0000024d00628cda sp=0x00000098dd8fe810
Event: 1.464 Thread 0x0000024d725bb000 DEOPT UNPACKING pc=0x0000024d0004a95e sp=0x00000098dd8fdca8 mode 0
Event: 1.464 Thread 0x0000024d725bb000 DEOPT PACKING pc=0x0000024d00628cda sp=0x00000098dd8fe810
Event: 1.464 Thread 0x0000024d725bb000 DEOPT UNPACKING pc=0x0000024d0004a95e sp=0x00000098dd8fdca8 mode 0
Event: 1.464 Thread 0x0000024d725bb000 DEOPT PACKING pc=0x0000024d00628cda sp=0x00000098dd8fe810
Event: 1.464 Thread 0x0000024d725bb000 DEOPT UNPACKING pc=0x0000024d0004a95e sp=0x00000098dd8fdca8 mode 0
Event: 1.465 Thread 0x0000024d725bb000 DEOPT PACKING pc=0x0000024d00628cda sp=0x00000098dd8fe810
Event: 1.465 Thread 0x0000024d725bb000 DEOPT UNPACKING pc=0x0000024d0004a95e sp=0x00000098dd8fdca8 mode 0
Event: 1.465 Thread 0x0000024d725bb000 DEOPT PACKING pc=0x0000024d00628cda sp=0x00000098dd8fe810
Event: 1.465 Thread 0x0000024d725bb000 DEOPT UNPACKING pc=0x0000024d0004a95e sp=0x00000098dd8fdca8 mode 0
Event: 1.465 Thread 0x0000024d725bb000 DEOPT PACKING pc=0x0000024d00628cda sp=0x00000098dd8fe870
Event: 1.465 Thread 0x0000024d725bb000 DEOPT UNPACKING pc=0x0000024d0004a95e sp=0x00000098dd8fdd08 mode 0

Classes redefined (0 events):
No events

Internal exceptions (3 events):
Event: 1.117 Thread 0x0000024d725bb000 Exception <a 'java/lang/NoSuchMethodError'{0x00000000889ba568}: 'java.lang.Object java.lang.invoke.DirectMethodHandle$Holder.invokeStaticInit(java.lang.Object, int, int, int, int)'> (0x00000000889ba568) thrown at [./src/hotspot/share/interpreter/linkResolver.cpp, line 773]
Event: 1.123 Thread 0x0000024d725bb000 Exception <a 'sun/nio/fs/WindowsException'{0x00000000889c0658}> (0x00000000889c0658) thrown at [./src/hotspot/share/prims/jni.cpp, line 615]
Event: 1.134 Thread 0x0000024d725bb000 Exception <a 'java/lang/NoSuchMethodError'{0x00000000889c7f70}: 'int java.lang.invoke.DirectMethodHandle$Holder.invokeSpecialIFC(java.lang.Object, java.lang.Object, int)'> (0x00000000889c7f70) thrown at [./src/hotspot/share/interpreter/linkResolver.cpp, line 773]

Events (20 events):
Event: 1.443 loading class jdk/internal/logger/SimpleConsoleLogger done
Event: 1.443 loading class jdk/internal/logger/SurrogateLogger done
Event: 1.444 loading class sun/util/logging/PlatformLogger
Event: 1.444 loading class sun/util/logging/PlatformLogger done
Event: 1.444 loading class sun/util/logging/PlatformLogger$Level
Event: 1.444 loading class sun/util/logging/PlatformLogger$Level done
Event: 1.445 loading class sun/security/pkcs12/PKCS12KeyStore$CertEntry
Event: 1.445 loading class sun/security/pkcs12/PKCS12KeyStore$CertEntry done
Event: 1.446 loading class sun/security/pkcs12/MacData
Event: 1.455 loading class sun/security/pkcs12/MacData done
Event: 1.458 loading class com/sun/crypto/provider/HmacPKCS12PBECore$HmacPKCS12PBE_SHA1
Event: 1.458 loading class com/sun/crypto/provider/HmacPKCS12PBECore
Event: 1.459 loading class com/sun/crypto/provider/HmacPKCS12PBECore done
Event: 1.459 loading class com/sun/crypto/provider/HmacPKCS12PBECore$HmacPKCS12PBE_SHA1 done
Event: 1.459 loading class sun/security/provider/SHA
Event: 1.460 loading class sun/security/provider/SHA done
Event: 1.460 Executing VM operation: Deoptimize
Event: 1.460 Executing VM operation: Deoptimize done
Event: 1.461 loading class com/sun/crypto/provider/PKCS12PBECipherCore
Event: 1.461 loading class com/sun/crypto/provider/PKCS12PBECipherCore done


Dynamic libraries:
0x00007ff7070e0000 - 0x00007ff7070ed000 	C:\Program Files\Microsoft\jdk-11.0.12.7-hotspot\bin\java.exe
0x00007ff82e030000 - 0x00007ff82e225000 	C:\WINDOWS\SYSTEM32\ntdll.dll
0x00007ff82c820000 - 0x00007ff82c8dd000 	C:\WINDOWS\System32\KERNEL32.DLL
0x00007ff82bcf0000 - 0x00007ff82bfbd000 	C:\WINDOWS\System32\KERNELBASE.dll
0x00007ff82b8d0000 - 0x00007ff82b9d0000 	C:\WINDOWS\System32\ucrtbase.dll
0x00007ff814f60000 - 0x00007ff814f75000 	C:\Program Files\Microsoft\jdk-11.0.12.7-hotspot\bin\VCRUNTIME140.dll
0x00007ff814f40000 - 0x00007ff814f57000 	C:\Program Files\Microsoft\jdk-11.0.12.7-hotspot\bin\jli.dll
0x00007ff82c680000 - 0x00007ff82c820000 	C:\WINDOWS\System32\USER32.dll
0x00007ff82b7b0000 - 0x00007ff82b7d2000 	C:\WINDOWS\System32\win32u.dll
0x00007ff821fd0000 - 0x00007ff82226a000 	C:\WINDOWS\WinSxS\amd64_microsoft.windows.common-controls_6595b64144ccf1df_6.0.19041.1110_none_60b5254171f9507e\COMCTL32.dll
0x00007ff82c8e0000 - 0x00007ff82c90a000 	C:\WINDOWS\System32\GDI32.dll
0x00007ff82c5c0000 - 0x00007ff82c65e000 	C:\WINDOWS\System32\msvcrt.dll
0x00007ff82bb30000 - 0x00007ff82bc3b000 	C:\WINDOWS\System32\gdi32full.dll
0x00007ff82b7e0000 - 0x00007ff82b87d000 	C:\WINDOWS\System32\msvcp_win.dll
0x00007ff82d630000 - 0x00007ff82d660000 	C:\WINDOWS\System32\IMM32.DLL
0x00007fffa8c70000 - 0x00007fffa8d0b000 	C:\Program Files\Microsoft\jdk-11.0.12.7-hotspot\bin\msvcp140.dll
0x00007fff98060000 - 0x00007fff98bc1000 	C:\Program Files\Microsoft\jdk-11.0.12.7-hotspot\bin\server\jvm.dll
0x00007ff82d660000 - 0x00007ff82d70e000 	C:\WINDOWS\System32\ADVAPI32.dll
0x00007ff82cae0000 - 0x00007ff82cb7c000 	C:\WINDOWS\System32\sechost.dll
0x00007ff82d480000 - 0x00007ff82d5a5000 	C:\WINDOWS\System32\RPCRT4.dll
0x00007ff82d710000 - 0x00007ff82d718000 	C:\WINDOWS\System32\PSAPI.DLL
0x00007ff811c80000 - 0x00007ff811c89000 	C:\WINDOWS\SYSTEM32\WSOCK32.dll
0x00007ff82cda0000 - 0x00007ff82ce0b000 	C:\WINDOWS\System32\WS2_32.dll
0x00007ff822900000 - 0x00007ff82290a000 	C:\WINDOWS\SYSTEM32\VERSION.dll
0x00007ff8273c0000 - 0x00007ff8273e7000 	C:\WINDOWS\SYSTEM32\WINMM.dll
0x00007ff829580000 - 0x00007ff829592000 	C:\WINDOWS\SYSTEM32\kernel.appcore.dll
0x00007ff814f30000 - 0x00007ff814f40000 	C:\Program Files\Microsoft\jdk-11.0.12.7-hotspot\bin\verify.dll
0x00007ff825e40000 - 0x00007ff826024000 	C:\WINDOWS\SYSTEM32\DBGHELP.DLL
0x00007ff825d80000 - 0x00007ff825dac000 	C:\WINDOWS\SYSTEM32\dbgcore.DLL
0x00007ff82bff0000 - 0x00007ff82c072000 	C:\WINDOWS\System32\bcryptPrimitives.dll
0x00007ff80d240000 - 0x00007ff80d268000 	C:\Program Files\Microsoft\jdk-11.0.12.7-hotspot\bin\java.dll
0x00007ff8137d0000 - 0x00007ff8137da000 	C:\Program Files\Microsoft\jdk-11.0.12.7-hotspot\bin\jimage.dll
0x00007ff808670000 - 0x00007ff808687000 	C:\Program Files\Microsoft\jdk-11.0.12.7-hotspot\bin\zip.dll
0x00007ff82d720000 - 0x00007ff82de64000 	C:\WINDOWS\System32\SHELL32.dll
0x00007ff829860000 - 0x00007ff829ff4000 	C:\WINDOWS\SYSTEM32\windows.storage.dll
0x00007ff82c080000 - 0x00007ff82c3d4000 	C:\WINDOWS\System32\combase.dll
0x00007ff82b0d0000 - 0x00007ff82b0fc000 	C:\WINDOWS\SYSTEM32\Wldp.dll
0x00007ff82cee0000 - 0x00007ff82cf8d000 	C:\WINDOWS\System32\SHCORE.dll
0x00007ff82cb80000 - 0x00007ff82cbd5000 	C:\WINDOWS\System32\shlwapi.dll
0x00007ff82b680000 - 0x00007ff82b69f000 	C:\WINDOWS\SYSTEM32\profapi.dll
0x00007ff807940000 - 0x00007ff807959000 	C:\Program Files\Microsoft\jdk-11.0.12.7-hotspot\bin\net.dll
0x00007ff825c50000 - 0x00007ff825d5a000 	C:\WINDOWS\SYSTEM32\WINHTTP.dll
0x00007ff82ae30000 - 0x00007ff82ae9a000 	C:\WINDOWS\system32\mswsock.dll
0x00007ff806a80000 - 0x00007ff806a92000 	C:\Program Files\Microsoft\jdk-11.0.12.7-hotspot\bin\nio.dll
0x00007ff805f20000 - 0x00007ff805f45000 	C:\Program Files\Microsoft\jdk-11.0.12.7-hotspot\bin\sunec.dll

dbghelp: loaded successfully - version: 4.0.5 - missing functions: none
symbol engine: initialized successfully - sym options: 0x614 - pdb path: .;C:\Program Files\Microsoft\jdk-11.0.12.7-hotspot\bin;C:\WINDOWS\SYSTEM32;C:\WINDOWS\WinSxS\amd64_microsoft.windows.common-controls_6595b64144ccf1df_6.0.19041.1110_none_60b5254171f9507e;C:\Program Files\Microsoft\jdk-11.0.12.7-hotspot\bin\server

VM Arguments:
java_command: C:\Program Files\Microsoft Visual Studio\2022\Community\MSBuild\Xamarin\Android\apksigner.jar sign --ks C:\Users\rafam\AppData\Local\Xamarin\Mono for Android\debug.keystore --ks-pass pass:android --ks-key-alias androiddebugkey --key-pass pass:android --min-sdk-version 21 --max-sdk-version 31 bin\Debug\com.companyname.security_map-Signed.apk
java_class_path (initial): C:\Program Files\Microsoft Visual Studio\2022\Community\MSBuild\Xamarin\Android\apksigner.jar
Launcher Type: SUN_STANDARD

[Global flags]
     intx CICompilerCount                          = 3                                         {product} {ergonomic}
     uint ConcGCThreads                            = 1                                         {product} {ergonomic}
     uint G1ConcRefinementThreads                  = 4                                         {product} {ergonomic}
   size_t G1HeapRegionSize                         = 1048576                                   {product} {ergonomic}
    uintx GCDrainStackTargetSize                   = 64                                        {product} {ergonomic}
   size_t InitialHeapSize                          = 134217728                                 {product} {ergonomic}
   size_t MarkStackSize                            = 4194304                                   {product} {ergonomic}
   size_t MaxHeapSize                              = 2132803584                                {product} {ergonomic}
   size_t MaxNewSize                               = 1279262720                                {product} {ergonomic}
   size_t MinHeapDeltaBytes                        = 1048576                                   {product} {ergonomic}
    uintx NonNMethodCodeHeapSize                   = 5830732                                {pd product} {ergonomic}
    uintx NonProfiledCodeHeapSize                  = 122913754                              {pd product} {ergonomic}
    uintx ProfiledCodeHeapSize                     = 122913754                              {pd product} {ergonomic}
    uintx ReservedCodeCacheSize                    = 251658240                              {pd product} {ergonomic}
     bool SegmentedCodeCache                       = true                                      {product} {ergonomic}
     bool UseCompressedClassPointers               = true                                 {lp64_product} {ergonomic}
     bool UseCompressedOops                        = true                                 {lp64_product} {ergonomic}
     bool UseG1GC                                  = true                                      {product} {ergonomic}
     bool UseLargePagesIndividualAllocation        = false                                  {pd product} {ergonomic}

Logging:
Log output configuration:
 #0: stdout all=warning uptime,level,tags
 #1: stderr all=off uptime,level,tags

Environment Variables:
PATH=C:\Program Files (x86)\Common Files\Oracle\Java\javapath;C:\Program Files\Microsoft\jdk-11.0.12.7-hotspot\bin;C:\Program Files (x86)\NVIDIA Corporation\PhysX\Common;C:\WINDOWS\system32;C:\WINDOWS;C:\WINDOWS\System32\Wbem;C:\WINDOWS\System32\WindowsPowerShell\v1.0\;C:\WINDOWS\System32\OpenSSH\;C:\Program Files\Azure Data Studio\bin;C:\Program Files\Microsoft SQL Server\Client SDK\ODBC\170\Tools\Binn\;C:\Program Files\dotnet\;C:\Program Files (x86)\Microsoft SQL Server\150\DTS\Binn\;C:\Program Files\Git\cmd;C:\Users\rafam\AppData\Local\Microsoft\WindowsApps;;C:\Users\rafam\AppData\Local\Programs\Microsoft VS Code\bin;C:\Program Files\Azure Data Studio\bin;C:\Users\rafam\.dotnet\tools
USERNAME=rafam
OS=Windows_NT
PROCESSOR_IDENTIFIER=Intel64 Family 6 Model 60 Stepping 3, GenuineIntel



---------------  S Y S T E M  ---------------

OS: Windows 10 , 64 bit Build 19041 (10.0.19041.1706)
OS uptime: 7 days 15:53 hours

CPU:total 4 (initial active 4) (2 cores per cpu, 2 threads per core) family 6 model 60 stepping 3 microcode 0x27, cmov, cx8, fxsr, mmx, sse, sse2, sse3, ssse3, sse4.1, sse4.2, popcnt, avx, avx2, aes, clmul, erms, lzcnt, ht, tsc, tscinvbit, bmi1, bmi2, fma

Memory: 4k page, system-wide physical 8134M (1184M free)
TotalPageFile size 8134M (AvailPageFile size 3M)
current process WorkingSet (physical memory assigned to process): 56M, peak: 56M
current process commit charge ("private bytes"): 211M, peak: 211M

vm_info: OpenJDK 64-Bit Server VM (11.0.12+7) for windows-amd64 JRE (11.0.12+7), built on Jul 21 2021 15:41:43 by "" with unknown MS VC++:1916

END.
