#
# There is insufficient memory for the Java Runtime Environment to continue.
# Native memory allocation (mmap) failed to map 279969792 bytes for Failed to commit area from 0x000000008ee00000 to 0x000000009f900000 of length 279969792.
# Possible reasons:
#   The system is out of physical RAM or swap space
#   The process is running with CompressedOops enabled, and the Java Heap may be blocking the growth of the native heap
# Possible solutions:
#   Reduce memory load on the system
#   Increase physical memory or swap space
#   Check if swap backing store is full
#   Decrease Java heap size (-Xmx/-Xms)
#   Decrease number of Java threads
#   Decrease Java thread stack sizes (-Xss)
#   Set larger code cache with -XX:ReservedCodeCacheSize=
#   JVM is running with Unscaled Compressed Oops mode in which the Java heap is
#     placed in the first 4GB address space. The Java Heap base address is the
#     maximum limit for the native heap growth. Please use -XX:HeapBaseMinAddress
#     to set the Java Heap base and to place the Java Heap above 4GB virtual address.
# This output file may be truncated or incomplete.
#
#  Out of Memory Error (./src/hotspot/os/windows/os_windows.cpp:3380), pid=11996, tid=12308
#
# JRE version: OpenJDK Runtime Environment Microsoft-25199 (11.0.12+7) (build 11.0.12+7)
# Java VM: OpenJDK 64-Bit Server VM Microsoft-25199 (11.0.12+7, mixed mode, tiered, compressed oops, g1 gc, windows-amd64)
# No core dump will be written. Minidumps are not enabled by default on client versions of Windows
#

---------------  S U M M A R Y ------------

Command Line: -Dapplication.home=C:\Program Files\Microsoft\jdk-11.0.12.7-hotspot --add-modules=ALL-DEFAULT -Xms8m -Dfile.encoding=UTF8 -Djdk.module.main=jdk.compiler jdk.compiler/com.sun.tools.javac.Main @C:\Users\rafam\AppData\Local\Temp\tmp106D.tmp -target 1.8 -source 1.8

Host: Intel(R) Core(TM) i3-4150 CPU @ 3.50GHz, 4 cores, 7G,  Windows 10 , 64 bit Build 19041 (10.0.19041.1706)
Time: Thu May 19 17:15:41 2022 Hora oficial do Brasil elapsed time: 3.987059 seconds (0d 0h 0m 3s)

---------------  T H R E A D  ---------------

Current thread (0x0000026d703b8800):  VMThread "VM Thread" [stack: 0x00000080a9500000,0x00000080a9600000] [id=12308]

Stack: [0x00000080a9500000,0x00000080a9600000]
[error occurred during error reporting (printing stack bounds), id 0xc0000005, EXCEPTION_ACCESS_VIOLATION (0xc0000005) at pc=0x0000026d594a112d]

Native frames: (J=compiled Java code, j=interpreted, Vv=VM code, C=native code)
V  [jvm.dll+0x6090fa]
V  [jvm.dll+0x79229e]
V  [jvm.dll+0x79396f]
V  [jvm.dll+0x793f95]
V  [jvm.dll+0x793f4b]
V  [jvm.dll+0x608487]
V  [jvm.dll+0x608b98]
C  [ntdll.dll+0xa209f]
C  [ntdll.dll+0x51454]
C  [ntdll.dll+0xa0bce]
C  0x0000026d594a112d

VM_Operation (0x00000080a8ffbcc0): G1CollectForAllocation, mode: safepoint, requested by thread 0x0000026d50d78800


---------------  P R O C E S S  ---------------

Threads class SMR info:
_java_thread_list=0x0000026d70cc24c0, length=11, elements={
0x0000026d50d78800, 0x0000026d703df000, 0x0000026d703e8800, 0x0000026d7044e000,
0x0000026d7044f800, 0x0000026d703f6800, 0x0000026d703ff800, 0x0000026d70402800,
0x0000026d70404000, 0x0000026d706e1000, 0x0000026d70d0c000
}

Java Threads: ( => current thread )
  0x0000026d50d78800 JavaThread "main" [_thread_blocked, id=13084, stack(0x00000080a8f00000,0x00000080a9000000)]
  0x0000026d703df000 JavaThread "Reference Handler" daemon [_thread_blocked, id=1628, stack(0x00000080a9600000,0x00000080a9700000)]
  0x0000026d703e8800 JavaThread "Finalizer" daemon [_thread_blocked, id=8492, stack(0x00000080a9700000,0x00000080a9800000)]
  0x0000026d7044e000 JavaThread "Signal Dispatcher" daemon [_thread_blocked, id=1836, stack(0x00000080a9800000,0x00000080a9900000)]
  0x0000026d7044f800 JavaThread "Attach Listener" daemon [_thread_blocked, id=4508, stack(0x00000080a9900000,0x00000080a9a00000)]
  0x0000026d703f6800 JavaThread "Service Thread" daemon [_thread_blocked, id=10280, stack(0x00000080a9a00000,0x00000080a9b00000)]
  0x0000026d703ff800 JavaThread "C2 CompilerThread0" daemon [_thread_in_native, id=9024, stack(0x00000080a9b00000,0x00000080a9c00000)]
  0x0000026d70402800 JavaThread "C1 CompilerThread0" daemon [_thread_blocked, id=2180, stack(0x00000080a9c00000,0x00000080a9d00000)]
  0x0000026d70404000 JavaThread "Sweeper thread" daemon [_thread_blocked, id=11060, stack(0x00000080a9d00000,0x00000080a9e00000)]
  0x0000026d706e1000 JavaThread "Common-Cleaner" daemon [_thread_blocked, id=8176, stack(0x00000080a9e00000,0x00000080a9f00000)]
  0x0000026d70d0c000 JavaThread "C2 CompilerThread1" daemon [_thread_in_native, id=11624, stack(0x00000080a9f00000,0x00000080aa000000)]

Other Threads:
=>0x0000026d703b8800 VMThread "VM Thread" [stack: 0x00000080a9500000,0x00000080a9600000] [id=12308]
  0x0000026d70834000 WatcherThread [stack: 0x00000080aa000000,0x00000080aa100000] [id=7872]
  0x0000026d50d91000 GCTaskThread "GC Thread#0" [stack: 0x00000080a9000000,0x00000080a9100000] [id=10436]
  0x0000026d708a7800 GCTaskThread "GC Thread#1" [stack: 0x00000080aa100000,0x00000080aa200000] [id=9844]
  0x0000026d7213a800 GCTaskThread "GC Thread#2" [stack: 0x00000080aa200000,0x00000080aa300000] [id=4444]
  0x0000026d72d9e000 GCTaskThread "GC Thread#3" [stack: 0x00000080aa300000,0x00000080aa400000] [id=11500]
  0x0000026d50dc2000 ConcurrentGCThread "G1 Main Marker" [stack: 0x00000080a9100000,0x00000080a9200000] [id=11172]
  0x0000026d50dc3000 ConcurrentGCThread "G1 Conc#0" [stack: 0x00000080a9200000,0x00000080a9300000] [id=5076]
  0x0000026d50ddc000 ConcurrentGCThread "G1 Refine#0" [stack: 0x00000080a9300000,0x00000080a9400000] [id=12984]
  0x0000026d73381800 ConcurrentGCThread "G1 Refine#1" [stack: 0x00000080aa400000,0x00000080aa500000] [id=8308]
  0x0000026d50dde800 ConcurrentGCThread "G1 Young RemSet Sampling" [stack: 0x00000080a9400000,0x00000080a9500000] [id=11620]

Threads with active compile tasks:
C2 CompilerThread0   4003 2556       4       com.sun.tools.javac.code.Symtab::enterPackage (79 bytes)
C2 CompilerThread1   4003 2564       4       com.sun.tools.javac.comp.Resolve::findInheritedMemberType (186 bytes)

VM state:at safepoint (normal execution)

VM Mutex/Monitor currently owned by a thread:  ([mutex/lock_event])
[0x0000026d50d74d00] Threads_lock - owner thread: 0x0000026d703b8800
[0x0000026d50d74400] Heap_lock - owner thread: 0x0000026d50d78800

Heap address: 0x0000000080e00000, size: 2034 MB, Compressed Oops mode: 32-bit
Narrow klass base: 0x0000000000000000, Narrow klass shift: 3
Compressed class space size: 1073741824 Address: 0x0000000100000000

Heap:
 garbage-first heap   total 502784K, used 77309K [0x0000000080e00000, 0x0000000100000000)
  region size 1024K, 3 young (3072K), 3 survivors (3072K)
 Metaspace       used 16183K, capacity 16465K, committed 16640K, reserved 1064960K
  class space    used 1588K, capacity 1696K, committed 1792K, reserved 1048576K
Heap Regions: E=young(eden), S=young(survivor), O=old, HS=humongous(starts), HC=humongous(continues), CS=collection set, F=free, A=archive, TAMS=top-at-mark-start (previous, next)
|   0|0x0000000080e00000, 0x0000000080f00000, 0x0000000080f00000|100%| O|  |TAMS 0x0000000080f00000, 0x0000000080e00000| Untracked 
|   1|0x0000000080f00000, 0x0000000081000000, 0x0000000081000000|100%| O|  |TAMS 0x0000000081000000, 0x0000000080f00000| Untracked 
|   2|0x0000000081000000, 0x0000000081100000, 0x0000000081100000|100%| O|  |TAMS 0x0000000081100000, 0x0000000081000000| Untracked 
|   3|0x0000000081100000, 0x0000000081200000, 0x0000000081200000|100%| O|  |TAMS 0x0000000081200000, 0x0000000081100000| Untracked 
|   4|0x0000000081200000, 0x0000000081300000, 0x0000000081300000|100%| O|  |TAMS 0x0000000081300000, 0x0000000081200000| Untracked 
|   5|0x0000000081300000, 0x0000000081400000, 0x0000000081400000|100%| O|  |TAMS 0x0000000081400000, 0x0000000081300000| Untracked 
|   6|0x0000000081400000, 0x0000000081500000, 0x0000000081500000|100%| O|  |TAMS 0x0000000081500000, 0x0000000081400000| Untracked 
|   7|0x0000000081500000, 0x0000000081600000, 0x0000000081600000|100%| O|  |TAMS 0x0000000081600000, 0x0000000081500000| Untracked 
|   8|0x0000000081600000, 0x0000000081700000, 0x0000000081700000|100%|HS|  |TAMS 0x0000000081700000, 0x0000000081600000| Complete 
|   9|0x0000000081700000, 0x0000000081800000, 0x0000000081800000|100%|HC|  |TAMS 0x0000000081800000, 0x0000000081700000| Complete 
|  10|0x0000000081800000, 0x0000000081900000, 0x0000000081900000|100%|HC|  |TAMS 0x0000000081900000, 0x0000000081800000| Complete 
|  11|0x0000000081900000, 0x0000000081a00000, 0x0000000081a00000|100%| O|  |TAMS 0x0000000081a00000, 0x0000000081900000| Untracked 
|  12|0x0000000081a00000, 0x0000000081b00000, 0x0000000081b00000|100%|HS|  |TAMS 0x0000000081b00000, 0x0000000081a00000| Complete 
|  13|0x0000000081b00000, 0x0000000081c00000, 0x0000000081c00000|100%|HC|  |TAMS 0x0000000081c00000, 0x0000000081b00000| Complete 
|  14|0x0000000081c00000, 0x0000000081d00000, 0x0000000081d00000|100%|HC|  |TAMS 0x0000000081d00000, 0x0000000081c00000| Complete 
|  15|0x0000000081d00000, 0x0000000081e00000, 0x0000000081e00000|100%|HC|  |TAMS 0x0000000081e00000, 0x0000000081d00000| Complete 
|  16|0x0000000081e00000, 0x0000000081f00000, 0x0000000081f00000|100%|HC|  |TAMS 0x0000000081f00000, 0x0000000081e00000| Complete 
|  17|0x0000000081f00000, 0x0000000082000000, 0x0000000082000000|100%| O|  |TAMS 0x0000000082000000, 0x0000000081f00000| Untracked 
|  18|0x0000000082000000, 0x0000000082100000, 0x0000000082100000|100%|HS|  |TAMS 0x0000000082100000, 0x0000000082000000| Complete 
|  19|0x0000000082100000, 0x0000000082200000, 0x0000000082200000|100%| O|  |TAMS 0x0000000082100000, 0x0000000082100000| Untracked 
|  20|0x0000000082200000, 0x0000000082300000, 0x0000000082300000|100%| O|  |TAMS 0x0000000082200000, 0x0000000082200000| Untracked 
|  21|0x0000000082300000, 0x0000000082400000, 0x0000000082400000|100%|HS|  |TAMS 0x0000000082400000, 0x0000000082300000| Complete 
|  22|0x0000000082400000, 0x0000000082500000, 0x0000000082500000|100%|HS|  |TAMS 0x0000000082500000, 0x0000000082400000| Complete 
|  23|0x0000000082500000, 0x0000000082600000, 0x0000000082600000|100%| O|  |TAMS 0x0000000082500000, 0x0000000082500000| Untracked 
|  24|0x0000000082600000, 0x0000000082700000, 0x0000000082700000|100%| O|  |TAMS 0x0000000082700000, 0x0000000082600000| Untracked 
|  25|0x0000000082700000, 0x0000000082800000, 0x0000000082800000|100%| O|  |TAMS 0x0000000082800000, 0x0000000082700000| Untracked 
|  26|0x0000000082800000, 0x0000000082900000, 0x0000000082900000|100%| O|  |TAMS 0x000000008287c800, 0x0000000082800000| Untracked 
|  27|0x0000000082900000, 0x0000000082a00000, 0x0000000082a00000|100%| O|  |TAMS 0x0000000082900000, 0x0000000082900000| Untracked 
|  28|0x0000000082a00000, 0x0000000082b00000, 0x0000000082b00000|100%|HS|  |TAMS 0x0000000082a00000, 0x0000000082a00000| Complete 
|  29|0x0000000082b00000, 0x0000000082c00000, 0x0000000082c00000|100%|HC|  |TAMS 0x0000000082b00000, 0x0000000082b00000| Complete 
|  30|0x0000000082c00000, 0x0000000082d00000, 0x0000000082d00000|100%| O|  |TAMS 0x0000000082c00000, 0x0000000082c00000| Untracked 
|  31|0x0000000082d00000, 0x0000000082e00000, 0x0000000082e00000|100%| O|  |TAMS 0x0000000082d00000, 0x0000000082d00000| Untracked 
|  32|0x0000000082e00000, 0x0000000082f00000, 0x0000000082f00000|100%| O|  |TAMS 0x0000000082e00000, 0x0000000082e00000| Untracked 
|  33|0x0000000082f00000, 0x0000000082f00000, 0x0000000083000000|  0%| F|  |TAMS 0x0000000082f00000, 0x0000000082f00000| Untracked 
|  34|0x0000000083000000, 0x0000000083100000, 0x0000000083100000|100%| O|  |TAMS 0x0000000083000000, 0x0000000083000000| Untracked 
|  35|0x0000000083100000, 0x0000000083200000, 0x0000000083200000|100%| O|  |TAMS 0x0000000083100000, 0x0000000083100000| Untracked 
|  36|0x0000000083200000, 0x0000000083300000, 0x0000000083300000|100%| O|  |TAMS 0x0000000083200000, 0x0000000083200000| Untracked 
|  37|0x0000000083300000, 0x0000000083400000, 0x0000000083400000|100%| O|  |TAMS 0x0000000083300000, 0x0000000083300000| Untracked 
|  38|0x0000000083400000, 0x0000000083500000, 0x0000000083500000|100%| O|  |TAMS 0x0000000083400000, 0x0000000083400000| Untracked 
|  39|0x0000000083500000, 0x0000000083600000, 0x0000000083600000|100%| O|  |TAMS 0x0000000083500000, 0x0000000083500000| Untracked 
|  40|0x0000000083600000, 0x0000000083700000, 0x0000000083700000|100%| O|  |TAMS 0x0000000083600000, 0x0000000083600000| Untracked 
|  41|0x0000000083700000, 0x0000000083800000, 0x0000000083800000|100%| O|  |TAMS 0x0000000083700000, 0x0000000083700000| Untracked 
|  42|0x0000000083800000, 0x0000000083900000, 0x0000000083900000|100%| O|  |TAMS 0x0000000083800000, 0x0000000083800000| Untracked 
|  43|0x0000000083900000, 0x0000000083a00000, 0x0000000083a00000|100%| O|  |TAMS 0x0000000083900000, 0x0000000083900000| Untracked 
|  44|0x0000000083a00000, 0x0000000083b00000, 0x0000000083b00000|100%| O|  |TAMS 0x0000000083a00000, 0x0000000083a00000| Untracked 
|  45|0x0000000083b00000, 0x0000000083c00000, 0x0000000083c00000|100%| O|  |TAMS 0x0000000083b00000, 0x0000000083b00000| Untracked 
|  46|0x0000000083c00000, 0x0000000083d00000, 0x0000000083d00000|100%| O|  |TAMS 0x0000000083c00000, 0x0000000083c00000| Untracked 
|  47|0x0000000083d00000, 0x0000000083e00000, 0x0000000083e00000|100%| O|  |TAMS 0x0000000083d00000, 0x0000000083d00000| Untracked 
|  48|0x0000000083e00000, 0x0000000083f00000, 0x0000000083f00000|100%| O|  |TAMS 0x0000000083e00000, 0x0000000083e00000| Untracked 
|  49|0x0000000083f00000, 0x0000000084000000, 0x0000000084000000|100%| O|  |TAMS 0x0000000083f00000, 0x0000000083f00000| Untracked 
|  50|0x0000000084000000, 0x0000000084100000, 0x0000000084100000|100%| O|  |TAMS 0x0000000084000000, 0x0000000084000000| Untracked 
|  51|0x0000000084100000, 0x0000000084200000, 0x0000000084200000|100%| O|  |TAMS 0x0000000084100000, 0x0000000084100000| Untracked 
|  52|0x0000000084200000, 0x0000000084300000, 0x0000000084300000|100%| O|  |TAMS 0x0000000084200000, 0x0000000084200000| Untracked 
|  53|0x0000000084300000, 0x0000000084400000, 0x0000000084400000|100%| O|  |TAMS 0x0000000084300000, 0x0000000084300000| Untracked 
|  54|0x0000000084400000, 0x0000000084500000, 0x0000000084500000|100%| O|  |TAMS 0x0000000084400000, 0x0000000084400000| Untracked 
|  55|0x0000000084500000, 0x0000000084600000, 0x0000000084600000|100%| O|  |TAMS 0x0000000084500000, 0x0000000084500000| Untracked 
|  56|0x0000000084600000, 0x0000000084700000, 0x0000000084700000|100%| O|  |TAMS 0x0000000084600000, 0x0000000084600000| Untracked 
|  57|0x0000000084700000, 0x0000000084800000, 0x0000000084800000|100%| O|  |TAMS 0x0000000084700000, 0x0000000084700000| Untracked 
|  58|0x0000000084800000, 0x0000000084900000, 0x0000000084900000|100%| O|  |TAMS 0x0000000084800000, 0x0000000084800000| Untracked 
|  59|0x0000000084900000, 0x0000000084a00000, 0x0000000084a00000|100%| O|  |TAMS 0x0000000084900000, 0x0000000084900000| Untracked 
|  60|0x0000000084a00000, 0x0000000084b00000, 0x0000000084b00000|100%| O|  |TAMS 0x0000000084a00000, 0x0000000084a00000| Untracked 
|  61|0x0000000084b00000, 0x0000000084c00000, 0x0000000084c00000|100%| O|  |TAMS 0x0000000084b00000, 0x0000000084b00000| Untracked 
|  62|0x0000000084c00000, 0x0000000084d00000, 0x0000000084d00000|100%| O|  |TAMS 0x0000000084c00000, 0x0000000084c00000| Untracked 
|  63|0x0000000084d00000, 0x0000000084e00000, 0x0000000084e00000|100%| O|  |TAMS 0x0000000084d00000, 0x0000000084d00000| Untracked 
|  64|0x0000000084e00000, 0x0000000084f00000, 0x0000000084f00000|100%| O|  |TAMS 0x0000000084e00000, 0x0000000084e00000| Untracked 
|  65|0x0000000084f00000, 0x0000000085000000, 0x0000000085000000|100%| O|  |TAMS 0x0000000084f00000, 0x0000000084f00000| Untracked 
|  66|0x0000000085000000, 0x0000000085100000, 0x0000000085100000|100%| O|  |TAMS 0x0000000085000000, 0x0000000085000000| Untracked 
|  67|0x0000000085100000, 0x0000000085200000, 0x0000000085200000|100%|HS|  |TAMS 0x0000000085100000, 0x0000000085100000| Complete 
|  68|0x0000000085200000, 0x0000000085300000, 0x0000000085300000|100%|HC|  |TAMS 0x0000000085200000, 0x0000000085200000| Complete 
|  69|0x0000000085300000, 0x0000000085400000, 0x0000000085400000|100%| O|  |TAMS 0x0000000085300000, 0x0000000085300000| Untracked 
|  70|0x0000000085400000, 0x0000000085500000, 0x0000000085500000|100%| O|  |TAMS 0x0000000085400000, 0x0000000085400000| Untracked 
|  71|0x0000000085500000, 0x0000000085600000, 0x0000000085600000|100%| O|  |TAMS 0x0000000085500000, 0x0000000085500000| Untracked 
|  72|0x0000000085600000, 0x0000000085700000, 0x0000000085700000|100%| O|  |TAMS 0x0000000085600000, 0x0000000085600000| Untracked 
|  73|0x0000000085700000, 0x000000008577f400, 0x0000000085800000| 49%| O|  |TAMS 0x0000000085700000, 0x0000000085700000| Untracked 
|  74|0x0000000085800000, 0x0000000085800000, 0x0000000085900000|  0%| F|  |TAMS 0x0000000085800000, 0x0000000085800000| Untracked 
|  75|0x0000000085900000, 0x0000000085900000, 0x0000000085a00000|  0%| F|  |TAMS 0x0000000085900000, 0x0000000085900000| Untracked 
|  76|0x0000000085a00000, 0x0000000085a00000, 0x0000000085b00000|  0%| F|  |TAMS 0x0000000085a00000, 0x0000000085a00000| Untracked 
|  77|0x0000000085b00000, 0x0000000085b00000, 0x0000000085c00000|  0%| F|  |TAMS 0x0000000085b00000, 0x0000000085b00000| Untracked 
|  78|0x0000000085c00000, 0x0000000085c00000, 0x0000000085d00000|  0%| F|  |TAMS 0x0000000085c00000, 0x0000000085c00000| Untracked 
|  79|0x0000000085d00000, 0x0000000085d00000, 0x0000000085e00000|  0%| F|  |TAMS 0x0000000085d00000, 0x0000000085d00000| Untracked 
|  80|0x0000000085e00000, 0x0000000085e00000, 0x0000000085f00000|  0%| F|  |TAMS 0x0000000085e00000, 0x0000000085e00000| Untracked 
|  81|0x0000000085f00000, 0x0000000085f00000, 0x0000000086000000|  0%| F|  |TAMS 0x0000000085f00000, 0x0000000085f00000| Untracked 
|  82|0x0000000086000000, 0x0000000086000000, 0x0000000086100000|  0%| F|  |TAMS 0x0000000086000000, 0x0000000086000000| Untracked 
|  83|0x0000000086100000, 0x0000000086100000, 0x0000000086200000|  0%| F|  |TAMS 0x0000000086100000, 0x0000000086100000| Untracked 
|  84|0x0000000086200000, 0x0000000086200000, 0x0000000086300000|  0%| F|  |TAMS 0x0000000086200000, 0x0000000086200000| Untracked 
|  85|0x0000000086300000, 0x0000000086300000, 0x0000000086400000|  0%| F|  |TAMS 0x0000000086300000, 0x0000000086300000| Untracked 
|  86|0x0000000086400000, 0x0000000086400000, 0x0000000086500000|  0%| F|  |TAMS 0x0000000086400000, 0x0000000086400000| Untracked 
|  87|0x0000000086500000, 0x0000000086500000, 0x0000000086600000|  0%| F|  |TAMS 0x0000000086500000, 0x0000000086500000| Untracked 
|  88|0x0000000086600000, 0x0000000086600000, 0x0000000086700000|  0%| F|  |TAMS 0x0000000086600000, 0x0000000086600000| Untracked 
|  89|0x0000000086700000, 0x0000000086700000, 0x0000000086800000|  0%| F|  |TAMS 0x0000000086700000, 0x0000000086700000| Untracked 
|  90|0x0000000086800000, 0x0000000086800000, 0x0000000086900000|  0%| F|  |TAMS 0x0000000086800000, 0x0000000086800000| Untracked 
|  91|0x0000000086900000, 0x0000000086900000, 0x0000000086a00000|  0%| F|  |TAMS 0x0000000086900000, 0x0000000086900000| Untracked 
|  92|0x0000000086a00000, 0x0000000086a00000, 0x0000000086b00000|  0%| F|  |TAMS 0x0000000086a00000, 0x0000000086a00000| Untracked 
|  93|0x0000000086b00000, 0x0000000086b00000, 0x0000000086c00000|  0%| F|  |TAMS 0x0000000086b00000, 0x0000000086b00000| Untracked 
|  94|0x0000000086c00000, 0x0000000086c00000, 0x0000000086d00000|  0%| F|  |TAMS 0x0000000086c00000, 0x0000000086c00000| Untracked 
|  95|0x0000000086d00000, 0x0000000086d00000, 0x0000000086e00000|  0%| F|  |TAMS 0x0000000086d00000, 0x0000000086d00000| Untracked 
|  96|0x0000000086e00000, 0x0000000086e00000, 0x0000000086f00000|  0%| F|  |TAMS 0x0000000086e00000, 0x0000000086e00000| Untracked 
|  97|0x0000000086f00000, 0x0000000086f00000, 0x0000000087000000|  0%| F|  |TAMS 0x0000000086f00000, 0x0000000086f00000| Untracked 
|  98|0x0000000087000000, 0x0000000087000000, 0x0000000087100000|  0%| F|  |TAMS 0x0000000087000000, 0x0000000087000000| Untracked 
|  99|0x0000000087100000, 0x0000000087100000, 0x0000000087200000|  0%| F|  |TAMS 0x0000000087100000, 0x0000000087100000| Untracked 
| 100|0x0000000087200000, 0x0000000087200000, 0x0000000087300000|  0%| F|  |TAMS 0x0000000087200000, 0x0000000087200000| Untracked 
| 101|0x0000000087300000, 0x0000000087300000, 0x0000000087400000|  0%| F|  |TAMS 0x0000000087300000, 0x0000000087300000| Untracked 
| 102|0x0000000087400000, 0x0000000087400000, 0x0000000087500000|  0%| F|  |TAMS 0x0000000087400000, 0x0000000087400000| Untracked 
| 103|0x0000000087500000, 0x0000000087500000, 0x0000000087600000|  0%| F|  |TAMS 0x0000000087500000, 0x0000000087500000| Untracked 
| 104|0x0000000087600000, 0x0000000087600000, 0x0000000087700000|  0%| F|  |TAMS 0x0000000087600000, 0x0000000087600000| Untracked 
| 105|0x0000000087700000, 0x0000000087700000, 0x0000000087800000|  0%| F|  |TAMS 0x0000000087700000, 0x0000000087700000| Untracked 
| 106|0x0000000087800000, 0x0000000087800000, 0x0000000087900000|  0%| F|  |TAMS 0x0000000087800000, 0x0000000087800000| Untracked 
| 107|0x0000000087900000, 0x0000000087900000, 0x0000000087a00000|  0%| F|  |TAMS 0x0000000087900000, 0x0000000087900000| Untracked 
| 108|0x0000000087a00000, 0x0000000087a00000, 0x0000000087b00000|  0%| F|  |TAMS 0x0000000087a00000, 0x0000000087a00000| Untracked 
| 109|0x0000000087b00000, 0x0000000087b00000, 0x0000000087c00000|  0%| F|  |TAMS 0x0000000087b00000, 0x0000000087b00000| Untracked 
| 110|0x0000000087c00000, 0x0000000087c00000, 0x0000000087d00000|  0%| F|  |TAMS 0x0000000087c00000, 0x0000000087c00000| Untracked 
| 111|0x0000000087d00000, 0x0000000087d00000, 0x0000000087e00000|  0%| F|  |TAMS 0x0000000087d00000, 0x0000000087d00000| Untracked 
| 112|0x0000000087e00000, 0x0000000087e00000, 0x0000000087f00000|  0%| F|  |TAMS 0x0000000087e00000, 0x0000000087e00000| Untracked 
| 113|0x0000000087f00000, 0x0000000087f00000, 0x0000000088000000|  0%| F|  |TAMS 0x0000000087f00000, 0x0000000087f00000| Untracked 
| 114|0x0000000088000000, 0x0000000088000000, 0x0000000088100000|  0%| F|  |TAMS 0x0000000088000000, 0x0000000088000000| Untracked 
| 115|0x0000000088100000, 0x0000000088100000, 0x0000000088200000|  0%| F|  |TAMS 0x0000000088100000, 0x0000000088100000| Untracked 
| 116|0x0000000088200000, 0x0000000088200000, 0x0000000088300000|  0%| F|  |TAMS 0x0000000088200000, 0x0000000088200000| Untracked 
| 117|0x0000000088300000, 0x0000000088300000, 0x0000000088400000|  0%| F|  |TAMS 0x0000000088300000, 0x0000000088300000| Untracked 
| 118|0x0000000088400000, 0x0000000088400000, 0x0000000088500000|  0%| F|  |TAMS 0x0000000088400000, 0x0000000088400000| Untracked 
| 119|0x0000000088500000, 0x0000000088500000, 0x0000000088600000|  0%| F|  |TAMS 0x0000000088500000, 0x0000000088500000| Untracked 
| 120|0x0000000088600000, 0x0000000088600000, 0x0000000088700000|  0%| F|  |TAMS 0x0000000088600000, 0x0000000088600000| Untracked 
| 121|0x0000000088700000, 0x0000000088700000, 0x0000000088800000|  0%| F|  |TAMS 0x0000000088700000, 0x0000000088700000| Untracked 
| 122|0x0000000088800000, 0x0000000088800000, 0x0000000088900000|  0%| F|  |TAMS 0x0000000088800000, 0x0000000088800000| Untracked 
| 123|0x0000000088900000, 0x0000000088900000, 0x0000000088a00000|  0%| F|  |TAMS 0x0000000088900000, 0x0000000088900000| Untracked 
| 124|0x0000000088a00000, 0x0000000088a00000, 0x0000000088b00000|  0%| F|  |TAMS 0x0000000088a00000, 0x0000000088a00000| Untracked 
| 125|0x0000000088b00000, 0x0000000088b00000, 0x0000000088c00000|  0%| F|  |TAMS 0x0000000088b00000, 0x0000000088b00000| Untracked 
| 126|0x0000000088c00000, 0x0000000088c00000, 0x0000000088d00000|  0%| F|  |TAMS 0x0000000088c00000, 0x0000000088c00000| Untracked 
| 127|0x0000000088d00000, 0x0000000088d00000, 0x0000000088e00000|  0%| F|  |TAMS 0x0000000088d00000, 0x0000000088d00000| Untracked 
| 128|0x0000000088e00000, 0x0000000088e00000, 0x0000000088f00000|  0%| F|  |TAMS 0x0000000088e00000, 0x0000000088e00000| Untracked 
| 129|0x0000000088f00000, 0x0000000088f00000, 0x0000000089000000|  0%| F|  |TAMS 0x0000000088f00000, 0x0000000088f00000| Untracked 
| 130|0x0000000089000000, 0x0000000089000000, 0x0000000089100000|  0%| F|  |TAMS 0x0000000089000000, 0x0000000089000000| Untracked 
| 131|0x0000000089100000, 0x0000000089100000, 0x0000000089200000|  0%| F|  |TAMS 0x0000000089100000, 0x0000000089100000| Untracked 
| 132|0x0000000089200000, 0x0000000089200000, 0x0000000089300000|  0%| F|  |TAMS 0x0000000089200000, 0x0000000089200000| Untracked 
| 133|0x0000000089300000, 0x0000000089300000, 0x0000000089400000|  0%| F|  |TAMS 0x0000000089300000, 0x0000000089300000| Untracked 
| 134|0x0000000089400000, 0x0000000089400000, 0x0000000089500000|  0%| F|  |TAMS 0x0000000089400000, 0x0000000089400000| Untracked 
| 135|0x0000000089500000, 0x0000000089500000, 0x0000000089600000|  0%| F|  |TAMS 0x0000000089500000, 0x0000000089500000| Untracked 
| 136|0x0000000089600000, 0x0000000089600000, 0x0000000089700000|  0%| F|  |TAMS 0x0000000089600000, 0x0000000089600000| Untracked 
| 137|0x0000000089700000, 0x0000000089700000, 0x0000000089800000|  0%| F|  |TAMS 0x0000000089700000, 0x0000000089700000| Untracked 
| 138|0x0000000089800000, 0x0000000089800000, 0x0000000089900000|  0%| F|  |TAMS 0x0000000089800000, 0x0000000089800000| Untracked 
| 139|0x0000000089900000, 0x0000000089900000, 0x0000000089a00000|  0%| F|  |TAMS 0x0000000089900000, 0x0000000089900000| Untracked 
| 140|0x0000000089a00000, 0x0000000089a00000, 0x0000000089b00000|  0%| F|  |TAMS 0x0000000089a00000, 0x0000000089a00000| Untracked 
| 141|0x0000000089b00000, 0x0000000089b00000, 0x0000000089c00000|  0%| F|  |TAMS 0x0000000089b00000, 0x0000000089b00000| Untracked 
| 142|0x0000000089c00000, 0x0000000089c00000, 0x0000000089d00000|  0%| F|  |TAMS 0x0000000089c00000, 0x0000000089c00000| Untracked 
| 143|0x0000000089d00000, 0x0000000089d00000, 0x0000000089e00000|  0%| F|  |TAMS 0x0000000089d00000, 0x0000000089d00000| Untracked 
| 144|0x0000000089e00000, 0x0000000089e00000, 0x0000000089f00000|  0%| F|  |TAMS 0x0000000089e00000, 0x0000000089e00000| Untracked 
| 145|0x0000000089f00000, 0x0000000089f00000, 0x000000008a000000|  0%| F|  |TAMS 0x0000000089f00000, 0x0000000089f00000| Untracked 
| 146|0x000000008a000000, 0x000000008a000000, 0x000000008a100000|  0%| F|  |TAMS 0x000000008a000000, 0x000000008a000000| Untracked 
| 147|0x000000008a100000, 0x000000008a100000, 0x000000008a200000|  0%| F|  |TAMS 0x000000008a100000, 0x000000008a100000| Untracked 
| 148|0x000000008a200000, 0x000000008a200000, 0x000000008a300000|  0%| F|  |TAMS 0x000000008a200000, 0x000000008a200000| Untracked 
| 149|0x000000008a300000, 0x000000008a300000, 0x000000008a400000|  0%| F|  |TAMS 0x000000008a300000, 0x000000008a300000| Untracked 
| 150|0x000000008a400000, 0x000000008a400000, 0x000000008a500000|  0%| F|  |TAMS 0x000000008a400000, 0x000000008a400000| Untracked 
| 151|0x000000008a500000, 0x000000008a500000, 0x000000008a600000|  0%| F|  |TAMS 0x000000008a500000, 0x000000008a500000| Untracked 
| 152|0x000000008a600000, 0x000000008a600000, 0x000000008a700000|  0%| F|  |TAMS 0x000000008a600000, 0x000000008a600000| Untracked 
| 153|0x000000008a700000, 0x000000008a700000, 0x000000008a800000|  0%| F|  |TAMS 0x000000008a700000, 0x000000008a700000| Untracked 
| 154|0x000000008a800000, 0x000000008a800000, 0x000000008a900000|  0%| F|  |TAMS 0x000000008a800000, 0x000000008a800000| Untracked 
| 155|0x000000008a900000, 0x000000008a900000, 0x000000008aa00000|  0%| F|  |TAMS 0x000000008a900000, 0x000000008a900000| Untracked 
| 156|0x000000008aa00000, 0x000000008aa00000, 0x000000008ab00000|  0%| F|  |TAMS 0x000000008aa00000, 0x000000008aa00000| Untracked 
| 157|0x000000008ab00000, 0x000000008ab00000, 0x000000008ac00000|  0%| F|  |TAMS 0x000000008ab00000, 0x000000008ab00000| Untracked 
| 158|0x000000008ac00000, 0x000000008ac00000, 0x000000008ad00000|  0%| F|  |TAMS 0x000000008ac00000, 0x000000008ac00000| Untracked 
| 159|0x000000008ad00000, 0x000000008ad00000, 0x000000008ae00000|  0%| F|  |TAMS 0x000000008ad00000, 0x000000008ad00000| Untracked 
| 160|0x000000008ae00000, 0x000000008ae00000, 0x000000008af00000|  0%| F|  |TAMS 0x000000008ae00000, 0x000000008ae00000| Untracked 
| 161|0x000000008af00000, 0x000000008af00000, 0x000000008b000000|  0%| F|  |TAMS 0x000000008af00000, 0x000000008af00000| Untracked 
| 162|0x000000008b000000, 0x000000008b000000, 0x000000008b100000|  0%| F|  |TAMS 0x000000008b000000, 0x000000008b000000| Untracked 
| 163|0x000000008b100000, 0x000000008b100000, 0x000000008b200000|  0%| F|  |TAMS 0x000000008b100000, 0x000000008b100000| Untracked 
| 164|0x000000008b200000, 0x000000008b200000, 0x000000008b300000|  0%| F|  |TAMS 0x000000008b200000, 0x000000008b200000| Untracked 
| 165|0x000000008b300000, 0x000000008b300000, 0x000000008b400000|  0%| F|  |TAMS 0x000000008b300000, 0x000000008b300000| Untracked 
| 166|0x000000008b400000, 0x000000008b400000, 0x000000008b500000|  0%| F|  |TAMS 0x000000008b400000, 0x000000008b400000| Untracked 
| 167|0x000000008b500000, 0x000000008b500000, 0x000000008b600000|  0%| F|  |TAMS 0x000000008b500000, 0x000000008b500000| Untracked 
| 168|0x000000008b600000, 0x000000008b600000, 0x000000008b700000|  0%| F|  |TAMS 0x000000008b600000, 0x000000008b600000| Untracked 
| 169|0x000000008b700000, 0x000000008b700000, 0x000000008b800000|  0%| F|  |TAMS 0x000000008b700000, 0x000000008b700000| Untracked 
| 170|0x000000008b800000, 0x000000008b800000, 0x000000008b900000|  0%| F|  |TAMS 0x000000008b800000, 0x000000008b800000| Untracked 
| 171|0x000000008b900000, 0x000000008b900000, 0x000000008ba00000|  0%| F|  |TAMS 0x000000008b900000, 0x000000008b900000| Untracked 
| 172|0x000000008ba00000, 0x000000008ba00000, 0x000000008bb00000|  0%| F|  |TAMS 0x000000008ba00000, 0x000000008ba00000| Untracked 
| 173|0x000000008bb00000, 0x000000008bb00000, 0x000000008bc00000|  0%| F|  |TAMS 0x000000008bb00000, 0x000000008bb00000| Untracked 
| 174|0x000000008bc00000, 0x000000008bc00000, 0x000000008bd00000|  0%| F|  |TAMS 0x000000008bc00000, 0x000000008bc00000| Untracked 
| 175|0x000000008bd00000, 0x000000008bd00000, 0x000000008be00000|  0%| F|  |TAMS 0x000000008bd00000, 0x000000008bd00000| Untracked 
| 176|0x000000008be00000, 0x000000008be00000, 0x000000008bf00000|  0%| F|  |TAMS 0x000000008be00000, 0x000000008be00000| Untracked 
| 177|0x000000008bf00000, 0x000000008bf00000, 0x000000008c000000|  0%| F|  |TAMS 0x000000008bf00000, 0x000000008bf00000| Untracked 
| 178|0x000000008c000000, 0x000000008c000000, 0x000000008c100000|  0%| F|  |TAMS 0x000000008c000000, 0x000000008c000000| Untracked 
| 179|0x000000008c100000, 0x000000008c100000, 0x000000008c200000|  0%| F|  |TAMS 0x000000008c100000, 0x000000008c100000| Untracked 
| 180|0x000000008c200000, 0x000000008c200000, 0x000000008c300000|  0%| F|  |TAMS 0x000000008c200000, 0x000000008c200000| Untracked 
| 181|0x000000008c300000, 0x000000008c300000, 0x000000008c400000|  0%| F|  |TAMS 0x000000008c300000, 0x000000008c300000| Untracked 
| 182|0x000000008c400000, 0x000000008c400000, 0x000000008c500000|  0%| F|  |TAMS 0x000000008c400000, 0x000000008c400000| Untracked 
| 183|0x000000008c500000, 0x000000008c500000, 0x000000008c600000|  0%| F|  |TAMS 0x000000008c500000, 0x000000008c500000| Untracked 
| 184|0x000000008c600000, 0x000000008c600000, 0x000000008c700000|  0%| F|  |TAMS 0x000000008c600000, 0x000000008c600000| Untracked 
| 185|0x000000008c700000, 0x000000008c700000, 0x000000008c800000|  0%| F|  |TAMS 0x000000008c700000, 0x000000008c700000| Untracked 
| 186|0x000000008c800000, 0x000000008c800000, 0x000000008c900000|  0%| F|  |TAMS 0x000000008c800000, 0x000000008c800000| Untracked 
| 187|0x000000008c900000, 0x000000008c900000, 0x000000008ca00000|  0%| F|  |TAMS 0x000000008c900000, 0x000000008c900000| Untracked 
| 188|0x000000008ca00000, 0x000000008ca00000, 0x000000008cb00000|  0%| F|  |TAMS 0x000000008ca00000, 0x000000008ca00000| Untracked 
| 189|0x000000008cb00000, 0x000000008cb00000, 0x000000008cc00000|  0%| F|  |TAMS 0x000000008cb00000, 0x000000008cb00000| Untracked 
| 190|0x000000008cc00000, 0x000000008cc00000, 0x000000008cd00000|  0%| F|  |TAMS 0x000000008cc00000, 0x000000008cc00000| Untracked 
| 191|0x000000008cd00000, 0x000000008cd00000, 0x000000008ce00000|  0%| F|  |TAMS 0x000000008cd00000, 0x000000008cd00000| Untracked 
| 192|0x000000008ce00000, 0x000000008ce00000, 0x000000008cf00000|  0%| F|  |TAMS 0x000000008ce00000, 0x000000008ce00000| Untracked 
| 193|0x000000008cf00000, 0x000000008cf00000, 0x000000008d000000|  0%| F|  |TAMS 0x000000008cf00000, 0x000000008cf00000| Untracked 
| 194|0x000000008d000000, 0x000000008d000000, 0x000000008d100000|  0%| F|  |TAMS 0x000000008d000000, 0x000000008d000000| Untracked 
| 195|0x000000008d100000, 0x000000008d100000, 0x000000008d200000|  0%| F|  |TAMS 0x000000008d100000, 0x000000008d100000| Untracked 
| 196|0x000000008d200000, 0x000000008d200000, 0x000000008d300000|  0%| F|  |TAMS 0x000000008d200000, 0x000000008d200000| Untracked 
| 197|0x000000008d300000, 0x000000008d400000, 0x000000008d400000|100%| S|CS|TAMS 0x000000008d300000, 0x000000008d300000| Complete 
| 198|0x000000008d400000, 0x000000008d500000, 0x000000008d500000|100%| S|CS|TAMS 0x000000008d400000, 0x000000008d400000| Complete 
| 199|0x000000008d500000, 0x000000008d600000, 0x000000008d600000|100%| S|CS|TAMS 0x000000008d500000, 0x000000008d500000| Complete 
| 200|0x000000008d600000, 0x000000008d600000, 0x000000008d700000|  0%| F|  |TAMS 0x000000008d600000, 0x000000008d600000| Untracked 
| 201|0x000000008d700000, 0x000000008d700000, 0x000000008d800000|  0%| F|  |TAMS 0x000000008d700000, 0x000000008d700000| Untracked 
| 202|0x000000008d800000, 0x000000008d800000, 0x000000008d900000|  0%| F|  |TAMS 0x000000008d800000, 0x000000008d800000| Untracked 
| 203|0x000000008d900000, 0x000000008d900000, 0x000000008da00000|  0%| F|  |TAMS 0x000000008d900000, 0x000000008d900000| Untracked 
| 204|0x000000008da00000, 0x000000008da00000, 0x000000008db00000|  0%| F|  |TAMS 0x000000008da00000, 0x000000008da00000| Untracked 
| 205|0x000000008db00000, 0x000000008db00000, 0x000000008dc00000|  0%| F|  |TAMS 0x000000008db00000, 0x000000008db00000| Untracked 
| 206|0x000000008dc00000, 0x000000008dc00000, 0x000000008dd00000|  0%| F|  |TAMS 0x000000008dc00000, 0x000000008dc00000| Untracked 
| 207|0x000000008dd00000, 0x000000008dd00000, 0x000000008de00000|  0%| F|  |TAMS 0x000000008dd00000, 0x000000008dd00000| Untracked 
| 208|0x000000008de00000, 0x000000008de00000, 0x000000008df00000|  0%| F|  |TAMS 0x000000008de00000, 0x000000008de00000| Untracked 
| 209|0x000000008df00000, 0x000000008df00000, 0x000000008e000000|  0%| F|  |TAMS 0x000000008df00000, 0x000000008df00000| Untracked 
| 210|0x000000008e000000, 0x000000008e000000, 0x000000008e100000|  0%| F|  |TAMS 0x000000008e000000, 0x000000008e000000| Untracked 
| 211|0x000000008e100000, 0x000000008e100000, 0x000000008e200000|  0%| F|  |TAMS 0x000000008e100000, 0x000000008e100000| Untracked 
| 212|0x000000008e200000, 0x000000008e200000, 0x000000008e300000|  0%| F|  |TAMS 0x000000008e200000, 0x000000008e200000| Untracked 
| 213|0x000000008e300000, 0x000000008e300000, 0x000000008e400000|  0%| F|  |TAMS 0x000000008e300000, 0x000000008e300000| Untracked 
| 214|0x000000008e400000, 0x000000008e400000, 0x000000008e500000|  0%| F|  |TAMS 0x000000008e400000, 0x000000008e400000| Untracked 
| 215|0x000000008e500000, 0x000000008e500000, 0x000000008e600000|  0%| F|  |TAMS 0x000000008e500000, 0x000000008e500000| Untracked 
| 216|0x000000008e600000, 0x000000008e600000, 0x000000008e700000|  0%| F|  |TAMS 0x000000008e600000, 0x000000008e600000| Untracked 
| 217|0x000000008e700000, 0x000000008e700000, 0x000000008e800000|  0%| F|  |TAMS 0x000000008e700000, 0x000000008e700000| Untracked 
| 218|0x000000008e800000, 0x000000008e800000, 0x000000008e900000|  0%| F|  |TAMS 0x000000008e800000, 0x000000008e800000| Untracked 
| 219|0x000000008e900000, 0x000000008e900000, 0x000000008ea00000|  0%| F|  |TAMS 0x000000008e900000, 0x000000008e900000| Untracked 
| 220|0x000000008ea00000, 0x000000008ea00000, 0x000000008eb00000|  0%| F|  |TAMS 0x000000008ea00000, 0x000000008ea00000| Untracked 
| 221|0x000000008eb00000, 0x000000008eb00000, 0x000000008ec00000|  0%| F|  |TAMS 0x000000008eb00000, 0x000000008eb00000| Untracked 
| 222|0x000000008ec00000, 0x000000008ec00000, 0x000000008ed00000|  0%| F|  |TAMS 0x000000008ec00000, 0x000000008ec00000| Untracked 
| 223|0x000000008ed00000, 0x000000008ed00000, 0x000000008ee00000|  0%| F|  |TAMS 0x000000008ed00000, 0x000000008ed00000| Untracked 

Card table byte_map: [0x0000026d68ec0000,0x0000026d692c0000] _byte_map_base: 0x0000026d68ab9000

Marking Bits (Prev, Next): (CMBitMap*) 0x0000026d50db8070, (CMBitMap*) 0x0000026d50db8038
 Prev Bits: [0x0000026d6b690000, 0x0000026d6d658000)
 Next Bits: [0x0000026d696c0000, 0x0000026d6b688000)

Polling page: 0x0000026d4f4e0000

Metaspace:

Usage:
  Non-class:     14.42 MB capacity,    14.25 MB ( 99%) used,   146.53 KB ( <1%) free+waste,    27.56 KB ( <1%) overhead. 
      Class:      1.66 MB capacity,     1.55 MB ( 94%) used,    95.90 KB (  6%) free+waste,    11.56 KB ( <1%) overhead. 
       Both:     16.08 MB capacity,    15.80 MB ( 98%) used,   242.43 KB (  1%) free+waste,    39.13 KB ( <1%) overhead. 

Virtual space:
  Non-class space:       16.00 MB reserved,      14.50 MB ( 91%) committed 
      Class space:        1.00 GB reserved,       1.75 MB ( <1%) committed 
             Both:        1.02 GB reserved,      16.25 MB (  2%) committed 

Chunk freelists:
   Non-Class:  15.00 KB
       Class:  0 bytes
        Both:  15.00 KB

MaxMetaspaceSize: 17179869184.00 GB
CompressedClassSpaceSize: 1.00 GB
Initial GC threshold: 20.80 MB
Current GC threshold: 23.34 MB
CDS: off

CodeHeap 'non-profiled nmethods': size=120064Kb used=1238Kb max_used=1238Kb free=118825Kb
 bounds [0x0000026d60f60000, 0x0000026d611d0000, 0x0000026d684a0000]
CodeHeap 'profiled nmethods': size=120000Kb used=5669Kb max_used=5669Kb free=114330Kb
 bounds [0x0000026d59a30000, 0x0000026d59fc0000, 0x0000026d60f60000]
CodeHeap 'non-nmethods': size=5696Kb used=1156Kb max_used=1201Kb free=4540Kb
 bounds [0x0000026d594a0000, 0x0000026d59710000, 0x0000026d59a30000]
 total_blobs=2974 nmethods=2571 adapters=315
 compilation: enabled
              stopped_count=0, restarted_count=0
 full_count=0

Compilation events (20 events):
Event: 3.938 Thread 0x0000026d70402800 2612       2       java.io.FilterInputStream::read (9 bytes)
Event: 3.938 Thread 0x0000026d70402800 nmethod 2612 0x0000026d59fb4490 code [0x0000026d59fb4640, 0x0000026d59fb4768]
Event: 3.943 Thread 0x0000026d70402800 2613       2       com.sun.tools.javac.util.Iterators$CompoundIterator::next (35 bytes)
Event: 3.944 Thread 0x0000026d70402800 nmethod 2613 0x0000026d59fb4810 code [0x0000026d59fb49e0, 0x0000026d59fb4be8]
Event: 3.944 Thread 0x0000026d70402800 2614 %     3       com.sun.tools.javac.code.Kinds$KindSelector::of @ 10 (46 bytes)
Event: 3.944 Thread 0x0000026d70402800 nmethod 2614% 0x0000026d59fb4d10 code [0x0000026d59fb4ee0, 0x0000026d59fb5218]
Event: 3.952 Thread 0x0000026d70402800 2615       2       com.sun.tools.javac.comp.Check::checkNotRepeated (33 bytes)
Event: 3.953 Thread 0x0000026d70402800 nmethod 2615 0x0000026d59fb5410 code [0x0000026d59fb5620, 0x0000026d59fb59f8]
Event: 3.954 Thread 0x0000026d70402800 2616       2       jdk.nio.zipfs.ZipFileSystemProvider::newInputStream (9 bytes)
Event: 3.955 Thread 0x0000026d70402800 nmethod 2616 0x0000026d59fb5c90 code [0x0000026d59fb5e80, 0x0000026d59fb6188]
Event: 3.955 Thread 0x0000026d70402800 2618   !   2       com.sun.tools.javac.jvm.ClassReader::readInputStream (75 bytes)
Event: 3.955 Thread 0x0000026d70402800 nmethod 2618 0x0000026d59fb6310 code [0x0000026d59fb6540, 0x0000026d59fb6b68]
Event: 3.955 Thread 0x0000026d70402800 2617       2       jdk.nio.zipfs.ZipPath::newInputStream (66 bytes)
Event: 3.956 Thread 0x0000026d70402800 nmethod 2617 0x0000026d59fb7010 code [0x0000026d59fb7200, 0x0000026d59fb74d8]
Event: 3.956 Thread 0x0000026d70402800 2619       2       com.sun.tools.javac.jvm.ClassReader$4::read (35 bytes)
Event: 3.956 Thread 0x0000026d70402800 nmethod 2619 0x0000026d59fb7710 code [0x0000026d59fb78c0, 0x0000026d59fb79f8]
Event: 3.964 Thread 0x0000026d70402800 2622       2       com.sun.tools.javac.code.Scope$ScopeImpl::enter (108 bytes)
Event: 3.964 Thread 0x0000026d70402800 nmethod 2622 0x0000026d59fb7b10 code [0x0000026d59fb7d20, 0x0000026d59fb82f8]
Event: 3.967 Thread 0x0000026d70402800 2623       3       com.sun.tools.javac.jvm.ClassReader::indexPool (268 bytes)
Event: 3.967 Thread 0x0000026d70402800 nmethod 2623 0x0000026d59fb8590 code [0x0000026d59fb87e0, 0x0000026d59fb93c8]

GC Heap History (20 events):
Event: 2.138 GC heap after
{Heap after GC invocations=37 (full 0):
 garbage-first heap   total 57344K, used 18721K [0x0000000080e00000, 0x0000000100000000)
  region size 1024K, 1 young (1024K), 1 survivors (1024K)
 Metaspace       used 13776K, capacity 14004K, committed 14080K, reserved 1062912K
  class space    used 1436K, capacity 1503K, committed 1536K, reserved 1048576K
}
Event: 2.214 GC heap before
{Heap before GC invocations=38 (full 0):
 garbage-first heap   total 57344K, used 32033K [0x0000000080e00000, 0x0000000100000000)
  region size 1024K, 9 young (9216K), 1 survivors (1024K)
 Metaspace       used 13780K, capacity 14068K, committed 14336K, reserved 1062912K
  class space    used 1436K, capacity 1503K, committed 1536K, reserved 1048576K
}
Event: 2.220 GC heap after
{Heap after GC invocations=39 (full 0):
 garbage-first heap   total 57344K, used 24104K [0x0000000080e00000, 0x0000000100000000)
  region size 1024K, 2 young (2048K), 2 survivors (2048K)
 Metaspace       used 13780K, capacity 14068K, committed 14336K, reserved 1062912K
  class space    used 1436K, capacity 1503K, committed 1536K, reserved 1048576K
}
Event: 2.263 GC heap before
{Heap before GC invocations=40 (full 0):
 garbage-first heap   total 57344K, used 30248K [0x0000000080e00000, 0x0000000100000000)
  region size 1024K, 6 young (6144K), 2 survivors (2048K)
 Metaspace       used 13780K, capacity 14068K, committed 14336K, reserved 1062912K
  class space    used 1436K, capacity 1503K, committed 1536K, reserved 1048576K
}
Event: 2.272 GC heap after
{Heap after GC invocations=41 (full 0):
 garbage-first heap   total 114688K, used 25074K [0x0000000080e00000, 0x0000000100000000)
  region size 1024K, 1 young (1024K), 1 survivors (1024K)
 Metaspace       used 13780K, capacity 14068K, committed 14336K, reserved 1062912K
  class space    used 1436K, capacity 1503K, committed 1536K, reserved 1048576K
}
Event: 2.472 GC heap before
{Heap before GC invocations=42 (full 0):
 garbage-first heap   total 114688K, used 34290K [0x0000000080e00000, 0x0000000100000000)
  region size 1024K, 7 young (7168K), 1 survivors (1024K)
 Metaspace       used 13866K, capacity 14133K, committed 14336K, reserved 1062912K
  class space    used 1436K, capacity 1503K, committed 1536K, reserved 1048576K
}
Event: 2.478 GC heap after
{Heap after GC invocations=43 (full 0):
 garbage-first heap   total 114688K, used 26948K [0x0000000080e00000, 0x0000000100000000)
  region size 1024K, 1 young (1024K), 1 survivors (1024K)
 Metaspace       used 13866K, capacity 14133K, committed 14336K, reserved 1062912K
  class space    used 1436K, capacity 1503K, committed 1536K, reserved 1048576K
}
Event: 2.647 GC heap before
{Heap before GC invocations=43 (full 0):
 garbage-first heap   total 114688K, used 33092K [0x0000000080e00000, 0x0000000100000000)
  region size 1024K, 8 young (8192K), 1 survivors (1024K)
 Metaspace       used 13910K, capacity 14198K, committed 14336K, reserved 1062912K
  class space    used 1436K, capacity 1503K, committed 1536K, reserved 1048576K
}
Event: 2.653 GC heap after
{Heap after GC invocations=44 (full 0):
 garbage-first heap   total 114688K, used 29383K [0x0000000080e00000, 0x0000000100000000)
  region size 1024K, 1 young (1024K), 1 survivors (1024K)
 Metaspace       used 13910K, capacity 14198K, committed 14336K, reserved 1062912K
  class space    used 1436K, capacity 1503K, committed 1536K, reserved 1048576K
}
Event: 2.888 GC heap before
{Heap before GC invocations=44 (full 0):
 garbage-first heap   total 114688K, used 40647K [0x0000000080e00000, 0x0000000100000000)
  region size 1024K, 10 young (10240K), 1 survivors (1024K)
 Metaspace       used 15014K, capacity 15301K, committed 15488K, reserved 1062912K
  class space    used 1522K, capacity 1636K, committed 1664K, reserved 1048576K
}
Event: 2.896 GC heap after
{Heap after GC invocations=45 (full 0):
 garbage-first heap   total 114688K, used 35026K [0x0000000080e00000, 0x0000000100000000)
  region size 1024K, 2 young (2048K), 2 survivors (2048K)
 Metaspace       used 15014K, capacity 15301K, committed 15488K, reserved 1062912K
  class space    used 1522K, capacity 1636K, committed 1664K, reserved 1048576K
}
Event: 3.310 GC heap before
{Heap before GC invocations=45 (full 0):
 garbage-first heap   total 114688K, used 47314K [0x0000000080e00000, 0x0000000100000000)
  region size 1024K, 13 young (13312K), 2 survivors (2048K)
 Metaspace       used 15339K, capacity 15671K, committed 15872K, reserved 1062912K
  class space    used 1543K, capacity 1674K, committed 1792K, reserved 1048576K
}
Event: 3.322 GC heap after
{Heap after GC invocations=46 (full 0):
 garbage-first heap   total 229376K, used 38808K [0x0000000080e00000, 0x0000000100000000)
  region size 1024K, 2 young (2048K), 2 survivors (2048K)
 Metaspace       used 15339K, capacity 15671K, committed 15872K, reserved 1062912K
  class space    used 1543K, capacity 1674K, committed 1792K, reserved 1048576K
}
Event: 3.473 GC heap before
{Heap before GC invocations=46 (full 0):
 garbage-first heap   total 229376K, used 53144K [0x0000000080e00000, 0x0000000100000000)
  region size 1024K, 16 young (16384K), 2 survivors (2048K)
 Metaspace       used 15810K, capacity 16118K, committed 16384K, reserved 1064960K
  class space    used 1581K, capacity 1692K, committed 1792K, reserved 1048576K
}
Event: 3.513 GC heap after
{Heap after GC invocations=47 (full 0):
 garbage-first heap   total 229376K, used 46798K [0x0000000080e00000, 0x0000000100000000)
  region size 1024K, 2 young (2048K), 2 survivors (2048K)
 Metaspace       used 15810K, capacity 16118K, committed 16384K, reserved 1064960K
  class space    used 1581K, capacity 1692K, committed 1792K, reserved 1048576K
}
Event: 3.567 GC heap before
{Heap before GC invocations=47 (full 0):
 garbage-first heap   total 229376K, used 63182K [0x0000000080e00000, 0x0000000100000000)
  region size 1024K, 18 young (18432K), 2 survivors (2048K)
 Metaspace       used 15862K, capacity 16126K, committed 16384K, reserved 1064960K
  class space    used 1583K, capacity 1695K, committed 1792K, reserved 1048576K
}
Event: 3.592 GC heap after
{Heap after GC invocations=48 (full 0):
 garbage-first heap   total 229376K, used 59697K [0x0000000080e00000, 0x0000000100000000)
  region size 1024K, 3 young (3072K), 3 survivors (3072K)
 Metaspace       used 15862K, capacity 16126K, committed 16384K, reserved 1064960K
  class space    used 1583K, capacity 1695K, committed 1792K, reserved 1048576K
}
Event: 3.718 GC heap before
{Heap before GC invocations=48 (full 0):
 garbage-first heap   total 229376K, used 78129K [0x0000000080e00000, 0x0000000100000000)
  region size 1024K, 21 young (21504K), 3 survivors (3072K)
 Metaspace       used 16046K, capacity 16387K, committed 16640K, reserved 1064960K
  class space    used 1587K, capacity 1695K, committed 1792K, reserved 1048576K
}
Event: 3.740 GC heap after
{Heap after GC invocations=49 (full 0):
 garbage-first heap   total 229376K, used 71159K [0x0000000080e00000, 0x0000000100000000)
  region size 1024K, 3 young (3072K), 3 survivors (3072K)
 Metaspace       used 16046K, capacity 16387K, committed 16640K, reserved 1064960K
  class space    used 1587K, capacity 1695K, committed 1792K, reserved 1048576K
}
Event: 3.970 GC heap before
{Heap before GC invocations=49 (full 0):
 garbage-first heap   total 229376K, used 94711K [0x0000000080e00000, 0x0000000100000000)
  region size 1024K, 24 young (24576K), 3 survivors (3072K)
 Metaspace       used 16183K, capacity 16465K, committed 16640K, reserved 1064960K
  class space    used 1588K, capacity 1696K, committed 1792K, reserved 1048576K
}

Deoptimization events (20 events):
Event: 3.639 Thread 0x0000026d50d78800 Uncommon trap: trap_request=0xffffffc6 fr.pc=0x0000026d61074820 relative=0x0000000000000640
Event: 3.639 Thread 0x0000026d50d78800 Uncommon trap: reason=bimorphic_or_optimized_type_check action=maybe_recompile pc=0x0000026d61074820 method=com.sun.tools.javac.comp.Attr.attribTree(Lcom/sun/tools/javac/tree/JCTree;Lcom/sun/tools/javac/comp/Env;Lcom/sun/tools/javac/comp/Attr$ResultInfo;)
Event: 3.639 Thread 0x0000026d50d78800 DEOPT PACKING pc=0x0000026d61074820 sp=0x00000080a8ffcfe0
Event: 3.639 Thread 0x0000026d50d78800 DEOPT UNPACKING pc=0x0000026d594ea1af sp=0x00000080a8ffcfb0 mode 2
Event: 3.639 Thread 0x0000026d50d78800 Uncommon trap: trap_request=0xffffffc6 fr.pc=0x0000026d61074820 relative=0x0000000000000640
Event: 3.639 Thread 0x0000026d50d78800 Uncommon trap: reason=bimorphic_or_optimized_type_check action=maybe_recompile pc=0x0000026d61074820 method=com.sun.tools.javac.comp.Attr.attribTree(Lcom/sun/tools/javac/tree/JCTree;Lcom/sun/tools/javac/comp/Env;Lcom/sun/tools/javac/comp/Attr$ResultInfo;)
Event: 3.639 Thread 0x0000026d50d78800 DEOPT PACKING pc=0x0000026d61074820 sp=0x00000080a8ffe2b0
Event: 3.639 Thread 0x0000026d50d78800 DEOPT UNPACKING pc=0x0000026d594ea1af sp=0x00000080a8ffe260 mode 2
Event: 3.670 Thread 0x0000026d50d78800 Uncommon trap: trap_request=0xffffff4d fr.pc=0x0000026d61075e78 relative=0x0000000000000378
Event: 3.670 Thread 0x0000026d50d78800 Uncommon trap: reason=unstable_if action=reinterpret pc=0x0000026d61075e78 method=com.sun.tools.javac.comp.Check.checkUnique(Lcom/sun/tools/javac/util/JCDiagnostic$DiagnosticPosition;Lcom/sun/tools/javac/code/Symbol;Lcom/sun/tools/javac/code/Scope;)Z @ 56
Event: 3.670 Thread 0x0000026d50d78800 DEOPT PACKING pc=0x0000026d61075e78 sp=0x00000080a8ffe230
Event: 3.670 Thread 0x0000026d50d78800 DEOPT UNPACKING pc=0x0000026d594ea1af sp=0x00000080a8ffe1f0 mode 2
Event: 3.709 Thread 0x0000026d50d78800 DEOPT PACKING pc=0x0000026d59e1549e sp=0x00000080a8ffcbb0
Event: 3.709 Thread 0x0000026d50d78800 DEOPT UNPACKING pc=0x0000026d594ea95e sp=0x00000080a8ffc010 mode 0
Event: 3.959 Thread 0x0000026d50d78800 Uncommon trap: trap_request=0xffffff4d fr.pc=0x0000026d610798ac relative=0x0000000000000cac
Event: 3.959 Thread 0x0000026d50d78800 Uncommon trap: reason=unstable_if action=reinterpret pc=0x0000026d610798ac method=com.sun.tools.javac.code.Scope$ScopeImpl.dble()V @ 44 c2
Event: 3.959 Thread 0x0000026d50d78800 DEOPT PACKING pc=0x0000026d610798ac sp=0x00000080a8ffd2d0
Event: 3.959 Thread 0x0000026d50d78800 DEOPT UNPACKING pc=0x0000026d594ea1af sp=0x00000080a8ffd228 mode 2
Event: 3.967 Thread 0x0000026d50d78800 DEOPT PACKING pc=0x0000026d59f7ec27 sp=0x00000080a8ffd650
Event: 3.967 Thread 0x0000026d50d78800 DEOPT UNPACKING pc=0x0000026d594ea95e sp=0x00000080a8ffcb10 mode 0

Classes redefined (0 events):
No events

Internal exceptions (13 events):
Event: 0.703 Thread 0x0000026d50d78800 Exception <a 'sun/nio/fs/WindowsException'{0x00000000815dff70}> (0x00000000815dff70) thrown at [./src/hotspot/share/prims/jni.cpp, line 615]
Event: 0.704 Thread 0x0000026d50d78800 Exception <a 'sun/nio/fs/WindowsException'{0x00000000815e0dc0}> (0x00000000815e0dc0) thrown at [./src/hotspot/share/prims/jni.cpp, line 615]
Event: 0.704 Thread 0x0000026d50d78800 Exception <a 'sun/nio/fs/WindowsException'{0x00000000815e1170}> (0x00000000815e1170) thrown at [./src/hotspot/share/prims/jni.cpp, line 615]
Event: 0.705 Thread 0x0000026d50d78800 Exception <a 'sun/nio/fs/WindowsException'{0x00000000815e3eb8}> (0x00000000815e3eb8) thrown at [./src/hotspot/share/prims/jni.cpp, line 615]
Event: 0.705 Thread 0x0000026d50d78800 Exception <a 'sun/nio/fs/WindowsException'{0x00000000815e4158}> (0x00000000815e4158) thrown at [./src/hotspot/share/prims/jni.cpp, line 615]
Event: 0.706 Thread 0x0000026d50d78800 Exception <a 'java/lang/NoSuchMethodError'{0x00000000815ee6f8}: 'int java.lang.invoke.DirectMethodHandle$Holder.invokeVirtual(java.lang.Object, java.lang.Object, java.lang.Object)'> (0x00000000815ee6f8) thrown at [./src/hotspot/share/interpreter/linkResolver.cpp, line 773]
Event: 0.770 Thread 0x0000026d50d78800 Exception <a 'java/lang/NoSuchMethodError'{0x000000008150a4a0}: 'int java.lang.invoke.DirectMethodHandle$Holder.invokeStaticInit(java.lang.Object, java.lang.Object)'> (0x000000008150a4a0) thrown at [./src/hotspot/share/interpreter/linkResolver.cpp, line 773]
Event: 0.821 Thread 0x0000026d50d78800 Exception <a 'java/lang/NoSuchMethodError'{0x00000000815dd620}: 'int java.lang.invoke.DirectMethodHandle$Holder.invokeVirtual(java.lang.Object, java.lang.Object)'> (0x00000000815dd620) thrown at [./src/hotspot/share/interpreter/linkResolver.cpp, line 773]
Event: 0.827 Thread 0x0000026d50d78800 Exception <a 'java/lang/NoSuchMethodError'{0x000000008140eac0}: 'java.lang.Object java.lang.invoke.Invokers$Holder.linkToTargetMethod(java.lang.Object, java.lang.Object, java.lang.Object, java.lang.Object, java.lang.Object, java.lang.Object)'> (0x000000008140eac0) thrown at [./src/hotspot/share/interpreter/linkResolver.cpp, line 773]
Event: 1.493 Thread 0x0000026d50d78800 Exception <a 'java/lang/NoSuchMethodError'{0x0000000081629e00}: 'int java.lang.invoke.DirectMethodHandle$Holder.invokeSpecialIFC(java.lang.Object, java.lang.Object, int)'> (0x0000000081629e00) thrown at [./src/hotspot/share/interpreter/linkResolver.cpp, line 773]
Event: 2.912 Thread 0x0000026d50d78800 Implicit null exception at 0x0000026d6101492c to 0x0000026d61014ada
Event: 2.963 Thread 0x0000026d50d78800 Implicit null exception at 0x0000026d61031868 to 0x0000026d61031aa8
Event: 3.244 Thread 0x0000026d50d78800 Exception <a 'java/lang/NoSuchMethodError'{0x0000000087697d08}: 'int java.lang.invoke.DirectMethodHandle$Holder.invokeSpecial(java.lang.Object, java.lang.Object, java.lang.Object, java.lang.Object, java.lang.Object)'> (0x0000000087697d08) thrown at [./src/hotspot/share/interpreter/linkResolver.cpp, line 773]

Events (20 events):
Event: 3.537 loading class com/sun/tools/javac/comp/Annotate done
Event: 3.538 loading class com/sun/tools/javac/comp/Env
Event: 3.538 loading class com/sun/tools/javac/comp/Env done
Event: 3.538 loading class com/sun/tools/javac/comp/Annotate
Event: 3.538 loading class com/sun/tools/javac/comp/Annotate done
Event: 3.567 Executing VM operation: G1CollectForAllocation
Event: 3.592 Executing VM operation: G1CollectForAllocation done
Event: 3.627 loading class java/lang/Long$LongCache
Event: 3.627 loading class java/lang/Long$LongCache done
Event: 3.706 Executing VM operation: ICBufferFull
Event: 3.706 Executing VM operation: ICBufferFull done
Event: 3.718 Executing VM operation: G1CollectForAllocation
Event: 3.740 Executing VM operation: G1CollectForAllocation done
Event: 3.936 loading class com/sun/tools/javac/util/JCDiagnostic$DiagnosticPosition
Event: 3.936 loading class com/sun/tools/javac/util/JCDiagnostic$DiagnosticPosition done
Event: 3.936 loading class com/sun/tools/javac/comp/Check
Event: 3.936 loading class com/sun/tools/javac/comp/Check done
Event: 3.959 Executing VM operation: ICBufferFull
Event: 3.959 Executing VM operation: ICBufferFull done
Event: 3.970 Executing VM operation: G1CollectForAllocation


Dynamic libraries:
0x00007ff6700d0000 - 0x00007ff6700d7000 	C:\Program Files\Microsoft\jdk-11.0.12.7-hotspot\bin\javac.exe
0x00007ff82e030000 - 0x00007ff82e225000 	C:\WINDOWS\SYSTEM32\ntdll.dll
0x00007ff82c820000 - 0x00007ff82c8dd000 	C:\WINDOWS\System32\KERNEL32.DLL
0x00007ff82bcf0000 - 0x00007ff82bfbd000 	C:\WINDOWS\System32\KERNELBASE.dll
0x00007ff82b8d0000 - 0x00007ff82b9d0000 	C:\WINDOWS\System32\ucrtbase.dll
0x00007ff80b760000 - 0x00007ff80b775000 	C:\Program Files\Microsoft\jdk-11.0.12.7-hotspot\bin\VCRUNTIME140.dll
0x00007ff80d410000 - 0x00007ff80d427000 	C:\Program Files\Microsoft\jdk-11.0.12.7-hotspot\bin\jli.dll
0x00007ff82c680000 - 0x00007ff82c820000 	C:\WINDOWS\System32\USER32.dll
0x00007ff82b7b0000 - 0x00007ff82b7d2000 	C:\WINDOWS\System32\win32u.dll
0x00007ff821fd0000 - 0x00007ff82226a000 	C:\WINDOWS\WinSxS\amd64_microsoft.windows.common-controls_6595b64144ccf1df_6.0.19041.1110_none_60b5254171f9507e\COMCTL32.dll
0x00007ff82c8e0000 - 0x00007ff82c90a000 	C:\WINDOWS\System32\GDI32.dll
0x00007ff82c5c0000 - 0x00007ff82c65e000 	C:\WINDOWS\System32\msvcrt.dll
0x00007ff82bb30000 - 0x00007ff82bc3b000 	C:\WINDOWS\System32\gdi32full.dll
0x00007ff82b7e0000 - 0x00007ff82b87d000 	C:\WINDOWS\System32\msvcp_win.dll
0x00007ff82d630000 - 0x00007ff82d660000 	C:\WINDOWS\System32\IMM32.DLL
0x00007fffb3f90000 - 0x00007fffb402b000 	C:\Program Files\Microsoft\jdk-11.0.12.7-hotspot\bin\msvcp140.dll
0x00007fffa5210000 - 0x00007fffa5d71000 	C:\Program Files\Microsoft\jdk-11.0.12.7-hotspot\bin\server\jvm.dll
0x00007ff82d660000 - 0x00007ff82d70e000 	C:\WINDOWS\System32\ADVAPI32.dll
0x00007ff82cae0000 - 0x00007ff82cb7c000 	C:\WINDOWS\System32\sechost.dll
0x00007ff82d480000 - 0x00007ff82d5a5000 	C:\WINDOWS\System32\RPCRT4.dll
0x00007ff82d710000 - 0x00007ff82d718000 	C:\WINDOWS\System32\PSAPI.DLL
0x00007ff811bb0000 - 0x00007ff811bb9000 	C:\WINDOWS\SYSTEM32\WSOCK32.dll
0x00007ff822900000 - 0x00007ff82290a000 	C:\WINDOWS\SYSTEM32\VERSION.dll
0x00007ff8273c0000 - 0x00007ff8273e7000 	C:\WINDOWS\SYSTEM32\WINMM.dll
0x00007ff82cda0000 - 0x00007ff82ce0b000 	C:\WINDOWS\System32\WS2_32.dll
0x00007ff829580000 - 0x00007ff829592000 	C:\WINDOWS\SYSTEM32\kernel.appcore.dll
0x00007ff80f4c0000 - 0x00007ff80f4d0000 	C:\Program Files\Microsoft\jdk-11.0.12.7-hotspot\bin\verify.dll
0x00007ff825e40000 - 0x00007ff826024000 	C:\WINDOWS\SYSTEM32\DBGHELP.DLL
0x00007ff825d80000 - 0x00007ff825dac000 	C:\WINDOWS\SYSTEM32\dbgcore.DLL
0x00007ff82bff0000 - 0x00007ff82c072000 	C:\WINDOWS\System32\bcryptPrimitives.dll
0x00007ff800730000 - 0x00007ff800758000 	C:\Program Files\Microsoft\jdk-11.0.12.7-hotspot\bin\java.dll
0x00007ff80f310000 - 0x00007ff80f31a000 	C:\Program Files\Microsoft\jdk-11.0.12.7-hotspot\bin\jimage.dll
0x00007ffffe890000 - 0x00007ffffe8a7000 	C:\Program Files\Microsoft\jdk-11.0.12.7-hotspot\bin\zip.dll
0x00007ff82d720000 - 0x00007ff82de64000 	C:\WINDOWS\System32\SHELL32.dll
0x00007ff829860000 - 0x00007ff829ff4000 	C:\WINDOWS\SYSTEM32\windows.storage.dll
0x00007ff82c080000 - 0x00007ff82c3d4000 	C:\WINDOWS\System32\combase.dll
0x00007ff82b0d0000 - 0x00007ff82b0fc000 	C:\WINDOWS\SYSTEM32\Wldp.dll
0x00007ff82cee0000 - 0x00007ff82cf8d000 	C:\WINDOWS\System32\SHCORE.dll
0x00007ff82cb80000 - 0x00007ff82cbd5000 	C:\WINDOWS\System32\shlwapi.dll
0x00007ff82b680000 - 0x00007ff82b69f000 	C:\WINDOWS\SYSTEM32\profapi.dll
0x00007fffe0ec0000 - 0x00007fffe0ed9000 	C:\Program Files\Microsoft\jdk-11.0.12.7-hotspot\bin\net.dll
0x00007ff825c50000 - 0x00007ff825d5a000 	C:\WINDOWS\SYSTEM32\WINHTTP.dll
0x00007ff82ae30000 - 0x00007ff82ae9a000 	C:\WINDOWS\system32\mswsock.dll
0x00007fffdee50000 - 0x00007fffdee62000 	C:\Program Files\Microsoft\jdk-11.0.12.7-hotspot\bin\nio.dll

dbghelp: loaded successfully - version: 4.0.5 - missing functions: none
symbol engine: initialized successfully - sym options: 0x614 - pdb path: .;C:\Program Files\Microsoft\jdk-11.0.12.7-hotspot\bin;C:\WINDOWS\SYSTEM32;C:\WINDOWS\WinSxS\amd64_microsoft.windows.common-controls_6595b64144ccf1df_6.0.19041.1110_none_60b5254171f9507e;C:\Program Files\Microsoft\jdk-11.0.12.7-hotspot\bin\server

VM Arguments:
jvm_args: -Dapplication.home=C:\Program Files\Microsoft\jdk-11.0.12.7-hotspot --add-modules=ALL-DEFAULT -Xms8m -Dfile.encoding=UTF8 -Djdk.module.main=jdk.compiler 
java_command: jdk.compiler/com.sun.tools.javac.Main @C:\Users\rafam\AppData\Local\Temp\tmp106D.tmp -target 1.8 -source 1.8
java_class_path (initial): <not set>
Launcher Type: SUN_STANDARD

[Global flags]
     intx CICompilerCount                          = 3                                         {product} {ergonomic}
     uint ConcGCThreads                            = 1                                         {product} {ergonomic}
     uint G1ConcRefinementThreads                  = 4                                         {product} {ergonomic}
   size_t G1HeapRegionSize                         = 1048576                                   {product} {ergonomic}
    uintx GCDrainStackTargetSize                   = 64                                        {product} {ergonomic}
   size_t InitialHeapSize                          = 8388608                                   {product} {command line}
   size_t MarkStackSize                            = 4194304                                   {product} {ergonomic}
   size_t MaxHeapSize                              = 2132803584                                {product} {ergonomic}
   size_t MaxNewSize                               = 1279262720                                {product} {ergonomic}
   size_t MinHeapDeltaBytes                        = 1048576                                   {product} {ergonomic}
    uintx NonNMethodCodeHeapSize                   = 5830732                                {pd product} {ergonomic}
    uintx NonProfiledCodeHeapSize                  = 122913754                              {pd product} {ergonomic}
    uintx ProfiledCodeHeapSize                     = 122913754                              {pd product} {ergonomic}
    uintx ReservedCodeCacheSize                    = 251658240                              {pd product} {ergonomic}
     bool SegmentedCodeCache                       = true                                      {product} {ergonomic}
     bool UseCompressedClassPointers               = true                                 {lp64_product} {ergonomic}
     bool UseCompressedOops                        = true                                 {lp64_product} {ergonomic}
     bool UseG1GC                                  = true                                      {product} {ergonomic}
     bool UseLargePagesIndividualAllocation        = false                                  {pd product} {ergonomic}

Logging:
Log output configuration:
 #0: stdout all=warning uptime,level,tags
 #1: stderr all=off uptime,level,tags

Environment Variables:
PATH=C:\Program Files (x86)\Common Files\Oracle\Java\javapath;C:\Program Files\Microsoft\jdk-11.0.12.7-hotspot\bin;C:\Program Files (x86)\NVIDIA Corporation\PhysX\Common;C:\WINDOWS\system32;C:\WINDOWS;C:\WINDOWS\System32\Wbem;C:\WINDOWS\System32\WindowsPowerShell\v1.0\;C:\WINDOWS\System32\OpenSSH\;C:\Program Files\Azure Data Studio\bin;C:\Program Files\Microsoft SQL Server\Client SDK\ODBC\170\Tools\Binn\;C:\Program Files\dotnet\;C:\Program Files (x86)\Microsoft SQL Server\150\DTS\Binn\;C:\Program Files\Git\cmd;C:\Users\rafam\AppData\Local\Microsoft\WindowsApps;;C:\Users\rafam\AppData\Local\Programs\Microsoft VS Code\bin;C:\Program Files\Azure Data Studio\bin;C:\Users\rafam\.dotnet\tools
USERNAME=rafam
OS=Windows_NT
PROCESSOR_IDENTIFIER=Intel64 Family 6 Model 60 Stepping 3, GenuineIntel



---------------  S Y S T E M  ---------------

OS: Windows 10 , 64 bit Build 19041 (10.0.19041.1706)
OS uptime: 7 days 17:09 hours

CPU:total 4 (initial active 4) (2 cores per cpu, 2 threads per core) family 6 model 60 stepping 3 microcode 0x27, cmov, cx8, fxsr, mmx, sse, sse2, sse3, ssse3, sse4.1, sse4.2, popcnt, avx, avx2, aes, clmul, erms, lzcnt, ht, tsc, tscinvbit, bmi1, bmi2, fma

Memory: 4k page, system-wide physical 8134M (1086M free)
TotalPageFile size 8134M (AvailPageFile size 77M)
current process WorkingSet (physical memory assigned to process): 209M, peak: 209M
current process commit charge ("private bytes"): 350M, peak: 616M

vm_info: OpenJDK 64-Bit Server VM (11.0.12+7) for windows-amd64 JRE (11.0.12+7), built on Jul 21 2021 15:41:43 by "" with unknown MS VC++:1916

END.
